CRITICAL - 2022-12-27 12:44:26 --> Undefined variable $disabled
in APPPATH\Controllers\transaction\transaction.php on line 837.
 1 APPPATH\Controllers\transaction\transaction.php(837): CodeIgniter\Debug\Exceptions->errorHandler(2, 'Undefined variable $disabled', 'APPPATH\\Controllers\\transaction\\transaction.php', 837)
 2 SYSTEMPATH\CodeIgniter.php(927): App\Controllers\transaction\transaction->listproductlist()
 3 SYSTEMPATH\CodeIgniter.php(482): CodeIgniter\CodeIgniter->runController(Object(App\Controllers\transaction\transaction))
 4 SYSTEMPATH\CodeIgniter.php(351): CodeIgniter\CodeIgniter->handleRequest(null, Object(Config\Cache), false)
 5 FCPATH\index.php(67): CodeIgniter\CodeIgniter->run()
CRITICAL - 2022-12-27 12:44:27 --> Undefined variable $disabled
in APPPATH\Controllers\transaction\transaction.php on line 837.
 1 APPPATH\Controllers\transaction\transaction.php(837): CodeIgniter\Debug\Exceptions->errorHandler(2, 'Undefined variable $disabled', 'APPPATH\\Controllers\\transaction\\transaction.php', 837)
 2 SYSTEMPATH\CodeIgniter.php(927): App\Controllers\transaction\transaction->listproductlist()
 3 SYSTEMPATH\CodeIgniter.php(482): CodeIgniter\CodeIgniter->runController(Object(App\Controllers\transaction\transaction))
 4 SYSTEMPATH\CodeIgniter.php(351): CodeIgniter\CodeIgniter->handleRequest(null, Object(Config\Cache), false)
 5 FCPATH\index.php(67): CodeIgniter\CodeIgniter->run()
CRITICAL - 2022-12-27 13:34:34 --> Call to undefined method CodeIgniter\Database\MySQLi\Result::orderBy()
in APPPATH\Models\master\mproduct_m.php on line 44.
 1 APPPATH\Controllers\master\mproduct.php(22): App\Models\master\mproduct_m->data()
 2 SYSTEMPATH\CodeIgniter.php(927): App\Controllers\master\mproduct->index()
 3 SYSTEMPATH\CodeIgniter.php(482): CodeIgniter\CodeIgniter->runController(Object(App\Controllers\master\mproduct))
 4 SYSTEMPATH\CodeIgniter.php(351): CodeIgniter\CodeIgniter->handleRequest(null, Object(Config\Cache), false)
 5 FCPATH\index.php(67): CodeIgniter\CodeIgniter->run()
CRITICAL - 2022-12-27 14:21:49 --> Call to undefined method CodeIgniter\Database\MySQLi\Result::orderBy()
in APPPATH\Models\master\mproduct_m.php on line 44.
 1 APPPATH\Controllers\master\mproduct.php(22): App\Models\master\mproduct_m->data()
 2 SYSTEMPATH\CodeIgniter.php(927): App\Controllers\master\mproduct->index()
 3 SYSTEMPATH\CodeIgniter.php(482): CodeIgniter\CodeIgniter->runController(Object(App\Controllers\master\mproduct))
 4 SYSTEMPATH\CodeIgniter.php(351): CodeIgniter\CodeIgniter->handleRequest(null, Object(Config\Cache), false)
 5 FCPATH\index.php(67): CodeIgniter\CodeIgniter->run()
ERROR - 2022-12-27 14:22:12 --> mysqli_sql_exception: Unknown column 'DESC' in 'order clause' in D:\xampp\htdocs\pos\vendor\codeigniter4\framework\system\Database\MySQLi\Connection.php:292
Stack trace:
#0 D:\xampp\htdocs\pos\vendor\codeigniter4\framework\system\Database\MySQLi\Connection.php(292): mysqli->query('SELECT *\nFROM `...', 0)
#1 D:\xampp\htdocs\pos\vendor\codeigniter4\framework\system\Database\BaseConnection.php(666): CodeIgniter\Database\MySQLi\Connection->execute('SELECT *\nFROM `...')
#2 D:\xampp\htdocs\pos\vendor\codeigniter4\framework\system\Database\BaseConnection.php(593): CodeIgniter\Database\BaseConnection->simpleQuery('SELECT *\nFROM `...')
#3 D:\xampp\htdocs\pos\vendor\codeigniter4\framework\system\Database\BaseBuilder.php(1718): CodeIgniter\Database\BaseConnection->query('SELECT *\nFROM `...', Array, false)
#4 D:\xampp\htdocs\pos\app\Models\master\mproduct_m.php(45): CodeIgniter\Database\BaseBuilder->getWhere(Array)
#5 D:\xampp\htdocs\pos\app\Controllers\master\mproduct.php(22): App\Models\master\mproduct_m->data()
#6 D:\xampp\htdocs\pos\vendor\codeigniter4\framework\system\CodeIgniter.php(927): App\Controllers\master\mproduct->index()
#7 D:\xampp\htdocs\pos\vendor\codeigniter4\framework\system\CodeIgniter.php(482): CodeIgniter\CodeIgniter->runController(Object(App\Controllers\master\mproduct))
#8 D:\xampp\htdocs\pos\vendor\codeigniter4\framework\system\CodeIgniter.php(351): CodeIgniter\CodeIgniter->handleRequest(NULL, Object(Config\Cache), false)
#9 D:\xampp\htdocs\pos\public\index.php(67): CodeIgniter\CodeIgniter->run()
#10 {main}
CRITICAL - 2022-12-27 14:22:12 --> Unknown column 'DESC' in 'order clause'
in SYSTEMPATH\Database\MySQLi\Connection.php on line 292.
 1 SYSTEMPATH\Database\MySQLi\Connection.php(292): mysqli->query('SELECT *
FROM `purchased`
WHERE `product_id` = -1
AND `store_id` = \'1\'
ORDER BY `DESC`
 LIMIT 1', 0)
 2 SYSTEMPATH\Database\BaseConnection.php(666): CodeIgniter\Database\MySQLi\Connection->execute('SELECT *
FROM `purchased`
WHERE `product_id` = -1
AND `store_id` = \'1\'
ORDER BY `DESC`
 LIMIT 1')
 3 SYSTEMPATH\Database\BaseConnection.php(593): CodeIgniter\Database\BaseConnection->simpleQuery('SELECT *
FROM `purchased`
WHERE `product_id` = -1
AND `store_id` = \'1\'
ORDER BY `DESC`
 LIMIT 1')
 4 SYSTEMPATH\Database\BaseBuilder.php(1718): CodeIgniter\Database\BaseConnection->query('SELECT *
FROM `purchased`
WHERE `product_id` = :product_id:
AND `store_id` = :store_id:
ORDER BY `DESC`
 LIMIT 1', [...], false)
 5 APPPATH\Models\master\mproduct_m.php(45): CodeIgniter\Database\BaseBuilder->getWhere([...])
 6 APPPATH\Controllers\master\mproduct.php(22): App\Models\master\mproduct_m->data()
 7 SYSTEMPATH\CodeIgniter.php(927): App\Controllers\master\mproduct->index()
 8 SYSTEMPATH\CodeIgniter.php(482): CodeIgniter\CodeIgniter->runController(Object(App\Controllers\master\mproduct))
 9 SYSTEMPATH\CodeIgniter.php(351): CodeIgniter\CodeIgniter->handleRequest(null, Object(Config\Cache), false)
10 FCPATH\index.php(67): CodeIgniter\CodeIgniter->run()
CRITICAL - 2022-12-27 14:41:33 --> Division by zero
in APPPATH\Models\master\mproduct_m.php on line 158.
 1 APPPATH\Controllers\master\mproduct.php(22): App\Models\master\mproduct_m->data()
 2 SYSTEMPATH\CodeIgniter.php(927): App\Controllers\master\mproduct->index()
 3 SYSTEMPATH\CodeIgniter.php(482): CodeIgniter\CodeIgniter->runController(Object(App\Controllers\master\mproduct))
 4 SYSTEMPATH\CodeIgniter.php(351): CodeIgniter\CodeIgniter->handleRequest(null, Object(Config\Cache), false)
 5 FCPATH\index.php(67): CodeIgniter\CodeIgniter->run()
CRITICAL - 2022-12-27 14:45:08 --> syntax error, unexpected token "/"
in APPPATH\Models\master\mproduct_m.php on line 158.
 1 SYSTEMPATH\Autoloader\Autoloader.php(259): CodeIgniter\Autoloader\Autoloader->includeFile('APPPATH\\Models\\master\\mproduct_m.php')
 2 SYSTEMPATH\Autoloader\Autoloader.php(237): CodeIgniter\Autoloader\Autoloader->loadInNamespace('App\\Models\\master\\mproduct_m')
 3 APPPATH\Controllers\master\mproduct.php(21): CodeIgniter\Autoloader\Autoloader->loadClass('App\\Models\\master\\mproduct_m')
 4 SYSTEMPATH\CodeIgniter.php(927): App\Controllers\master\mproduct->index()
 5 SYSTEMPATH\CodeIgniter.php(482): CodeIgniter\CodeIgniter->runController(Object(App\Controllers\master\mproduct))
 6 SYSTEMPATH\CodeIgniter.php(351): CodeIgniter\CodeIgniter->handleRequest(null, Object(Config\Cache), false)
 7 FCPATH\index.php(67): CodeIgniter\CodeIgniter->run()
CRITICAL - 2022-12-27 15:23:28 --> Unsupported operand types: int + string
in APPPATH\Models\transaction\purchased_m.php on line 104.
 1 APPPATH\Controllers\transaction\purchased.php(22): App\Models\transaction\purchased_m->data()
 2 SYSTEMPATH\CodeIgniter.php(927): App\Controllers\transaction\purchased->index()
 3 SYSTEMPATH\CodeIgniter.php(482): CodeIgniter\CodeIgniter->runController(Object(App\Controllers\transaction\purchased))
 4 SYSTEMPATH\CodeIgniter.php(351): CodeIgniter\CodeIgniter->handleRequest(null, Object(Config\Cache), false)
 5 FCPATH\index.php(67): CodeIgniter\CodeIgniter->run()
CRITICAL - 2022-12-27 15:25:12 --> Unsupported operand types: int + string
in APPPATH\Models\transaction\purchased_m.php on line 106.
 1 APPPATH\Controllers\transaction\purchased.php(22): App\Models\transaction\purchased_m->data()
 2 SYSTEMPATH\CodeIgniter.php(927): App\Controllers\transaction\purchased->index()
 3 SYSTEMPATH\CodeIgniter.php(482): CodeIgniter\CodeIgniter->runController(Object(App\Controllers\transaction\purchased))
 4 SYSTEMPATH\CodeIgniter.php(351): CodeIgniter\CodeIgniter->handleRequest(null, Object(Config\Cache), false)
 5 FCPATH\index.php(67): CodeIgniter\CodeIgniter->run()
CRITICAL - 2022-12-27 16:02:56 --> Undefined constant "price"
in APPPATH\Views\transaction\purchased_v.php on line 110.
 1 SYSTEMPATH\View\View.php(213): include()
 2 SYSTEMPATH\View\View.php(216): CodeIgniter\View\View->CodeIgniter\View\{closure}()
 3 SYSTEMPATH\Common.php(1134): CodeIgniter\View\View->render('transaction/purchased_v', [], true)
 4 APPPATH\Controllers\transaction\purchased.php(23): view('transaction/purchased_v', [...])
 5 SYSTEMPATH\CodeIgniter.php(927): App\Controllers\transaction\purchased->index()
 6 SYSTEMPATH\CodeIgniter.php(482): CodeIgniter\CodeIgniter->runController(Object(App\Controllers\transaction\purchased))
 7 SYSTEMPATH\CodeIgniter.php(351): CodeIgniter\CodeIgniter->handleRequest(null, Object(Config\Cache), false)
 8 FCPATH\index.php(67): CodeIgniter\CodeIgniter->run()
CRITICAL - 2022-12-27 16:18:09 --> Undefined property: mysqli::$purchased_price
in APPPATH\Models\transaction\purchase_m.php on line 116.
 1 APPPATH\Models\transaction\purchase_m.php(116): CodeIgniter\Debug\Exceptions->errorHandler(2, 'Undefined property: mysqli::$purchased_price', 'APPPATH\\Models\\transaction\\purchase_m.php', 116)
 2 APPPATH\Controllers\transaction\purchase.php(22): App\Models\transaction\purchase_m->data()
 3 SYSTEMPATH\CodeIgniter.php(927): App\Controllers\transaction\purchase->index()
 4 SYSTEMPATH\CodeIgniter.php(482): CodeIgniter\CodeIgniter->runController(Object(App\Controllers\transaction\purchase))
 5 SYSTEMPATH\CodeIgniter.php(351): CodeIgniter\CodeIgniter->handleRequest(null, Object(Config\Cache), false)
 6 FCPATH\index.php(67): CodeIgniter\CodeIgniter->run()
CRITICAL - 2022-12-27 16:18:29 --> Undefined property: mysqli::$purchased_price
in APPPATH\Models\transaction\purchase_m.php on line 116.
 1 APPPATH\Models\transaction\purchase_m.php(116): CodeIgniter\Debug\Exceptions->errorHandler(2, 'Undefined property: mysqli::$purchased_price', 'APPPATH\\Models\\transaction\\purchase_m.php', 116)
 2 APPPATH\Controllers\transaction\purchase.php(22): App\Models\transaction\purchase_m->data()
 3 SYSTEMPATH\CodeIgniter.php(927): App\Controllers\transaction\purchase->index()
 4 SYSTEMPATH\CodeIgniter.php(482): CodeIgniter\CodeIgniter->runController(Object(App\Controllers\transaction\purchase))
 5 SYSTEMPATH\CodeIgniter.php(351): CodeIgniter\CodeIgniter->handleRequest(null, Object(Config\Cache), false)
 6 FCPATH\index.php(67): CodeIgniter\CodeIgniter->run()
CRITICAL - 2022-12-27 16:19:14 --> Undefined property: mysqli::$purchased_price
in APPPATH\Models\transaction\purchase_m.php on line 116.
 1 APPPATH\Models\transaction\purchase_m.php(116): CodeIgniter\Debug\Exceptions->errorHandler(2, 'Undefined property: mysqli::$purchased_price', 'APPPATH\\Models\\transaction\\purchase_m.php', 116)
 2 APPPATH\Controllers\transaction\purchase.php(22): App\Models\transaction\purchase_m->data()
 3 SYSTEMPATH\CodeIgniter.php(927): App\Controllers\transaction\purchase->index()
 4 SYSTEMPATH\CodeIgniter.php(482): CodeIgniter\CodeIgniter->runController(Object(App\Controllers\transaction\purchase))
 5 SYSTEMPATH\CodeIgniter.php(351): CodeIgniter\CodeIgniter->handleRequest(null, Object(Config\Cache), false)
 6 FCPATH\index.php(67): CodeIgniter\CodeIgniter->run()
CRITICAL - 2022-12-27 16:22:24 --> Unclosed '{' on line 161 does not match ')'
in APPPATH\Views\transaction\purchase_v.php on line 247.
 1 SYSTEMPATH\View\View.php(216): CodeIgniter\View\View->CodeIgniter\View\{closure}()
 2 SYSTEMPATH\Common.php(1134): CodeIgniter\View\View->render('transaction/purchase_v', [], true)
 3 APPPATH\Controllers\transaction\purchase.php(23): view('transaction/purchase_v', [...])
 4 SYSTEMPATH\CodeIgniter.php(927): App\Controllers\transaction\purchase->index()
 5 SYSTEMPATH\CodeIgniter.php(482): CodeIgniter\CodeIgniter->runController(Object(App\Controllers\transaction\purchase))
 6 SYSTEMPATH\CodeIgniter.php(351): CodeIgniter\CodeIgniter->handleRequest(null, Object(Config\Cache), false)
 7 FCPATH\index.php(67): CodeIgniter\CodeIgniter->run()
