CRITICAL - 2023-04-09 00:11:28 --> Class "App\Models\master\stockopname_m" not found
in APPPATH\Controllers\transaction\stockopname.php on line 21.
 1 SYSTEMPATH\CodeIgniter.php(927): App\Controllers\transaction\stockopname->index()
 2 SYSTEMPATH\CodeIgniter.php(482): CodeIgniter\CodeIgniter->runController(Object(App\Controllers\transaction\stockopname))
 3 SYSTEMPATH\CodeIgniter.php(351): CodeIgniter\CodeIgniter->handleRequest(null, Object(Config\Cache), false)
 4 FCPATH\index.php(67): CodeIgniter\CodeIgniter->run()
ERROR - 2023-04-09 04:24:28 --> mysqli_sql_exception: Unknown column 'stockopname_id' in 'where clause' in D:\xampp\htdocs\pos\vendor\codeigniter4\framework\system\Database\MySQLi\Connection.php:292
Stack trace:
#0 D:\xampp\htdocs\pos\vendor\codeigniter4\framework\system\Database\MySQLi\Connection.php(292): mysqli->query('SELECT *\nFROM `...', 0)
#1 D:\xampp\htdocs\pos\vendor\codeigniter4\framework\system\Database\BaseConnection.php(666): CodeIgniter\Database\MySQLi\Connection->execute('SELECT *\nFROM `...')
#2 D:\xampp\htdocs\pos\vendor\codeigniter4\framework\system\Database\BaseConnection.php(593): CodeIgniter\Database\BaseConnection->simpleQuery('SELECT *\nFROM `...')
#3 D:\xampp\htdocs\pos\vendor\codeigniter4\framework\system\Database\BaseBuilder.php(1718): CodeIgniter\Database\BaseConnection->query('SELECT *\nFROM `...', Array, false)
#4 D:\xampp\htdocs\pos\app\Models\transaction\stockopname_m.php(45): CodeIgniter\Database\BaseBuilder->getWhere(Array)
#5 D:\xampp\htdocs\pos\app\Controllers\transaction\stockopname.php(22): App\Models\transaction\stockopname_m->data()
#6 D:\xampp\htdocs\pos\vendor\codeigniter4\framework\system\CodeIgniter.php(927): App\Controllers\transaction\stockopname->index()
#7 D:\xampp\htdocs\pos\vendor\codeigniter4\framework\system\CodeIgniter.php(482): CodeIgniter\CodeIgniter->runController(Object(App\Controllers\transaction\stockopname))
#8 D:\xampp\htdocs\pos\vendor\codeigniter4\framework\system\CodeIgniter.php(351): CodeIgniter\CodeIgniter->handleRequest(NULL, Object(Config\Cache), false)
#9 D:\xampp\htdocs\pos\public\index.php(67): CodeIgniter\CodeIgniter->run()
#10 {main}
CRITICAL - 2023-04-09 04:24:28 --> Unknown column 'stockopname_id' in 'where clause'
in SYSTEMPATH\Database\MySQLi\Connection.php on line 292.
 1 SYSTEMPATH\Database\MySQLi\Connection.php(292): mysqli->query('SELECT *
FROM `purchased`
WHERE `stockopname_id` = -1
AND `store_id` = \'0\'
ORDER BY `purchased_id` DESC
 LIMIT 1', 0)
 2 SYSTEMPATH\Database\BaseConnection.php(666): CodeIgniter\Database\MySQLi\Connection->execute('SELECT *
FROM `purchased`
WHERE `stockopname_id` = -1
AND `store_id` = \'0\'
ORDER BY `purchased_id` DESC
 LIMIT 1')
 3 SYSTEMPATH\Database\BaseConnection.php(593): CodeIgniter\Database\BaseConnection->simpleQuery('SELECT *
FROM `purchased`
WHERE `stockopname_id` = -1
AND `store_id` = \'0\'
ORDER BY `purchased_id` DESC
 LIMIT 1')
 4 SYSTEMPATH\Database\BaseBuilder.php(1718): CodeIgniter\Database\BaseConnection->query('SELECT *
FROM `purchased`
WHERE `stockopname_id` = :stockopname_id:
AND `store_id` = :store_id:
ORDER BY `purchased_id` DESC
 LIMIT 1', [...], false)
 5 APPPATH\Models\transaction\stockopname_m.php(45): CodeIgniter\Database\BaseBuilder->getWhere([...])
 6 APPPATH\Controllers\transaction\stockopname.php(22): App\Models\transaction\stockopname_m->data()
 7 SYSTEMPATH\CodeIgniter.php(927): App\Controllers\transaction\stockopname->index()
 8 SYSTEMPATH\CodeIgniter.php(482): CodeIgniter\CodeIgniter->runController(Object(App\Controllers\transaction\stockopname))
 9 SYSTEMPATH\CodeIgniter.php(351): CodeIgniter\CodeIgniter->handleRequest(null, Object(Config\Cache), false)
10 FCPATH\index.php(67): CodeIgniter\CodeIgniter->run()
