CRITICAL - 2022-11-18 02:32:19 --> Constant FILTER_SANITIZE_STRING is deprecated
#0 D:\xampp\htdocs\ag-accounting-pembiayaan\vendor\codeigniter4\framework\system\Router\RouteCollection.php(1359): CodeIgniter\Debug\Exceptions->errorHandler(8192, 'Constant FILTER...', 'D:\\xampp\\htdocs...', 1359)
#1 D:\xampp\htdocs\ag-accounting-pembiayaan\vendor\codeigniter4\framework\system\Router\RouteCollection.php(608): CodeIgniter\Router\RouteCollection->create('*', 'BaseController(...', Object(Closure), NULL)
#2 D:\xampp\htdocs\ag-accounting-pembiayaan\vendor\codeigniter4\framework\system\Config\Routes.php(27): CodeIgniter\Router\RouteCollection->add('BaseController(...', Object(Closure))
#3 D:\xampp\htdocs\ag-accounting-pembiayaan\app\Config\Routes.php(11): require('D:\\xampp\\htdocs...')
#4 D:\xampp\htdocs\ag-accounting-pembiayaan\vendor\codeigniter4\framework\system\CodeIgniter.php(802): require('D:\\xampp\\htdocs...')
#5 D:\xampp\htdocs\ag-accounting-pembiayaan\vendor\codeigniter4\framework\system\CodeIgniter.php(384): CodeIgniter\CodeIgniter->tryToRouteIt(Object(CodeIgniter\Router\RouteCollection))
#6 D:\xampp\htdocs\ag-accounting-pembiayaan\vendor\codeigniter4\framework\system\CodeIgniter.php(332): CodeIgniter\CodeIgniter->handleRequest(NULL, Object(Config\Cache), false)
#7 D:\xampp\htdocs\ag-accounting-pembiayaan\public\index.php(44): CodeIgniter\CodeIgniter->run()
#8 {main}
CRITICAL - 2022-11-18 02:32:19 --> Uncaught ErrorException: Cannot modify header information - headers already sent by (output started at D:\xampp\htdocs\ag-accounting-pembiayaan\app\Config\Events.php:35) in D:\xampp\htdocs\ag-accounting-pembiayaan\vendor\codeigniter4\framework\system\Debug\Exceptions.php:137
Stack trace:
#0 [internal function]: CodeIgniter\Debug\Exceptions->errorHandler(2, 'Cannot modify h...', 'D:\\xampp\\htdocs...', 137)
#1 D:\xampp\htdocs\ag-accounting-pembiayaan\vendor\codeigniter4\framework\system\Debug\Exceptions.php(137): header('HTTP/1.1 500 In...', true, 500)
#2 [internal function]: CodeIgniter\Debug\Exceptions->exceptionHandler(Object(ErrorException))
#3 {main}
  thrown
#0 [internal function]: CodeIgniter\Debug\Exceptions->shutdownHandler()
#1 {main}
CRITICAL - 2022-11-18 02:38:04 --> Constant FILTER_SANITIZE_STRING is deprecated
#0 D:\xampp\htdocs\ag-accounting-pembiayaan\vendor\codeigniter4\framework\system\Router\RouteCollection.php(1359): CodeIgniter\Debug\Exceptions->errorHandler(8192, 'Constant FILTER...', 'D:\\xampp\\htdocs...', 1359)
#1 D:\xampp\htdocs\ag-accounting-pembiayaan\vendor\codeigniter4\framework\system\Router\RouteCollection.php(608): CodeIgniter\Router\RouteCollection->create('*', 'BaseController(...', Object(Closure), NULL)
#2 D:\xampp\htdocs\ag-accounting-pembiayaan\vendor\codeigniter4\framework\system\Config\Routes.php(27): CodeIgniter\Router\RouteCollection->add('BaseController(...', Object(Closure))
#3 D:\xampp\htdocs\ag-accounting-pembiayaan\app\Config\Routes.php(11): require('D:\\xampp\\htdocs...')
#4 D:\xampp\htdocs\ag-accounting-pembiayaan\vendor\codeigniter4\framework\system\CodeIgniter.php(802): require('D:\\xampp\\htdocs...')
#5 D:\xampp\htdocs\ag-accounting-pembiayaan\vendor\codeigniter4\framework\system\CodeIgniter.php(384): CodeIgniter\CodeIgniter->tryToRouteIt(Object(CodeIgniter\Router\RouteCollection))
#6 D:\xampp\htdocs\ag-accounting-pembiayaan\vendor\codeigniter4\framework\system\CodeIgniter.php(332): CodeIgniter\CodeIgniter->handleRequest(NULL, Object(Config\Cache), false)
#7 D:\xampp\htdocs\ag-accounting-pembiayaan\public\index.php(44): CodeIgniter\CodeIgniter->run()
#8 {main}
CRITICAL - 2022-11-18 02:38:04 --> Uncaught ErrorException: Cannot modify header information - headers already sent by (output started at D:\xampp\htdocs\ag-accounting-pembiayaan\app\Config\Events.php:35) in D:\xampp\htdocs\ag-accounting-pembiayaan\vendor\codeigniter4\framework\system\Debug\Exceptions.php:137
Stack trace:
#0 [internal function]: CodeIgniter\Debug\Exceptions->errorHandler(2, 'Cannot modify h...', 'D:\\xampp\\htdocs...', 137)
#1 D:\xampp\htdocs\ag-accounting-pembiayaan\vendor\codeigniter4\framework\system\Debug\Exceptions.php(137): header('HTTP/1.1 500 In...', true, 500)
#2 [internal function]: CodeIgniter\Debug\Exceptions->exceptionHandler(Object(ErrorException))
#3 {main}
  thrown
#0 [internal function]: CodeIgniter\Debug\Exceptions->shutdownHandler()
#1 {main}
