ERROR - 2022-12-26 03:06:33 --> mysqli_sql_exception: Column 'store_id' in order clause is ambiguous in D:\xampp\htdocs\pos\vendor\codeigniter4\framework\system\Database\MySQLi\Connection.php:292
Stack trace:
#0 D:\xampp\htdocs\pos\vendor\codeigniter4\framework\system\Database\MySQLi\Connection.php(292): mysqli->query('SELECT *, `moda...', 0)
#1 D:\xampp\htdocs\pos\vendor\codeigniter4\framework\system\Database\BaseConnection.php(666): CodeIgniter\Database\MySQLi\Connection->execute('SELECT *, `moda...')
#2 D:\xampp\htdocs\pos\vendor\codeigniter4\framework\system\Database\BaseConnection.php(593): CodeIgniter\Database\BaseConnection->simpleQuery('SELECT *, `moda...')
#3 D:\xampp\htdocs\pos\vendor\codeigniter4\framework\system\Database\BaseBuilder.php(1585): CodeIgniter\Database\BaseConnection->query('SELECT *, `moda...', Array, false)
#4 D:\xampp\htdocs\pos\app\Controllers\transaction\transaction.php(84): CodeIgniter\Database\BaseBuilder->get()
#5 D:\xampp\htdocs\pos\vendor\codeigniter4\framework\system\CodeIgniter.php(927): App\Controllers\transaction\transaction->kasmodal()
#6 D:\xampp\htdocs\pos\vendor\codeigniter4\framework\system\CodeIgniter.php(482): CodeIgniter\CodeIgniter->runController(Object(App\Controllers\transaction\transaction))
#7 D:\xampp\htdocs\pos\vendor\codeigniter4\framework\system\CodeIgniter.php(351): CodeIgniter\CodeIgniter->handleRequest(NULL, Object(Config\Cache), false)
#8 D:\xampp\htdocs\pos\public\index.php(67): CodeIgniter\CodeIgniter->run()
#9 {main}
CRITICAL - 2022-12-26 03:06:33 --> Column 'store_id' in order clause is ambiguous
in SYSTEMPATH\Database\MySQLi\Connection.php on line 292.
 1 SYSTEMPATH\Database\MySQLi\Connection.php(292): mysqli->query('SELECT *, `modal`.`kas_id` AS `kas_id`, `store`.`modal_id` AS `modal_id`
FROM `store`
JOIN `modal` ON `modal`.`modal_id`=`store`.`modal_id`
JOIN `kas` ON `kas`.`kas_id`=`modal`.`kas_id`
WHERE `store`.`store_id` = \'1\'
ORDER BY `store_id` DESC
 LIMIT 1', 0)
 2 SYSTEMPATH\Database\BaseConnection.php(666): CodeIgniter\Database\MySQLi\Connection->execute('SELECT *, `modal`.`kas_id` AS `kas_id`, `store`.`modal_id` AS `modal_id`
FROM `store`
JOIN `modal` ON `modal`.`modal_id`=`store`.`modal_id`
JOIN `kas` ON `kas`.`kas_id`=`modal`.`kas_id`
WHERE `store`.`store_id` = \'1\'
ORDER BY `store_id` DESC
 LIMIT 1')
 3 SYSTEMPATH\Database\BaseConnection.php(593): CodeIgniter\Database\BaseConnection->simpleQuery('SELECT *, `modal`.`kas_id` AS `kas_id`, `store`.`modal_id` AS `modal_id`
FROM `store`
JOIN `modal` ON `modal`.`modal_id`=`store`.`modal_id`
JOIN `kas` ON `kas`.`kas_id`=`modal`.`kas_id`
WHERE `store`.`store_id` = \'1\'
ORDER BY `store_id` DESC
 LIMIT 1')
 4 SYSTEMPATH\Database\BaseBuilder.php(1585): CodeIgniter\Database\BaseConnection->query('SELECT *, `modal`.`kas_id` AS `kas_id`, `store`.`modal_id` AS `modal_id`
FROM `store`
JOIN `modal` ON `modal`.`modal_id`=`store`.`modal_id`
JOIN `kas` ON `kas`.`kas_id`=`modal`.`kas_id`
WHERE `store`.`store_id` = :store.store_id:
ORDER BY `store_id` DESC
 LIMIT 1', [...], false)
 5 APPPATH\Controllers\transaction\transaction.php(84): CodeIgniter\Database\BaseBuilder->get()
 6 SYSTEMPATH\CodeIgniter.php(927): App\Controllers\transaction\transaction->kasmodal()
 7 SYSTEMPATH\CodeIgniter.php(482): CodeIgniter\CodeIgniter->runController(Object(App\Controllers\transaction\transaction))
 8 SYSTEMPATH\CodeIgniter.php(351): CodeIgniter\CodeIgniter->handleRequest(null, Object(Config\Cache), false)
 9 FCPATH\index.php(67): CodeIgniter\CodeIgniter->run()
CRITICAL - 2022-12-26 03:17:08 --> Undefined property: stdClass::$kas_nominal
in APPPATH\Controllers\transaction\transaction.php on line 100.
 1 APPPATH\Controllers\transaction\transaction.php(100): CodeIgniter\Debug\Exceptions->errorHandler(2, 'Undefined property: stdClass::$kas_nominal', 'APPPATH\\Controllers\\transaction\\transaction.php', 100)
 2 SYSTEMPATH\CodeIgniter.php(927): App\Controllers\transaction\transaction->kasmodal()
 3 SYSTEMPATH\CodeIgniter.php(482): CodeIgniter\CodeIgniter->runController(Object(App\Controllers\transaction\transaction))
 4 SYSTEMPATH\CodeIgniter.php(351): CodeIgniter\CodeIgniter->handleRequest(null, Object(Config\Cache), false)
 5 FCPATH\index.php(67): CodeIgniter\CodeIgniter->run()
CRITICAL - 2022-12-26 03:17:42 --> Undefined property: stdClass::$kas_nominal
in APPPATH\Controllers\transaction\transaction.php on line 100.
 1 APPPATH\Controllers\transaction\transaction.php(100): CodeIgniter\Debug\Exceptions->errorHandler(2, 'Undefined property: stdClass::$kas_nominal', 'APPPATH\\Controllers\\transaction\\transaction.php', 100)
 2 SYSTEMPATH\CodeIgniter.php(927): App\Controllers\transaction\transaction->kasmodal()
 3 SYSTEMPATH\CodeIgniter.php(482): CodeIgniter\CodeIgniter->runController(Object(App\Controllers\transaction\transaction))
 4 SYSTEMPATH\CodeIgniter.php(351): CodeIgniter\CodeIgniter->handleRequest(null, Object(Config\Cache), false)
 5 FCPATH\index.php(67): CodeIgniter\CodeIgniter->run()
CRITICAL - 2022-12-26 03:18:40 --> Call to undefined method CodeIgniter\Database\MySQLi\Builder::countAllResult()
in APPPATH\Controllers\transaction\transaction.php on line 84.
 1 SYSTEMPATH\CodeIgniter.php(927): App\Controllers\transaction\transaction->kasmodal()
 2 SYSTEMPATH\CodeIgniter.php(482): CodeIgniter\CodeIgniter->runController(Object(App\Controllers\transaction\transaction))
 3 SYSTEMPATH\CodeIgniter.php(351): CodeIgniter\CodeIgniter->handleRequest(null, Object(Config\Cache), false)
 4 FCPATH\index.php(67): CodeIgniter\CodeIgniter->run()
CRITICAL - 2022-12-26 03:19:09 --> Undefined variable $store_shift
in APPPATH\Controllers\transaction\transaction.php on line 238.
 1 APPPATH\Controllers\transaction\transaction.php(238): CodeIgniter\Debug\Exceptions->errorHandler(2, 'Undefined variable $store_shift', 'APPPATH\\Controllers\\transaction\\transaction.php', 238)
 2 SYSTEMPATH\CodeIgniter.php(927): App\Controllers\transaction\transaction->kasmodal()
 3 SYSTEMPATH\CodeIgniter.php(482): CodeIgniter\CodeIgniter->runController(Object(App\Controllers\transaction\transaction))
 4 SYSTEMPATH\CodeIgniter.php(351): CodeIgniter\CodeIgniter->handleRequest(null, Object(Config\Cache), false)
 5 FCPATH\index.php(67): CodeIgniter\CodeIgniter->run()
CRITICAL - 2022-12-26 03:19:56 --> Undefined variable $store_shift
in APPPATH\Controllers\transaction\transaction.php on line 250.
 1 APPPATH\Controllers\transaction\transaction.php(250): CodeIgniter\Debug\Exceptions->errorHandler(2, 'Undefined variable $store_shift', 'APPPATH\\Controllers\\transaction\\transaction.php', 250)
 2 SYSTEMPATH\CodeIgniter.php(927): App\Controllers\transaction\transaction->kasmodal()
 3 SYSTEMPATH\CodeIgniter.php(482): CodeIgniter\CodeIgniter->runController(Object(App\Controllers\transaction\transaction))
 4 SYSTEMPATH\CodeIgniter.php(351): CodeIgniter\CodeIgniter->handleRequest(null, Object(Config\Cache), false)
 5 FCPATH\index.php(67): CodeIgniter\CodeIgniter->run()
CRITICAL - 2022-12-26 03:20:21 --> Undefined variable $kasrealtime
in APPPATH\Controllers\transaction\transaction.php on line 258.
 1 APPPATH\Controllers\transaction\transaction.php(258): CodeIgniter\Debug\Exceptions->errorHandler(2, 'Undefined variable $kasrealtime', 'APPPATH\\Controllers\\transaction\\transaction.php', 258)
 2 SYSTEMPATH\CodeIgniter.php(927): App\Controllers\transaction\transaction->kasmodal()
 3 SYSTEMPATH\CodeIgniter.php(482): CodeIgniter\CodeIgniter->runController(Object(App\Controllers\transaction\transaction))
 4 SYSTEMPATH\CodeIgniter.php(351): CodeIgniter\CodeIgniter->handleRequest(null, Object(Config\Cache), false)
 5 FCPATH\index.php(67): CodeIgniter\CodeIgniter->run()
CRITICAL - 2022-12-26 03:41:10 --> Undefined property: stdClass::$kas_nominal
in APPPATH\Controllers\transaction\transaction.php on line 100.
 1 APPPATH\Controllers\transaction\transaction.php(100): CodeIgniter\Debug\Exceptions->errorHandler(2, 'Undefined property: stdClass::$kas_nominal', 'APPPATH\\Controllers\\transaction\\transaction.php', 100)
 2 SYSTEMPATH\CodeIgniter.php(927): App\Controllers\transaction\transaction->kasmodal()
 3 SYSTEMPATH\CodeIgniter.php(482): CodeIgniter\CodeIgniter->runController(Object(App\Controllers\transaction\transaction))
 4 SYSTEMPATH\CodeIgniter.php(351): CodeIgniter\CodeIgniter->handleRequest(null, Object(Config\Cache), false)
 5 FCPATH\index.php(67): CodeIgniter\CodeIgniter->run()
CRITICAL - 2022-12-26 03:42:38 --> Undefined property: stdClass::$kas_nominal
in APPPATH\Controllers\transaction\transaction.php on line 100.
 1 APPPATH\Controllers\transaction\transaction.php(100): CodeIgniter\Debug\Exceptions->errorHandler(2, 'Undefined property: stdClass::$kas_nominal', 'APPPATH\\Controllers\\transaction\\transaction.php', 100)
 2 SYSTEMPATH\CodeIgniter.php(927): App\Controllers\transaction\transaction->kasmodal()
 3 SYSTEMPATH\CodeIgniter.php(482): CodeIgniter\CodeIgniter->runController(Object(App\Controllers\transaction\transaction))
 4 SYSTEMPATH\CodeIgniter.php(351): CodeIgniter\CodeIgniter->handleRequest(null, Object(Config\Cache), false)
 5 FCPATH\index.php(67): CodeIgniter\CodeIgniter->run()
CRITICAL - 2022-12-26 03:42:42 --> Undefined property: stdClass::$kas_nominal
in APPPATH\Controllers\transaction\transaction.php on line 100.
 1 APPPATH\Controllers\transaction\transaction.php(100): CodeIgniter\Debug\Exceptions->errorHandler(2, 'Undefined property: stdClass::$kas_nominal', 'APPPATH\\Controllers\\transaction\\transaction.php', 100)
 2 SYSTEMPATH\CodeIgniter.php(927): App\Controllers\transaction\transaction->kasmodal()
 3 SYSTEMPATH\CodeIgniter.php(482): CodeIgniter\CodeIgniter->runController(Object(App\Controllers\transaction\transaction))
 4 SYSTEMPATH\CodeIgniter.php(351): CodeIgniter\CodeIgniter->handleRequest(null, Object(Config\Cache), false)
 5 FCPATH\index.php(67): CodeIgniter\CodeIgniter->run()
ERROR - 2022-12-26 04:08:20 --> mysqli_sql_exception: You have an error in your SQL syntax; check the manual that corresponds to your MariaDB server version for the right syntax to use near ') AS count, `modal`.`kas_id` AS `kas_id`, `store`.`modal_id` AS `modal_id`
FR...' at line 1 in D:\xampp\htdocs\pos\vendor\codeigniter4\framework\system\Database\MySQLi\Connection.php:292
Stack trace:
#0 D:\xampp\htdocs\pos\vendor\codeigniter4\framework\system\Database\MySQLi\Connection.php(292): mysqli->query('SELECT *, COUNT...', 0)
#1 D:\xampp\htdocs\pos\vendor\codeigniter4\framework\system\Database\BaseConnection.php(666): CodeIgniter\Database\MySQLi\Connection->execute('SELECT *, COUNT...')
#2 D:\xampp\htdocs\pos\vendor\codeigniter4\framework\system\Database\BaseConnection.php(593): CodeIgniter\Database\BaseConnection->simpleQuery('SELECT *, COUNT...')
#3 D:\xampp\htdocs\pos\vendor\codeigniter4\framework\system\Database\BaseBuilder.php(1585): CodeIgniter\Database\BaseConnection->query('SELECT *, COUNT...', Array, false)
#4 D:\xampp\htdocs\pos\app\Controllers\transaction\transaction.php(84): CodeIgniter\Database\BaseBuilder->get()
#5 D:\xampp\htdocs\pos\vendor\codeigniter4\framework\system\CodeIgniter.php(927): App\Controllers\transaction\transaction->kasmodal()
#6 D:\xampp\htdocs\pos\vendor\codeigniter4\framework\system\CodeIgniter.php(482): CodeIgniter\CodeIgniter->runController(Object(App\Controllers\transaction\transaction))
#7 D:\xampp\htdocs\pos\vendor\codeigniter4\framework\system\CodeIgniter.php(351): CodeIgniter\CodeIgniter->handleRequest(NULL, Object(Config\Cache), false)
#8 D:\xampp\htdocs\pos\public\index.php(67): CodeIgniter\CodeIgniter->run()
#9 {main}
CRITICAL - 2022-12-26 04:08:20 --> You have an error in your SQL syntax; check the manual that corresponds to your MariaDB server version for the right syntax to use near ') AS count, `modal`.`kas_id` AS `kas_id`, `store`.`modal_id` AS `modal_id`
FR...' at line 1
in SYSTEMPATH\Database\MySQLi\Connection.php on line 292.
 1 SYSTEMPATH\Database\MySQLi\Connection.php(292): mysqli->query('SELECT *, COUNT() AS count, `modal`.`kas_id` AS `kas_id`, `store`.`modal_id` AS `modal_id`
FROM `store`
JOIN `modal` ON `modal`.`modal_id`=`store`.`modal_id`
JOIN `kas` ON `kas`.`kas_id`=`modal`.`kas_id`
WHERE `store`.`store_id` = \'1\'
ORDER BY `store`.`store_id` DESC
 LIMIT 1', 0)
 2 SYSTEMPATH\Database\BaseConnection.php(666): CodeIgniter\Database\MySQLi\Connection->execute('SELECT *, COUNT() AS count, `modal`.`kas_id` AS `kas_id`, `store`.`modal_id` AS `modal_id`
FROM `store`
JOIN `modal` ON `modal`.`modal_id`=`store`.`modal_id`
JOIN `kas` ON `kas`.`kas_id`=`modal`.`kas_id`
WHERE `store`.`store_id` = \'1\'
ORDER BY `store`.`store_id` DESC
 LIMIT 1')
 3 SYSTEMPATH\Database\BaseConnection.php(593): CodeIgniter\Database\BaseConnection->simpleQuery('SELECT *, COUNT() AS count, `modal`.`kas_id` AS `kas_id`, `store`.`modal_id` AS `modal_id`
FROM `store`
JOIN `modal` ON `modal`.`modal_id`=`store`.`modal_id`
JOIN `kas` ON `kas`.`kas_id`=`modal`.`kas_id`
WHERE `store`.`store_id` = \'1\'
ORDER BY `store`.`store_id` DESC
 LIMIT 1')
 4 SYSTEMPATH\Database\BaseBuilder.php(1585): CodeIgniter\Database\BaseConnection->query('SELECT *, COUNT() AS count, `modal`.`kas_id` AS `kas_id`, `store`.`modal_id` AS `modal_id`
FROM `store`
JOIN `modal` ON `modal`.`modal_id`=`store`.`modal_id`
JOIN `kas` ON `kas`.`kas_id`=`modal`.`kas_id`
WHERE `store`.`store_id` = :store.store_id:
ORDER BY `store`.`store_id` DESC
 LIMIT 1', [...], false)
 5 APPPATH\Controllers\transaction\transaction.php(84): CodeIgniter\Database\BaseBuilder->get()
 6 SYSTEMPATH\CodeIgniter.php(927): App\Controllers\transaction\transaction->kasmodal()
 7 SYSTEMPATH\CodeIgniter.php(482): CodeIgniter\CodeIgniter->runController(Object(App\Controllers\transaction\transaction))
 8 SYSTEMPATH\CodeIgniter.php(351): CodeIgniter\CodeIgniter->handleRequest(null, Object(Config\Cache), false)
 9 FCPATH\index.php(67): CodeIgniter\CodeIgniter->run()
ERROR - 2022-12-26 04:08:40 --> mysqli_sql_exception: Column 'store_id' in field list is ambiguous in D:\xampp\htdocs\pos\vendor\codeigniter4\framework\system\Database\MySQLi\Connection.php:292
Stack trace:
#0 D:\xampp\htdocs\pos\vendor\codeigniter4\framework\system\Database\MySQLi\Connection.php(292): mysqli->query('SELECT *, COUNT...', 0)
#1 D:\xampp\htdocs\pos\vendor\codeigniter4\framework\system\Database\BaseConnection.php(666): CodeIgniter\Database\MySQLi\Connection->execute('SELECT *, COUNT...')
#2 D:\xampp\htdocs\pos\vendor\codeigniter4\framework\system\Database\BaseConnection.php(593): CodeIgniter\Database\BaseConnection->simpleQuery('SELECT *, COUNT...')
#3 D:\xampp\htdocs\pos\vendor\codeigniter4\framework\system\Database\BaseBuilder.php(1585): CodeIgniter\Database\BaseConnection->query('SELECT *, COUNT...', Array, false)
#4 D:\xampp\htdocs\pos\app\Controllers\transaction\transaction.php(84): CodeIgniter\Database\BaseBuilder->get()
#5 D:\xampp\htdocs\pos\vendor\codeigniter4\framework\system\CodeIgniter.php(927): App\Controllers\transaction\transaction->kasmodal()
#6 D:\xampp\htdocs\pos\vendor\codeigniter4\framework\system\CodeIgniter.php(482): CodeIgniter\CodeIgniter->runController(Object(App\Controllers\transaction\transaction))
#7 D:\xampp\htdocs\pos\vendor\codeigniter4\framework\system\CodeIgniter.php(351): CodeIgniter\CodeIgniter->handleRequest(NULL, Object(Config\Cache), false)
#8 D:\xampp\htdocs\pos\public\index.php(67): CodeIgniter\CodeIgniter->run()
#9 {main}
CRITICAL - 2022-12-26 04:08:40 --> Column 'store_id' in field list is ambiguous
in SYSTEMPATH\Database\MySQLi\Connection.php on line 292.
 1 SYSTEMPATH\Database\MySQLi\Connection.php(292): mysqli->query('SELECT *, COUNT(store_id) AS count, `modal`.`kas_id` AS `kas_id`, `store`.`modal_id` AS `modal_id`
FROM `store`
JOIN `modal` ON `modal`.`modal_id`=`store`.`modal_id`
JOIN `kas` ON `kas`.`kas_id`=`modal`.`kas_id`
WHERE `store`.`store_id` = \'1\'
ORDER BY `store`.`store_id` DESC
 LIMIT 1', 0)
 2 SYSTEMPATH\Database\BaseConnection.php(666): CodeIgniter\Database\MySQLi\Connection->execute('SELECT *, COUNT(store_id) AS count, `modal`.`kas_id` AS `kas_id`, `store`.`modal_id` AS `modal_id`
FROM `store`
JOIN `modal` ON `modal`.`modal_id`=`store`.`modal_id`
JOIN `kas` ON `kas`.`kas_id`=`modal`.`kas_id`
WHERE `store`.`store_id` = \'1\'
ORDER BY `store`.`store_id` DESC
 LIMIT 1')
 3 SYSTEMPATH\Database\BaseConnection.php(593): CodeIgniter\Database\BaseConnection->simpleQuery('SELECT *, COUNT(store_id) AS count, `modal`.`kas_id` AS `kas_id`, `store`.`modal_id` AS `modal_id`
FROM `store`
JOIN `modal` ON `modal`.`modal_id`=`store`.`modal_id`
JOIN `kas` ON `kas`.`kas_id`=`modal`.`kas_id`
WHERE `store`.`store_id` = \'1\'
ORDER BY `store`.`store_id` DESC
 LIMIT 1')
 4 SYSTEMPATH\Database\BaseBuilder.php(1585): CodeIgniter\Database\BaseConnection->query('SELECT *, COUNT(store_id) AS count, `modal`.`kas_id` AS `kas_id`, `store`.`modal_id` AS `modal_id`
FROM `store`
JOIN `modal` ON `modal`.`modal_id`=`store`.`modal_id`
JOIN `kas` ON `kas`.`kas_id`=`modal`.`kas_id`
WHERE `store`.`store_id` = :store.store_id:
ORDER BY `store`.`store_id` DESC
 LIMIT 1', [...], false)
 5 APPPATH\Controllers\transaction\transaction.php(84): CodeIgniter\Database\BaseBuilder->get()
 6 SYSTEMPATH\CodeIgniter.php(927): App\Controllers\transaction\transaction->kasmodal()
 7 SYSTEMPATH\CodeIgniter.php(482): CodeIgniter\CodeIgniter->runController(Object(App\Controllers\transaction\transaction))
 8 SYSTEMPATH\CodeIgniter.php(351): CodeIgniter\CodeIgniter->handleRequest(null, Object(Config\Cache), false)
 9 FCPATH\index.php(67): CodeIgniter\CodeIgniter->run()
CRITICAL - 2022-12-26 04:08:49 --> Call to undefined method CodeIgniter\Database\MySQLi\Builder::getRow()
in APPPATH\Controllers\transaction\transaction.php on line 86.
 1 SYSTEMPATH\CodeIgniter.php(927): App\Controllers\transaction\transaction->kasmodal()
 2 SYSTEMPATH\CodeIgniter.php(482): CodeIgniter\CodeIgniter->runController(Object(App\Controllers\transaction\transaction))
 3 SYSTEMPATH\CodeIgniter.php(351): CodeIgniter\CodeIgniter->handleRequest(null, Object(Config\Cache), false)
 4 FCPATH\index.php(67): CodeIgniter\CodeIgniter->run()
CRITICAL - 2022-12-26 08:08:23 --> number_format(): Passing null to parameter #1 ($num) of type float is deprecated
in APPPATH\Views\transaction\purchase_v.php on line 235.
 1 [internal function]: CodeIgniter\Debug\Exceptions->errorHandler(8192, 'number_format(): Passing null to parameter #1 ($num) of type float is deprecated', 'APPPATH\\Views\\transaction\\purchase_v.php', 235)
 2 APPPATH\Views\transaction\purchase_v.php(235): number_format(null, 0, ',', 'ROOTPATH\\public')
 3 SYSTEMPATH\View\View.php(213): include('APPPATH\\Views\\transaction\\purchase_v.php')
 4 SYSTEMPATH\View\View.php(216): CodeIgniter\View\View->CodeIgniter\View\{closure}()
 5 SYSTEMPATH\Common.php(1134): CodeIgniter\View\View->render('transaction/purchase_v', [], true)
 6 APPPATH\Controllers\transaction\purchase.php(23): view('transaction/purchase_v', [...])
 7 SYSTEMPATH\CodeIgniter.php(927): App\Controllers\transaction\purchase->index()
 8 SYSTEMPATH\CodeIgniter.php(482): CodeIgniter\CodeIgniter->runController(Object(App\Controllers\transaction\purchase))
 9 SYSTEMPATH\CodeIgniter.php(351): CodeIgniter\CodeIgniter->handleRequest(null, Object(Config\Cache), false)
10 FCPATH\index.php(67): CodeIgniter\CodeIgniter->run()
CRITICAL - 2022-12-26 08:19:12 --> syntax error, unexpected token "<"
in APPPATH\Views\transaction\payment_v.php on line 221.
 1 SYSTEMPATH\View\View.php(216): CodeIgniter\View\View->CodeIgniter\View\{closure}()
 2 SYSTEMPATH\Common.php(1134): CodeIgniter\View\View->render('transaction/payment_v', [], true)
 3 APPPATH\Controllers\transaction\payment.php(23): view('transaction/payment_v', [...])
 4 SYSTEMPATH\CodeIgniter.php(927): App\Controllers\transaction\payment->index()
 5 SYSTEMPATH\CodeIgniter.php(482): CodeIgniter\CodeIgniter->runController(Object(App\Controllers\transaction\payment))
 6 SYSTEMPATH\CodeIgniter.php(351): CodeIgniter\CodeIgniter->handleRequest(null, Object(Config\Cache), false)
 7 FCPATH\index.php(67): CodeIgniter\CodeIgniter->run()
CRITICAL - 2022-12-26 09:22:47 --> Undefined variable $purchased_outdate
in APPPATH\Views\transaction\purchased_v.php on line 90.
 1 APPPATH\Views\transaction\purchased_v.php(90): CodeIgniter\Debug\Exceptions->errorHandler(2, 'Undefined variable $purchased_outdate', 'APPPATH\\Views\\transaction\\purchased_v.php', 90)
 2 SYSTEMPATH\View\View.php(213): include('APPPATH\\Views\\transaction\\purchased_v.php')
 3 SYSTEMPATH\View\View.php(216): CodeIgniter\View\View->CodeIgniter\View\{closure}()
 4 SYSTEMPATH\Common.php(1134): CodeIgniter\View\View->render('transaction/purchased_v', [], true)
 5 APPPATH\Controllers\transaction\purchased.php(23): view('transaction/purchased_v', [...])
 6 SYSTEMPATH\CodeIgniter.php(927): App\Controllers\transaction\purchased->index()
 7 SYSTEMPATH\CodeIgniter.php(482): CodeIgniter\CodeIgniter->runController(Object(App\Controllers\transaction\purchased))
 8 SYSTEMPATH\CodeIgniter.php(351): CodeIgniter\CodeIgniter->handleRequest(null, Object(Config\Cache), false)
 9 FCPATH\index.php(67): CodeIgniter\CodeIgniter->run()
