CRITICAL - 2022-03-16 11:18:01 --> Maximum execution time of 30 seconds exceeded
#0 [internal function]: CodeIgniter\Debug\Exceptions->shutdownHandler()
#1 {main}
ERROR - 2022-03-16 12:07:22 --> ErrorException: pg_query(): Query failed: ERROR:  relation &quot;akunting.cost_approver&quot; does not exist
LINE 2: FROM &quot;akunting&quot;.&quot;cost_approver&quot;
             ^ in D:\xampp1\htdocs\ag-accounting-pembiayaan\vendor\codeigniter4\framework\system\Database\Postgre\Connection.php:170
Stack trace:
#0 [internal function]: CodeIgniter\Debug\Exceptions->errorHandler(2, 'pg_query(): Que...', 'D:\\xampp1\\htdoc...', 170, Array)
#1 D:\xampp1\htdocs\ag-accounting-pembiayaan\vendor\codeigniter4\framework\system\Database\Postgre\Connection.php(170): pg_query(Resource id #147, 'SELECT *\nFROM "...')
#2 D:\xampp1\htdocs\ag-accounting-pembiayaan\vendor\codeigniter4\framework\system\Database\BaseConnection.php(715): CodeIgniter\Database\Postgre\Connection->execute('SELECT *\nFROM "...')
#3 D:\xampp1\htdocs\ag-accounting-pembiayaan\vendor\codeigniter4\framework\system\Database\BaseConnection.php(643): CodeIgniter\Database\BaseConnection->simpleQuery('SELECT *\nFROM "...')
#4 D:\xampp1\htdocs\ag-accounting-pembiayaan\vendor\codeigniter4\framework\system\Database\BaseBuilder.php(1866): CodeIgniter\Database\BaseConnection->query('SELECT *\nFROM "...', Array, false)
#5 D:\xampp1\htdocs\ag-accounting-pembiayaan\app\Views\master\mapproveru_v.php(141): CodeIgniter\Database\BaseBuilder->get()
#6 D:\xampp1\htdocs\ag-accounting-pembiayaan\vendor\codeigniter4\framework\system\View\View.php(220): include('D:\\xampp1\\htdoc...')
#7 D:\xampp1\htdocs\ag-accounting-pembiayaan\vendor\codeigniter4\framework\system\View\View.php(222): CodeIgniter\View\View->CodeIgniter\View\{closure}()
#8 D:\xampp1\htdocs\ag-accounting-pembiayaan\vendor\codeigniter4\framework\system\Common.php(1217): CodeIgniter\View\View->render('master/mapprove...', Array, true)
#9 D:\xampp1\htdocs\ag-accounting-pembiayaan\app\Controllers\master\mapproveru.php(23): view('master/mapprove...', Array)
#10 D:\xampp1\htdocs\ag-accounting-pembiayaan\vendor\codeigniter4\framework\system\CodeIgniter.php(935): App\Controllers\master\mapproveru->index()
#11 D:\xampp1\htdocs\ag-accounting-pembiayaan\vendor\codeigniter4\framework\system\CodeIgniter.php(431): CodeIgniter\CodeIgniter->runController(Object(App\Controllers\master\mapproveru))
#12 D:\xampp1\htdocs\ag-accounting-pembiayaan\vendor\codeigniter4\framework\system\CodeIgniter.php(332): CodeIgniter\CodeIgniter->handleRequest(NULL, Object(Config\Cache), false)
#13 D:\xampp1\htdocs\ag-accounting-pembiayaan\public\index.php(44): CodeIgniter\CodeIgniter->run()
#14 {main}
ERROR - 2022-03-16 12:18:32 --> ErrorException: pg_query(): Query failed: ERROR:  relation &quot;cost_approver&quot; does not exist
LINE 2: FROM &quot;cost_approver&quot;
             ^ in D:\xampp1\htdocs\ag-accounting-pembiayaan\vendor\codeigniter4\framework\system\Database\Postgre\Connection.php:170
Stack trace:
#0 [internal function]: CodeIgniter\Debug\Exceptions->errorHandler(2, 'pg_query(): Que...', 'D:\\xampp1\\htdoc...', 170, Array)
#1 D:\xampp1\htdocs\ag-accounting-pembiayaan\vendor\codeigniter4\framework\system\Database\Postgre\Connection.php(170): pg_query(Resource id #147, 'SELECT *\nFROM "...')
#2 D:\xampp1\htdocs\ag-accounting-pembiayaan\vendor\codeigniter4\framework\system\Database\BaseConnection.php(715): CodeIgniter\Database\Postgre\Connection->execute('SELECT *\nFROM "...')
#3 D:\xampp1\htdocs\ag-accounting-pembiayaan\vendor\codeigniter4\framework\system\Database\BaseConnection.php(643): CodeIgniter\Database\BaseConnection->simpleQuery('SELECT *\nFROM "...')
#4 D:\xampp1\htdocs\ag-accounting-pembiayaan\vendor\codeigniter4\framework\system\Database\BaseBuilder.php(2035): CodeIgniter\Database\BaseConnection->query('SELECT *\nFROM "...', Array, false)
#5 D:\xampp1\htdocs\ag-accounting-pembiayaan\app\Models\master\mapproveru_m.php(21): CodeIgniter\Database\BaseBuilder->getWhere(Array)
#6 D:\xampp1\htdocs\ag-accounting-pembiayaan\app\Controllers\master\mapproveru.php(22): App\Models\master\mapproveru_m->data()
#7 D:\xampp1\htdocs\ag-accounting-pembiayaan\vendor\codeigniter4\framework\system\CodeIgniter.php(935): App\Controllers\master\mapproveru->index()
#8 D:\xampp1\htdocs\ag-accounting-pembiayaan\vendor\codeigniter4\framework\system\CodeIgniter.php(431): CodeIgniter\CodeIgniter->runController(Object(App\Controllers\master\mapproveru))
#9 D:\xampp1\htdocs\ag-accounting-pembiayaan\vendor\codeigniter4\framework\system\CodeIgniter.php(332): CodeIgniter\CodeIgniter->handleRequest(NULL, Object(Config\Cache), false)
#10 D:\xampp1\htdocs\ag-accounting-pembiayaan\public\index.php(44): CodeIgniter\CodeIgniter->run()
#11 {main}
CRITICAL - 2022-03-16 12:18:32 --> pg_num_rows() expects parameter 1 to be resource, boolean given
#0 [internal function]: CodeIgniter\Debug\Exceptions->errorHandler(2, 'pg_num_rows() e...', 'D:\\xampp1\\htdoc...', 153, Array)
#1 D:\xampp1\htdocs\ag-accounting-pembiayaan\vendor\codeigniter4\framework\system\Database\Postgre\Result.php(153): pg_num_rows(false)
#2 D:\xampp1\htdocs\ag-accounting-pembiayaan\app\Models\master\mapproveru_m.php(25): CodeIgniter\Database\Postgre\Result->getNumRows()
#3 D:\xampp1\htdocs\ag-accounting-pembiayaan\app\Controllers\master\mapproveru.php(22): App\Models\master\mapproveru_m->data()
#4 D:\xampp1\htdocs\ag-accounting-pembiayaan\vendor\codeigniter4\framework\system\CodeIgniter.php(935): App\Controllers\master\mapproveru->index()
#5 D:\xampp1\htdocs\ag-accounting-pembiayaan\vendor\codeigniter4\framework\system\CodeIgniter.php(431): CodeIgniter\CodeIgniter->runController(Object(App\Controllers\master\mapproveru))
#6 D:\xampp1\htdocs\ag-accounting-pembiayaan\vendor\codeigniter4\framework\system\CodeIgniter.php(332): CodeIgniter\CodeIgniter->handleRequest(NULL, Object(Config\Cache), false)
#7 D:\xampp1\htdocs\ag-accounting-pembiayaan\public\index.php(44): CodeIgniter\CodeIgniter->run()
#8 {main}
ERROR - 2022-03-16 12:19:40 --> ErrorException: pg_query(): Query failed: ERROR:  relation &quot;cost_approver&quot; does not exist
LINE 2: FROM &quot;cost_approver&quot;
             ^ in D:\xampp1\htdocs\ag-accounting-pembiayaan\vendor\codeigniter4\framework\system\Database\Postgre\Connection.php:170
Stack trace:
#0 [internal function]: CodeIgniter\Debug\Exceptions->errorHandler(2, 'pg_query(): Que...', 'D:\\xampp1\\htdoc...', 170, Array)
#1 D:\xampp1\htdocs\ag-accounting-pembiayaan\vendor\codeigniter4\framework\system\Database\Postgre\Connection.php(170): pg_query(Resource id #146, 'SELECT *\nFROM "...')
#2 D:\xampp1\htdocs\ag-accounting-pembiayaan\vendor\codeigniter4\framework\system\Database\BaseConnection.php(715): CodeIgniter\Database\Postgre\Connection->execute('SELECT *\nFROM "...')
#3 D:\xampp1\htdocs\ag-accounting-pembiayaan\vendor\codeigniter4\framework\system\Database\BaseConnection.php(643): CodeIgniter\Database\BaseConnection->simpleQuery('SELECT *\nFROM "...')
#4 D:\xampp1\htdocs\ag-accounting-pembiayaan\vendor\codeigniter4\framework\system\Database\BaseBuilder.php(2035): CodeIgniter\Database\BaseConnection->query('SELECT *\nFROM "...', Array, false)
#5 D:\xampp1\htdocs\ag-accounting-pembiayaan\app\Models\master\mapproveru_m.php(21): CodeIgniter\Database\BaseBuilder->getWhere(Array)
#6 D:\xampp1\htdocs\ag-accounting-pembiayaan\app\Controllers\master\mapproveru.php(22): App\Models\master\mapproveru_m->data()
#7 D:\xampp1\htdocs\ag-accounting-pembiayaan\vendor\codeigniter4\framework\system\CodeIgniter.php(935): App\Controllers\master\mapproveru->index()
#8 D:\xampp1\htdocs\ag-accounting-pembiayaan\vendor\codeigniter4\framework\system\CodeIgniter.php(431): CodeIgniter\CodeIgniter->runController(Object(App\Controllers\master\mapproveru))
#9 D:\xampp1\htdocs\ag-accounting-pembiayaan\vendor\codeigniter4\framework\system\CodeIgniter.php(332): CodeIgniter\CodeIgniter->handleRequest(NULL, Object(Config\Cache), false)
#10 D:\xampp1\htdocs\ag-accounting-pembiayaan\public\index.php(44): CodeIgniter\CodeIgniter->run()
#11 {main}
ERROR - 2022-03-16 12:20:33 --> ErrorException: pg_query(): Query failed: ERROR:  relation &quot;cost_approver&quot; does not exist
LINE 2: FROM &quot;cost_approver&quot;
             ^ in D:\xampp1\htdocs\ag-accounting-pembiayaan\vendor\codeigniter4\framework\system\Database\Postgre\Connection.php:170
Stack trace:
#0 [internal function]: CodeIgniter\Debug\Exceptions->errorHandler(2, 'pg_query(): Que...', 'D:\\xampp1\\htdoc...', 170, Array)
#1 D:\xampp1\htdocs\ag-accounting-pembiayaan\vendor\codeigniter4\framework\system\Database\Postgre\Connection.php(170): pg_query(Resource id #146, 'SELECT *\nFROM "...')
#2 D:\xampp1\htdocs\ag-accounting-pembiayaan\vendor\codeigniter4\framework\system\Database\BaseConnection.php(715): CodeIgniter\Database\Postgre\Connection->execute('SELECT *\nFROM "...')
#3 D:\xampp1\htdocs\ag-accounting-pembiayaan\vendor\codeigniter4\framework\system\Database\BaseConnection.php(643): CodeIgniter\Database\BaseConnection->simpleQuery('SELECT *\nFROM "...')
#4 D:\xampp1\htdocs\ag-accounting-pembiayaan\vendor\codeigniter4\framework\system\Database\BaseBuilder.php(2035): CodeIgniter\Database\BaseConnection->query('SELECT *\nFROM "...', Array, false)
#5 D:\xampp1\htdocs\ag-accounting-pembiayaan\app\Models\master\mapproveru_m.php(21): CodeIgniter\Database\BaseBuilder->getWhere(Array)
#6 D:\xampp1\htdocs\ag-accounting-pembiayaan\app\Controllers\master\mapproveru.php(22): App\Models\master\mapproveru_m->data()
#7 D:\xampp1\htdocs\ag-accounting-pembiayaan\vendor\codeigniter4\framework\system\CodeIgniter.php(935): App\Controllers\master\mapproveru->index()
#8 D:\xampp1\htdocs\ag-accounting-pembiayaan\vendor\codeigniter4\framework\system\CodeIgniter.php(431): CodeIgniter\CodeIgniter->runController(Object(App\Controllers\master\mapproveru))
#9 D:\xampp1\htdocs\ag-accounting-pembiayaan\vendor\codeigniter4\framework\system\CodeIgniter.php(332): CodeIgniter\CodeIgniter->handleRequest(NULL, Object(Config\Cache), false)
#10 D:\xampp1\htdocs\ag-accounting-pembiayaan\public\index.php(44): CodeIgniter\CodeIgniter->run()
#11 {main}
CRITICAL - 2022-03-16 12:20:33 --> pg_num_rows() expects parameter 1 to be resource, boolean given
#0 [internal function]: CodeIgniter\Debug\Exceptions->errorHandler(2, 'pg_num_rows() e...', 'D:\\xampp1\\htdoc...', 153, Array)
#1 D:\xampp1\htdocs\ag-accounting-pembiayaan\vendor\codeigniter4\framework\system\Database\Postgre\Result.php(153): pg_num_rows(false)
#2 D:\xampp1\htdocs\ag-accounting-pembiayaan\app\Models\master\mapproveru_m.php(25): CodeIgniter\Database\Postgre\Result->getNumRows()
#3 D:\xampp1\htdocs\ag-accounting-pembiayaan\app\Controllers\master\mapproveru.php(22): App\Models\master\mapproveru_m->data()
#4 D:\xampp1\htdocs\ag-accounting-pembiayaan\vendor\codeigniter4\framework\system\CodeIgniter.php(935): App\Controllers\master\mapproveru->index()
#5 D:\xampp1\htdocs\ag-accounting-pembiayaan\vendor\codeigniter4\framework\system\CodeIgniter.php(431): CodeIgniter\CodeIgniter->runController(Object(App\Controllers\master\mapproveru))
#6 D:\xampp1\htdocs\ag-accounting-pembiayaan\vendor\codeigniter4\framework\system\CodeIgniter.php(332): CodeIgniter\CodeIgniter->handleRequest(NULL, Object(Config\Cache), false)
#7 D:\xampp1\htdocs\ag-accounting-pembiayaan\public\index.php(44): CodeIgniter\CodeIgniter->run()
#8 {main}
CRITICAL - 2022-03-16 12:21:21 --> Undefined variable: sort
#0 D:\xampp1\htdocs\ag-accounting-pembiayaan\app\Views\master\mapproveru_v.php(62): CodeIgniter\Debug\Exceptions->errorHandler(8, 'Undefined varia...', 'D:\\xampp1\\htdoc...', 62, Array)
#1 D:\xampp1\htdocs\ag-accounting-pembiayaan\vendor\codeigniter4\framework\system\View\View.php(220): include('D:\\xampp1\\htdoc...')
#2 D:\xampp1\htdocs\ag-accounting-pembiayaan\vendor\codeigniter4\framework\system\View\View.php(222): CodeIgniter\View\View->CodeIgniter\View\{closure}()
#3 D:\xampp1\htdocs\ag-accounting-pembiayaan\vendor\codeigniter4\framework\system\Common.php(1217): CodeIgniter\View\View->render('master/mapprove...', Array, true)
#4 D:\xampp1\htdocs\ag-accounting-pembiayaan\app\Controllers\master\mapproveru.php(23): view('master/mapprove...', Array)
#5 D:\xampp1\htdocs\ag-accounting-pembiayaan\vendor\codeigniter4\framework\system\CodeIgniter.php(935): App\Controllers\master\mapproveru->index()
#6 D:\xampp1\htdocs\ag-accounting-pembiayaan\vendor\codeigniter4\framework\system\CodeIgniter.php(431): CodeIgniter\CodeIgniter->runController(Object(App\Controllers\master\mapproveru))
#7 D:\xampp1\htdocs\ag-accounting-pembiayaan\vendor\codeigniter4\framework\system\CodeIgniter.php(332): CodeIgniter\CodeIgniter->handleRequest(NULL, Object(Config\Cache), false)
#8 D:\xampp1\htdocs\ag-accounting-pembiayaan\public\index.php(44): CodeIgniter\CodeIgniter->run()
#9 {main}
ERROR - 2022-03-16 12:23:25 --> ErrorException: pg_query(): Query failed: ERROR:  null value in column &quot;branch_id&quot; of relation &quot;cost_approver&quot; violates not-null constraint
DETAIL:  Failing row contains (2022-03-16 12:23:25, 2022-03-16 12:23:25, 1, null, 2153, 2). in D:\xampp1\htdocs\ag-accounting-pembiayaan\vendor\codeigniter4\framework\system\Database\Postgre\Connection.php:170
Stack trace:
#0 [internal function]: CodeIgniter\Debug\Exceptions->errorHandler(2, 'pg_query(): Que...', 'D:\\xampp1\\htdoc...', 170, Array)
#1 D:\xampp1\htdocs\ag-accounting-pembiayaan\vendor\codeigniter4\framework\system\Database\Postgre\Connection.php(170): pg_query(Resource id #146, 'INSERT INTO "co...')
#2 D:\xampp1\htdocs\ag-accounting-pembiayaan\vendor\codeigniter4\framework\system\Database\BaseConnection.php(715): CodeIgniter\Database\Postgre\Connection->execute('INSERT INTO "co...')
#3 D:\xampp1\htdocs\ag-accounting-pembiayaan\vendor\codeigniter4\framework\system\Database\BaseConnection.php(643): CodeIgniter\Database\BaseConnection->simpleQuery('INSERT INTO "co...')
#4 D:\xampp1\htdocs\ag-accounting-pembiayaan\vendor\codeigniter4\framework\system\Database\BaseBuilder.php(2265): CodeIgniter\Database\BaseConnection->query('INSERT INTO "co...', Array, false)
#5 D:\xampp1\htdocs\ag-accounting-pembiayaan\app\Models\master\mapproveru_m.php(60): CodeIgniter\Database\BaseBuilder->insert(Array)
#6 D:\xampp1\htdocs\ag-accounting-pembiayaan\app\Controllers\master\mapproveru.php(22): App\Models\master\mapproveru_m->data()
#7 D:\xampp1\htdocs\ag-accounting-pembiayaan\vendor\codeigniter4\framework\system\CodeIgniter.php(935): App\Controllers\master\mapproveru->index()
#8 D:\xampp1\htdocs\ag-accounting-pembiayaan\vendor\codeigniter4\framework\system\CodeIgniter.php(431): CodeIgniter\CodeIgniter->runController(Object(App\Controllers\master\mapproveru))
#9 D:\xampp1\htdocs\ag-accounting-pembiayaan\vendor\codeigniter4\framework\system\CodeIgniter.php(332): CodeIgniter\CodeIgniter->handleRequest(NULL, Object(Config\Cache), false)
#10 D:\xampp1\htdocs\ag-accounting-pembiayaan\public\index.php(44): CodeIgniter\CodeIgniter->run()
#11 {main}
CRITICAL - 2022-03-16 12:23:25 --> Undefined variable: uploadpermission_group_picture
#0 D:\xampp1\htdocs\ag-accounting-pembiayaan\app\Views\master\mapproveru_v.php(105): CodeIgniter\Debug\Exceptions->errorHandler(8, 'Undefined varia...', 'D:\\xampp1\\htdoc...', 105, Array)
#1 D:\xampp1\htdocs\ag-accounting-pembiayaan\vendor\codeigniter4\framework\system\View\View.php(220): include('D:\\xampp1\\htdoc...')
#2 D:\xampp1\htdocs\ag-accounting-pembiayaan\vendor\codeigniter4\framework\system\View\View.php(222): CodeIgniter\View\View->CodeIgniter\View\{closure}()
#3 D:\xampp1\htdocs\ag-accounting-pembiayaan\vendor\codeigniter4\framework\system\Common.php(1217): CodeIgniter\View\View->render('master/mapprove...', Array, true)
#4 D:\xampp1\htdocs\ag-accounting-pembiayaan\app\Controllers\master\mapproveru.php(23): view('master/mapprove...', Array)
#5 D:\xampp1\htdocs\ag-accounting-pembiayaan\vendor\codeigniter4\framework\system\CodeIgniter.php(935): App\Controllers\master\mapproveru->index()
#6 D:\xampp1\htdocs\ag-accounting-pembiayaan\vendor\codeigniter4\framework\system\CodeIgniter.php(431): CodeIgniter\CodeIgniter->runController(Object(App\Controllers\master\mapproveru))
#7 D:\xampp1\htdocs\ag-accounting-pembiayaan\vendor\codeigniter4\framework\system\CodeIgniter.php(332): CodeIgniter\CodeIgniter->handleRequest(NULL, Object(Config\Cache), false)
#8 D:\xampp1\htdocs\ag-accounting-pembiayaan\public\index.php(44): CodeIgniter\CodeIgniter->run()
#9 {main}
ERROR - 2022-03-16 12:23:44 --> ErrorException: pg_query(): Query failed: ERROR:  relation &quot;akunting.cost_approver&quot; does not exist
LINE 2: FROM &quot;akunting&quot;.&quot;cost_approver&quot;
             ^ in D:\xampp1\htdocs\ag-accounting-pembiayaan\vendor\codeigniter4\framework\system\Database\Postgre\Connection.php:170
Stack trace:
#0 [internal function]: CodeIgniter\Debug\Exceptions->errorHandler(2, 'pg_query(): Que...', 'D:\\xampp1\\htdoc...', 170, Array)
#1 D:\xampp1\htdocs\ag-accounting-pembiayaan\vendor\codeigniter4\framework\system\Database\Postgre\Connection.php(170): pg_query(Resource id #160, 'SELECT *\nFROM "...')
#2 D:\xampp1\htdocs\ag-accounting-pembiayaan\vendor\codeigniter4\framework\system\Database\BaseConnection.php(715): CodeIgniter\Database\Postgre\Connection->execute('SELECT *\nFROM "...')
#3 D:\xampp1\htdocs\ag-accounting-pembiayaan\vendor\codeigniter4\framework\system\Database\BaseConnection.php(643): CodeIgniter\Database\BaseConnection->simpleQuery('SELECT *\nFROM "...')
#4 D:\xampp1\htdocs\ag-accounting-pembiayaan\vendor\codeigniter4\framework\system\Database\BaseBuilder.php(1866): CodeIgniter\Database\BaseConnection->query('SELECT *\nFROM "...', Array, false)
#5 D:\xampp1\htdocs\ag-accounting-pembiayaan\app\Views\master\mapproveru_v.php(129): CodeIgniter\Database\BaseBuilder->get()
#6 D:\xampp1\htdocs\ag-accounting-pembiayaan\vendor\codeigniter4\framework\system\View\View.php(220): include('D:\\xampp1\\htdoc...')
#7 D:\xampp1\htdocs\ag-accounting-pembiayaan\vendor\codeigniter4\framework\system\View\View.php(222): CodeIgniter\View\View->CodeIgniter\View\{closure}()
#8 D:\xampp1\htdocs\ag-accounting-pembiayaan\vendor\codeigniter4\framework\system\Common.php(1217): CodeIgniter\View\View->render('master/mapprove...', Array, true)
#9 D:\xampp1\htdocs\ag-accounting-pembiayaan\app\Controllers\master\mapproveru.php(23): view('master/mapprove...', Array)
#10 D:\xampp1\htdocs\ag-accounting-pembiayaan\vendor\codeigniter4\framework\system\CodeIgniter.php(935): App\Controllers\master\mapproveru->index()
#11 D:\xampp1\htdocs\ag-accounting-pembiayaan\vendor\codeigniter4\framework\system\CodeIgniter.php(431): CodeIgniter\CodeIgniter->runController(Object(App\Controllers\master\mapproveru))
#12 D:\xampp1\htdocs\ag-accounting-pembiayaan\vendor\codeigniter4\framework\system\CodeIgniter.php(332): CodeIgniter\CodeIgniter->handleRequest(NULL, Object(Config\Cache), false)
#13 D:\xampp1\htdocs\ag-accounting-pembiayaan\public\index.php(44): CodeIgniter\CodeIgniter->run()
#14 {main}
ERROR - 2022-03-16 12:24:12 --> ErrorException: pg_query(): Query failed: ERROR:  null value in column &quot;branch_id&quot; of relation &quot;cost_approver&quot; violates not-null constraint
DETAIL:  Failing row contains (2022-03-16 12:24:11, 2022-03-16 12:24:11, 2, null, 2153, 2). in D:\xampp1\htdocs\ag-accounting-pembiayaan\vendor\codeigniter4\framework\system\Database\Postgre\Connection.php:170
Stack trace:
#0 [internal function]: CodeIgniter\Debug\Exceptions->errorHandler(2, 'pg_query(): Que...', 'D:\\xampp1\\htdoc...', 170, Array)
#1 D:\xampp1\htdocs\ag-accounting-pembiayaan\vendor\codeigniter4\framework\system\Database\Postgre\Connection.php(170): pg_query(Resource id #146, 'INSERT INTO "co...')
#2 D:\xampp1\htdocs\ag-accounting-pembiayaan\vendor\codeigniter4\framework\system\Database\BaseConnection.php(715): CodeIgniter\Database\Postgre\Connection->execute('INSERT INTO "co...')
#3 D:\xampp1\htdocs\ag-accounting-pembiayaan\vendor\codeigniter4\framework\system\Database\BaseConnection.php(643): CodeIgniter\Database\BaseConnection->simpleQuery('INSERT INTO "co...')
#4 D:\xampp1\htdocs\ag-accounting-pembiayaan\vendor\codeigniter4\framework\system\Database\BaseBuilder.php(2265): CodeIgniter\Database\BaseConnection->query('INSERT INTO "co...', Array, false)
#5 D:\xampp1\htdocs\ag-accounting-pembiayaan\app\Models\master\mapproveru_m.php(60): CodeIgniter\Database\BaseBuilder->insert(Array)
#6 D:\xampp1\htdocs\ag-accounting-pembiayaan\app\Controllers\master\mapproveru.php(22): App\Models\master\mapproveru_m->data()
#7 D:\xampp1\htdocs\ag-accounting-pembiayaan\vendor\codeigniter4\framework\system\CodeIgniter.php(935): App\Controllers\master\mapproveru->index()
#8 D:\xampp1\htdocs\ag-accounting-pembiayaan\vendor\codeigniter4\framework\system\CodeIgniter.php(431): CodeIgniter\CodeIgniter->runController(Object(App\Controllers\master\mapproveru))
#9 D:\xampp1\htdocs\ag-accounting-pembiayaan\vendor\codeigniter4\framework\system\CodeIgniter.php(332): CodeIgniter\CodeIgniter->handleRequest(NULL, Object(Config\Cache), false)
#10 D:\xampp1\htdocs\ag-accounting-pembiayaan\public\index.php(44): CodeIgniter\CodeIgniter->run()
#11 {main}
ERROR - 2022-03-16 12:24:12 --> ErrorException: pg_query(): Query failed: ERROR:  relation &quot;akunting.cost_approver&quot; does not exist
LINE 2: FROM &quot;akunting&quot;.&quot;cost_approver&quot;
             ^ in D:\xampp1\htdocs\ag-accounting-pembiayaan\vendor\codeigniter4\framework\system\Database\Postgre\Connection.php:170
Stack trace:
#0 [internal function]: CodeIgniter\Debug\Exceptions->errorHandler(2, 'pg_query(): Que...', 'D:\\xampp1\\htdoc...', 170, Array)
#1 D:\xampp1\htdocs\ag-accounting-pembiayaan\vendor\codeigniter4\framework\system\Database\Postgre\Connection.php(170): pg_query(Resource id #164, 'SELECT *\nFROM "...')
#2 D:\xampp1\htdocs\ag-accounting-pembiayaan\vendor\codeigniter4\framework\system\Database\BaseConnection.php(715): CodeIgniter\Database\Postgre\Connection->execute('SELECT *\nFROM "...')
#3 D:\xampp1\htdocs\ag-accounting-pembiayaan\vendor\codeigniter4\framework\system\Database\BaseConnection.php(643): CodeIgniter\Database\BaseConnection->simpleQuery('SELECT *\nFROM "...')
#4 D:\xampp1\htdocs\ag-accounting-pembiayaan\vendor\codeigniter4\framework\system\Database\BaseBuilder.php(1866): CodeIgniter\Database\BaseConnection->query('SELECT *\nFROM "...', Array, false)
#5 D:\xampp1\htdocs\ag-accounting-pembiayaan\app\Views\master\mapproveru_v.php(129): CodeIgniter\Database\BaseBuilder->get()
#6 D:\xampp1\htdocs\ag-accounting-pembiayaan\vendor\codeigniter4\framework\system\View\View.php(220): include('D:\\xampp1\\htdoc...')
#7 D:\xampp1\htdocs\ag-accounting-pembiayaan\vendor\codeigniter4\framework\system\View\View.php(222): CodeIgniter\View\View->CodeIgniter\View\{closure}()
#8 D:\xampp1\htdocs\ag-accounting-pembiayaan\vendor\codeigniter4\framework\system\Common.php(1217): CodeIgniter\View\View->render('master/mapprove...', Array, true)
#9 D:\xampp1\htdocs\ag-accounting-pembiayaan\app\Controllers\master\mapproveru.php(23): view('master/mapprove...', Array)
#10 D:\xampp1\htdocs\ag-accounting-pembiayaan\vendor\codeigniter4\framework\system\CodeIgniter.php(935): App\Controllers\master\mapproveru->index()
#11 D:\xampp1\htdocs\ag-accounting-pembiayaan\vendor\codeigniter4\framework\system\CodeIgniter.php(431): CodeIgniter\CodeIgniter->runController(Object(App\Controllers\master\mapproveru))
#12 D:\xampp1\htdocs\ag-accounting-pembiayaan\vendor\codeigniter4\framework\system\CodeIgniter.php(332): CodeIgniter\CodeIgniter->handleRequest(NULL, Object(Config\Cache), false)
#13 D:\xampp1\htdocs\ag-accounting-pembiayaan\public\index.php(44): CodeIgniter\CodeIgniter->run()
#14 {main}
ERROR - 2022-03-16 12:26:18 --> ErrorException: pg_query(): Query failed: ERROR:  relation &quot;akunting.cost_approver&quot; does not exist
LINE 2: FROM &quot;akunting&quot;.&quot;cost_approver&quot;
             ^ in D:\xampp1\htdocs\ag-accounting-pembiayaan\vendor\codeigniter4\framework\system\Database\Postgre\Connection.php:170
Stack trace:
#0 [internal function]: CodeIgniter\Debug\Exceptions->errorHandler(2, 'pg_query(): Que...', 'D:\\xampp1\\htdoc...', 170, Array)
#1 D:\xampp1\htdocs\ag-accounting-pembiayaan\vendor\codeigniter4\framework\system\Database\Postgre\Connection.php(170): pg_query(Resource id #161, 'SELECT *\nFROM "...')
#2 D:\xampp1\htdocs\ag-accounting-pembiayaan\vendor\codeigniter4\framework\system\Database\BaseConnection.php(715): CodeIgniter\Database\Postgre\Connection->execute('SELECT *\nFROM "...')
#3 D:\xampp1\htdocs\ag-accounting-pembiayaan\vendor\codeigniter4\framework\system\Database\BaseConnection.php(643): CodeIgniter\Database\BaseConnection->simpleQuery('SELECT *\nFROM "...')
#4 D:\xampp1\htdocs\ag-accounting-pembiayaan\vendor\codeigniter4\framework\system\Database\BaseBuilder.php(1866): CodeIgniter\Database\BaseConnection->query('SELECT *\nFROM "...', Array, false)
#5 D:\xampp1\htdocs\ag-accounting-pembiayaan\app\Views\master\mapproveru_v.php(130): CodeIgniter\Database\BaseBuilder->get()
#6 D:\xampp1\htdocs\ag-accounting-pembiayaan\vendor\codeigniter4\framework\system\View\View.php(220): include('D:\\xampp1\\htdoc...')
#7 D:\xampp1\htdocs\ag-accounting-pembiayaan\vendor\codeigniter4\framework\system\View\View.php(222): CodeIgniter\View\View->CodeIgniter\View\{closure}()
#8 D:\xampp1\htdocs\ag-accounting-pembiayaan\vendor\codeigniter4\framework\system\Common.php(1217): CodeIgniter\View\View->render('master/mapprove...', Array, true)
#9 D:\xampp1\htdocs\ag-accounting-pembiayaan\app\Controllers\master\mapproveru.php(23): view('master/mapprove...', Array)
#10 D:\xampp1\htdocs\ag-accounting-pembiayaan\vendor\codeigniter4\framework\system\CodeIgniter.php(935): App\Controllers\master\mapproveru->index()
#11 D:\xampp1\htdocs\ag-accounting-pembiayaan\vendor\codeigniter4\framework\system\CodeIgniter.php(431): CodeIgniter\CodeIgniter->runController(Object(App\Controllers\master\mapproveru))
#12 D:\xampp1\htdocs\ag-accounting-pembiayaan\vendor\codeigniter4\framework\system\CodeIgniter.php(332): CodeIgniter\CodeIgniter->handleRequest(NULL, Object(Config\Cache), false)
#13 D:\xampp1\htdocs\ag-accounting-pembiayaan\public\index.php(44): CodeIgniter\CodeIgniter->run()
#14 {main}
ERROR - 2022-03-16 12:27:51 --> ErrorException: pg_query(): Query failed: ERROR:  relation &quot;akunting.cost_approver&quot; does not exist
LINE 2: FROM &quot;akunting&quot;.&quot;cost_approver&quot;
             ^ in D:\xampp1\htdocs\ag-accounting-pembiayaan\vendor\codeigniter4\framework\system\Database\Postgre\Connection.php:170
Stack trace:
#0 [internal function]: CodeIgniter\Debug\Exceptions->errorHandler(2, 'pg_query(): Que...', 'D:\\xampp1\\htdoc...', 170, Array)
#1 D:\xampp1\htdocs\ag-accounting-pembiayaan\vendor\codeigniter4\framework\system\Database\Postgre\Connection.php(170): pg_query(Resource id #159, 'SELECT *\nFROM "...')
#2 D:\xampp1\htdocs\ag-accounting-pembiayaan\vendor\codeigniter4\framework\system\Database\BaseConnection.php(715): CodeIgniter\Database\Postgre\Connection->execute('SELECT *\nFROM "...')
#3 D:\xampp1\htdocs\ag-accounting-pembiayaan\vendor\codeigniter4\framework\system\Database\BaseConnection.php(643): CodeIgniter\Database\BaseConnection->simpleQuery('SELECT *\nFROM "...')
#4 D:\xampp1\htdocs\ag-accounting-pembiayaan\vendor\codeigniter4\framework\system\Database\BaseBuilder.php(1866): CodeIgniter\Database\BaseConnection->query('SELECT *\nFROM "...', Array, false)
#5 D:\xampp1\htdocs\ag-accounting-pembiayaan\app\Views\master\mapproveru_v.php(130): CodeIgniter\Database\BaseBuilder->get()
#6 D:\xampp1\htdocs\ag-accounting-pembiayaan\vendor\codeigniter4\framework\system\View\View.php(220): include('D:\\xampp1\\htdoc...')
#7 D:\xampp1\htdocs\ag-accounting-pembiayaan\vendor\codeigniter4\framework\system\View\View.php(222): CodeIgniter\View\View->CodeIgniter\View\{closure}()
#8 D:\xampp1\htdocs\ag-accounting-pembiayaan\vendor\codeigniter4\framework\system\Common.php(1217): CodeIgniter\View\View->render('master/mapprove...', Array, true)
#9 D:\xampp1\htdocs\ag-accounting-pembiayaan\app\Controllers\master\mapproveru.php(23): view('master/mapprove...', Array)
#10 D:\xampp1\htdocs\ag-accounting-pembiayaan\vendor\codeigniter4\framework\system\CodeIgniter.php(935): App\Controllers\master\mapproveru->index()
#11 D:\xampp1\htdocs\ag-accounting-pembiayaan\vendor\codeigniter4\framework\system\CodeIgniter.php(431): CodeIgniter\CodeIgniter->runController(Object(App\Controllers\master\mapproveru))
#12 D:\xampp1\htdocs\ag-accounting-pembiayaan\vendor\codeigniter4\framework\system\CodeIgniter.php(332): CodeIgniter\CodeIgniter->handleRequest(NULL, Object(Config\Cache), false)
#13 D:\xampp1\htdocs\ag-accounting-pembiayaan\public\index.php(44): CodeIgniter\CodeIgniter->run()
#14 {main}
ERROR - 2022-03-16 12:30:18 --> ErrorException: pg_query(): Query failed: ERROR:  relation &quot;cost_approver&quot; does not exist
LINE 2: FROM &quot;cost_approver&quot;
             ^ in D:\xampp1\htdocs\ag-accounting-pembiayaan\vendor\codeigniter4\framework\system\Database\Postgre\Connection.php:170
Stack trace:
#0 [internal function]: CodeIgniter\Debug\Exceptions->errorHandler(2, 'pg_query(): Que...', 'D:\\xampp1\\htdoc...', 170, Array)
#1 D:\xampp1\htdocs\ag-accounting-pembiayaan\vendor\codeigniter4\framework\system\Database\Postgre\Connection.php(170): pg_query(Resource id #160, 'SELECT *\nFROM "...')
#2 D:\xampp1\htdocs\ag-accounting-pembiayaan\vendor\codeigniter4\framework\system\Database\BaseConnection.php(715): CodeIgniter\Database\Postgre\Connection->execute('SELECT *\nFROM "...')
#3 D:\xampp1\htdocs\ag-accounting-pembiayaan\vendor\codeigniter4\framework\system\Database\BaseConnection.php(643): CodeIgniter\Database\BaseConnection->simpleQuery('SELECT *\nFROM "...')
#4 D:\xampp1\htdocs\ag-accounting-pembiayaan\vendor\codeigniter4\framework\system\Database\BaseBuilder.php(1866): CodeIgniter\Database\BaseConnection->query('SELECT *\nFROM "...', Array, false)
#5 D:\xampp1\htdocs\ag-accounting-pembiayaan\app\Views\master\mapproveru_v.php(130): CodeIgniter\Database\BaseBuilder->get()
#6 D:\xampp1\htdocs\ag-accounting-pembiayaan\vendor\codeigniter4\framework\system\View\View.php(220): include('D:\\xampp1\\htdoc...')
#7 D:\xampp1\htdocs\ag-accounting-pembiayaan\vendor\codeigniter4\framework\system\View\View.php(222): CodeIgniter\View\View->CodeIgniter\View\{closure}()
#8 D:\xampp1\htdocs\ag-accounting-pembiayaan\vendor\codeigniter4\framework\system\Common.php(1217): CodeIgniter\View\View->render('master/mapprove...', Array, true)
#9 D:\xampp1\htdocs\ag-accounting-pembiayaan\app\Controllers\master\mapproveru.php(23): view('master/mapprove...', Array)
#10 D:\xampp1\htdocs\ag-accounting-pembiayaan\vendor\codeigniter4\framework\system\CodeIgniter.php(935): App\Controllers\master\mapproveru->index()
#11 D:\xampp1\htdocs\ag-accounting-pembiayaan\vendor\codeigniter4\framework\system\CodeIgniter.php(431): CodeIgniter\CodeIgniter->runController(Object(App\Controllers\master\mapproveru))
#12 D:\xampp1\htdocs\ag-accounting-pembiayaan\vendor\codeigniter4\framework\system\CodeIgniter.php(332): CodeIgniter\CodeIgniter->handleRequest(NULL, Object(Config\Cache), false)
#13 D:\xampp1\htdocs\ag-accounting-pembiayaan\public\index.php(44): CodeIgniter\CodeIgniter->run()
#14 {main}
ERROR - 2022-03-16 12:31:11 --> ErrorException: pg_query(): Query failed: ERROR:  relation &quot;cost_approver&quot; does not exist
LINE 2: FROM &quot;cost_approver&quot;
             ^ in D:\xampp1\htdocs\ag-accounting-pembiayaan\vendor\codeigniter4\framework\system\Database\Postgre\Connection.php:170
Stack trace:
#0 [internal function]: CodeIgniter\Debug\Exceptions->errorHandler(2, 'pg_query(): Que...', 'D:\\xampp1\\htdoc...', 170, Array)
#1 D:\xampp1\htdocs\ag-accounting-pembiayaan\vendor\codeigniter4\framework\system\Database\Postgre\Connection.php(170): pg_query(Resource id #160, 'SELECT *\nFROM "...')
#2 D:\xampp1\htdocs\ag-accounting-pembiayaan\vendor\codeigniter4\framework\system\Database\BaseConnection.php(715): CodeIgniter\Database\Postgre\Connection->execute('SELECT *\nFROM "...')
#3 D:\xampp1\htdocs\ag-accounting-pembiayaan\vendor\codeigniter4\framework\system\Database\BaseConnection.php(643): CodeIgniter\Database\BaseConnection->simpleQuery('SELECT *\nFROM "...')
#4 D:\xampp1\htdocs\ag-accounting-pembiayaan\vendor\codeigniter4\framework\system\Database\BaseBuilder.php(1866): CodeIgniter\Database\BaseConnection->query('SELECT *\nFROM "...', Array, false)
#5 D:\xampp1\htdocs\ag-accounting-pembiayaan\app\Views\master\mapproveru_v.php(130): CodeIgniter\Database\BaseBuilder->get()
#6 D:\xampp1\htdocs\ag-accounting-pembiayaan\vendor\codeigniter4\framework\system\View\View.php(220): include('D:\\xampp1\\htdoc...')
#7 D:\xampp1\htdocs\ag-accounting-pembiayaan\vendor\codeigniter4\framework\system\View\View.php(222): CodeIgniter\View\View->CodeIgniter\View\{closure}()
#8 D:\xampp1\htdocs\ag-accounting-pembiayaan\vendor\codeigniter4\framework\system\Common.php(1217): CodeIgniter\View\View->render('master/mapprove...', Array, true)
#9 D:\xampp1\htdocs\ag-accounting-pembiayaan\app\Controllers\master\mapproveru.php(23): view('master/mapprove...', Array)
#10 D:\xampp1\htdocs\ag-accounting-pembiayaan\vendor\codeigniter4\framework\system\CodeIgniter.php(935): App\Controllers\master\mapproveru->index()
#11 D:\xampp1\htdocs\ag-accounting-pembiayaan\vendor\codeigniter4\framework\system\CodeIgniter.php(431): CodeIgniter\CodeIgniter->runController(Object(App\Controllers\master\mapproveru))
#12 D:\xampp1\htdocs\ag-accounting-pembiayaan\vendor\codeigniter4\framework\system\CodeIgniter.php(332): CodeIgniter\CodeIgniter->handleRequest(NULL, Object(Config\Cache), false)
#13 D:\xampp1\htdocs\ag-accounting-pembiayaan\public\index.php(44): CodeIgniter\CodeIgniter->run()
#14 {main}
ERROR - 2022-03-16 12:32:05 --> ErrorException: pg_query(): Query failed: ERROR:  relation &quot;cost_approver&quot; does not exist
LINE 2: FROM &quot;cost_approver&quot;
             ^ in D:\xampp1\htdocs\ag-accounting-pembiayaan\vendor\codeigniter4\framework\system\Database\Postgre\Connection.php:170
Stack trace:
#0 [internal function]: CodeIgniter\Debug\Exceptions->errorHandler(2, 'pg_query(): Que...', 'D:\\xampp1\\htdoc...', 170, Array)
#1 D:\xampp1\htdocs\ag-accounting-pembiayaan\vendor\codeigniter4\framework\system\Database\Postgre\Connection.php(170): pg_query(Resource id #159, 'SELECT *\nFROM "...')
#2 D:\xampp1\htdocs\ag-accounting-pembiayaan\vendor\codeigniter4\framework\system\Database\BaseConnection.php(715): CodeIgniter\Database\Postgre\Connection->execute('SELECT *\nFROM "...')
#3 D:\xampp1\htdocs\ag-accounting-pembiayaan\vendor\codeigniter4\framework\system\Database\BaseConnection.php(643): CodeIgniter\Database\BaseConnection->simpleQuery('SELECT *\nFROM "...')
#4 D:\xampp1\htdocs\ag-accounting-pembiayaan\vendor\codeigniter4\framework\system\Database\BaseBuilder.php(1866): CodeIgniter\Database\BaseConnection->query('SELECT *\nFROM "...', Array, false)
#5 D:\xampp1\htdocs\ag-accounting-pembiayaan\app\Views\master\mapproveru_v.php(130): CodeIgniter\Database\BaseBuilder->get()
#6 D:\xampp1\htdocs\ag-accounting-pembiayaan\vendor\codeigniter4\framework\system\View\View.php(220): include('D:\\xampp1\\htdoc...')
#7 D:\xampp1\htdocs\ag-accounting-pembiayaan\vendor\codeigniter4\framework\system\View\View.php(222): CodeIgniter\View\View->CodeIgniter\View\{closure}()
#8 D:\xampp1\htdocs\ag-accounting-pembiayaan\vendor\codeigniter4\framework\system\Common.php(1217): CodeIgniter\View\View->render('master/mapprove...', Array, true)
#9 D:\xampp1\htdocs\ag-accounting-pembiayaan\app\Controllers\master\mapproveru.php(23): view('master/mapprove...', Array)
#10 D:\xampp1\htdocs\ag-accounting-pembiayaan\vendor\codeigniter4\framework\system\CodeIgniter.php(935): App\Controllers\master\mapproveru->index()
#11 D:\xampp1\htdocs\ag-accounting-pembiayaan\vendor\codeigniter4\framework\system\CodeIgniter.php(431): CodeIgniter\CodeIgniter->runController(Object(App\Controllers\master\mapproveru))
#12 D:\xampp1\htdocs\ag-accounting-pembiayaan\vendor\codeigniter4\framework\system\CodeIgniter.php(332): CodeIgniter\CodeIgniter->handleRequest(NULL, Object(Config\Cache), false)
#13 D:\xampp1\htdocs\ag-accounting-pembiayaan\public\index.php(44): CodeIgniter\CodeIgniter->run()
#14 {main}
ERROR - 2022-03-16 12:33:21 --> ErrorException: pg_query(): Query failed: ERROR:  relation &quot;cost_approver&quot; does not exist
LINE 2: FROM &quot;cost_approver&quot;
             ^ in D:\xampp1\htdocs\ag-accounting-pembiayaan\vendor\codeigniter4\framework\system\Database\Postgre\Connection.php:170
Stack trace:
#0 [internal function]: CodeIgniter\Debug\Exceptions->errorHandler(2, 'pg_query(): Que...', 'D:\\xampp1\\htdoc...', 170, Array)
#1 D:\xampp1\htdocs\ag-accounting-pembiayaan\vendor\codeigniter4\framework\system\Database\Postgre\Connection.php(170): pg_query(Resource id #159, 'SELECT *\nFROM "...')
#2 D:\xampp1\htdocs\ag-accounting-pembiayaan\vendor\codeigniter4\framework\system\Database\BaseConnection.php(715): CodeIgniter\Database\Postgre\Connection->execute('SELECT *\nFROM "...')
#3 D:\xampp1\htdocs\ag-accounting-pembiayaan\vendor\codeigniter4\framework\system\Database\BaseConnection.php(643): CodeIgniter\Database\BaseConnection->simpleQuery('SELECT *\nFROM "...')
#4 D:\xampp1\htdocs\ag-accounting-pembiayaan\vendor\codeigniter4\framework\system\Database\BaseBuilder.php(1866): CodeIgniter\Database\BaseConnection->query('SELECT *\nFROM "...', Array, false)
#5 D:\xampp1\htdocs\ag-accounting-pembiayaan\app\Views\master\mapproveru_v.php(130): CodeIgniter\Database\BaseBuilder->get()
#6 D:\xampp1\htdocs\ag-accounting-pembiayaan\vendor\codeigniter4\framework\system\View\View.php(220): include('D:\\xampp1\\htdoc...')
#7 D:\xampp1\htdocs\ag-accounting-pembiayaan\vendor\codeigniter4\framework\system\View\View.php(222): CodeIgniter\View\View->CodeIgniter\View\{closure}()
#8 D:\xampp1\htdocs\ag-accounting-pembiayaan\vendor\codeigniter4\framework\system\Common.php(1217): CodeIgniter\View\View->render('master/mapprove...', Array, true)
#9 D:\xampp1\htdocs\ag-accounting-pembiayaan\app\Controllers\master\mapproveru.php(23): view('master/mapprove...', Array)
#10 D:\xampp1\htdocs\ag-accounting-pembiayaan\vendor\codeigniter4\framework\system\CodeIgniter.php(935): App\Controllers\master\mapproveru->index()
#11 D:\xampp1\htdocs\ag-accounting-pembiayaan\vendor\codeigniter4\framework\system\CodeIgniter.php(431): CodeIgniter\CodeIgniter->runController(Object(App\Controllers\master\mapproveru))
#12 D:\xampp1\htdocs\ag-accounting-pembiayaan\vendor\codeigniter4\framework\system\CodeIgniter.php(332): CodeIgniter\CodeIgniter->handleRequest(NULL, Object(Config\Cache), false)
#13 D:\xampp1\htdocs\ag-accounting-pembiayaan\public\index.php(44): CodeIgniter\CodeIgniter->run()
#14 {main}
ERROR - 2022-03-16 12:33:55 --> ErrorException: pg_query(): Query failed: ERROR:  relation &quot;cost_approver&quot; does not exist
LINE 2: FROM &quot;cost_approver&quot;
             ^ in D:\xampp1\htdocs\ag-accounting-pembiayaan\vendor\codeigniter4\framework\system\Database\Postgre\Connection.php:170
Stack trace:
#0 [internal function]: CodeIgniter\Debug\Exceptions->errorHandler(2, 'pg_query(): Que...', 'D:\\xampp1\\htdoc...', 170, Array)
#1 D:\xampp1\htdocs\ag-accounting-pembiayaan\vendor\codeigniter4\framework\system\Database\Postgre\Connection.php(170): pg_query(Resource id #159, 'SELECT *\nFROM "...')
#2 D:\xampp1\htdocs\ag-accounting-pembiayaan\vendor\codeigniter4\framework\system\Database\BaseConnection.php(715): CodeIgniter\Database\Postgre\Connection->execute('SELECT *\nFROM "...')
#3 D:\xampp1\htdocs\ag-accounting-pembiayaan\vendor\codeigniter4\framework\system\Database\BaseConnection.php(643): CodeIgniter\Database\BaseConnection->simpleQuery('SELECT *\nFROM "...')
#4 D:\xampp1\htdocs\ag-accounting-pembiayaan\vendor\codeigniter4\framework\system\Database\BaseBuilder.php(1866): CodeIgniter\Database\BaseConnection->query('SELECT *\nFROM "...', Array, false)
#5 D:\xampp1\htdocs\ag-accounting-pembiayaan\app\Views\master\mapproveru_v.php(130): CodeIgniter\Database\BaseBuilder->get()
#6 D:\xampp1\htdocs\ag-accounting-pembiayaan\vendor\codeigniter4\framework\system\View\View.php(220): include('D:\\xampp1\\htdoc...')
#7 D:\xampp1\htdocs\ag-accounting-pembiayaan\vendor\codeigniter4\framework\system\View\View.php(222): CodeIgniter\View\View->CodeIgniter\View\{closure}()
#8 D:\xampp1\htdocs\ag-accounting-pembiayaan\vendor\codeigniter4\framework\system\Common.php(1217): CodeIgniter\View\View->render('master/mapprove...', Array, true)
#9 D:\xampp1\htdocs\ag-accounting-pembiayaan\app\Controllers\master\mapproveru.php(23): view('master/mapprove...', Array)
#10 D:\xampp1\htdocs\ag-accounting-pembiayaan\vendor\codeigniter4\framework\system\CodeIgniter.php(935): App\Controllers\master\mapproveru->index()
#11 D:\xampp1\htdocs\ag-accounting-pembiayaan\vendor\codeigniter4\framework\system\CodeIgniter.php(431): CodeIgniter\CodeIgniter->runController(Object(App\Controllers\master\mapproveru))
#12 D:\xampp1\htdocs\ag-accounting-pembiayaan\vendor\codeigniter4\framework\system\CodeIgniter.php(332): CodeIgniter\CodeIgniter->handleRequest(NULL, Object(Config\Cache), false)
#13 D:\xampp1\htdocs\ag-accounting-pembiayaan\public\index.php(44): CodeIgniter\CodeIgniter->run()
#14 {main}
ERROR - 2022-03-16 12:35:12 --> ErrorException: pg_query(): Query failed: ERROR:  relation &quot;cost_approver&quot; does not exist
LINE 2: FROM &quot;cost_approver&quot;
             ^ in D:\xampp1\htdocs\ag-accounting-pembiayaan\vendor\codeigniter4\framework\system\Database\Postgre\Connection.php:170
Stack trace:
#0 [internal function]: CodeIgniter\Debug\Exceptions->errorHandler(2, 'pg_query(): Que...', 'D:\\xampp1\\htdoc...', 170, Array)
#1 D:\xampp1\htdocs\ag-accounting-pembiayaan\vendor\codeigniter4\framework\system\Database\Postgre\Connection.php(170): pg_query(Resource id #159, 'SELECT *\nFROM "...')
#2 D:\xampp1\htdocs\ag-accounting-pembiayaan\vendor\codeigniter4\framework\system\Database\BaseConnection.php(715): CodeIgniter\Database\Postgre\Connection->execute('SELECT *\nFROM "...')
#3 D:\xampp1\htdocs\ag-accounting-pembiayaan\vendor\codeigniter4\framework\system\Database\BaseConnection.php(643): CodeIgniter\Database\BaseConnection->simpleQuery('SELECT *\nFROM "...')
#4 D:\xampp1\htdocs\ag-accounting-pembiayaan\vendor\codeigniter4\framework\system\Database\BaseBuilder.php(1866): CodeIgniter\Database\BaseConnection->query('SELECT *\nFROM "...', Array, false)
#5 D:\xampp1\htdocs\ag-accounting-pembiayaan\app\Views\master\mapproveru_v.php(130): CodeIgniter\Database\BaseBuilder->get()
#6 D:\xampp1\htdocs\ag-accounting-pembiayaan\vendor\codeigniter4\framework\system\View\View.php(220): include('D:\\xampp1\\htdoc...')
#7 D:\xampp1\htdocs\ag-accounting-pembiayaan\vendor\codeigniter4\framework\system\View\View.php(222): CodeIgniter\View\View->CodeIgniter\View\{closure}()
#8 D:\xampp1\htdocs\ag-accounting-pembiayaan\vendor\codeigniter4\framework\system\Common.php(1217): CodeIgniter\View\View->render('master/mapprove...', Array, true)
#9 D:\xampp1\htdocs\ag-accounting-pembiayaan\app\Controllers\master\mapproveru.php(23): view('master/mapprove...', Array)
#10 D:\xampp1\htdocs\ag-accounting-pembiayaan\vendor\codeigniter4\framework\system\CodeIgniter.php(935): App\Controllers\master\mapproveru->index()
#11 D:\xampp1\htdocs\ag-accounting-pembiayaan\vendor\codeigniter4\framework\system\CodeIgniter.php(431): CodeIgniter\CodeIgniter->runController(Object(App\Controllers\master\mapproveru))
#12 D:\xampp1\htdocs\ag-accounting-pembiayaan\vendor\codeigniter4\framework\system\CodeIgniter.php(332): CodeIgniter\CodeIgniter->handleRequest(NULL, Object(Config\Cache), false)
#13 D:\xampp1\htdocs\ag-accounting-pembiayaan\public\index.php(44): CodeIgniter\CodeIgniter->run()
#14 {main}
CRITICAL - 2022-03-16 12:35:12 --> pg_num_rows() expects parameter 1 to be resource, boolean given
#0 [internal function]: CodeIgniter\Debug\Exceptions->errorHandler(2, 'pg_num_rows() e...', 'D:\\xampp1\\htdoc...', 153, Array)
#1 D:\xampp1\htdocs\ag-accounting-pembiayaan\vendor\codeigniter4\framework\system\Database\Postgre\Result.php(153): pg_num_rows(false)
#2 D:\xampp1\htdocs\ag-accounting-pembiayaan\app\Views\master\mapproveru_v.php(132): CodeIgniter\Database\Postgre\Result->getNumRows()
#3 D:\xampp1\htdocs\ag-accounting-pembiayaan\vendor\codeigniter4\framework\system\View\View.php(220): include('D:\\xampp1\\htdoc...')
#4 D:\xampp1\htdocs\ag-accounting-pembiayaan\vendor\codeigniter4\framework\system\View\View.php(222): CodeIgniter\View\View->CodeIgniter\View\{closure}()
#5 D:\xampp1\htdocs\ag-accounting-pembiayaan\vendor\codeigniter4\framework\system\Common.php(1217): CodeIgniter\View\View->render('master/mapprove...', Array, true)
#6 D:\xampp1\htdocs\ag-accounting-pembiayaan\app\Controllers\master\mapproveru.php(23): view('master/mapprove...', Array)
#7 D:\xampp1\htdocs\ag-accounting-pembiayaan\vendor\codeigniter4\framework\system\CodeIgniter.php(935): App\Controllers\master\mapproveru->index()
#8 D:\xampp1\htdocs\ag-accounting-pembiayaan\vendor\codeigniter4\framework\system\CodeIgniter.php(431): CodeIgniter\CodeIgniter->runController(Object(App\Controllers\master\mapproveru))
#9 D:\xampp1\htdocs\ag-accounting-pembiayaan\vendor\codeigniter4\framework\system\CodeIgniter.php(332): CodeIgniter\CodeIgniter->handleRequest(NULL, Object(Config\Cache), false)
#10 D:\xampp1\htdocs\ag-accounting-pembiayaan\public\index.php(44): CodeIgniter\CodeIgniter->run()
#11 {main}
CRITICAL - 2022-03-16 12:40:05 --> Undefined variable: user_id
#0 D:\xampp1\htdocs\ag-accounting-pembiayaan\app\Views\master\mapproveru_v.php(82): CodeIgniter\Debug\Exceptions->errorHandler(8, 'Undefined varia...', 'D:\\xampp1\\htdoc...', 82, Array)
#1 D:\xampp1\htdocs\ag-accounting-pembiayaan\vendor\codeigniter4\framework\system\View\View.php(220): include('D:\\xampp1\\htdoc...')
#2 D:\xampp1\htdocs\ag-accounting-pembiayaan\vendor\codeigniter4\framework\system\View\View.php(222): CodeIgniter\View\View->CodeIgniter\View\{closure}()
#3 D:\xampp1\htdocs\ag-accounting-pembiayaan\vendor\codeigniter4\framework\system\Common.php(1217): CodeIgniter\View\View->render('master/mapprove...', Array, true)
#4 D:\xampp1\htdocs\ag-accounting-pembiayaan\app\Controllers\master\mapproveru.php(23): view('master/mapprove...', Array)
#5 D:\xampp1\htdocs\ag-accounting-pembiayaan\vendor\codeigniter4\framework\system\CodeIgniter.php(935): App\Controllers\master\mapproveru->index()
#6 D:\xampp1\htdocs\ag-accounting-pembiayaan\vendor\codeigniter4\framework\system\CodeIgniter.php(431): CodeIgniter\CodeIgniter->runController(Object(App\Controllers\master\mapproveru))
#7 D:\xampp1\htdocs\ag-accounting-pembiayaan\vendor\codeigniter4\framework\system\CodeIgniter.php(332): CodeIgniter\CodeIgniter->handleRequest(NULL, Object(Config\Cache), false)
#8 D:\xampp1\htdocs\ag-accounting-pembiayaan\public\index.php(44): CodeIgniter\CodeIgniter->run()
#9 {main}
CRITICAL - 2022-03-16 12:41:01 --> Undefined property: stdClass::$username
#0 D:\xampp1\htdocs\ag-accounting-pembiayaan\app\Models\master\mapproveru_m.php(34): CodeIgniter\Debug\Exceptions->errorHandler(8, 'Undefined prope...', 'D:\\xampp1\\htdoc...', 34, Array)
#1 D:\xampp1\htdocs\ag-accounting-pembiayaan\app\Controllers\master\mapproveru.php(22): App\Models\master\mapproveru_m->data()
#2 D:\xampp1\htdocs\ag-accounting-pembiayaan\vendor\codeigniter4\framework\system\CodeIgniter.php(935): App\Controllers\master\mapproveru->index()
#3 D:\xampp1\htdocs\ag-accounting-pembiayaan\vendor\codeigniter4\framework\system\CodeIgniter.php(431): CodeIgniter\CodeIgniter->runController(Object(App\Controllers\master\mapproveru))
#4 D:\xampp1\htdocs\ag-accounting-pembiayaan\vendor\codeigniter4\framework\system\CodeIgniter.php(332): CodeIgniter\CodeIgniter->handleRequest(NULL, Object(Config\Cache), false)
#5 D:\xampp1\htdocs\ag-accounting-pembiayaan\public\index.php(44): CodeIgniter\CodeIgniter->run()
#6 {main}
CRITICAL - 2022-03-16 12:41:53 --> Call to undefined method CodeIgniter\Database\Postgre\Connection::join()
#0 D:\xampp1\htdocs\ag-accounting-pembiayaan\app\Controllers\master\mapproveru.php(22): App\Models\master\mapproveru_m->data()
#1 D:\xampp1\htdocs\ag-accounting-pembiayaan\vendor\codeigniter4\framework\system\CodeIgniter.php(935): App\Controllers\master\mapproveru->index()
#2 D:\xampp1\htdocs\ag-accounting-pembiayaan\vendor\codeigniter4\framework\system\CodeIgniter.php(431): CodeIgniter\CodeIgniter->runController(Object(App\Controllers\master\mapproveru))
#3 D:\xampp1\htdocs\ag-accounting-pembiayaan\vendor\codeigniter4\framework\system\CodeIgniter.php(332): CodeIgniter\CodeIgniter->handleRequest(NULL, Object(Config\Cache), false)
#4 D:\xampp1\htdocs\ag-accounting-pembiayaan\public\index.php(44): CodeIgniter\CodeIgniter->run()
#5 {main}
CRITICAL - 2022-03-16 12:42:29 --> Call to undefined method CodeIgniter\Database\Postgre\Connection::join()
#0 D:\xampp1\htdocs\ag-accounting-pembiayaan\app\Controllers\master\mapproveru.php(22): App\Models\master\mapproveru_m->data()
#1 D:\xampp1\htdocs\ag-accounting-pembiayaan\vendor\codeigniter4\framework\system\CodeIgniter.php(935): App\Controllers\master\mapproveru->index()
#2 D:\xampp1\htdocs\ag-accounting-pembiayaan\vendor\codeigniter4\framework\system\CodeIgniter.php(431): CodeIgniter\CodeIgniter->runController(Object(App\Controllers\master\mapproveru))
#3 D:\xampp1\htdocs\ag-accounting-pembiayaan\vendor\codeigniter4\framework\system\CodeIgniter.php(332): CodeIgniter\CodeIgniter->handleRequest(NULL, Object(Config\Cache), false)
#4 D:\xampp1\htdocs\ag-accounting-pembiayaan\public\index.php(44): CodeIgniter\CodeIgniter->run()
#5 {main}
CRITICAL - 2022-03-16 12:43:17 --> Undefined property: stdClass::$user_id_dep
#0 D:\xampp1\htdocs\ag-accounting-pembiayaan\app\Models\master\mapproveru_m.php(35): CodeIgniter\Debug\Exceptions->errorHandler(8, 'Undefined prope...', 'D:\\xampp1\\htdoc...', 35, Array)
#1 D:\xampp1\htdocs\ag-accounting-pembiayaan\app\Controllers\master\mapproveru.php(22): App\Models\master\mapproveru_m->data()
#2 D:\xampp1\htdocs\ag-accounting-pembiayaan\vendor\codeigniter4\framework\system\CodeIgniter.php(935): App\Controllers\master\mapproveru->index()
#3 D:\xampp1\htdocs\ag-accounting-pembiayaan\vendor\codeigniter4\framework\system\CodeIgniter.php(431): CodeIgniter\CodeIgniter->runController(Object(App\Controllers\master\mapproveru))
#4 D:\xampp1\htdocs\ag-accounting-pembiayaan\vendor\codeigniter4\framework\system\CodeIgniter.php(332): CodeIgniter\CodeIgniter->handleRequest(NULL, Object(Config\Cache), false)
#5 D:\xampp1\htdocs\ag-accounting-pembiayaan\public\index.php(44): CodeIgniter\CodeIgniter->run()
#6 {main}
CRITICAL - 2022-03-16 12:44:23 --> Undefined variable: user_id
#0 D:\xampp1\htdocs\ag-accounting-pembiayaan\app\Views\master\mapproveru_v.php(82): CodeIgniter\Debug\Exceptions->errorHandler(8, 'Undefined varia...', 'D:\\xampp1\\htdoc...', 82, Array)
#1 D:\xampp1\htdocs\ag-accounting-pembiayaan\vendor\codeigniter4\framework\system\View\View.php(220): include('D:\\xampp1\\htdoc...')
#2 D:\xampp1\htdocs\ag-accounting-pembiayaan\vendor\codeigniter4\framework\system\View\View.php(222): CodeIgniter\View\View->CodeIgniter\View\{closure}()
#3 D:\xampp1\htdocs\ag-accounting-pembiayaan\vendor\codeigniter4\framework\system\Common.php(1217): CodeIgniter\View\View->render('master/mapprove...', Array, true)
#4 D:\xampp1\htdocs\ag-accounting-pembiayaan\app\Controllers\master\mapproveru.php(23): view('master/mapprove...', Array)
#5 D:\xampp1\htdocs\ag-accounting-pembiayaan\vendor\codeigniter4\framework\system\CodeIgniter.php(935): App\Controllers\master\mapproveru->index()
#6 D:\xampp1\htdocs\ag-accounting-pembiayaan\vendor\codeigniter4\framework\system\CodeIgniter.php(431): CodeIgniter\CodeIgniter->runController(Object(App\Controllers\master\mapproveru))
#7 D:\xampp1\htdocs\ag-accounting-pembiayaan\vendor\codeigniter4\framework\system\CodeIgniter.php(332): CodeIgniter\CodeIgniter->handleRequest(NULL, Object(Config\Cache), false)
#8 D:\xampp1\htdocs\ag-accounting-pembiayaan\public\index.php(44): CodeIgniter\CodeIgniter->run()
#9 {main}
CRITICAL - 2022-03-16 12:44:53 --> Undefined variable: user_id
#0 D:\xampp1\htdocs\ag-accounting-pembiayaan\app\Views\master\mapproveru_v.php(82): CodeIgniter\Debug\Exceptions->errorHandler(8, 'Undefined varia...', 'D:\\xampp1\\htdoc...', 82, Array)
#1 D:\xampp1\htdocs\ag-accounting-pembiayaan\vendor\codeigniter4\framework\system\View\View.php(220): include('D:\\xampp1\\htdoc...')
#2 D:\xampp1\htdocs\ag-accounting-pembiayaan\vendor\codeigniter4\framework\system\View\View.php(222): CodeIgniter\View\View->CodeIgniter\View\{closure}()
#3 D:\xampp1\htdocs\ag-accounting-pembiayaan\vendor\codeigniter4\framework\system\Common.php(1217): CodeIgniter\View\View->render('master/mapprove...', Array, true)
#4 D:\xampp1\htdocs\ag-accounting-pembiayaan\app\Controllers\master\mapproveru.php(23): view('master/mapprove...', Array)
#5 D:\xampp1\htdocs\ag-accounting-pembiayaan\vendor\codeigniter4\framework\system\CodeIgniter.php(935): App\Controllers\master\mapproveru->index()
#6 D:\xampp1\htdocs\ag-accounting-pembiayaan\vendor\codeigniter4\framework\system\CodeIgniter.php(431): CodeIgniter\CodeIgniter->runController(Object(App\Controllers\master\mapproveru))
#7 D:\xampp1\htdocs\ag-accounting-pembiayaan\vendor\codeigniter4\framework\system\CodeIgniter.php(332): CodeIgniter\CodeIgniter->handleRequest(NULL, Object(Config\Cache), false)
#8 D:\xampp1\htdocs\ag-accounting-pembiayaan\public\index.php(44): CodeIgniter\CodeIgniter->run()
#9 {main}
CRITICAL - 2022-03-16 12:45:15 --> Undefined variable: user_id
#0 D:\xampp1\htdocs\ag-accounting-pembiayaan\app\Views\master\mapproveru_v.php(82): CodeIgniter\Debug\Exceptions->errorHandler(8, 'Undefined varia...', 'D:\\xampp1\\htdoc...', 82, Array)
#1 D:\xampp1\htdocs\ag-accounting-pembiayaan\vendor\codeigniter4\framework\system\View\View.php(220): include('D:\\xampp1\\htdoc...')
#2 D:\xampp1\htdocs\ag-accounting-pembiayaan\vendor\codeigniter4\framework\system\View\View.php(222): CodeIgniter\View\View->CodeIgniter\View\{closure}()
#3 D:\xampp1\htdocs\ag-accounting-pembiayaan\vendor\codeigniter4\framework\system\Common.php(1217): CodeIgniter\View\View->render('master/mapprove...', Array, true)
#4 D:\xampp1\htdocs\ag-accounting-pembiayaan\app\Controllers\master\mapproveru.php(23): view('master/mapprove...', Array)
#5 D:\xampp1\htdocs\ag-accounting-pembiayaan\vendor\codeigniter4\framework\system\CodeIgniter.php(935): App\Controllers\master\mapproveru->index()
#6 D:\xampp1\htdocs\ag-accounting-pembiayaan\vendor\codeigniter4\framework\system\CodeIgniter.php(431): CodeIgniter\CodeIgniter->runController(Object(App\Controllers\master\mapproveru))
#7 D:\xampp1\htdocs\ag-accounting-pembiayaan\vendor\codeigniter4\framework\system\CodeIgniter.php(332): CodeIgniter\CodeIgniter->handleRequest(NULL, Object(Config\Cache), false)
#8 D:\xampp1\htdocs\ag-accounting-pembiayaan\public\index.php(44): CodeIgniter\CodeIgniter->run()
#9 {main}
ERROR - 2022-03-16 12:47:26 --> ErrorException: pg_query(): Query failed: ERROR:  duplicate key value violates unique constraint &quot;cost_approver_branch_id_sort_key&quot;
DETAIL:  Key (branch_id, sort)=(101, 2) already exists. in D:\xampp1\htdocs\ag-accounting-pembiayaan\vendor\codeigniter4\framework\system\Database\Postgre\Connection.php:170
Stack trace:
#0 [internal function]: CodeIgniter\Debug\Exceptions->errorHandler(2, 'pg_query(): Que...', 'D:\\xampp1\\htdoc...', 170, Array)
#1 D:\xampp1\htdocs\ag-accounting-pembiayaan\vendor\codeigniter4\framework\system\Database\Postgre\Connection.php(170): pg_query(Resource id #146, 'INSERT INTO "co...')
#2 D:\xampp1\htdocs\ag-accounting-pembiayaan\vendor\codeigniter4\framework\system\Database\BaseConnection.php(715): CodeIgniter\Database\Postgre\Connection->execute('INSERT INTO "co...')
#3 D:\xampp1\htdocs\ag-accounting-pembiayaan\vendor\codeigniter4\framework\system\Database\BaseConnection.php(643): CodeIgniter\Database\BaseConnection->simpleQuery('INSERT INTO "co...')
#4 D:\xampp1\htdocs\ag-accounting-pembiayaan\vendor\codeigniter4\framework\system\Database\BaseBuilder.php(2265): CodeIgniter\Database\BaseConnection->query('INSERT INTO "co...', Array, false)
#5 D:\xampp1\htdocs\ag-accounting-pembiayaan\app\Models\master\mapproveru_m.php(60): CodeIgniter\Database\BaseBuilder->insert(Array)
#6 D:\xampp1\htdocs\ag-accounting-pembiayaan\app\Controllers\master\mapproveru.php(22): App\Models\master\mapproveru_m->data()
#7 D:\xampp1\htdocs\ag-accounting-pembiayaan\vendor\codeigniter4\framework\system\CodeIgniter.php(935): App\Controllers\master\mapproveru->index()
#8 D:\xampp1\htdocs\ag-accounting-pembiayaan\vendor\codeigniter4\framework\system\CodeIgniter.php(431): CodeIgniter\CodeIgniter->runController(Object(App\Controllers\master\mapproveru))
#9 D:\xampp1\htdocs\ag-accounting-pembiayaan\vendor\codeigniter4\framework\system\CodeIgniter.php(332): CodeIgniter\CodeIgniter->handleRequest(NULL, Object(Config\Cache), false)
#10 D:\xampp1\htdocs\ag-accounting-pembiayaan\public\index.php(44): CodeIgniter\CodeIgniter->run()
#11 {main}
ERROR - 2022-03-16 12:48:33 --> ErrorException: pg_query(): Query failed: ERROR:  duplicate key value violates unique constraint &quot;cost_approver_branch_id_sort_key&quot;
DETAIL:  Key (branch_id, sort)=(101, 2) already exists. in D:\xampp1\htdocs\ag-accounting-pembiayaan\vendor\codeigniter4\framework\system\Database\Postgre\Connection.php:170
Stack trace:
#0 [internal function]: CodeIgniter\Debug\Exceptions->errorHandler(2, 'pg_query(): Que...', 'D:\\xampp1\\htdoc...', 170, Array)
#1 D:\xampp1\htdocs\ag-accounting-pembiayaan\vendor\codeigniter4\framework\system\Database\Postgre\Connection.php(170): pg_query(Resource id #146, 'INSERT INTO "co...')
#2 D:\xampp1\htdocs\ag-accounting-pembiayaan\vendor\codeigniter4\framework\system\Database\BaseConnection.php(715): CodeIgniter\Database\Postgre\Connection->execute('INSERT INTO "co...')
#3 D:\xampp1\htdocs\ag-accounting-pembiayaan\vendor\codeigniter4\framework\system\Database\BaseConnection.php(643): CodeIgniter\Database\BaseConnection->simpleQuery('INSERT INTO "co...')
#4 D:\xampp1\htdocs\ag-accounting-pembiayaan\vendor\codeigniter4\framework\system\Database\BaseBuilder.php(2265): CodeIgniter\Database\BaseConnection->query('INSERT INTO "co...', Array, false)
#5 D:\xampp1\htdocs\ag-accounting-pembiayaan\app\Models\master\mapproveru_m.php(60): CodeIgniter\Database\BaseBuilder->insert(Array)
#6 D:\xampp1\htdocs\ag-accounting-pembiayaan\app\Controllers\master\mapproveru.php(22): App\Models\master\mapproveru_m->data()
#7 D:\xampp1\htdocs\ag-accounting-pembiayaan\vendor\codeigniter4\framework\system\CodeIgniter.php(935): App\Controllers\master\mapproveru->index()
#8 D:\xampp1\htdocs\ag-accounting-pembiayaan\vendor\codeigniter4\framework\system\CodeIgniter.php(431): CodeIgniter\CodeIgniter->runController(Object(App\Controllers\master\mapproveru))
#9 D:\xampp1\htdocs\ag-accounting-pembiayaan\vendor\codeigniter4\framework\system\CodeIgniter.php(332): CodeIgniter\CodeIgniter->handleRequest(NULL, Object(Config\Cache), false)
#10 D:\xampp1\htdocs\ag-accounting-pembiayaan\public\index.php(44): CodeIgniter\CodeIgniter->run()
#11 {main}
ERROR - 2022-03-16 12:48:58 --> ErrorException: pg_query(): Query failed: ERROR:  duplicate key value violates unique constraint &quot;cost_approver_branch_id_sort_key&quot;
DETAIL:  Key (branch_id, sort)=(101, 2) already exists. in D:\xampp1\htdocs\ag-accounting-pembiayaan\vendor\codeigniter4\framework\system\Database\Postgre\Connection.php:170
Stack trace:
#0 [internal function]: CodeIgniter\Debug\Exceptions->errorHandler(2, 'pg_query(): Que...', 'D:\\xampp1\\htdoc...', 170, Array)
#1 D:\xampp1\htdocs\ag-accounting-pembiayaan\vendor\codeigniter4\framework\system\Database\Postgre\Connection.php(170): pg_query(Resource id #146, 'INSERT INTO "co...')
#2 D:\xampp1\htdocs\ag-accounting-pembiayaan\vendor\codeigniter4\framework\system\Database\BaseConnection.php(715): CodeIgniter\Database\Postgre\Connection->execute('INSERT INTO "co...')
#3 D:\xampp1\htdocs\ag-accounting-pembiayaan\vendor\codeigniter4\framework\system\Database\BaseConnection.php(643): CodeIgniter\Database\BaseConnection->simpleQuery('INSERT INTO "co...')
#4 D:\xampp1\htdocs\ag-accounting-pembiayaan\vendor\codeigniter4\framework\system\Database\BaseBuilder.php(2265): CodeIgniter\Database\BaseConnection->query('INSERT INTO "co...', Array, false)
#5 D:\xampp1\htdocs\ag-accounting-pembiayaan\app\Models\master\mapproveru_m.php(60): CodeIgniter\Database\BaseBuilder->insert(Array)
#6 D:\xampp1\htdocs\ag-accounting-pembiayaan\app\Controllers\master\mapproveru.php(22): App\Models\master\mapproveru_m->data()
#7 D:\xampp1\htdocs\ag-accounting-pembiayaan\vendor\codeigniter4\framework\system\CodeIgniter.php(935): App\Controllers\master\mapproveru->index()
#8 D:\xampp1\htdocs\ag-accounting-pembiayaan\vendor\codeigniter4\framework\system\CodeIgniter.php(431): CodeIgniter\CodeIgniter->runController(Object(App\Controllers\master\mapproveru))
#9 D:\xampp1\htdocs\ag-accounting-pembiayaan\vendor\codeigniter4\framework\system\CodeIgniter.php(332): CodeIgniter\CodeIgniter->handleRequest(NULL, Object(Config\Cache), false)
#10 D:\xampp1\htdocs\ag-accounting-pembiayaan\public\index.php(44): CodeIgniter\CodeIgniter->run()
#11 {main}
ERROR - 2022-03-16 12:49:11 --> ErrorException: pg_query(): Query failed: ERROR:  duplicate key value violates unique constraint &quot;cost_approver_branch_id_sort_key&quot;
DETAIL:  Key (branch_id, sort)=(101, 2) already exists. in D:\xampp1\htdocs\ag-accounting-pembiayaan\vendor\codeigniter4\framework\system\Database\Postgre\Connection.php:170
Stack trace:
#0 [internal function]: CodeIgniter\Debug\Exceptions->errorHandler(2, 'pg_query(): Que...', 'D:\\xampp1\\htdoc...', 170, Array)
#1 D:\xampp1\htdocs\ag-accounting-pembiayaan\vendor\codeigniter4\framework\system\Database\Postgre\Connection.php(170): pg_query(Resource id #146, 'INSERT INTO "co...')
#2 D:\xampp1\htdocs\ag-accounting-pembiayaan\vendor\codeigniter4\framework\system\Database\BaseConnection.php(715): CodeIgniter\Database\Postgre\Connection->execute('INSERT INTO "co...')
#3 D:\xampp1\htdocs\ag-accounting-pembiayaan\vendor\codeigniter4\framework\system\Database\BaseConnection.php(643): CodeIgniter\Database\BaseConnection->simpleQuery('INSERT INTO "co...')
#4 D:\xampp1\htdocs\ag-accounting-pembiayaan\vendor\codeigniter4\framework\system\Database\BaseBuilder.php(2265): CodeIgniter\Database\BaseConnection->query('INSERT INTO "co...', Array, false)
#5 D:\xampp1\htdocs\ag-accounting-pembiayaan\app\Models\master\mapproveru_m.php(60): CodeIgniter\Database\BaseBuilder->insert(Array)
#6 D:\xampp1\htdocs\ag-accounting-pembiayaan\app\Controllers\master\mapproveru.php(22): App\Models\master\mapproveru_m->data()
#7 D:\xampp1\htdocs\ag-accounting-pembiayaan\vendor\codeigniter4\framework\system\CodeIgniter.php(935): App\Controllers\master\mapproveru->index()
#8 D:\xampp1\htdocs\ag-accounting-pembiayaan\vendor\codeigniter4\framework\system\CodeIgniter.php(431): CodeIgniter\CodeIgniter->runController(Object(App\Controllers\master\mapproveru))
#9 D:\xampp1\htdocs\ag-accounting-pembiayaan\vendor\codeigniter4\framework\system\CodeIgniter.php(332): CodeIgniter\CodeIgniter->handleRequest(NULL, Object(Config\Cache), false)
#10 D:\xampp1\htdocs\ag-accounting-pembiayaan\public\index.php(44): CodeIgniter\CodeIgniter->run()
#11 {main}
ERROR - 2022-03-16 12:49:34 --> ErrorException: pg_query(): Query failed: ERROR:  duplicate key value violates unique constraint &quot;cost_approver_branch_id_sort_key&quot;
DETAIL:  Key (branch_id, sort)=(101, 2) already exists. in D:\xampp1\htdocs\ag-accounting-pembiayaan\vendor\codeigniter4\framework\system\Database\Postgre\Connection.php:170
Stack trace:
#0 [internal function]: CodeIgniter\Debug\Exceptions->errorHandler(2, 'pg_query(): Que...', 'D:\\xampp1\\htdoc...', 170, Array)
#1 D:\xampp1\htdocs\ag-accounting-pembiayaan\vendor\codeigniter4\framework\system\Database\Postgre\Connection.php(170): pg_query(Resource id #146, 'INSERT INTO "co...')
#2 D:\xampp1\htdocs\ag-accounting-pembiayaan\vendor\codeigniter4\framework\system\Database\BaseConnection.php(715): CodeIgniter\Database\Postgre\Connection->execute('INSERT INTO "co...')
#3 D:\xampp1\htdocs\ag-accounting-pembiayaan\vendor\codeigniter4\framework\system\Database\BaseConnection.php(643): CodeIgniter\Database\BaseConnection->simpleQuery('INSERT INTO "co...')
#4 D:\xampp1\htdocs\ag-accounting-pembiayaan\vendor\codeigniter4\framework\system\Database\BaseBuilder.php(2265): CodeIgniter\Database\BaseConnection->query('INSERT INTO "co...', Array, false)
#5 D:\xampp1\htdocs\ag-accounting-pembiayaan\app\Models\master\mapproveru_m.php(60): CodeIgniter\Database\BaseBuilder->insert(Array)
#6 D:\xampp1\htdocs\ag-accounting-pembiayaan\app\Controllers\master\mapproveru.php(22): App\Models\master\mapproveru_m->data()
#7 D:\xampp1\htdocs\ag-accounting-pembiayaan\vendor\codeigniter4\framework\system\CodeIgniter.php(935): App\Controllers\master\mapproveru->index()
#8 D:\xampp1\htdocs\ag-accounting-pembiayaan\vendor\codeigniter4\framework\system\CodeIgniter.php(431): CodeIgniter\CodeIgniter->runController(Object(App\Controllers\master\mapproveru))
#9 D:\xampp1\htdocs\ag-accounting-pembiayaan\vendor\codeigniter4\framework\system\CodeIgniter.php(332): CodeIgniter\CodeIgniter->handleRequest(NULL, Object(Config\Cache), false)
#10 D:\xampp1\htdocs\ag-accounting-pembiayaan\public\index.php(44): CodeIgniter\CodeIgniter->run()
#11 {main}
ERROR - 2022-03-16 12:50:49 --> ErrorException: pg_query(): Query failed: ERROR:  duplicate key value violates unique constraint &quot;cost_approver_branch_id_sort_key&quot;
DETAIL:  Key (branch_id, sort)=(101, 2) already exists. in D:\xampp1\htdocs\ag-accounting-pembiayaan\vendor\codeigniter4\framework\system\Database\Postgre\Connection.php:170
Stack trace:
#0 [internal function]: CodeIgniter\Debug\Exceptions->errorHandler(2, 'pg_query(): Que...', 'D:\\xampp1\\htdoc...', 170, Array)
#1 D:\xampp1\htdocs\ag-accounting-pembiayaan\vendor\codeigniter4\framework\system\Database\Postgre\Connection.php(170): pg_query(Resource id #146, 'INSERT INTO "co...')
#2 D:\xampp1\htdocs\ag-accounting-pembiayaan\vendor\codeigniter4\framework\system\Database\BaseConnection.php(715): CodeIgniter\Database\Postgre\Connection->execute('INSERT INTO "co...')
#3 D:\xampp1\htdocs\ag-accounting-pembiayaan\vendor\codeigniter4\framework\system\Database\BaseConnection.php(643): CodeIgniter\Database\BaseConnection->simpleQuery('INSERT INTO "co...')
#4 D:\xampp1\htdocs\ag-accounting-pembiayaan\vendor\codeigniter4\framework\system\Database\BaseBuilder.php(2265): CodeIgniter\Database\BaseConnection->query('INSERT INTO "co...', Array, false)
#5 D:\xampp1\htdocs\ag-accounting-pembiayaan\app\Models\master\mapproveru_m.php(60): CodeIgniter\Database\BaseBuilder->insert(Array)
#6 D:\xampp1\htdocs\ag-accounting-pembiayaan\app\Controllers\master\mapproveru.php(22): App\Models\master\mapproveru_m->data()
#7 D:\xampp1\htdocs\ag-accounting-pembiayaan\vendor\codeigniter4\framework\system\CodeIgniter.php(935): App\Controllers\master\mapproveru->index()
#8 D:\xampp1\htdocs\ag-accounting-pembiayaan\vendor\codeigniter4\framework\system\CodeIgniter.php(431): CodeIgniter\CodeIgniter->runController(Object(App\Controllers\master\mapproveru))
#9 D:\xampp1\htdocs\ag-accounting-pembiayaan\vendor\codeigniter4\framework\system\CodeIgniter.php(332): CodeIgniter\CodeIgniter->handleRequest(NULL, Object(Config\Cache), false)
#10 D:\xampp1\htdocs\ag-accounting-pembiayaan\public\index.php(44): CodeIgniter\CodeIgniter->run()
#11 {main}
ERROR - 2022-03-16 12:53:52 --> ErrorException: pg_query(): Query failed: ERROR:  duplicate key value violates unique constraint &quot;cost_approver_branch_id_sort_key&quot;
DETAIL:  Key (branch_id, sort)=(101, 2) already exists. in D:\xampp1\htdocs\ag-accounting-pembiayaan\vendor\codeigniter4\framework\system\Database\Postgre\Connection.php:170
Stack trace:
#0 [internal function]: CodeIgniter\Debug\Exceptions->errorHandler(2, 'pg_query(): Que...', 'D:\\xampp1\\htdoc...', 170, Array)
#1 D:\xampp1\htdocs\ag-accounting-pembiayaan\vendor\codeigniter4\framework\system\Database\Postgre\Connection.php(170): pg_query(Resource id #147, 'INSERT INTO "co...')
#2 D:\xampp1\htdocs\ag-accounting-pembiayaan\vendor\codeigniter4\framework\system\Database\BaseConnection.php(715): CodeIgniter\Database\Postgre\Connection->execute('INSERT INTO "co...')
#3 D:\xampp1\htdocs\ag-accounting-pembiayaan\vendor\codeigniter4\framework\system\Database\BaseConnection.php(643): CodeIgniter\Database\BaseConnection->simpleQuery('INSERT INTO "co...')
#4 D:\xampp1\htdocs\ag-accounting-pembiayaan\vendor\codeigniter4\framework\system\Database\BaseBuilder.php(2265): CodeIgniter\Database\BaseConnection->query('INSERT INTO "co...', Array, false)
#5 D:\xampp1\htdocs\ag-accounting-pembiayaan\app\Models\master\mapproveru_m.php(60): CodeIgniter\Database\BaseBuilder->insert(Array)
#6 D:\xampp1\htdocs\ag-accounting-pembiayaan\app\Controllers\master\mapproveru.php(22): App\Models\master\mapproveru_m->data()
#7 D:\xampp1\htdocs\ag-accounting-pembiayaan\vendor\codeigniter4\framework\system\CodeIgniter.php(935): App\Controllers\master\mapproveru->index()
#8 D:\xampp1\htdocs\ag-accounting-pembiayaan\vendor\codeigniter4\framework\system\CodeIgniter.php(431): CodeIgniter\CodeIgniter->runController(Object(App\Controllers\master\mapproveru))
#9 D:\xampp1\htdocs\ag-accounting-pembiayaan\vendor\codeigniter4\framework\system\CodeIgniter.php(332): CodeIgniter\CodeIgniter->handleRequest(NULL, Object(Config\Cache), false)
#10 D:\xampp1\htdocs\ag-accounting-pembiayaan\public\index.php(44): CodeIgniter\CodeIgniter->run()
#11 {main}
CRITICAL - 2022-03-16 12:56:03 --> Undefined variable: cek
#0 D:\xampp1\htdocs\ag-accounting-pembiayaan\app\Models\master\mapproveru_m.php(81): CodeIgniter\Debug\Exceptions->errorHandler(8, 'Undefined varia...', 'D:\\xampp1\\htdoc...', 81, Array)
#1 D:\xampp1\htdocs\ag-accounting-pembiayaan\app\Controllers\master\mapproveru.php(22): App\Models\master\mapproveru_m->data()
#2 D:\xampp1\htdocs\ag-accounting-pembiayaan\vendor\codeigniter4\framework\system\CodeIgniter.php(935): App\Controllers\master\mapproveru->index()
#3 D:\xampp1\htdocs\ag-accounting-pembiayaan\vendor\codeigniter4\framework\system\CodeIgniter.php(431): CodeIgniter\CodeIgniter->runController(Object(App\Controllers\master\mapproveru))
#4 D:\xampp1\htdocs\ag-accounting-pembiayaan\vendor\codeigniter4\framework\system\CodeIgniter.php(332): CodeIgniter\CodeIgniter->handleRequest(NULL, Object(Config\Cache), false)
#5 D:\xampp1\htdocs\ag-accounting-pembiayaan\public\index.php(44): CodeIgniter\CodeIgniter->run()
#6 {main}
