ERROR - 2024-12-27 06:34:22 --> Email: sendWithSmtp throwed ErrorException: stream_socket_enable_crypto(): SSL operation failed with code 1. OpenSSL Error messages:
error:1416F086:SSL routines:tls_process_server_certificate:certificate verify failed in C:\xampp\htdocs\rental\vendor\codeigniter4\framework\system\Email\Email.php:1881
Stack trace:
#0 [internal function]: CodeIgniter\Debug\Exceptions->errorHandler(2, 'stream_socket_e...', 'C:\\xampp\\htdocs...', 1881)
#1 C:\xampp\htdocs\rental\vendor\codeigniter4\framework\system\Email\Email.php(1881): stream_socket_enable_crypto(Resource id #156, true, 57)
#2 C:\xampp\htdocs\rental\vendor\codeigniter4\framework\system\Email\Email.php(1777): CodeIgniter\Email\Email->SMTPConnect()
#3 C:\xampp\htdocs\rental\vendor\codeigniter4\framework\system\Email\Email.php(1662): CodeIgniter\Email\Email->sendWithSmtp()
#4 C:\xampp\htdocs\rental\vendor\codeigniter4\framework\system\Email\Email.php(1560): CodeIgniter\Email\Email->spoolEmail()
#5 C:\xampp\htdocs\rental\app\Models\login_m.php(18): CodeIgniter\Email\Email->send()
#6 C:\xampp\htdocs\rental\app\Models\login_m.php(95): App\Models\login_m->sendEmail('Ihsan')
#7 C:\xampp\htdocs\rental\app\Controllers\utama.php(32): App\Models\login_m->index()
#8 C:\xampp\htdocs\rental\vendor\codeigniter4\framework\system\CodeIgniter.php(927): App\Controllers\utama->login()
#9 C:\xampp\htdocs\rental\vendor\codeigniter4\framework\system\CodeIgniter.php(482): CodeIgniter\CodeIgniter->runController(Object(App\Controllers\utama))
#10 C:\xampp\htdocs\rental\vendor\codeigniter4\framework\system\CodeIgniter.php(351): CodeIgniter\CodeIgniter->handleRequest(NULL, Object(Config\Cache), false)
#11 C:\xampp\htdocs\rental\index.php(67): CodeIgniter\CodeIgniter->run()
#12 {main}
ERROR - 2024-12-27 06:34:22 --> Email: Unable to send email using SMTP. Your server might not be configured to send mail using this method.
ERROR - 2024-12-27 06:34:22 --> 220 qithy.my.id ESMTP Postfix

hello: 250-qithy.my.id
250-PIPELINING
250-SIZE 30720000
250-ETRN
250-STARTTLS
250-ENHANCEDSTATUSCODES
250-8BITMIME
250-DSN
250-SMTPUTF8
250 CHUNKING

starttls: 220 2.0.0 Ready to start TLS

CRITICAL - 2024-12-27 06:57:16 --> Undefined property: stdClass::$tracking_name
in APPPATH\Views\transaction\tracking_v.php on line 295.
 1 APPPATH\Views\transaction\tracking_v.php(295): CodeIgniter\Debug\Exceptions->errorHandler(2, 'Undefined property: stdClass::$tracking_name', 'APPPATH\\Views\\transaction\\tracking_v.php', 295)
 2 SYSTEMPATH\View\View.php(213): include('APPPATH\\Views\\transaction\\tracking_v.php')
 3 SYSTEMPATH\View\View.php(216): CodeIgniter\View\View->CodeIgniter\View\{closure}()
 4 SYSTEMPATH\Common.php(1134): CodeIgniter\View\View->render('transaction/tracking_v', [], true)
 5 APPPATH\Controllers\transaction\tracking.php(23): view('transaction/tracking_v', [...])
 6 SYSTEMPATH\CodeIgniter.php(927): App\Controllers\transaction\tracking->index()
 7 SYSTEMPATH\CodeIgniter.php(482): CodeIgniter\CodeIgniter->runController(Object(App\Controllers\transaction\tracking))
 8 SYSTEMPATH\CodeIgniter.php(351): CodeIgniter\CodeIgniter->handleRequest(null, Object(Config\Cache), false)
 9 FCPATH\index.php(67): CodeIgniter\CodeIgniter->run()
CRITICAL - 2024-12-27 09:50:34 --> Call to undefined method CodeIgniter\Database\MySQLi\Connection::where()
in APPPATH\Views\transaction\tracking_v.php on line 173.
 1 SYSTEMPATH\View\View.php(213): include()
 2 SYSTEMPATH\View\View.php(216): CodeIgniter\View\View->CodeIgniter\View\{closure}()
 3 SYSTEMPATH\Common.php(1134): CodeIgniter\View\View->render('transaction/tracking_v', [], true)
 4 APPPATH\Controllers\transaction\tracking.php(23): view('transaction/tracking_v', [...])
 5 SYSTEMPATH\CodeIgniter.php(927): App\Controllers\transaction\tracking->index()
 6 SYSTEMPATH\CodeIgniter.php(482): CodeIgniter\CodeIgniter->runController(Object(App\Controllers\transaction\tracking))
 7 SYSTEMPATH\CodeIgniter.php(351): CodeIgniter\CodeIgniter->handleRequest(null, Object(Config\Cache), false)
 8 FCPATH\index.php(67): CodeIgniter\CodeIgniter->run()
CRITICAL - 2024-12-27 10:33:39 --> Undefined variable $latawal1
in APPPATH\Views\transaction\tracking_v.php on line 220.
 1 APPPATH\Views\transaction\tracking_v.php(220): CodeIgniter\Debug\Exceptions->errorHandler(2, 'Undefined variable $latawal1', 'APPPATH\\Views\\transaction\\tracking_v.php', 220)
 2 SYSTEMPATH\View\View.php(213): include('APPPATH\\Views\\transaction\\tracking_v.php')
 3 SYSTEMPATH\View\View.php(216): CodeIgniter\View\View->CodeIgniter\View\{closure}()
 4 SYSTEMPATH\Common.php(1134): CodeIgniter\View\View->render('transaction/tracking_v', [], true)
 5 APPPATH\Controllers\transaction\tracking.php(23): view('transaction/tracking_v', [...])
 6 SYSTEMPATH\CodeIgniter.php(927): App\Controllers\transaction\tracking->index()
 7 SYSTEMPATH\CodeIgniter.php(482): CodeIgniter\CodeIgniter->runController(Object(App\Controllers\transaction\tracking))
 8 SYSTEMPATH\CodeIgniter.php(351): CodeIgniter\CodeIgniter->handleRequest(null, Object(Config\Cache), false)
 9 FCPATH\index.php(67): CodeIgniter\CodeIgniter->run()
ERROR - 2024-12-27 14:14:50 --> Email: sendWithSmtp throwed ErrorException: stream_socket_enable_crypto(): SSL operation failed with code 1. OpenSSL Error messages:
error:1408F10B:SSL routines:ssl3_get_record:wrong version number in C:\xampp\htdocs\rental\vendor\codeigniter4\framework\system\Email\Email.php:1881
Stack trace:
#0 [internal function]: CodeIgniter\Debug\Exceptions->errorHandler(2, 'stream_socket_e...', 'C:\\xampp\\htdocs...', 1881)
#1 C:\xampp\htdocs\rental\vendor\codeigniter4\framework\system\Email\Email.php(1881): stream_socket_enable_crypto(Resource id #156, true, 57)
#2 C:\xampp\htdocs\rental\vendor\codeigniter4\framework\system\Email\Email.php(1777): CodeIgniter\Email\Email->SMTPConnect()
#3 C:\xampp\htdocs\rental\vendor\codeigniter4\framework\system\Email\Email.php(1662): CodeIgniter\Email\Email->sendWithSmtp()
#4 C:\xampp\htdocs\rental\vendor\codeigniter4\framework\system\Email\Email.php(1560): CodeIgniter\Email\Email->spoolEmail()
#5 C:\xampp\htdocs\rental\app\Models\login_m.php(18): CodeIgniter\Email\Email->send()
#6 C:\xampp\htdocs\rental\app\Models\login_m.php(95): App\Models\login_m->sendEmail('Ihsan')
#7 C:\xampp\htdocs\rental\app\Controllers\utama.php(32): App\Models\login_m->index()
#8 C:\xampp\htdocs\rental\vendor\codeigniter4\framework\system\CodeIgniter.php(927): App\Controllers\utama->login()
#9 C:\xampp\htdocs\rental\vendor\codeigniter4\framework\system\CodeIgniter.php(482): CodeIgniter\CodeIgniter->runController(Object(App\Controllers\utama))
#10 C:\xampp\htdocs\rental\vendor\codeigniter4\framework\system\CodeIgniter.php(351): CodeIgniter\CodeIgniter->handleRequest(NULL, Object(Config\Cache), false)
#11 C:\xampp\htdocs\rental\index.php(67): CodeIgniter\CodeIgniter->run()
#12 {main}
ERROR - 2024-12-27 14:14:50 --> Email: Unable to send email using SMTP. Your server might not be configured to send mail using this method.
ERROR - 2024-12-27 14:14:50 --> 
hello: 220 qithy.my.id ESMTP Postfix

The following SMTP error was encountered: 220 qithy.my.id ESMTP Postfix

starttls: 250-qithy.my.id
250-PIPELINING
250-SIZE 30720000
250-ETRN
250-STARTTLS
250-ENHANCEDSTATUSCODES
250-8BITMIME
250-DSN
250-SMTPUTF8
250 CHUNKING

The following SMTP error was encountered: 250-qithy.my.id
250-PIPELINING
250-SIZE 30720000
250-ETRN
250-STARTTLS
250-ENHANCEDSTATUSCODES
250-8BITMIME
250-DSN
250-SMTPUTF8
250 CHUNKING

