CRITICAL - 2023-01-04 10:04:42 --> Attempt to read property "product_stock" on null
in APPPATH\Models\transaction\purchased_m.php on line 103.
 1 APPPATH\Models\transaction\purchased_m.php(103): CodeIgniter\Debug\Exceptions->errorHandler(2, 'Attempt to read property "product_stock" on null', 'APPPATH\\Models\\transaction\\purchased_m.php', 103)
 2 APPPATH\Controllers\transaction\purchased.php(22): App\Models\transaction\purchased_m->data()
 3 SYSTEMPATH\CodeIgniter.php(927): App\Controllers\transaction\purchased->index()
 4 SYSTEMPATH\CodeIgniter.php(482): CodeIgniter\CodeIgniter->runController(Object(App\Controllers\transaction\purchased))
 5 SYSTEMPATH\CodeIgniter.php(351): CodeIgniter\CodeIgniter->handleRequest(null, Object(Config\Cache), false)
 6 FCPATH\index.php(67): CodeIgniter\CodeIgniter->run()
CRITICAL - 2023-01-04 10:18:58 --> number_format(): Passing null to parameter #1 ($num) of type float is deprecated
in APPPATH\Views\transaction\purchase_v.php on line 296.
 1 [internal function]: CodeIgniter\Debug\Exceptions->errorHandler(8192, 'number_format(): Passing null to parameter #1 ($num) of type float is deprecated', 'APPPATH\\Views\\transaction\\purchase_v.php', 296)
 2 APPPATH\Views\transaction\purchase_v.php(296): number_format(null, 0, ',', 'ROOTPATH\\public')
 3 SYSTEMPATH\View\View.php(213): include('APPPATH\\Views\\transaction\\purchase_v.php')
 4 SYSTEMPATH\View\View.php(216): CodeIgniter\View\View->CodeIgniter\View\{closure}()
 5 SYSTEMPATH\Common.php(1134): CodeIgniter\View\View->render('transaction/purchase_v', [], true)
 6 APPPATH\Controllers\transaction\purchase.php(23): view('transaction/purchase_v', [...])
 7 SYSTEMPATH\CodeIgniter.php(927): App\Controllers\transaction\purchase->index()
 8 SYSTEMPATH\CodeIgniter.php(482): CodeIgniter\CodeIgniter->runController(Object(App\Controllers\transaction\purchase))
 9 SYSTEMPATH\CodeIgniter.php(351): CodeIgniter\CodeIgniter->handleRequest(null, Object(Config\Cache), false)
10 FCPATH\index.php(67): CodeIgniter\CodeIgniter->run()
CRITICAL - 2023-01-04 10:19:15 --> number_format(): Passing null to parameter #1 ($num) of type float is deprecated
in APPPATH\Views\transaction\purchase_v.php on line 296.
 1 [internal function]: CodeIgniter\Debug\Exceptions->errorHandler(8192, 'number_format(): Passing null to parameter #1 ($num) of type float is deprecated', 'APPPATH\\Views\\transaction\\purchase_v.php', 296)
 2 APPPATH\Views\transaction\purchase_v.php(296): number_format(null, 0, ',', 'ROOTPATH\\public')
 3 SYSTEMPATH\View\View.php(213): include('APPPATH\\Views\\transaction\\purchase_v.php')
 4 SYSTEMPATH\View\View.php(216): CodeIgniter\View\View->CodeIgniter\View\{closure}()
 5 SYSTEMPATH\Common.php(1134): CodeIgniter\View\View->render('transaction/purchase_v', [], true)
 6 APPPATH\Controllers\transaction\purchase.php(23): view('transaction/purchase_v', [...])
 7 SYSTEMPATH\CodeIgniter.php(927): App\Controllers\transaction\purchase->index()
 8 SYSTEMPATH\CodeIgniter.php(482): CodeIgniter\CodeIgniter->runController(Object(App\Controllers\transaction\purchase))
 9 SYSTEMPATH\CodeIgniter.php(351): CodeIgniter\CodeIgniter->handleRequest(null, Object(Config\Cache), false)
10 FCPATH\index.php(67): CodeIgniter\CodeIgniter->run()
CRITICAL - 2023-01-04 10:20:32 --> number_format(): Passing null to parameter #1 ($num) of type float is deprecated
in APPPATH\Views\transaction\purchase_v.php on line 299.
 1 [internal function]: CodeIgniter\Debug\Exceptions->errorHandler(8192, 'number_format(): Passing null to parameter #1 ($num) of type float is deprecated', 'APPPATH\\Views\\transaction\\purchase_v.php', 299)
 2 APPPATH\Views\transaction\purchase_v.php(299): number_format(null, 0, ',', 'ROOTPATH\\public')
 3 SYSTEMPATH\View\View.php(213): include('APPPATH\\Views\\transaction\\purchase_v.php')
 4 SYSTEMPATH\View\View.php(216): CodeIgniter\View\View->CodeIgniter\View\{closure}()
 5 SYSTEMPATH\Common.php(1134): CodeIgniter\View\View->render('transaction/purchase_v', [], true)
 6 APPPATH\Controllers\transaction\purchase.php(23): view('transaction/purchase_v', [...])
 7 SYSTEMPATH\CodeIgniter.php(927): App\Controllers\transaction\purchase->index()
 8 SYSTEMPATH\CodeIgniter.php(482): CodeIgniter\CodeIgniter->runController(Object(App\Controllers\transaction\purchase))
 9 SYSTEMPATH\CodeIgniter.php(351): CodeIgniter\CodeIgniter->handleRequest(null, Object(Config\Cache), false)
10 FCPATH\index.php(67): CodeIgniter\CodeIgniter->run()
CRITICAL - 2023-01-04 10:23:58 --> number_format(): Passing null to parameter #1 ($num) of type float is deprecated
in APPPATH\Views\transaction\purchase_v.php on line 296.
 1 [internal function]: CodeIgniter\Debug\Exceptions->errorHandler(8192, 'number_format(): Passing null to parameter #1 ($num) of type float is deprecated', 'APPPATH\\Views\\transaction\\purchase_v.php', 296)
 2 APPPATH\Views\transaction\purchase_v.php(296): number_format(null, 0, ',', 'ROOTPATH\\public')
 3 SYSTEMPATH\View\View.php(213): include('APPPATH\\Views\\transaction\\purchase_v.php')
 4 SYSTEMPATH\View\View.php(216): CodeIgniter\View\View->CodeIgniter\View\{closure}()
 5 SYSTEMPATH\Common.php(1134): CodeIgniter\View\View->render('transaction/purchase_v', [], true)
 6 APPPATH\Controllers\transaction\purchase.php(23): view('transaction/purchase_v', [...])
 7 SYSTEMPATH\CodeIgniter.php(927): App\Controllers\transaction\purchase->index()
 8 SYSTEMPATH\CodeIgniter.php(482): CodeIgniter\CodeIgniter->runController(Object(App\Controllers\transaction\purchase))
 9 SYSTEMPATH\CodeIgniter.php(351): CodeIgniter\CodeIgniter->handleRequest(null, Object(Config\Cache), false)
10 FCPATH\index.php(67): CodeIgniter\CodeIgniter->run()
CRITICAL - 2023-01-04 10:24:28 --> number_format(): Passing null to parameter #1 ($num) of type float is deprecated
in APPPATH\Views\transaction\purchase_v.php on line 296.
 1 [internal function]: CodeIgniter\Debug\Exceptions->errorHandler(8192, 'number_format(): Passing null to parameter #1 ($num) of type float is deprecated', 'APPPATH\\Views\\transaction\\purchase_v.php', 296)
 2 APPPATH\Views\transaction\purchase_v.php(296): number_format(null, 0, ',', 'ROOTPATH\\public')
 3 SYSTEMPATH\View\View.php(213): include('APPPATH\\Views\\transaction\\purchase_v.php')
 4 SYSTEMPATH\View\View.php(216): CodeIgniter\View\View->CodeIgniter\View\{closure}()
 5 SYSTEMPATH\Common.php(1134): CodeIgniter\View\View->render('transaction/purchase_v', [], true)
 6 APPPATH\Controllers\transaction\purchase.php(23): view('transaction/purchase_v', [...])
 7 SYSTEMPATH\CodeIgniter.php(927): App\Controllers\transaction\purchase->index()
 8 SYSTEMPATH\CodeIgniter.php(482): CodeIgniter\CodeIgniter->runController(Object(App\Controllers\transaction\purchase))
 9 SYSTEMPATH\CodeIgniter.php(351): CodeIgniter\CodeIgniter->handleRequest(null, Object(Config\Cache), false)
10 FCPATH\index.php(67): CodeIgniter\CodeIgniter->run()
CRITICAL - 2023-01-04 10:25:08 --> syntax error, unexpected token ")"
in APPPATH\Views\transaction\purchase_v.php on line 184.
 1 SYSTEMPATH\View\View.php(216): CodeIgniter\View\View->CodeIgniter\View\{closure}()
 2 SYSTEMPATH\Common.php(1134): CodeIgniter\View\View->render('transaction/purchase_v', [], true)
 3 APPPATH\Controllers\transaction\purchase.php(23): view('transaction/purchase_v', [...])
 4 SYSTEMPATH\CodeIgniter.php(927): App\Controllers\transaction\purchase->index()
 5 SYSTEMPATH\CodeIgniter.php(482): CodeIgniter\CodeIgniter->runController(Object(App\Controllers\transaction\purchase))
 6 SYSTEMPATH\CodeIgniter.php(351): CodeIgniter\CodeIgniter->handleRequest(null, Object(Config\Cache), false)
 7 FCPATH\index.php(67): CodeIgniter\CodeIgniter->run()
CRITICAL - 2023-01-04 10:25:41 --> syntax error, unexpected token ")"
in APPPATH\Views\transaction\purchase_v.php on line 184.
 1 SYSTEMPATH\View\View.php(216): CodeIgniter\View\View->CodeIgniter\View\{closure}()
 2 SYSTEMPATH\Common.php(1134): CodeIgniter\View\View->render('transaction/purchase_v', [], true)
 3 APPPATH\Controllers\transaction\purchase.php(23): view('transaction/purchase_v', [...])
 4 SYSTEMPATH\CodeIgniter.php(927): App\Controllers\transaction\purchase->index()
 5 SYSTEMPATH\CodeIgniter.php(482): CodeIgniter\CodeIgniter->runController(Object(App\Controllers\transaction\purchase))
 6 SYSTEMPATH\CodeIgniter.php(351): CodeIgniter\CodeIgniter->handleRequest(null, Object(Config\Cache), false)
 7 FCPATH\index.php(67): CodeIgniter\CodeIgniter->run()
CRITICAL - 2023-01-04 10:26:46 --> number_format(): Passing null to parameter #1 ($num) of type float is deprecated
in APPPATH\Views\transaction\purchase_v.php on line 296.
 1 [internal function]: CodeIgniter\Debug\Exceptions->errorHandler(8192, 'number_format(): Passing null to parameter #1 ($num) of type float is deprecated', 'APPPATH\\Views\\transaction\\purchase_v.php', 296)
 2 APPPATH\Views\transaction\purchase_v.php(296): number_format(null, 0, ',', 'ROOTPATH\\public')
 3 SYSTEMPATH\View\View.php(213): include('APPPATH\\Views\\transaction\\purchase_v.php')
 4 SYSTEMPATH\View\View.php(216): CodeIgniter\View\View->CodeIgniter\View\{closure}()
 5 SYSTEMPATH\Common.php(1134): CodeIgniter\View\View->render('transaction/purchase_v', [], true)
 6 APPPATH\Controllers\transaction\purchase.php(23): view('transaction/purchase_v', [...])
 7 SYSTEMPATH\CodeIgniter.php(927): App\Controllers\transaction\purchase->index()
 8 SYSTEMPATH\CodeIgniter.php(482): CodeIgniter\CodeIgniter->runController(Object(App\Controllers\transaction\purchase))
 9 SYSTEMPATH\CodeIgniter.php(351): CodeIgniter\CodeIgniter->handleRequest(null, Object(Config\Cache), false)
10 FCPATH\index.php(67): CodeIgniter\CodeIgniter->run()
CRITICAL - 2023-01-04 10:27:04 --> number_format(): Passing null to parameter #1 ($num) of type float is deprecated
in APPPATH\Views\transaction\purchase_v.php on line 296.
 1 [internal function]: CodeIgniter\Debug\Exceptions->errorHandler(8192, 'number_format(): Passing null to parameter #1 ($num) of type float is deprecated', 'APPPATH\\Views\\transaction\\purchase_v.php', 296)
 2 APPPATH\Views\transaction\purchase_v.php(296): number_format(null, 0, ',', 'ROOTPATH\\public')
 3 SYSTEMPATH\View\View.php(213): include('APPPATH\\Views\\transaction\\purchase_v.php')
 4 SYSTEMPATH\View\View.php(216): CodeIgniter\View\View->CodeIgniter\View\{closure}()
 5 SYSTEMPATH\Common.php(1134): CodeIgniter\View\View->render('transaction/purchase_v', [], true)
 6 APPPATH\Controllers\transaction\purchase.php(23): view('transaction/purchase_v', [...])
 7 SYSTEMPATH\CodeIgniter.php(927): App\Controllers\transaction\purchase->index()
 8 SYSTEMPATH\CodeIgniter.php(482): CodeIgniter\CodeIgniter->runController(Object(App\Controllers\transaction\purchase))
 9 SYSTEMPATH\CodeIgniter.php(351): CodeIgniter\CodeIgniter->handleRequest(null, Object(Config\Cache), false)
10 FCPATH\index.php(67): CodeIgniter\CodeIgniter->run()
CRITICAL - 2023-01-04 10:28:09 --> number_format(): Passing null to parameter #1 ($num) of type float is deprecated
in APPPATH\Views\transaction\purchase_v.php on line 296.
 1 [internal function]: CodeIgniter\Debug\Exceptions->errorHandler(8192, 'number_format(): Passing null to parameter #1 ($num) of type float is deprecated', 'APPPATH\\Views\\transaction\\purchase_v.php', 296)
 2 APPPATH\Views\transaction\purchase_v.php(296): number_format(null, 0, ',', 'ROOTPATH\\public')
 3 SYSTEMPATH\View\View.php(213): include('APPPATH\\Views\\transaction\\purchase_v.php')
 4 SYSTEMPATH\View\View.php(216): CodeIgniter\View\View->CodeIgniter\View\{closure}()
 5 SYSTEMPATH\Common.php(1134): CodeIgniter\View\View->render('transaction/purchase_v', [], true)
 6 APPPATH\Controllers\transaction\purchase.php(23): view('transaction/purchase_v', [...])
 7 SYSTEMPATH\CodeIgniter.php(927): App\Controllers\transaction\purchase->index()
 8 SYSTEMPATH\CodeIgniter.php(482): CodeIgniter\CodeIgniter->runController(Object(App\Controllers\transaction\purchase))
 9 SYSTEMPATH\CodeIgniter.php(351): CodeIgniter\CodeIgniter->handleRequest(null, Object(Config\Cache), false)
10 FCPATH\index.php(67): CodeIgniter\CodeIgniter->run()
CRITICAL - 2023-01-04 10:28:45 --> number_format(): Passing null to parameter #1 ($num) of type float is deprecated
in APPPATH\Views\transaction\purchase_v.php on line 296.
 1 [internal function]: CodeIgniter\Debug\Exceptions->errorHandler(8192, 'number_format(): Passing null to parameter #1 ($num) of type float is deprecated', 'APPPATH\\Views\\transaction\\purchase_v.php', 296)
 2 APPPATH\Views\transaction\purchase_v.php(296): number_format(null, 0, ',', 'ROOTPATH\\public')
 3 SYSTEMPATH\View\View.php(213): include('APPPATH\\Views\\transaction\\purchase_v.php')
 4 SYSTEMPATH\View\View.php(216): CodeIgniter\View\View->CodeIgniter\View\{closure}()
 5 SYSTEMPATH\Common.php(1134): CodeIgniter\View\View->render('transaction/purchase_v', [], true)
 6 APPPATH\Controllers\transaction\purchase.php(23): view('transaction/purchase_v', [...])
 7 SYSTEMPATH\CodeIgniter.php(927): App\Controllers\transaction\purchase->index()
 8 SYSTEMPATH\CodeIgniter.php(482): CodeIgniter\CodeIgniter->runController(Object(App\Controllers\transaction\purchase))
 9 SYSTEMPATH\CodeIgniter.php(351): CodeIgniter\CodeIgniter->handleRequest(null, Object(Config\Cache), false)
10 FCPATH\index.php(67): CodeIgniter\CodeIgniter->run()
CRITICAL - 2023-01-04 10:33:24 --> number_format(): Passing null to parameter #1 ($num) of type float is deprecated
in APPPATH\Views\transaction\purchase_v.php on line 296.
 1 [internal function]: CodeIgniter\Debug\Exceptions->errorHandler(8192, 'number_format(): Passing null to parameter #1 ($num) of type float is deprecated', 'APPPATH\\Views\\transaction\\purchase_v.php', 296)
 2 APPPATH\Views\transaction\purchase_v.php(296): number_format(null, 0, ',', 'ROOTPATH\\public')
 3 SYSTEMPATH\View\View.php(213): include('APPPATH\\Views\\transaction\\purchase_v.php')
 4 SYSTEMPATH\View\View.php(216): CodeIgniter\View\View->CodeIgniter\View\{closure}()
 5 SYSTEMPATH\Common.php(1134): CodeIgniter\View\View->render('transaction/purchase_v', [], true)
 6 APPPATH\Controllers\transaction\purchase.php(23): view('transaction/purchase_v', [...])
 7 SYSTEMPATH\CodeIgniter.php(927): App\Controllers\transaction\purchase->index()
 8 SYSTEMPATH\CodeIgniter.php(482): CodeIgniter\CodeIgniter->runController(Object(App\Controllers\transaction\purchase))
 9 SYSTEMPATH\CodeIgniter.php(351): CodeIgniter\CodeIgniter->handleRequest(null, Object(Config\Cache), false)
10 FCPATH\index.php(67): CodeIgniter\CodeIgniter->run()
CRITICAL - 2023-01-04 10:33:44 --> number_format(): Passing null to parameter #1 ($num) of type float is deprecated
in APPPATH\Views\transaction\purchase_v.php on line 299.
 1 [internal function]: CodeIgniter\Debug\Exceptions->errorHandler(8192, 'number_format(): Passing null to parameter #1 ($num) of type float is deprecated', 'APPPATH\\Views\\transaction\\purchase_v.php', 299)
 2 APPPATH\Views\transaction\purchase_v.php(299): number_format(null, 0, ',', 'ROOTPATH\\public')
 3 SYSTEMPATH\View\View.php(213): include('APPPATH\\Views\\transaction\\purchase_v.php')
 4 SYSTEMPATH\View\View.php(216): CodeIgniter\View\View->CodeIgniter\View\{closure}()
 5 SYSTEMPATH\Common.php(1134): CodeIgniter\View\View->render('transaction/purchase_v', [], true)
 6 APPPATH\Controllers\transaction\purchase.php(23): view('transaction/purchase_v', [...])
 7 SYSTEMPATH\CodeIgniter.php(927): App\Controllers\transaction\purchase->index()
 8 SYSTEMPATH\CodeIgniter.php(482): CodeIgniter\CodeIgniter->runController(Object(App\Controllers\transaction\purchase))
 9 SYSTEMPATH\CodeIgniter.php(351): CodeIgniter\CodeIgniter->handleRequest(null, Object(Config\Cache), false)
10 FCPATH\index.php(67): CodeIgniter\CodeIgniter->run()
