CRITICAL - 2021-12-17 07:39:06 --> Undefined variable: advance1_proposed_nom
#0 D:\xampp1\htdocs\ag-accounting-pembiayaan\app\Views\transaction\advanced_v.php(89): CodeIgniter\Debug\Exceptions->errorHandler(8, 'Undefined varia...', 'D:\\xampp1\\htdoc...', 89, Array)
#1 D:\xampp1\htdocs\ag-accounting-pembiayaan\vendor\codeigniter4\framework\system\View\View.php(220): include('D:\\xampp1\\htdoc...')
#2 D:\xampp1\htdocs\ag-accounting-pembiayaan\vendor\codeigniter4\framework\system\View\View.php(222): CodeIgniter\View\View->CodeIgniter\View\{closure}()
#3 D:\xampp1\htdocs\ag-accounting-pembiayaan\vendor\codeigniter4\framework\system\Common.php(1217): CodeIgniter\View\View->render('transaction/adv...', Array, true)
#4 D:\xampp1\htdocs\ag-accounting-pembiayaan\app\Controllers\transaction\advanced.php(37): view('transaction/adv...', Array)
#5 D:\xampp1\htdocs\ag-accounting-pembiayaan\vendor\codeigniter4\framework\system\CodeIgniter.php(935): App\Controllers\transaction\advanced->index()
#6 D:\xampp1\htdocs\ag-accounting-pembiayaan\vendor\codeigniter4\framework\system\CodeIgniter.php(431): CodeIgniter\CodeIgniter->runController(Object(App\Controllers\transaction\advanced))
#7 D:\xampp1\htdocs\ag-accounting-pembiayaan\vendor\codeigniter4\framework\system\CodeIgniter.php(332): CodeIgniter\CodeIgniter->handleRequest(NULL, Object(Config\Cache), false)
#8 D:\xampp1\htdocs\ag-accounting-pembiayaan\public\index.php(44): CodeIgniter\CodeIgniter->run()
#9 {main}
CRITICAL - 2021-12-17 08:11:47 --> Undefined variable: uploadadvance1_picture
#0 D:\xampp1\htdocs\ag-accounting-pembiayaan\app\Views\transaction\advanced_v.php(124): CodeIgniter\Debug\Exceptions->errorHandler(8, 'Undefined varia...', 'D:\\xampp1\\htdoc...', 124, Array)
#1 D:\xampp1\htdocs\ag-accounting-pembiayaan\vendor\codeigniter4\framework\system\View\View.php(220): include('D:\\xampp1\\htdoc...')
#2 D:\xampp1\htdocs\ag-accounting-pembiayaan\vendor\codeigniter4\framework\system\View\View.php(222): CodeIgniter\View\View->CodeIgniter\View\{closure}()
#3 D:\xampp1\htdocs\ag-accounting-pembiayaan\vendor\codeigniter4\framework\system\Common.php(1217): CodeIgniter\View\View->render('transaction/adv...', Array, true)
#4 D:\xampp1\htdocs\ag-accounting-pembiayaan\app\Controllers\transaction\advanced.php(37): view('transaction/adv...', Array)
#5 D:\xampp1\htdocs\ag-accounting-pembiayaan\vendor\codeigniter4\framework\system\CodeIgniter.php(935): App\Controllers\transaction\advanced->index()
#6 D:\xampp1\htdocs\ag-accounting-pembiayaan\vendor\codeigniter4\framework\system\CodeIgniter.php(431): CodeIgniter\CodeIgniter->runController(Object(App\Controllers\transaction\advanced))
#7 D:\xampp1\htdocs\ag-accounting-pembiayaan\vendor\codeigniter4\framework\system\CodeIgniter.php(332): CodeIgniter\CodeIgniter->handleRequest(NULL, Object(Config\Cache), false)
#8 D:\xampp1\htdocs\ag-accounting-pembiayaan\public\index.php(44): CodeIgniter\CodeIgniter->run()
#9 {main}
CRITICAL - 2021-12-17 08:12:17 --> Undefined property: stdClass::$user_id_approved
#0 D:\xampp1\htdocs\ag-accounting-pembiayaan\app\Views\transaction\advanced_v.php(201): CodeIgniter\Debug\Exceptions->errorHandler(8, 'Undefined prope...', 'D:\\xampp1\\htdoc...', 201, Array)
#1 D:\xampp1\htdocs\ag-accounting-pembiayaan\vendor\codeigniter4\framework\system\View\View.php(220): include('D:\\xampp1\\htdoc...')
#2 D:\xampp1\htdocs\ag-accounting-pembiayaan\vendor\codeigniter4\framework\system\View\View.php(222): CodeIgniter\View\View->CodeIgniter\View\{closure}()
#3 D:\xampp1\htdocs\ag-accounting-pembiayaan\vendor\codeigniter4\framework\system\Common.php(1217): CodeIgniter\View\View->render('transaction/adv...', Array, true)
#4 D:\xampp1\htdocs\ag-accounting-pembiayaan\app\Controllers\transaction\advanced.php(37): view('transaction/adv...', Array)
#5 D:\xampp1\htdocs\ag-accounting-pembiayaan\vendor\codeigniter4\framework\system\CodeIgniter.php(935): App\Controllers\transaction\advanced->index()
#6 D:\xampp1\htdocs\ag-accounting-pembiayaan\vendor\codeigniter4\framework\system\CodeIgniter.php(431): CodeIgniter\CodeIgniter->runController(Object(App\Controllers\transaction\advanced))
#7 D:\xampp1\htdocs\ag-accounting-pembiayaan\vendor\codeigniter4\framework\system\CodeIgniter.php(332): CodeIgniter\CodeIgniter->handleRequest(NULL, Object(Config\Cache), false)
#8 D:\xampp1\htdocs\ag-accounting-pembiayaan\public\index.php(44): CodeIgniter\CodeIgniter->run()
#9 {main}
ERROR - 2021-12-17 09:04:22 --> ErrorException: pg_query(): Query failed: ERROR:  syntax error at or near &quot;)&quot;
LINE 1: SELECT SUM(DISTINCT advance1_nom)AS total)
                                                 ^ in D:\xampp1\htdocs\ag-accounting-pembiayaan\vendor\codeigniter4\framework\system\Database\Postgre\Connection.php:170
Stack trace:
#0 [internal function]: CodeIgniter\Debug\Exceptions->errorHandler(2, 'pg_query(): Que...', 'D:\\xampp1\\htdoc...', 170, Array)
#1 D:\xampp1\htdocs\ag-accounting-pembiayaan\vendor\codeigniter4\framework\system\Database\Postgre\Connection.php(170): pg_query(Resource id #139, 'SELECT SUM(DIST...')
#2 D:\xampp1\htdocs\ag-accounting-pembiayaan\vendor\codeigniter4\framework\system\Database\BaseConnection.php(715): CodeIgniter\Database\Postgre\Connection->execute('SELECT SUM(DIST...')
#3 D:\xampp1\htdocs\ag-accounting-pembiayaan\vendor\codeigniter4\framework\system\Database\BaseConnection.php(643): CodeIgniter\Database\BaseConnection->simpleQuery('SELECT SUM(DIST...')
#4 D:\xampp1\htdocs\ag-accounting-pembiayaan\vendor\codeigniter4\framework\system\Database\BaseBuilder.php(1866): CodeIgniter\Database\BaseConnection->query('SELECT SUM(DIST...', Array, false)
#5 D:\xampp1\htdocs\ag-accounting-pembiayaan\app\Models\transaction\advance_m.php(138): CodeIgniter\Database\BaseBuilder->get()
#6 D:\xampp1\htdocs\ag-accounting-pembiayaan\app\Controllers\transaction\advance.php(23): App\Models\transaction\advance_m->data()
#7 D:\xampp1\htdocs\ag-accounting-pembiayaan\vendor\codeigniter4\framework\system\CodeIgniter.php(935): App\Controllers\transaction\advance->index()
#8 D:\xampp1\htdocs\ag-accounting-pembiayaan\vendor\codeigniter4\framework\system\CodeIgniter.php(431): CodeIgniter\CodeIgniter->runController(Object(App\Controllers\transaction\advance))
#9 D:\xampp1\htdocs\ag-accounting-pembiayaan\vendor\codeigniter4\framework\system\CodeIgniter.php(332): CodeIgniter\CodeIgniter->handleRequest(NULL, Object(Config\Cache), false)
#10 D:\xampp1\htdocs\ag-accounting-pembiayaan\public\index.php(44): CodeIgniter\CodeIgniter->run()
#11 {main}
CRITICAL - 2021-12-17 09:04:22 --> Undefined index: advance0_nom
#0 D:\xampp1\htdocs\ag-accounting-pembiayaan\app\Models\transaction\advance_m.php(143): CodeIgniter\Debug\Exceptions->errorHandler(8, 'Undefined index...', 'D:\\xampp1\\htdoc...', 143, Array)
#1 D:\xampp1\htdocs\ag-accounting-pembiayaan\app\Controllers\transaction\advance.php(23): App\Models\transaction\advance_m->data()
#2 D:\xampp1\htdocs\ag-accounting-pembiayaan\vendor\codeigniter4\framework\system\CodeIgniter.php(935): App\Controllers\transaction\advance->index()
#3 D:\xampp1\htdocs\ag-accounting-pembiayaan\vendor\codeigniter4\framework\system\CodeIgniter.php(431): CodeIgniter\CodeIgniter->runController(Object(App\Controllers\transaction\advance))
#4 D:\xampp1\htdocs\ag-accounting-pembiayaan\vendor\codeigniter4\framework\system\CodeIgniter.php(332): CodeIgniter\CodeIgniter->handleRequest(NULL, Object(Config\Cache), false)
#5 D:\xampp1\htdocs\ag-accounting-pembiayaan\public\index.php(44): CodeIgniter\CodeIgniter->run()
#6 {main}
ERROR - 2021-12-17 09:05:40 --> ErrorException: pg_query(): Query failed: ERROR:  syntax error at or near &quot;)&quot;
LINE 1: SELECT SUM(DISTINCT advance1_nom)AS total)
                                                 ^ in D:\xampp1\htdocs\ag-accounting-pembiayaan\vendor\codeigniter4\framework\system\Database\Postgre\Connection.php:170
Stack trace:
#0 [internal function]: CodeIgniter\Debug\Exceptions->errorHandler(2, 'pg_query(): Que...', 'D:\\xampp1\\htdoc...', 170, Array)
#1 D:\xampp1\htdocs\ag-accounting-pembiayaan\vendor\codeigniter4\framework\system\Database\Postgre\Connection.php(170): pg_query(Resource id #139, 'SELECT SUM(DIST...')
#2 D:\xampp1\htdocs\ag-accounting-pembiayaan\vendor\codeigniter4\framework\system\Database\BaseConnection.php(715): CodeIgniter\Database\Postgre\Connection->execute('SELECT SUM(DIST...')
#3 D:\xampp1\htdocs\ag-accounting-pembiayaan\vendor\codeigniter4\framework\system\Database\BaseConnection.php(643): CodeIgniter\Database\BaseConnection->simpleQuery('SELECT SUM(DIST...')
#4 D:\xampp1\htdocs\ag-accounting-pembiayaan\vendor\codeigniter4\framework\system\Database\BaseBuilder.php(1866): CodeIgniter\Database\BaseConnection->query('SELECT SUM(DIST...', Array, false)
#5 D:\xampp1\htdocs\ag-accounting-pembiayaan\app\Models\transaction\advance_m.php(138): CodeIgniter\Database\BaseBuilder->get()
#6 D:\xampp1\htdocs\ag-accounting-pembiayaan\app\Controllers\transaction\advance.php(23): App\Models\transaction\advance_m->data()
#7 D:\xampp1\htdocs\ag-accounting-pembiayaan\vendor\codeigniter4\framework\system\CodeIgniter.php(935): App\Controllers\transaction\advance->index()
#8 D:\xampp1\htdocs\ag-accounting-pembiayaan\vendor\codeigniter4\framework\system\CodeIgniter.php(431): CodeIgniter\CodeIgniter->runController(Object(App\Controllers\transaction\advance))
#9 D:\xampp1\htdocs\ag-accounting-pembiayaan\vendor\codeigniter4\framework\system\CodeIgniter.php(332): CodeIgniter\CodeIgniter->handleRequest(NULL, Object(Config\Cache), false)
#10 D:\xampp1\htdocs\ag-accounting-pembiayaan\public\index.php(44): CodeIgniter\CodeIgniter->run()
#11 {main}
CRITICAL - 2021-12-17 09:05:40 --> Undefined index: advance0_nom
#0 D:\xampp1\htdocs\ag-accounting-pembiayaan\app\Models\transaction\advance_m.php(143): CodeIgniter\Debug\Exceptions->errorHandler(8, 'Undefined index...', 'D:\\xampp1\\htdoc...', 143, Array)
#1 D:\xampp1\htdocs\ag-accounting-pembiayaan\app\Controllers\transaction\advance.php(23): App\Models\transaction\advance_m->data()
#2 D:\xampp1\htdocs\ag-accounting-pembiayaan\vendor\codeigniter4\framework\system\CodeIgniter.php(935): App\Controllers\transaction\advance->index()
#3 D:\xampp1\htdocs\ag-accounting-pembiayaan\vendor\codeigniter4\framework\system\CodeIgniter.php(431): CodeIgniter\CodeIgniter->runController(Object(App\Controllers\transaction\advance))
#4 D:\xampp1\htdocs\ag-accounting-pembiayaan\vendor\codeigniter4\framework\system\CodeIgniter.php(332): CodeIgniter\CodeIgniter->handleRequest(NULL, Object(Config\Cache), false)
#5 D:\xampp1\htdocs\ag-accounting-pembiayaan\public\index.php(44): CodeIgniter\CodeIgniter->run()
#6 {main}
ERROR - 2021-12-17 09:06:18 --> ErrorException: pg_query(): Query failed: ERROR:  syntax error at or near &quot;)&quot;
LINE 1: SELECT SUM(DISTINCT advance1_nom)AS total)
                                                 ^ in D:\xampp1\htdocs\ag-accounting-pembiayaan\vendor\codeigniter4\framework\system\Database\Postgre\Connection.php:170
Stack trace:
#0 [internal function]: CodeIgniter\Debug\Exceptions->errorHandler(2, 'pg_query(): Que...', 'D:\\xampp1\\htdoc...', 170, Array)
#1 D:\xampp1\htdocs\ag-accounting-pembiayaan\vendor\codeigniter4\framework\system\Database\Postgre\Connection.php(170): pg_query(Resource id #139, 'SELECT SUM(DIST...')
#2 D:\xampp1\htdocs\ag-accounting-pembiayaan\vendor\codeigniter4\framework\system\Database\BaseConnection.php(715): CodeIgniter\Database\Postgre\Connection->execute('SELECT SUM(DIST...')
#3 D:\xampp1\htdocs\ag-accounting-pembiayaan\vendor\codeigniter4\framework\system\Database\BaseConnection.php(643): CodeIgniter\Database\BaseConnection->simpleQuery('SELECT SUM(DIST...')
#4 D:\xampp1\htdocs\ag-accounting-pembiayaan\vendor\codeigniter4\framework\system\Database\BaseBuilder.php(1866): CodeIgniter\Database\BaseConnection->query('SELECT SUM(DIST...', Array, false)
#5 D:\xampp1\htdocs\ag-accounting-pembiayaan\app\Models\transaction\advance_m.php(138): CodeIgniter\Database\BaseBuilder->get()
#6 D:\xampp1\htdocs\ag-accounting-pembiayaan\app\Controllers\transaction\advance.php(23): App\Models\transaction\advance_m->data()
#7 D:\xampp1\htdocs\ag-accounting-pembiayaan\vendor\codeigniter4\framework\system\CodeIgniter.php(935): App\Controllers\transaction\advance->index()
#8 D:\xampp1\htdocs\ag-accounting-pembiayaan\vendor\codeigniter4\framework\system\CodeIgniter.php(431): CodeIgniter\CodeIgniter->runController(Object(App\Controllers\transaction\advance))
#9 D:\xampp1\htdocs\ag-accounting-pembiayaan\vendor\codeigniter4\framework\system\CodeIgniter.php(332): CodeIgniter\CodeIgniter->handleRequest(NULL, Object(Config\Cache), false)
#10 D:\xampp1\htdocs\ag-accounting-pembiayaan\public\index.php(44): CodeIgniter\CodeIgniter->run()
#11 {main}
CRITICAL - 2021-12-17 09:06:18 --> Call to undefined method CodeIgniter\Session\Session::setFlasdata()
#0 D:\xampp1\htdocs\ag-accounting-pembiayaan\app\Controllers\transaction\advance.php(23): App\Models\transaction\advance_m->data()
#1 D:\xampp1\htdocs\ag-accounting-pembiayaan\vendor\codeigniter4\framework\system\CodeIgniter.php(935): App\Controllers\transaction\advance->index()
#2 D:\xampp1\htdocs\ag-accounting-pembiayaan\vendor\codeigniter4\framework\system\CodeIgniter.php(431): CodeIgniter\CodeIgniter->runController(Object(App\Controllers\transaction\advance))
#3 D:\xampp1\htdocs\ag-accounting-pembiayaan\vendor\codeigniter4\framework\system\CodeIgniter.php(332): CodeIgniter\CodeIgniter->handleRequest(NULL, Object(Config\Cache), false)
#4 D:\xampp1\htdocs\ag-accounting-pembiayaan\public\index.php(44): CodeIgniter\CodeIgniter->run()
#5 {main}
ERROR - 2021-12-17 09:06:35 --> ErrorException: pg_query(): Query failed: ERROR:  syntax error at or near &quot;)&quot;
LINE 1: SELECT SUM(DISTINCT advance1_nom)AS total)
                                                 ^ in D:\xampp1\htdocs\ag-accounting-pembiayaan\vendor\codeigniter4\framework\system\Database\Postgre\Connection.php:170
Stack trace:
#0 [internal function]: CodeIgniter\Debug\Exceptions->errorHandler(2, 'pg_query(): Que...', 'D:\\xampp1\\htdoc...', 170, Array)
#1 D:\xampp1\htdocs\ag-accounting-pembiayaan\vendor\codeigniter4\framework\system\Database\Postgre\Connection.php(170): pg_query(Resource id #139, 'SELECT SUM(DIST...')
#2 D:\xampp1\htdocs\ag-accounting-pembiayaan\vendor\codeigniter4\framework\system\Database\BaseConnection.php(715): CodeIgniter\Database\Postgre\Connection->execute('SELECT SUM(DIST...')
#3 D:\xampp1\htdocs\ag-accounting-pembiayaan\vendor\codeigniter4\framework\system\Database\BaseConnection.php(643): CodeIgniter\Database\BaseConnection->simpleQuery('SELECT SUM(DIST...')
#4 D:\xampp1\htdocs\ag-accounting-pembiayaan\vendor\codeigniter4\framework\system\Database\BaseBuilder.php(1866): CodeIgniter\Database\BaseConnection->query('SELECT SUM(DIST...', Array, false)
#5 D:\xampp1\htdocs\ag-accounting-pembiayaan\app\Models\transaction\advance_m.php(138): CodeIgniter\Database\BaseBuilder->get()
#6 D:\xampp1\htdocs\ag-accounting-pembiayaan\app\Controllers\transaction\advance.php(23): App\Models\transaction\advance_m->data()
#7 D:\xampp1\htdocs\ag-accounting-pembiayaan\vendor\codeigniter4\framework\system\CodeIgniter.php(935): App\Controllers\transaction\advance->index()
#8 D:\xampp1\htdocs\ag-accounting-pembiayaan\vendor\codeigniter4\framework\system\CodeIgniter.php(431): CodeIgniter\CodeIgniter->runController(Object(App\Controllers\transaction\advance))
#9 D:\xampp1\htdocs\ag-accounting-pembiayaan\vendor\codeigniter4\framework\system\CodeIgniter.php(332): CodeIgniter\CodeIgniter->handleRequest(NULL, Object(Config\Cache), false)
#10 D:\xampp1\htdocs\ag-accounting-pembiayaan\public\index.php(44): CodeIgniter\CodeIgniter->run()
#11 {main}
CRITICAL - 2021-12-17 09:10:36 --> Invalid file: transaction/advance_v?message=no.php
#0 D:\xampp1\htdocs\ag-accounting-pembiayaan\vendor\codeigniter4\framework\system\View\View.php(203): CodeIgniter\Exceptions\FrameworkException::forInvalidFile('transaction/adv...')
#1 D:\xampp1\htdocs\ag-accounting-pembiayaan\vendor\codeigniter4\framework\system\Common.php(1217): CodeIgniter\View\View->render('transaction/adv...', Array, true)
#2 D:\xampp1\htdocs\ag-accounting-pembiayaan\app\Controllers\transaction\advance.php(26): view('transaction/adv...', Array)
#3 D:\xampp1\htdocs\ag-accounting-pembiayaan\vendor\codeigniter4\framework\system\CodeIgniter.php(935): App\Controllers\transaction\advance->index()
#4 D:\xampp1\htdocs\ag-accounting-pembiayaan\vendor\codeigniter4\framework\system\CodeIgniter.php(431): CodeIgniter\CodeIgniter->runController(Object(App\Controllers\transaction\advance))
#5 D:\xampp1\htdocs\ag-accounting-pembiayaan\vendor\codeigniter4\framework\system\CodeIgniter.php(332): CodeIgniter\CodeIgniter->handleRequest(NULL, Object(Config\Cache), false)
#6 D:\xampp1\htdocs\ag-accounting-pembiayaan\public\index.php(44): CodeIgniter\CodeIgniter->run()
#7 {main}
ERROR - 2021-12-17 09:15:04 --> ErrorException: pg_query(): Query failed: ERROR:  syntax error at or near &quot;)&quot;
LINE 1: SELECT SUM(DISTINCT advance1_nom)AS total)
                                                 ^ in D:\xampp1\htdocs\ag-accounting-pembiayaan\vendor\codeigniter4\framework\system\Database\Postgre\Connection.php:170
Stack trace:
#0 [internal function]: CodeIgniter\Debug\Exceptions->errorHandler(2, 'pg_query(): Que...', 'D:\\xampp1\\htdoc...', 170, Array)
#1 D:\xampp1\htdocs\ag-accounting-pembiayaan\vendor\codeigniter4\framework\system\Database\Postgre\Connection.php(170): pg_query(Resource id #139, 'SELECT SUM(DIST...')
#2 D:\xampp1\htdocs\ag-accounting-pembiayaan\vendor\codeigniter4\framework\system\Database\BaseConnection.php(715): CodeIgniter\Database\Postgre\Connection->execute('SELECT SUM(DIST...')
#3 D:\xampp1\htdocs\ag-accounting-pembiayaan\vendor\codeigniter4\framework\system\Database\BaseConnection.php(643): CodeIgniter\Database\BaseConnection->simpleQuery('SELECT SUM(DIST...')
#4 D:\xampp1\htdocs\ag-accounting-pembiayaan\vendor\codeigniter4\framework\system\Database\BaseBuilder.php(1866): CodeIgniter\Database\BaseConnection->query('SELECT SUM(DIST...', Array, false)
#5 D:\xampp1\htdocs\ag-accounting-pembiayaan\app\Models\transaction\advance_m.php(138): CodeIgniter\Database\BaseBuilder->get()
#6 D:\xampp1\htdocs\ag-accounting-pembiayaan\app\Controllers\transaction\advance.php(23): App\Models\transaction\advance_m->data()
#7 D:\xampp1\htdocs\ag-accounting-pembiayaan\vendor\codeigniter4\framework\system\CodeIgniter.php(935): App\Controllers\transaction\advance->index()
#8 D:\xampp1\htdocs\ag-accounting-pembiayaan\vendor\codeigniter4\framework\system\CodeIgniter.php(431): CodeIgniter\CodeIgniter->runController(Object(App\Controllers\transaction\advance))
#9 D:\xampp1\htdocs\ag-accounting-pembiayaan\vendor\codeigniter4\framework\system\CodeIgniter.php(332): CodeIgniter\CodeIgniter->handleRequest(NULL, Object(Config\Cache), false)
#10 D:\xampp1\htdocs\ag-accounting-pembiayaan\public\index.php(44): CodeIgniter\CodeIgniter->run()
#11 {main}
CRITICAL - 2021-12-17 09:15:04 -->  route cannot be found while reverse-routing.
#0 D:\xampp1\htdocs\ag-accounting-pembiayaan\vendor\codeigniter4\framework\system\HTTP\RedirectResponse.php(63): CodeIgniter\HTTP\Exceptions\HTTPException::forInvalidRedirectRoute('')
#1 D:\xampp1\htdocs\ag-accounting-pembiayaan\vendor\codeigniter4\framework\system\Common.php(918): CodeIgniter\HTTP\RedirectResponse->route(false)
#2 D:\xampp1\htdocs\ag-accounting-pembiayaan\app\Models\transaction\advance_m.php(162): redirect('http://localhos...')
#3 D:\xampp1\htdocs\ag-accounting-pembiayaan\app\Controllers\transaction\advance.php(23): App\Models\transaction\advance_m->data()
#4 D:\xampp1\htdocs\ag-accounting-pembiayaan\vendor\codeigniter4\framework\system\CodeIgniter.php(935): App\Controllers\transaction\advance->index()
#5 D:\xampp1\htdocs\ag-accounting-pembiayaan\vendor\codeigniter4\framework\system\CodeIgniter.php(431): CodeIgniter\CodeIgniter->runController(Object(App\Controllers\transaction\advance))
#6 D:\xampp1\htdocs\ag-accounting-pembiayaan\vendor\codeigniter4\framework\system\CodeIgniter.php(332): CodeIgniter\CodeIgniter->handleRequest(NULL, Object(Config\Cache), false)
#7 D:\xampp1\htdocs\ag-accounting-pembiayaan\public\index.php(44): CodeIgniter\CodeIgniter->run()
#8 {main}
ERROR - 2021-12-17 09:24:17 --> ErrorException: pg_query(): Query failed: ERROR:  syntax error at or near &quot;)&quot;
LINE 1: SELECT SUM(DISTINCT advance1_nom)AS total)
                                                 ^ in D:\xampp1\htdocs\ag-accounting-pembiayaan\vendor\codeigniter4\framework\system\Database\Postgre\Connection.php:170
Stack trace:
#0 [internal function]: CodeIgniter\Debug\Exceptions->errorHandler(2, 'pg_query(): Que...', 'D:\\xampp1\\htdoc...', 170, Array)
#1 D:\xampp1\htdocs\ag-accounting-pembiayaan\vendor\codeigniter4\framework\system\Database\Postgre\Connection.php(170): pg_query(Resource id #140, 'SELECT SUM(DIST...')
#2 D:\xampp1\htdocs\ag-accounting-pembiayaan\vendor\codeigniter4\framework\system\Database\BaseConnection.php(715): CodeIgniter\Database\Postgre\Connection->execute('SELECT SUM(DIST...')
#3 D:\xampp1\htdocs\ag-accounting-pembiayaan\vendor\codeigniter4\framework\system\Database\BaseConnection.php(643): CodeIgniter\Database\BaseConnection->simpleQuery('SELECT SUM(DIST...')
#4 D:\xampp1\htdocs\ag-accounting-pembiayaan\vendor\codeigniter4\framework\system\Database\BaseBuilder.php(1866): CodeIgniter\Database\BaseConnection->query('SELECT SUM(DIST...', Array, false)
#5 D:\xampp1\htdocs\ag-accounting-pembiayaan\app\Models\transaction\advance_m.php(138): CodeIgniter\Database\BaseBuilder->get()
#6 D:\xampp1\htdocs\ag-accounting-pembiayaan\app\Controllers\transaction\advance.php(23): App\Models\transaction\advance_m->data()
#7 D:\xampp1\htdocs\ag-accounting-pembiayaan\vendor\codeigniter4\framework\system\CodeIgniter.php(935): App\Controllers\transaction\advance->index()
#8 D:\xampp1\htdocs\ag-accounting-pembiayaan\vendor\codeigniter4\framework\system\CodeIgniter.php(431): CodeIgniter\CodeIgniter->runController(Object(App\Controllers\transaction\advance))
#9 D:\xampp1\htdocs\ag-accounting-pembiayaan\vendor\codeigniter4\framework\system\CodeIgniter.php(332): CodeIgniter\CodeIgniter->handleRequest(NULL, Object(Config\Cache), false)
#10 D:\xampp1\htdocs\ag-accounting-pembiayaan\public\index.php(44): CodeIgniter\CodeIgniter->run()
#11 {main}
CRITICAL - 2021-12-17 09:24:17 -->  route cannot be found while reverse-routing.
#0 D:\xampp1\htdocs\ag-accounting-pembiayaan\vendor\codeigniter4\framework\system\HTTP\RedirectResponse.php(63): CodeIgniter\HTTP\Exceptions\HTTPException::forInvalidRedirectRoute('')
#1 D:\xampp1\htdocs\ag-accounting-pembiayaan\app\Models\transaction\advance_m.php(162): CodeIgniter\HTTP\RedirectResponse->route(false)
#2 D:\xampp1\htdocs\ag-accounting-pembiayaan\app\Controllers\transaction\advance.php(23): App\Models\transaction\advance_m->data()
#3 D:\xampp1\htdocs\ag-accounting-pembiayaan\vendor\codeigniter4\framework\system\CodeIgniter.php(935): App\Controllers\transaction\advance->index()
#4 D:\xampp1\htdocs\ag-accounting-pembiayaan\vendor\codeigniter4\framework\system\CodeIgniter.php(431): CodeIgniter\CodeIgniter->runController(Object(App\Controllers\transaction\advance))
#5 D:\xampp1\htdocs\ag-accounting-pembiayaan\vendor\codeigniter4\framework\system\CodeIgniter.php(332): CodeIgniter\CodeIgniter->handleRequest(NULL, Object(Config\Cache), false)
#6 D:\xampp1\htdocs\ag-accounting-pembiayaan\public\index.php(44): CodeIgniter\CodeIgniter->run()
#7 {main}
ERROR - 2021-12-17 09:24:34 --> ErrorException: pg_query(): Query failed: ERROR:  syntax error at or near &quot;)&quot;
LINE 1: SELECT SUM(DISTINCT advance1_nom)AS total)
                                                 ^ in D:\xampp1\htdocs\ag-accounting-pembiayaan\vendor\codeigniter4\framework\system\Database\Postgre\Connection.php:170
Stack trace:
#0 [internal function]: CodeIgniter\Debug\Exceptions->errorHandler(2, 'pg_query(): Que...', 'D:\\xampp1\\htdoc...', 170, Array)
#1 D:\xampp1\htdocs\ag-accounting-pembiayaan\vendor\codeigniter4\framework\system\Database\Postgre\Connection.php(170): pg_query(Resource id #139, 'SELECT SUM(DIST...')
#2 D:\xampp1\htdocs\ag-accounting-pembiayaan\vendor\codeigniter4\framework\system\Database\BaseConnection.php(715): CodeIgniter\Database\Postgre\Connection->execute('SELECT SUM(DIST...')
#3 D:\xampp1\htdocs\ag-accounting-pembiayaan\vendor\codeigniter4\framework\system\Database\BaseConnection.php(643): CodeIgniter\Database\BaseConnection->simpleQuery('SELECT SUM(DIST...')
#4 D:\xampp1\htdocs\ag-accounting-pembiayaan\vendor\codeigniter4\framework\system\Database\BaseBuilder.php(1866): CodeIgniter\Database\BaseConnection->query('SELECT SUM(DIST...', Array, false)
#5 D:\xampp1\htdocs\ag-accounting-pembiayaan\app\Models\transaction\advance_m.php(138): CodeIgniter\Database\BaseBuilder->get()
#6 D:\xampp1\htdocs\ag-accounting-pembiayaan\app\Controllers\transaction\advance.php(23): App\Models\transaction\advance_m->data()
#7 D:\xampp1\htdocs\ag-accounting-pembiayaan\vendor\codeigniter4\framework\system\CodeIgniter.php(935): App\Controllers\transaction\advance->index()
#8 D:\xampp1\htdocs\ag-accounting-pembiayaan\vendor\codeigniter4\framework\system\CodeIgniter.php(431): CodeIgniter\CodeIgniter->runController(Object(App\Controllers\transaction\advance))
#9 D:\xampp1\htdocs\ag-accounting-pembiayaan\vendor\codeigniter4\framework\system\CodeIgniter.php(332): CodeIgniter\CodeIgniter->handleRequest(NULL, Object(Config\Cache), false)
#10 D:\xampp1\htdocs\ag-accounting-pembiayaan\public\index.php(44): CodeIgniter\CodeIgniter->run()
#11 {main}
CRITICAL - 2021-12-17 09:24:34 -->  route cannot be found while reverse-routing.
#0 D:\xampp1\htdocs\ag-accounting-pembiayaan\vendor\codeigniter4\framework\system\HTTP\RedirectResponse.php(63): CodeIgniter\HTTP\Exceptions\HTTPException::forInvalidRedirectRoute('')
#1 D:\xampp1\htdocs\ag-accounting-pembiayaan\app\Models\transaction\advance_m.php(162): CodeIgniter\HTTP\RedirectResponse->route(false)
#2 D:\xampp1\htdocs\ag-accounting-pembiayaan\app\Controllers\transaction\advance.php(23): App\Models\transaction\advance_m->data()
#3 D:\xampp1\htdocs\ag-accounting-pembiayaan\vendor\codeigniter4\framework\system\CodeIgniter.php(935): App\Controllers\transaction\advance->index()
#4 D:\xampp1\htdocs\ag-accounting-pembiayaan\vendor\codeigniter4\framework\system\CodeIgniter.php(431): CodeIgniter\CodeIgniter->runController(Object(App\Controllers\transaction\advance))
#5 D:\xampp1\htdocs\ag-accounting-pembiayaan\vendor\codeigniter4\framework\system\CodeIgniter.php(332): CodeIgniter\CodeIgniter->handleRequest(NULL, Object(Config\Cache), false)
#6 D:\xampp1\htdocs\ag-accounting-pembiayaan\public\index.php(44): CodeIgniter\CodeIgniter->run()
#7 {main}
ERROR - 2021-12-17 09:29:35 --> ErrorException: pg_query(): Query failed: ERROR:  syntax error at or near &quot;)&quot;
LINE 1: SELECT SUM(DISTINCT advance1_nom)AS total)
                                                 ^ in D:\xampp1\htdocs\ag-accounting-pembiayaan\vendor\codeigniter4\framework\system\Database\Postgre\Connection.php:170
Stack trace:
#0 [internal function]: CodeIgniter\Debug\Exceptions->errorHandler(2, 'pg_query(): Que...', 'D:\\xampp1\\htdoc...', 170, Array)
#1 D:\xampp1\htdocs\ag-accounting-pembiayaan\vendor\codeigniter4\framework\system\Database\Postgre\Connection.php(170): pg_query(Resource id #140, 'SELECT SUM(DIST...')
#2 D:\xampp1\htdocs\ag-accounting-pembiayaan\vendor\codeigniter4\framework\system\Database\BaseConnection.php(715): CodeIgniter\Database\Postgre\Connection->execute('SELECT SUM(DIST...')
#3 D:\xampp1\htdocs\ag-accounting-pembiayaan\vendor\codeigniter4\framework\system\Database\BaseConnection.php(643): CodeIgniter\Database\BaseConnection->simpleQuery('SELECT SUM(DIST...')
#4 D:\xampp1\htdocs\ag-accounting-pembiayaan\vendor\codeigniter4\framework\system\Database\BaseBuilder.php(1866): CodeIgniter\Database\BaseConnection->query('SELECT SUM(DIST...', Array, false)
#5 D:\xampp1\htdocs\ag-accounting-pembiayaan\app\Models\transaction\advance_m.php(138): CodeIgniter\Database\BaseBuilder->get()
#6 D:\xampp1\htdocs\ag-accounting-pembiayaan\app\Controllers\transaction\advance.php(23): App\Models\transaction\advance_m->data()
#7 D:\xampp1\htdocs\ag-accounting-pembiayaan\vendor\codeigniter4\framework\system\CodeIgniter.php(935): App\Controllers\transaction\advance->index()
#8 D:\xampp1\htdocs\ag-accounting-pembiayaan\vendor\codeigniter4\framework\system\CodeIgniter.php(431): CodeIgniter\CodeIgniter->runController(Object(App\Controllers\transaction\advance))
#9 D:\xampp1\htdocs\ag-accounting-pembiayaan\vendor\codeigniter4\framework\system\CodeIgniter.php(332): CodeIgniter\CodeIgniter->handleRequest(NULL, Object(Config\Cache), false)
#10 D:\xampp1\htdocs\ag-accounting-pembiayaan\public\index.php(44): CodeIgniter\CodeIgniter->run()
#11 {main}
ERROR - 2021-12-17 09:30:22 --> ErrorException: pg_query(): Query failed: ERROR:  syntax error at or near &quot;)&quot;
LINE 1: SELECT SUM(DISTINCT advance1_nom)AS total)
                                                 ^ in D:\xampp1\htdocs\ag-accounting-pembiayaan\vendor\codeigniter4\framework\system\Database\Postgre\Connection.php:170
Stack trace:
#0 [internal function]: CodeIgniter\Debug\Exceptions->errorHandler(2, 'pg_query(): Que...', 'D:\\xampp1\\htdoc...', 170, Array)
#1 D:\xampp1\htdocs\ag-accounting-pembiayaan\vendor\codeigniter4\framework\system\Database\Postgre\Connection.php(170): pg_query(Resource id #139, 'SELECT SUM(DIST...')
#2 D:\xampp1\htdocs\ag-accounting-pembiayaan\vendor\codeigniter4\framework\system\Database\BaseConnection.php(715): CodeIgniter\Database\Postgre\Connection->execute('SELECT SUM(DIST...')
#3 D:\xampp1\htdocs\ag-accounting-pembiayaan\vendor\codeigniter4\framework\system\Database\BaseConnection.php(643): CodeIgniter\Database\BaseConnection->simpleQuery('SELECT SUM(DIST...')
#4 D:\xampp1\htdocs\ag-accounting-pembiayaan\vendor\codeigniter4\framework\system\Database\BaseBuilder.php(1866): CodeIgniter\Database\BaseConnection->query('SELECT SUM(DIST...', Array, false)
#5 D:\xampp1\htdocs\ag-accounting-pembiayaan\app\Models\transaction\advance_m.php(138): CodeIgniter\Database\BaseBuilder->get()
#6 D:\xampp1\htdocs\ag-accounting-pembiayaan\app\Controllers\transaction\advance.php(23): App\Models\transaction\advance_m->data()
#7 D:\xampp1\htdocs\ag-accounting-pembiayaan\vendor\codeigniter4\framework\system\CodeIgniter.php(935): App\Controllers\transaction\advance->index()
#8 D:\xampp1\htdocs\ag-accounting-pembiayaan\vendor\codeigniter4\framework\system\CodeIgniter.php(431): CodeIgniter\CodeIgniter->runController(Object(App\Controllers\transaction\advance))
#9 D:\xampp1\htdocs\ag-accounting-pembiayaan\vendor\codeigniter4\framework\system\CodeIgniter.php(332): CodeIgniter\CodeIgniter->handleRequest(NULL, Object(Config\Cache), false)
#10 D:\xampp1\htdocs\ag-accounting-pembiayaan\public\index.php(44): CodeIgniter\CodeIgniter->run()
#11 {main}
CRITICAL - 2021-12-17 09:30:22 -->  route cannot be found while reverse-routing.
#0 D:\xampp1\htdocs\ag-accounting-pembiayaan\vendor\codeigniter4\framework\system\HTTP\RedirectResponse.php(63): CodeIgniter\HTTP\Exceptions\HTTPException::forInvalidRedirectRoute('')
#1 D:\xampp1\htdocs\ag-accounting-pembiayaan\app\Controllers\transaction\advance.php(25): CodeIgniter\HTTP\RedirectResponse->route(false)
#2 D:\xampp1\htdocs\ag-accounting-pembiayaan\vendor\codeigniter4\framework\system\CodeIgniter.php(935): App\Controllers\transaction\advance->index()
#3 D:\xampp1\htdocs\ag-accounting-pembiayaan\vendor\codeigniter4\framework\system\CodeIgniter.php(431): CodeIgniter\CodeIgniter->runController(Object(App\Controllers\transaction\advance))
#4 D:\xampp1\htdocs\ag-accounting-pembiayaan\vendor\codeigniter4\framework\system\CodeIgniter.php(332): CodeIgniter\CodeIgniter->handleRequest(NULL, Object(Config\Cache), false)
#5 D:\xampp1\htdocs\ag-accounting-pembiayaan\public\index.php(44): CodeIgniter\CodeIgniter->run()
#6 {main}
ERROR - 2021-12-17 09:32:38 --> ErrorException: pg_query(): Query failed: ERROR:  syntax error at or near &quot;)&quot;
LINE 1: SELECT SUM(DISTINCT advance1_nom)AS total)
                                                 ^ in D:\xampp1\htdocs\ag-accounting-pembiayaan\vendor\codeigniter4\framework\system\Database\Postgre\Connection.php:170
Stack trace:
#0 [internal function]: CodeIgniter\Debug\Exceptions->errorHandler(2, 'pg_query(): Que...', 'D:\\xampp1\\htdoc...', 170, Array)
#1 D:\xampp1\htdocs\ag-accounting-pembiayaan\vendor\codeigniter4\framework\system\Database\Postgre\Connection.php(170): pg_query(Resource id #139, 'SELECT SUM(DIST...')
#2 D:\xampp1\htdocs\ag-accounting-pembiayaan\vendor\codeigniter4\framework\system\Database\BaseConnection.php(715): CodeIgniter\Database\Postgre\Connection->execute('SELECT SUM(DIST...')
#3 D:\xampp1\htdocs\ag-accounting-pembiayaan\vendor\codeigniter4\framework\system\Database\BaseConnection.php(643): CodeIgniter\Database\BaseConnection->simpleQuery('SELECT SUM(DIST...')
#4 D:\xampp1\htdocs\ag-accounting-pembiayaan\vendor\codeigniter4\framework\system\Database\BaseBuilder.php(1866): CodeIgniter\Database\BaseConnection->query('SELECT SUM(DIST...', Array, false)
#5 D:\xampp1\htdocs\ag-accounting-pembiayaan\app\Models\transaction\advance_m.php(138): CodeIgniter\Database\BaseBuilder->get()
#6 D:\xampp1\htdocs\ag-accounting-pembiayaan\app\Controllers\transaction\advance.php(23): App\Models\transaction\advance_m->data()
#7 D:\xampp1\htdocs\ag-accounting-pembiayaan\vendor\codeigniter4\framework\system\CodeIgniter.php(935): App\Controllers\transaction\advance->index()
#8 D:\xampp1\htdocs\ag-accounting-pembiayaan\vendor\codeigniter4\framework\system\CodeIgniter.php(431): CodeIgniter\CodeIgniter->runController(Object(App\Controllers\transaction\advance))
#9 D:\xampp1\htdocs\ag-accounting-pembiayaan\vendor\codeigniter4\framework\system\CodeIgniter.php(332): CodeIgniter\CodeIgniter->handleRequest(NULL, Object(Config\Cache), false)
#10 D:\xampp1\htdocs\ag-accounting-pembiayaan\public\index.php(44): CodeIgniter\CodeIgniter->run()
#11 {main}
ERROR - 2021-12-17 09:33:05 --> ErrorException: pg_query(): Query failed: ERROR:  syntax error at or near &quot;)&quot;
LINE 1: SELECT SUM(DISTINCT advance1_nom)AS total)
                                                 ^ in D:\xampp1\htdocs\ag-accounting-pembiayaan\vendor\codeigniter4\framework\system\Database\Postgre\Connection.php:170
Stack trace:
#0 [internal function]: CodeIgniter\Debug\Exceptions->errorHandler(2, 'pg_query(): Que...', 'D:\\xampp1\\htdoc...', 170, Array)
#1 D:\xampp1\htdocs\ag-accounting-pembiayaan\vendor\codeigniter4\framework\system\Database\Postgre\Connection.php(170): pg_query(Resource id #139, 'SELECT SUM(DIST...')
#2 D:\xampp1\htdocs\ag-accounting-pembiayaan\vendor\codeigniter4\framework\system\Database\BaseConnection.php(715): CodeIgniter\Database\Postgre\Connection->execute('SELECT SUM(DIST...')
#3 D:\xampp1\htdocs\ag-accounting-pembiayaan\vendor\codeigniter4\framework\system\Database\BaseConnection.php(643): CodeIgniter\Database\BaseConnection->simpleQuery('SELECT SUM(DIST...')
#4 D:\xampp1\htdocs\ag-accounting-pembiayaan\vendor\codeigniter4\framework\system\Database\BaseBuilder.php(1866): CodeIgniter\Database\BaseConnection->query('SELECT SUM(DIST...', Array, false)
#5 D:\xampp1\htdocs\ag-accounting-pembiayaan\app\Models\transaction\advance_m.php(138): CodeIgniter\Database\BaseBuilder->get()
#6 D:\xampp1\htdocs\ag-accounting-pembiayaan\app\Controllers\transaction\advance.php(23): App\Models\transaction\advance_m->data()
#7 D:\xampp1\htdocs\ag-accounting-pembiayaan\vendor\codeigniter4\framework\system\CodeIgniter.php(935): App\Controllers\transaction\advance->index()
#8 D:\xampp1\htdocs\ag-accounting-pembiayaan\vendor\codeigniter4\framework\system\CodeIgniter.php(431): CodeIgniter\CodeIgniter->runController(Object(App\Controllers\transaction\advance))
#9 D:\xampp1\htdocs\ag-accounting-pembiayaan\vendor\codeigniter4\framework\system\CodeIgniter.php(332): CodeIgniter\CodeIgniter->handleRequest(NULL, Object(Config\Cache), false)
#10 D:\xampp1\htdocs\ag-accounting-pembiayaan\public\index.php(44): CodeIgniter\CodeIgniter->run()
#11 {main}
ERROR - 2021-12-17 09:35:26 --> ErrorException: pg_query(): Query failed: ERROR:  syntax error at or near &quot;)&quot;
LINE 1: SELECT SUM(DISTINCT advance1_nom)AS total)
                                                 ^ in D:\xampp1\htdocs\ag-accounting-pembiayaan\vendor\codeigniter4\framework\system\Database\Postgre\Connection.php:170
Stack trace:
#0 [internal function]: CodeIgniter\Debug\Exceptions->errorHandler(2, 'pg_query(): Que...', 'D:\\xampp1\\htdoc...', 170, Array)
#1 D:\xampp1\htdocs\ag-accounting-pembiayaan\vendor\codeigniter4\framework\system\Database\Postgre\Connection.php(170): pg_query(Resource id #139, 'SELECT SUM(DIST...')
#2 D:\xampp1\htdocs\ag-accounting-pembiayaan\vendor\codeigniter4\framework\system\Database\BaseConnection.php(715): CodeIgniter\Database\Postgre\Connection->execute('SELECT SUM(DIST...')
#3 D:\xampp1\htdocs\ag-accounting-pembiayaan\vendor\codeigniter4\framework\system\Database\BaseConnection.php(643): CodeIgniter\Database\BaseConnection->simpleQuery('SELECT SUM(DIST...')
#4 D:\xampp1\htdocs\ag-accounting-pembiayaan\vendor\codeigniter4\framework\system\Database\BaseBuilder.php(1866): CodeIgniter\Database\BaseConnection->query('SELECT SUM(DIST...', Array, false)
#5 D:\xampp1\htdocs\ag-accounting-pembiayaan\app\Models\transaction\advance_m.php(138): CodeIgniter\Database\BaseBuilder->get()
#6 D:\xampp1\htdocs\ag-accounting-pembiayaan\app\Controllers\transaction\advance.php(23): App\Models\transaction\advance_m->data()
#7 D:\xampp1\htdocs\ag-accounting-pembiayaan\vendor\codeigniter4\framework\system\CodeIgniter.php(935): App\Controllers\transaction\advance->index()
#8 D:\xampp1\htdocs\ag-accounting-pembiayaan\vendor\codeigniter4\framework\system\CodeIgniter.php(431): CodeIgniter\CodeIgniter->runController(Object(App\Controllers\transaction\advance))
#9 D:\xampp1\htdocs\ag-accounting-pembiayaan\vendor\codeigniter4\framework\system\CodeIgniter.php(332): CodeIgniter\CodeIgniter->handleRequest(NULL, Object(Config\Cache), false)
#10 D:\xampp1\htdocs\ag-accounting-pembiayaan\public\index.php(44): CodeIgniter\CodeIgniter->run()
#11 {main}
ERROR - 2021-12-17 09:36:31 --> ErrorException: pg_query(): Query failed: ERROR:  syntax error at or near &quot;)&quot;
LINE 1: SELECT SUM(DISTINCT advance1_nom)AS total)
                                                 ^ in D:\xampp1\htdocs\ag-accounting-pembiayaan\vendor\codeigniter4\framework\system\Database\Postgre\Connection.php:170
Stack trace:
#0 [internal function]: CodeIgniter\Debug\Exceptions->errorHandler(2, 'pg_query(): Que...', 'D:\\xampp1\\htdoc...', 170, Array)
#1 D:\xampp1\htdocs\ag-accounting-pembiayaan\vendor\codeigniter4\framework\system\Database\Postgre\Connection.php(170): pg_query(Resource id #139, 'SELECT SUM(DIST...')
#2 D:\xampp1\htdocs\ag-accounting-pembiayaan\vendor\codeigniter4\framework\system\Database\BaseConnection.php(715): CodeIgniter\Database\Postgre\Connection->execute('SELECT SUM(DIST...')
#3 D:\xampp1\htdocs\ag-accounting-pembiayaan\vendor\codeigniter4\framework\system\Database\BaseConnection.php(643): CodeIgniter\Database\BaseConnection->simpleQuery('SELECT SUM(DIST...')
#4 D:\xampp1\htdocs\ag-accounting-pembiayaan\vendor\codeigniter4\framework\system\Database\BaseBuilder.php(1866): CodeIgniter\Database\BaseConnection->query('SELECT SUM(DIST...', Array, false)
#5 D:\xampp1\htdocs\ag-accounting-pembiayaan\app\Models\transaction\advance_m.php(138): CodeIgniter\Database\BaseBuilder->get()
#6 D:\xampp1\htdocs\ag-accounting-pembiayaan\app\Controllers\transaction\advance.php(23): App\Models\transaction\advance_m->data()
#7 D:\xampp1\htdocs\ag-accounting-pembiayaan\vendor\codeigniter4\framework\system\CodeIgniter.php(935): App\Controllers\transaction\advance->index()
#8 D:\xampp1\htdocs\ag-accounting-pembiayaan\vendor\codeigniter4\framework\system\CodeIgniter.php(431): CodeIgniter\CodeIgniter->runController(Object(App\Controllers\transaction\advance))
#9 D:\xampp1\htdocs\ag-accounting-pembiayaan\vendor\codeigniter4\framework\system\CodeIgniter.php(332): CodeIgniter\CodeIgniter->handleRequest(NULL, Object(Config\Cache), false)
#10 D:\xampp1\htdocs\ag-accounting-pembiayaan\public\index.php(44): CodeIgniter\CodeIgniter->run()
#11 {main}
ERROR - 2021-12-17 10:14:18 --> ErrorException: pg_query(): Query failed: ERROR:  syntax error at or near &quot;)&quot;
LINE 1: SELECT SUM(DISTINCT advance1_nom)AS total)
                                                 ^ in D:\xampp1\htdocs\ag-accounting-pembiayaan\vendor\codeigniter4\framework\system\Database\Postgre\Connection.php:170
Stack trace:
#0 [internal function]: CodeIgniter\Debug\Exceptions->errorHandler(2, 'pg_query(): Que...', 'D:\\xampp1\\htdoc...', 170, Array)
#1 D:\xampp1\htdocs\ag-accounting-pembiayaan\vendor\codeigniter4\framework\system\Database\Postgre\Connection.php(170): pg_query(Resource id #140, 'SELECT SUM(DIST...')
#2 D:\xampp1\htdocs\ag-accounting-pembiayaan\vendor\codeigniter4\framework\system\Database\BaseConnection.php(715): CodeIgniter\Database\Postgre\Connection->execute('SELECT SUM(DIST...')
#3 D:\xampp1\htdocs\ag-accounting-pembiayaan\vendor\codeigniter4\framework\system\Database\BaseConnection.php(643): CodeIgniter\Database\BaseConnection->simpleQuery('SELECT SUM(DIST...')
#4 D:\xampp1\htdocs\ag-accounting-pembiayaan\vendor\codeigniter4\framework\system\Database\BaseBuilder.php(1866): CodeIgniter\Database\BaseConnection->query('SELECT SUM(DIST...', Array, false)
#5 D:\xampp1\htdocs\ag-accounting-pembiayaan\app\Models\transaction\advance_m.php(138): CodeIgniter\Database\BaseBuilder->get()
#6 D:\xampp1\htdocs\ag-accounting-pembiayaan\app\Controllers\transaction\advance.php(23): App\Models\transaction\advance_m->data()
#7 D:\xampp1\htdocs\ag-accounting-pembiayaan\vendor\codeigniter4\framework\system\CodeIgniter.php(935): App\Controllers\transaction\advance->index()
#8 D:\xampp1\htdocs\ag-accounting-pembiayaan\vendor\codeigniter4\framework\system\CodeIgniter.php(431): CodeIgniter\CodeIgniter->runController(Object(App\Controllers\transaction\advance))
#9 D:\xampp1\htdocs\ag-accounting-pembiayaan\vendor\codeigniter4\framework\system\CodeIgniter.php(332): CodeIgniter\CodeIgniter->handleRequest(NULL, Object(Config\Cache), false)
#10 D:\xampp1\htdocs\ag-accounting-pembiayaan\public\index.php(44): CodeIgniter\CodeIgniter->run()
#11 {main}
ERROR - 2021-12-17 10:14:35 --> ErrorException: pg_query(): Query failed: ERROR:  syntax error at or near &quot;)&quot;
LINE 1: SELECT SUM(DISTINCT advance1_nom)AS total)
                                                 ^ in D:\xampp1\htdocs\ag-accounting-pembiayaan\vendor\codeigniter4\framework\system\Database\Postgre\Connection.php:170
Stack trace:
#0 [internal function]: CodeIgniter\Debug\Exceptions->errorHandler(2, 'pg_query(): Que...', 'D:\\xampp1\\htdoc...', 170, Array)
#1 D:\xampp1\htdocs\ag-accounting-pembiayaan\vendor\codeigniter4\framework\system\Database\Postgre\Connection.php(170): pg_query(Resource id #139, 'SELECT SUM(DIST...')
#2 D:\xampp1\htdocs\ag-accounting-pembiayaan\vendor\codeigniter4\framework\system\Database\BaseConnection.php(715): CodeIgniter\Database\Postgre\Connection->execute('SELECT SUM(DIST...')
#3 D:\xampp1\htdocs\ag-accounting-pembiayaan\vendor\codeigniter4\framework\system\Database\BaseConnection.php(643): CodeIgniter\Database\BaseConnection->simpleQuery('SELECT SUM(DIST...')
#4 D:\xampp1\htdocs\ag-accounting-pembiayaan\vendor\codeigniter4\framework\system\Database\BaseBuilder.php(1866): CodeIgniter\Database\BaseConnection->query('SELECT SUM(DIST...', Array, false)
#5 D:\xampp1\htdocs\ag-accounting-pembiayaan\app\Models\transaction\advance_m.php(138): CodeIgniter\Database\BaseBuilder->get()
#6 D:\xampp1\htdocs\ag-accounting-pembiayaan\app\Controllers\transaction\advance.php(23): App\Models\transaction\advance_m->data()
#7 D:\xampp1\htdocs\ag-accounting-pembiayaan\vendor\codeigniter4\framework\system\CodeIgniter.php(935): App\Controllers\transaction\advance->index()
#8 D:\xampp1\htdocs\ag-accounting-pembiayaan\vendor\codeigniter4\framework\system\CodeIgniter.php(431): CodeIgniter\CodeIgniter->runController(Object(App\Controllers\transaction\advance))
#9 D:\xampp1\htdocs\ag-accounting-pembiayaan\vendor\codeigniter4\framework\system\CodeIgniter.php(332): CodeIgniter\CodeIgniter->handleRequest(NULL, Object(Config\Cache), false)
#10 D:\xampp1\htdocs\ag-accounting-pembiayaan\public\index.php(44): CodeIgniter\CodeIgniter->run()
#11 {main}
ERROR - 2021-12-17 10:15:33 --> ErrorException: pg_query(): Query failed: ERROR:  syntax error at or near &quot;)&quot;
LINE 1: SELECT SUM(DISTINCT advance1_nom)AS total)
                                                 ^ in D:\xampp1\htdocs\ag-accounting-pembiayaan\vendor\codeigniter4\framework\system\Database\Postgre\Connection.php:170
Stack trace:
#0 [internal function]: CodeIgniter\Debug\Exceptions->errorHandler(2, 'pg_query(): Que...', 'D:\\xampp1\\htdoc...', 170, Array)
#1 D:\xampp1\htdocs\ag-accounting-pembiayaan\vendor\codeigniter4\framework\system\Database\Postgre\Connection.php(170): pg_query(Resource id #139, 'SELECT SUM(DIST...')
#2 D:\xampp1\htdocs\ag-accounting-pembiayaan\vendor\codeigniter4\framework\system\Database\BaseConnection.php(715): CodeIgniter\Database\Postgre\Connection->execute('SELECT SUM(DIST...')
#3 D:\xampp1\htdocs\ag-accounting-pembiayaan\vendor\codeigniter4\framework\system\Database\BaseConnection.php(643): CodeIgniter\Database\BaseConnection->simpleQuery('SELECT SUM(DIST...')
#4 D:\xampp1\htdocs\ag-accounting-pembiayaan\vendor\codeigniter4\framework\system\Database\BaseBuilder.php(1866): CodeIgniter\Database\BaseConnection->query('SELECT SUM(DIST...', Array, false)
#5 D:\xampp1\htdocs\ag-accounting-pembiayaan\app\Models\transaction\advance_m.php(138): CodeIgniter\Database\BaseBuilder->get()
#6 D:\xampp1\htdocs\ag-accounting-pembiayaan\app\Controllers\transaction\advance.php(23): App\Models\transaction\advance_m->data()
#7 D:\xampp1\htdocs\ag-accounting-pembiayaan\vendor\codeigniter4\framework\system\CodeIgniter.php(935): App\Controllers\transaction\advance->index()
#8 D:\xampp1\htdocs\ag-accounting-pembiayaan\vendor\codeigniter4\framework\system\CodeIgniter.php(431): CodeIgniter\CodeIgniter->runController(Object(App\Controllers\transaction\advance))
#9 D:\xampp1\htdocs\ag-accounting-pembiayaan\vendor\codeigniter4\framework\system\CodeIgniter.php(332): CodeIgniter\CodeIgniter->handleRequest(NULL, Object(Config\Cache), false)
#10 D:\xampp1\htdocs\ag-accounting-pembiayaan\public\index.php(44): CodeIgniter\CodeIgniter->run()
#11 {main}
ERROR - 2021-12-17 10:16:34 --> ErrorException: pg_query(): Query failed: ERROR:  syntax error at or near &quot;)&quot;
LINE 1: SELECT SUM(DISTINCT advance1_nom)AS total)
                                                 ^ in D:\xampp1\htdocs\ag-accounting-pembiayaan\vendor\codeigniter4\framework\system\Database\Postgre\Connection.php:170
Stack trace:
#0 [internal function]: CodeIgniter\Debug\Exceptions->errorHandler(2, 'pg_query(): Que...', 'D:\\xampp1\\htdoc...', 170, Array)
#1 D:\xampp1\htdocs\ag-accounting-pembiayaan\vendor\codeigniter4\framework\system\Database\Postgre\Connection.php(170): pg_query(Resource id #139, 'SELECT SUM(DIST...')
#2 D:\xampp1\htdocs\ag-accounting-pembiayaan\vendor\codeigniter4\framework\system\Database\BaseConnection.php(715): CodeIgniter\Database\Postgre\Connection->execute('SELECT SUM(DIST...')
#3 D:\xampp1\htdocs\ag-accounting-pembiayaan\vendor\codeigniter4\framework\system\Database\BaseConnection.php(643): CodeIgniter\Database\BaseConnection->simpleQuery('SELECT SUM(DIST...')
#4 D:\xampp1\htdocs\ag-accounting-pembiayaan\vendor\codeigniter4\framework\system\Database\BaseBuilder.php(1866): CodeIgniter\Database\BaseConnection->query('SELECT SUM(DIST...', Array, false)
#5 D:\xampp1\htdocs\ag-accounting-pembiayaan\app\Models\transaction\advance_m.php(138): CodeIgniter\Database\BaseBuilder->get()
#6 D:\xampp1\htdocs\ag-accounting-pembiayaan\app\Controllers\transaction\advance.php(23): App\Models\transaction\advance_m->data()
#7 D:\xampp1\htdocs\ag-accounting-pembiayaan\vendor\codeigniter4\framework\system\CodeIgniter.php(935): App\Controllers\transaction\advance->index()
#8 D:\xampp1\htdocs\ag-accounting-pembiayaan\vendor\codeigniter4\framework\system\CodeIgniter.php(431): CodeIgniter\CodeIgniter->runController(Object(App\Controllers\transaction\advance))
#9 D:\xampp1\htdocs\ag-accounting-pembiayaan\vendor\codeigniter4\framework\system\CodeIgniter.php(332): CodeIgniter\CodeIgniter->handleRequest(NULL, Object(Config\Cache), false)
#10 D:\xampp1\htdocs\ag-accounting-pembiayaan\public\index.php(44): CodeIgniter\CodeIgniter->run()
#11 {main}
