ERROR - 2023-01-10 17:30:31 --> mysqli_sql_exception: Unknown column 'store_id' in 'where clause' in D:\xampp\htdocs\pos\vendor\codeigniter4\framework\system\Database\MySQLi\Connection.php:292
Stack trace:
#0 D:\xampp\htdocs\pos\vendor\codeigniter4\framework\system\Database\MySQLi\Connection.php(292): mysqli->query('SELECT *\nFROM `...', 0)
#1 D:\xampp\htdocs\pos\vendor\codeigniter4\framework\system\Database\BaseConnection.php(666): CodeIgniter\Database\MySQLi\Connection->execute('SELECT *\nFROM `...')
#2 D:\xampp\htdocs\pos\vendor\codeigniter4\framework\system\Database\BaseConnection.php(593): CodeIgniter\Database\BaseConnection->simpleQuery('SELECT *\nFROM `...')
#3 D:\xampp\htdocs\pos\vendor\codeigniter4\framework\system\Database\BaseBuilder.php(1718): CodeIgniter\Database\BaseConnection->query('SELECT *\nFROM `...', Array, false)
#4 D:\xampp\htdocs\pos\app\Models\master\maccount_m.php(22): CodeIgniter\Database\BaseBuilder->getWhere(Array)
#5 D:\xampp\htdocs\pos\app\Controllers\master\maccount.php(22): App\Models\master\maccount_m->data()
#6 D:\xampp\htdocs\pos\vendor\codeigniter4\framework\system\CodeIgniter.php(927): App\Controllers\master\maccount->index()
#7 D:\xampp\htdocs\pos\vendor\codeigniter4\framework\system\CodeIgniter.php(482): CodeIgniter\CodeIgniter->runController(Object(App\Controllers\master\maccount))
#8 D:\xampp\htdocs\pos\vendor\codeigniter4\framework\system\CodeIgniter.php(351): CodeIgniter\CodeIgniter->handleRequest(NULL, Object(Config\Cache), false)
#9 D:\xampp\htdocs\pos\public\index.php(67): CodeIgniter\CodeIgniter->run()
#10 {main}
CRITICAL - 2023-01-10 17:30:31 --> Unknown column 'store_id' in 'where clause'
in SYSTEMPATH\Database\MySQLi\Connection.php on line 292.
 1 SYSTEMPATH\Database\MySQLi\Connection.php(292): mysqli->query('SELECT *
FROM `account`
WHERE `account_id` = -1
AND `store_id` = \'1\'', 0)
 2 SYSTEMPATH\Database\BaseConnection.php(666): CodeIgniter\Database\MySQLi\Connection->execute('SELECT *
FROM `account`
WHERE `account_id` = -1
AND `store_id` = \'1\'')
 3 SYSTEMPATH\Database\BaseConnection.php(593): CodeIgniter\Database\BaseConnection->simpleQuery('SELECT *
FROM `account`
WHERE `account_id` = -1
AND `store_id` = \'1\'')
 4 SYSTEMPATH\Database\BaseBuilder.php(1718): CodeIgniter\Database\BaseConnection->query('SELECT *
FROM `account`
WHERE `account_id` = :account_id:
AND `store_id` = :store_id:', [...], false)
 5 APPPATH\Models\master\maccount_m.php(22): CodeIgniter\Database\BaseBuilder->getWhere([...])
 6 APPPATH\Controllers\master\maccount.php(22): App\Models\master\maccount_m->data()
 7 SYSTEMPATH\CodeIgniter.php(927): App\Controllers\master\maccount->index()
 8 SYSTEMPATH\CodeIgniter.php(482): CodeIgniter\CodeIgniter->runController(Object(App\Controllers\master\maccount))
 9 SYSTEMPATH\CodeIgniter.php(351): CodeIgniter\CodeIgniter->handleRequest(null, Object(Config\Cache), false)
10 FCPATH\index.php(67): CodeIgniter\CodeIgniter->run()
CRITICAL - 2023-01-10 17:33:51 --> Undefined property: stdClass::$account_typee
in APPPATH\Views\master\maccount_v.php on line 179.
 1 APPPATH\Views\master\maccount_v.php(179): CodeIgniter\Debug\Exceptions->errorHandler(2, 'Undefined property: stdClass::$account_typee', 'APPPATH\\Views\\master\\maccount_v.php', 179)
 2 SYSTEMPATH\View\View.php(213): include('APPPATH\\Views\\master\\maccount_v.php')
 3 SYSTEMPATH\View\View.php(216): CodeIgniter\View\View->CodeIgniter\View\{closure}()
 4 SYSTEMPATH\Common.php(1134): CodeIgniter\View\View->render('master/maccount_v', [], true)
 5 APPPATH\Controllers\master\maccount.php(23): view('master/maccount_v', [...])
 6 SYSTEMPATH\CodeIgniter.php(927): App\Controllers\master\maccount->index()
 7 SYSTEMPATH\CodeIgniter.php(482): CodeIgniter\CodeIgniter->runController(Object(App\Controllers\master\maccount))
 8 SYSTEMPATH\CodeIgniter.php(351): CodeIgniter\CodeIgniter->handleRequest(null, Object(Config\Cache), false)
 9 FCPATH\index.php(67): CodeIgniter\CodeIgniter->run()
CRITICAL - 2023-01-10 18:13:32 --> Undefined variable $message
in APPPATH\Views\report\rneraca_v.php on line 54.
 1 APPPATH\Views\report\rneraca_v.php(54): CodeIgniter\Debug\Exceptions->errorHandler(2, 'Undefined variable $message', 'APPPATH\\Views\\report\\rneraca_v.php', 54)
 2 SYSTEMPATH\View\View.php(213): include('APPPATH\\Views\\report\\rneraca_v.php')
 3 SYSTEMPATH\View\View.php(216): CodeIgniter\View\View->CodeIgniter\View\{closure}()
 4 SYSTEMPATH\Common.php(1134): CodeIgniter\View\View->render('report/rneraca_v', [], true)
 5 APPPATH\Controllers\report\rneraca.php(21): view('report/rneraca_v')
 6 SYSTEMPATH\CodeIgniter.php(927): App\Controllers\report\rneraca->index()
 7 SYSTEMPATH\CodeIgniter.php(482): CodeIgniter\CodeIgniter->runController(Object(App\Controllers\report\rneraca))
 8 SYSTEMPATH\CodeIgniter.php(351): CodeIgniter\CodeIgniter->handleRequest(null, Object(Config\Cache), false)
 9 FCPATH\index.php(67): CodeIgniter\CodeIgniter->run()
