ERROR - 2023-04-10 00:47:23 --> mysqli_sql_exception: Unknown column 'stockopname_id' in 'where clause' in D:\xampp\htdocs\pos\vendor\codeigniter4\framework\system\Database\MySQLi\Connection.php:292
Stack trace:
#0 D:\xampp\htdocs\pos\vendor\codeigniter4\framework\system\Database\MySQLi\Connection.php(292): mysqli->query('SELECT *\nFROM `...', 0)
#1 D:\xampp\htdocs\pos\vendor\codeigniter4\framework\system\Database\BaseConnection.php(666): CodeIgniter\Database\MySQLi\Connection->execute('SELECT *\nFROM `...')
#2 D:\xampp\htdocs\pos\vendor\codeigniter4\framework\system\Database\BaseConnection.php(593): CodeIgniter\Database\BaseConnection->simpleQuery('SELECT *\nFROM `...')
#3 D:\xampp\htdocs\pos\vendor\codeigniter4\framework\system\Database\BaseBuilder.php(1718): CodeIgniter\Database\BaseConnection->query('SELECT *\nFROM `...', Array, false)
#4 D:\xampp\htdocs\pos\app\Models\transaction\stockopname_m.php(45): CodeIgniter\Database\BaseBuilder->getWhere(Array)
#5 D:\xampp\htdocs\pos\app\Controllers\transaction\stockopname.php(22): App\Models\transaction\stockopname_m->data()
#6 D:\xampp\htdocs\pos\vendor\codeigniter4\framework\system\CodeIgniter.php(927): App\Controllers\transaction\stockopname->index()
#7 D:\xampp\htdocs\pos\vendor\codeigniter4\framework\system\CodeIgniter.php(482): CodeIgniter\CodeIgniter->runController(Object(App\Controllers\transaction\stockopname))
#8 D:\xampp\htdocs\pos\vendor\codeigniter4\framework\system\CodeIgniter.php(351): CodeIgniter\CodeIgniter->handleRequest(NULL, Object(Config\Cache), false)
#9 D:\xampp\htdocs\pos\public\index.php(67): CodeIgniter\CodeIgniter->run()
#10 {main}
CRITICAL - 2023-04-10 00:47:23 --> Unknown column 'stockopname_id' in 'where clause'
in SYSTEMPATH\Database\MySQLi\Connection.php on line 292.
 1 SYSTEMPATH\Database\MySQLi\Connection.php(292): mysqli->query('SELECT *
FROM `purchased`
WHERE `stockopname_id` = -1
AND `store_id` = \'0\'
ORDER BY `purchased_id` DESC
 LIMIT 1', 0)
 2 SYSTEMPATH\Database\BaseConnection.php(666): CodeIgniter\Database\MySQLi\Connection->execute('SELECT *
FROM `purchased`
WHERE `stockopname_id` = -1
AND `store_id` = \'0\'
ORDER BY `purchased_id` DESC
 LIMIT 1')
 3 SYSTEMPATH\Database\BaseConnection.php(593): CodeIgniter\Database\BaseConnection->simpleQuery('SELECT *
FROM `purchased`
WHERE `stockopname_id` = -1
AND `store_id` = \'0\'
ORDER BY `purchased_id` DESC
 LIMIT 1')
 4 SYSTEMPATH\Database\BaseBuilder.php(1718): CodeIgniter\Database\BaseConnection->query('SELECT *
FROM `purchased`
WHERE `stockopname_id` = :stockopname_id:
AND `store_id` = :store_id:
ORDER BY `purchased_id` DESC
 LIMIT 1', [...], false)
 5 APPPATH\Models\transaction\stockopname_m.php(45): CodeIgniter\Database\BaseBuilder->getWhere([...])
 6 APPPATH\Controllers\transaction\stockopname.php(22): App\Models\transaction\stockopname_m->data()
 7 SYSTEMPATH\CodeIgniter.php(927): App\Controllers\transaction\stockopname->index()
 8 SYSTEMPATH\CodeIgniter.php(482): CodeIgniter\CodeIgniter->runController(Object(App\Controllers\transaction\stockopname))
 9 SYSTEMPATH\CodeIgniter.php(351): CodeIgniter\CodeIgniter->handleRequest(null, Object(Config\Cache), false)
10 FCPATH\index.php(67): CodeIgniter\CodeIgniter->run()
ERROR - 2023-04-10 00:54:08 --> mysqli_sql_exception: Not unique table/alias: 'product' in D:\xampp\htdocs\pos\vendor\codeigniter4\framework\system\Database\MySQLi\Connection.php:292
Stack trace:
#0 D:\xampp\htdocs\pos\vendor\codeigniter4\framework\system\Database\MySQLi\Connection.php(292): mysqli->query('SELECT *\nFROM `...', 0)
#1 D:\xampp\htdocs\pos\vendor\codeigniter4\framework\system\Database\BaseConnection.php(666): CodeIgniter\Database\MySQLi\Connection->execute('SELECT *\nFROM `...')
#2 D:\xampp\htdocs\pos\vendor\codeigniter4\framework\system\Database\BaseConnection.php(593): CodeIgniter\Database\BaseConnection->simpleQuery('SELECT *\nFROM `...')
#3 D:\xampp\htdocs\pos\vendor\codeigniter4\framework\system\Database\BaseBuilder.php(1585): CodeIgniter\Database\BaseConnection->query('SELECT *\nFROM `...', Array, false)
#4 D:\xampp\htdocs\pos\app\Views\transaction\stockopname_v.php(220): CodeIgniter\Database\BaseBuilder->get()
#5 D:\xampp\htdocs\pos\vendor\codeigniter4\framework\system\View\View.php(213): include('D:\\xampp\\htdocs...')
#6 D:\xampp\htdocs\pos\vendor\codeigniter4\framework\system\View\View.php(216): CodeIgniter\View\View->CodeIgniter\View\{closure}()
#7 D:\xampp\htdocs\pos\vendor\codeigniter4\framework\system\Common.php(1134): CodeIgniter\View\View->render('transaction/sto...', Array, true)
#8 D:\xampp\htdocs\pos\app\Controllers\transaction\stockopname.php(23): view('transaction/sto...', Array)
#9 D:\xampp\htdocs\pos\vendor\codeigniter4\framework\system\CodeIgniter.php(927): App\Controllers\transaction\stockopname->index()
#10 D:\xampp\htdocs\pos\vendor\codeigniter4\framework\system\CodeIgniter.php(482): CodeIgniter\CodeIgniter->runController(Object(App\Controllers\transaction\stockopname))
#11 D:\xampp\htdocs\pos\vendor\codeigniter4\framework\system\CodeIgniter.php(351): CodeIgniter\CodeIgniter->handleRequest(NULL, Object(Config\Cache), false)
#12 D:\xampp\htdocs\pos\public\index.php(67): CodeIgniter\CodeIgniter->run()
#13 {main}
CRITICAL - 2023-04-10 00:54:08 --> Not unique table/alias: 'product'
in SYSTEMPATH\Database\MySQLi\Connection.php on line 292.
 1 SYSTEMPATH\Database\MySQLi\Connection.php(292): mysqli->query('SELECT *
FROM `product`
LEFT JOIN `product` ON `product`.`product_id`=`product`.`product_id`
LEFT JOIN `unit` ON `unit`.`unit_id`=`product`.`unit_id`
LEFT JOIN `store` ON `store`.`store_id`=`product`.`store_id`
WHERE `product`.`store_id` = \'0\'
ORDER BY `product_name` ASC', 0)
 2 SYSTEMPATH\Database\BaseConnection.php(666): CodeIgniter\Database\MySQLi\Connection->execute('SELECT *
FROM `product`
LEFT JOIN `product` ON `product`.`product_id`=`product`.`product_id`
LEFT JOIN `unit` ON `unit`.`unit_id`=`product`.`unit_id`
LEFT JOIN `store` ON `store`.`store_id`=`product`.`store_id`
WHERE `product`.`store_id` = \'0\'
ORDER BY `product_name` ASC')
 3 SYSTEMPATH\Database\BaseConnection.php(593): CodeIgniter\Database\BaseConnection->simpleQuery('SELECT *
FROM `product`
LEFT JOIN `product` ON `product`.`product_id`=`product`.`product_id`
LEFT JOIN `unit` ON `unit`.`unit_id`=`product`.`unit_id`
LEFT JOIN `store` ON `store`.`store_id`=`product`.`store_id`
WHERE `product`.`store_id` = \'0\'
ORDER BY `product_name` ASC')
 4 SYSTEMPATH\Database\BaseBuilder.php(1585): CodeIgniter\Database\BaseConnection->query('SELECT *
FROM `product`
LEFT JOIN `product` ON `product`.`product_id`=`product`.`product_id`
LEFT JOIN `unit` ON `unit`.`unit_id`=`product`.`unit_id`
LEFT JOIN `store` ON `store`.`store_id`=`product`.`store_id`
WHERE `product`.`store_id` = :product.store_id:
ORDER BY `product_name` ASC', [...], false)
 5 APPPATH\Views\transaction\stockopname_v.php(220): CodeIgniter\Database\BaseBuilder->get()
 6 SYSTEMPATH\View\View.php(213): include('APPPATH\\Views\\transaction\\stockopname_v.php')
 7 SYSTEMPATH\View\View.php(216): CodeIgniter\View\View->CodeIgniter\View\{closure}()
 8 SYSTEMPATH\Common.php(1134): CodeIgniter\View\View->render('transaction/stockopname_v', [], true)
 9 APPPATH\Controllers\transaction\stockopname.php(23): view('transaction/stockopname_v', [...])
10 SYSTEMPATH\CodeIgniter.php(927): App\Controllers\transaction\stockopname->index()
11 SYSTEMPATH\CodeIgniter.php(482): CodeIgniter\CodeIgniter->runController(Object(App\Controllers\transaction\stockopname))
12 SYSTEMPATH\CodeIgniter.php(351): CodeIgniter\CodeIgniter->handleRequest(null, Object(Config\Cache), false)
13 FCPATH\index.php(67): CodeIgniter\CodeIgniter->run()
ERROR - 2023-04-10 01:16:22 --> mysqli_sql_exception: Unknown column 'product.store_id' in 'on clause' in D:\xampp\htdocs\pos\vendor\codeigniter4\framework\system\Database\MySQLi\Connection.php:292
Stack trace:
#0 D:\xampp\htdocs\pos\vendor\codeigniter4\framework\system\Database\MySQLi\Connection.php(292): mysqli->query('SELECT *\nFROM `...', 0)
#1 D:\xampp\htdocs\pos\vendor\codeigniter4\framework\system\Database\BaseConnection.php(666): CodeIgniter\Database\MySQLi\Connection->execute('SELECT *\nFROM `...')
#2 D:\xampp\htdocs\pos\vendor\codeigniter4\framework\system\Database\BaseConnection.php(593): CodeIgniter\Database\BaseConnection->simpleQuery('SELECT *\nFROM `...')
#3 D:\xampp\htdocs\pos\vendor\codeigniter4\framework\system\Database\BaseBuilder.php(1585): CodeIgniter\Database\BaseConnection->query('SELECT *\nFROM `...', Array, false)
#4 D:\xampp\htdocs\pos\app\Views\transaction\stockopname_v.php(217): CodeIgniter\Database\BaseBuilder->get()
#5 D:\xampp\htdocs\pos\vendor\codeigniter4\framework\system\View\View.php(213): include('D:\\xampp\\htdocs...')
#6 D:\xampp\htdocs\pos\vendor\codeigniter4\framework\system\View\View.php(216): CodeIgniter\View\View->CodeIgniter\View\{closure}()
#7 D:\xampp\htdocs\pos\vendor\codeigniter4\framework\system\Common.php(1134): CodeIgniter\View\View->render('transaction/sto...', Array, true)
#8 D:\xampp\htdocs\pos\app\Controllers\transaction\stockopname.php(23): view('transaction/sto...', Array)
#9 D:\xampp\htdocs\pos\vendor\codeigniter4\framework\system\CodeIgniter.php(927): App\Controllers\transaction\stockopname->index()
#10 D:\xampp\htdocs\pos\vendor\codeigniter4\framework\system\CodeIgniter.php(482): CodeIgniter\CodeIgniter->runController(Object(App\Controllers\transaction\stockopname))
#11 D:\xampp\htdocs\pos\vendor\codeigniter4\framework\system\CodeIgniter.php(351): CodeIgniter\CodeIgniter->handleRequest(NULL, Object(Config\Cache), false)
#12 D:\xampp\htdocs\pos\public\index.php(67): CodeIgniter\CodeIgniter->run()
#13 {main}
CRITICAL - 2023-04-10 01:16:22 --> Unknown column 'product.store_id' in 'on clause'
in SYSTEMPATH\Database\MySQLi\Connection.php on line 292.
 1 SYSTEMPATH\Database\MySQLi\Connection.php(292): mysqli->query('SELECT *
FROM `stockopname`
LEFT JOIN `store` ON `store`.`store_id`=`product`.`store_id`
WHERE `stockopname`.`store_id` = \'0\'
ORDER BY `stockopname_name` ASC', 0)
 2 SYSTEMPATH\Database\BaseConnection.php(666): CodeIgniter\Database\MySQLi\Connection->execute('SELECT *
FROM `stockopname`
LEFT JOIN `store` ON `store`.`store_id`=`product`.`store_id`
WHERE `stockopname`.`store_id` = \'0\'
ORDER BY `stockopname_name` ASC')
 3 SYSTEMPATH\Database\BaseConnection.php(593): CodeIgniter\Database\BaseConnection->simpleQuery('SELECT *
FROM `stockopname`
LEFT JOIN `store` ON `store`.`store_id`=`product`.`store_id`
WHERE `stockopname`.`store_id` = \'0\'
ORDER BY `stockopname_name` ASC')
 4 SYSTEMPATH\Database\BaseBuilder.php(1585): CodeIgniter\Database\BaseConnection->query('SELECT *
FROM `stockopname`
LEFT JOIN `store` ON `store`.`store_id`=`product`.`store_id`
WHERE `stockopname`.`store_id` = :stockopname.store_id:
ORDER BY `stockopname_name` ASC', [...], false)
 5 APPPATH\Views\transaction\stockopname_v.php(217): CodeIgniter\Database\BaseBuilder->get()
 6 SYSTEMPATH\View\View.php(213): include('APPPATH\\Views\\transaction\\stockopname_v.php')
 7 SYSTEMPATH\View\View.php(216): CodeIgniter\View\View->CodeIgniter\View\{closure}()
 8 SYSTEMPATH\Common.php(1134): CodeIgniter\View\View->render('transaction/stockopname_v', [], true)
 9 APPPATH\Controllers\transaction\stockopname.php(23): view('transaction/stockopname_v', [...])
10 SYSTEMPATH\CodeIgniter.php(927): App\Controllers\transaction\stockopname->index()
11 SYSTEMPATH\CodeIgniter.php(482): CodeIgniter\CodeIgniter->runController(Object(App\Controllers\transaction\stockopname))
12 SYSTEMPATH\CodeIgniter.php(351): CodeIgniter\CodeIgniter->handleRequest(null, Object(Config\Cache), false)
13 FCPATH\index.php(67): CodeIgniter\CodeIgniter->run()
ERROR - 2023-04-10 01:16:44 --> mysqli_sql_exception: Unknown column 'product.store_id' in 'on clause' in D:\xampp\htdocs\pos\vendor\codeigniter4\framework\system\Database\MySQLi\Connection.php:292
Stack trace:
#0 D:\xampp\htdocs\pos\vendor\codeigniter4\framework\system\Database\MySQLi\Connection.php(292): mysqli->query('SELECT *\nFROM `...', 0)
#1 D:\xampp\htdocs\pos\vendor\codeigniter4\framework\system\Database\BaseConnection.php(666): CodeIgniter\Database\MySQLi\Connection->execute('SELECT *\nFROM `...')
#2 D:\xampp\htdocs\pos\vendor\codeigniter4\framework\system\Database\BaseConnection.php(593): CodeIgniter\Database\BaseConnection->simpleQuery('SELECT *\nFROM `...')
#3 D:\xampp\htdocs\pos\vendor\codeigniter4\framework\system\Database\BaseBuilder.php(1585): CodeIgniter\Database\BaseConnection->query('SELECT *\nFROM `...', Array, false)
#4 D:\xampp\htdocs\pos\app\Views\transaction\stockopname_v.php(217): CodeIgniter\Database\BaseBuilder->get()
#5 D:\xampp\htdocs\pos\vendor\codeigniter4\framework\system\View\View.php(213): include('D:\\xampp\\htdocs...')
#6 D:\xampp\htdocs\pos\vendor\codeigniter4\framework\system\View\View.php(216): CodeIgniter\View\View->CodeIgniter\View\{closure}()
#7 D:\xampp\htdocs\pos\vendor\codeigniter4\framework\system\Common.php(1134): CodeIgniter\View\View->render('transaction/sto...', Array, true)
#8 D:\xampp\htdocs\pos\app\Controllers\transaction\stockopname.php(23): view('transaction/sto...', Array)
#9 D:\xampp\htdocs\pos\vendor\codeigniter4\framework\system\CodeIgniter.php(927): App\Controllers\transaction\stockopname->index()
#10 D:\xampp\htdocs\pos\vendor\codeigniter4\framework\system\CodeIgniter.php(482): CodeIgniter\CodeIgniter->runController(Object(App\Controllers\transaction\stockopname))
#11 D:\xampp\htdocs\pos\vendor\codeigniter4\framework\system\CodeIgniter.php(351): CodeIgniter\CodeIgniter->handleRequest(NULL, Object(Config\Cache), false)
#12 D:\xampp\htdocs\pos\public\index.php(67): CodeIgniter\CodeIgniter->run()
#13 {main}
CRITICAL - 2023-04-10 01:16:44 --> Unknown column 'product.store_id' in 'on clause'
in SYSTEMPATH\Database\MySQLi\Connection.php on line 292.
 1 SYSTEMPATH\Database\MySQLi\Connection.php(292): mysqli->query('SELECT *
FROM `stockopname`
LEFT JOIN `store` ON `store`.`store_id`=`product`.`store_id`
WHERE `stockopname`.`store_id` = \'0\'
ORDER BY `product_name` ASC', 0)
 2 SYSTEMPATH\Database\BaseConnection.php(666): CodeIgniter\Database\MySQLi\Connection->execute('SELECT *
FROM `stockopname`
LEFT JOIN `store` ON `store`.`store_id`=`product`.`store_id`
WHERE `stockopname`.`store_id` = \'0\'
ORDER BY `product_name` ASC')
 3 SYSTEMPATH\Database\BaseConnection.php(593): CodeIgniter\Database\BaseConnection->simpleQuery('SELECT *
FROM `stockopname`
LEFT JOIN `store` ON `store`.`store_id`=`product`.`store_id`
WHERE `stockopname`.`store_id` = \'0\'
ORDER BY `product_name` ASC')
 4 SYSTEMPATH\Database\BaseBuilder.php(1585): CodeIgniter\Database\BaseConnection->query('SELECT *
FROM `stockopname`
LEFT JOIN `store` ON `store`.`store_id`=`product`.`store_id`
WHERE `stockopname`.`store_id` = :stockopname.store_id:
ORDER BY `product_name` ASC', [...], false)
 5 APPPATH\Views\transaction\stockopname_v.php(217): CodeIgniter\Database\BaseBuilder->get()
 6 SYSTEMPATH\View\View.php(213): include('APPPATH\\Views\\transaction\\stockopname_v.php')
 7 SYSTEMPATH\View\View.php(216): CodeIgniter\View\View->CodeIgniter\View\{closure}()
 8 SYSTEMPATH\Common.php(1134): CodeIgniter\View\View->render('transaction/stockopname_v', [], true)
 9 APPPATH\Controllers\transaction\stockopname.php(23): view('transaction/stockopname_v', [...])
10 SYSTEMPATH\CodeIgniter.php(927): App\Controllers\transaction\stockopname->index()
11 SYSTEMPATH\CodeIgniter.php(482): CodeIgniter\CodeIgniter->runController(Object(App\Controllers\transaction\stockopname))
12 SYSTEMPATH\CodeIgniter.php(351): CodeIgniter\CodeIgniter->handleRequest(null, Object(Config\Cache), false)
13 FCPATH\index.php(67): CodeIgniter\CodeIgniter->run()
CRITICAL - 2023-04-10 01:17:09 --> Undefined variable $stockopname_date
in APPPATH\Views\transaction\stockopname_v.php on line 68.
 1 APPPATH\Views\transaction\stockopname_v.php(68): CodeIgniter\Debug\Exceptions->errorHandler(2, 'Undefined variable $stockopname_date', 'APPPATH\\Views\\transaction\\stockopname_v.php', 68)
 2 SYSTEMPATH\View\View.php(213): include('APPPATH\\Views\\transaction\\stockopname_v.php')
 3 SYSTEMPATH\View\View.php(216): CodeIgniter\View\View->CodeIgniter\View\{closure}()
 4 SYSTEMPATH\Common.php(1134): CodeIgniter\View\View->render('transaction/stockopname_v', [], true)
 5 APPPATH\Controllers\transaction\stockopname.php(23): view('transaction/stockopname_v', [...])
 6 SYSTEMPATH\CodeIgniter.php(927): App\Controllers\transaction\stockopname->index()
 7 SYSTEMPATH\CodeIgniter.php(482): CodeIgniter\CodeIgniter->runController(Object(App\Controllers\transaction\stockopname))
 8 SYSTEMPATH\CodeIgniter.php(351): CodeIgniter\CodeIgniter->handleRequest(null, Object(Config\Cache), false)
 9 FCPATH\index.php(67): CodeIgniter\CodeIgniter->run()
ERROR - 2023-04-10 01:36:53 --> mysqli_sql_exception: Unknown column 'stockopname_name' in 'order clause' in D:\xampp\htdocs\pos\vendor\codeigniter4\framework\system\Database\MySQLi\Connection.php:292
Stack trace:
#0 D:\xampp\htdocs\pos\vendor\codeigniter4\framework\system\Database\MySQLi\Connection.php(292): mysqli->query('SELECT *\nFROM `...', 0)
#1 D:\xampp\htdocs\pos\vendor\codeigniter4\framework\system\Database\BaseConnection.php(666): CodeIgniter\Database\MySQLi\Connection->execute('SELECT *\nFROM `...')
#2 D:\xampp\htdocs\pos\vendor\codeigniter4\framework\system\Database\BaseConnection.php(593): CodeIgniter\Database\BaseConnection->simpleQuery('SELECT *\nFROM `...')
#3 D:\xampp\htdocs\pos\vendor\codeigniter4\framework\system\Database\BaseBuilder.php(1585): CodeIgniter\Database\BaseConnection->query('SELECT *\nFROM `...', Array, false)
#4 D:\xampp\htdocs\pos\app\Views\transaction\stockopname_v.php(78): CodeIgniter\Database\BaseBuilder->get()
#5 D:\xampp\htdocs\pos\vendor\codeigniter4\framework\system\View\View.php(213): include('D:\\xampp\\htdocs...')
#6 D:\xampp\htdocs\pos\vendor\codeigniter4\framework\system\View\View.php(216): CodeIgniter\View\View->CodeIgniter\View\{closure}()
#7 D:\xampp\htdocs\pos\vendor\codeigniter4\framework\system\Common.php(1134): CodeIgniter\View\View->render('transaction/sto...', Array, true)
#8 D:\xampp\htdocs\pos\app\Controllers\transaction\stockopname.php(23): view('transaction/sto...', Array)
#9 D:\xampp\htdocs\pos\vendor\codeigniter4\framework\system\CodeIgniter.php(927): App\Controllers\transaction\stockopname->index()
#10 D:\xampp\htdocs\pos\vendor\codeigniter4\framework\system\CodeIgniter.php(482): CodeIgniter\CodeIgniter->runController(Object(App\Controllers\transaction\stockopname))
#11 D:\xampp\htdocs\pos\vendor\codeigniter4\framework\system\CodeIgniter.php(351): CodeIgniter\CodeIgniter->handleRequest(NULL, Object(Config\Cache), false)
#12 D:\xampp\htdocs\pos\public\index.php(67): CodeIgniter\CodeIgniter->run()
#13 {main}
CRITICAL - 2023-04-10 01:36:53 --> Unknown column 'stockopname_name' in 'order clause'
in SYSTEMPATH\Database\MySQLi\Connection.php on line 292.
 1 SYSTEMPATH\Database\MySQLi\Connection.php(292): mysqli->query('SELECT *
FROM `product`
WHERE `store_id` = \'0\'
ORDER BY `stockopname_name` ASC', 0)
 2 SYSTEMPATH\Database\BaseConnection.php(666): CodeIgniter\Database\MySQLi\Connection->execute('SELECT *
FROM `product`
WHERE `store_id` = \'0\'
ORDER BY `stockopname_name` ASC')
 3 SYSTEMPATH\Database\BaseConnection.php(593): CodeIgniter\Database\BaseConnection->simpleQuery('SELECT *
FROM `product`
WHERE `store_id` = \'0\'
ORDER BY `stockopname_name` ASC')
 4 SYSTEMPATH\Database\BaseBuilder.php(1585): CodeIgniter\Database\BaseConnection->query('SELECT *
FROM `product`
WHERE `store_id` = :store_id:
ORDER BY `stockopname_name` ASC', [...], false)
 5 APPPATH\Views\transaction\stockopname_v.php(78): CodeIgniter\Database\BaseBuilder->get()
 6 SYSTEMPATH\View\View.php(213): include('APPPATH\\Views\\transaction\\stockopname_v.php')
 7 SYSTEMPATH\View\View.php(216): CodeIgniter\View\View->CodeIgniter\View\{closure}()
 8 SYSTEMPATH\Common.php(1134): CodeIgniter\View\View->render('transaction/stockopname_v', [], true)
 9 APPPATH\Controllers\transaction\stockopname.php(23): view('transaction/stockopname_v', [...])
10 SYSTEMPATH\CodeIgniter.php(927): App\Controllers\transaction\stockopname->index()
11 SYSTEMPATH\CodeIgniter.php(482): CodeIgniter\CodeIgniter->runController(Object(App\Controllers\transaction\stockopname))
12 SYSTEMPATH\CodeIgniter.php(351): CodeIgniter\CodeIgniter->handleRequest(null, Object(Config\Cache), false)
13 FCPATH\index.php(67): CodeIgniter\CodeIgniter->run()
CRITICAL - 2023-04-10 01:53:31 --> number_format(): Argument #1 ($num) must be of type float, string given
in APPPATH\Views\transaction\stockopname_v.php on line 271.
 1 APPPATH\Views\transaction\stockopname_v.php(271): number_format('ROOTPATH\\public', 0, 'ROOTPATH\\public', ',')
 2 SYSTEMPATH\View\View.php(213): include('APPPATH\\Views\\transaction\\stockopname_v.php')
 3 SYSTEMPATH\View\View.php(216): CodeIgniter\View\View->CodeIgniter\View\{closure}()
 4 SYSTEMPATH\Common.php(1134): CodeIgniter\View\View->render('transaction/stockopname_v', [], true)
 5 APPPATH\Controllers\transaction\stockopname.php(23): view('transaction/stockopname_v', [...])
 6 SYSTEMPATH\CodeIgniter.php(927): App\Controllers\transaction\stockopname->index()
 7 SYSTEMPATH\CodeIgniter.php(482): CodeIgniter\CodeIgniter->runController(Object(App\Controllers\transaction\stockopname))
 8 SYSTEMPATH\CodeIgniter.php(351): CodeIgniter\CodeIgniter->handleRequest(null, Object(Config\Cache), false)
 9 FCPATH\index.php(67): CodeIgniter\CodeIgniter->run()
CRITICAL - 2023-04-10 01:53:42 --> number_format(): Argument #1 ($num) must be of type float, string given
in APPPATH\Views\transaction\stockopname_v.php on line 271.
 1 APPPATH\Views\transaction\stockopname_v.php(271): number_format('ROOTPATH\\public', 0, 'ROOTPATH\\public', ',')
 2 SYSTEMPATH\View\View.php(213): include('APPPATH\\Views\\transaction\\stockopname_v.php')
 3 SYSTEMPATH\View\View.php(216): CodeIgniter\View\View->CodeIgniter\View\{closure}()
 4 SYSTEMPATH\Common.php(1134): CodeIgniter\View\View->render('transaction/stockopname_v', [], true)
 5 APPPATH\Controllers\transaction\stockopname.php(23): view('transaction/stockopname_v', [...])
 6 SYSTEMPATH\CodeIgniter.php(927): App\Controllers\transaction\stockopname->index()
 7 SYSTEMPATH\CodeIgniter.php(482): CodeIgniter\CodeIgniter->runController(Object(App\Controllers\transaction\stockopname))
 8 SYSTEMPATH\CodeIgniter.php(351): CodeIgniter\CodeIgniter->handleRequest(null, Object(Config\Cache), false)
 9 FCPATH\index.php(67): CodeIgniter\CodeIgniter->run()
CRITICAL - 2023-04-10 01:55:17 --> Call to undefined function isNaN()
in APPPATH\Views\transaction\stockopname_v.php on line 221.
 1 SYSTEMPATH\View\View.php(213): include()
 2 SYSTEMPATH\View\View.php(216): CodeIgniter\View\View->CodeIgniter\View\{closure}()
 3 SYSTEMPATH\Common.php(1134): CodeIgniter\View\View->render('transaction/stockopname_v', [], true)
 4 APPPATH\Controllers\transaction\stockopname.php(23): view('transaction/stockopname_v', [...])
 5 SYSTEMPATH\CodeIgniter.php(927): App\Controllers\transaction\stockopname->index()
 6 SYSTEMPATH\CodeIgniter.php(482): CodeIgniter\CodeIgniter->runController(Object(App\Controllers\transaction\stockopname))
 7 SYSTEMPATH\CodeIgniter.php(351): CodeIgniter\CodeIgniter->handleRequest(null, Object(Config\Cache), false)
 8 FCPATH\index.php(67): CodeIgniter\CodeIgniter->run()
CRITICAL - 2023-04-10 01:55:45 --> Call to undefined function isEmpty()
in APPPATH\Views\transaction\stockopname_v.php on line 221.
 1 SYSTEMPATH\View\View.php(213): include()
 2 SYSTEMPATH\View\View.php(216): CodeIgniter\View\View->CodeIgniter\View\{closure}()
 3 SYSTEMPATH\Common.php(1134): CodeIgniter\View\View->render('transaction/stockopname_v', [], true)
 4 APPPATH\Controllers\transaction\stockopname.php(23): view('transaction/stockopname_v', [...])
 5 SYSTEMPATH\CodeIgniter.php(927): App\Controllers\transaction\stockopname->index()
 6 SYSTEMPATH\CodeIgniter.php(482): CodeIgniter\CodeIgniter->runController(Object(App\Controllers\transaction\stockopname))
 7 SYSTEMPATH\CodeIgniter.php(351): CodeIgniter\CodeIgniter->handleRequest(null, Object(Config\Cache), false)
 8 FCPATH\index.php(67): CodeIgniter\CodeIgniter->run()
ERROR - 2023-04-10 01:56:17 --> mysqli_sql_exception: Unknown column 'stockopname_id' in 'where clause' in D:\xampp\htdocs\pos\vendor\codeigniter4\framework\system\Database\MySQLi\Connection.php:292
Stack trace:
#0 D:\xampp\htdocs\pos\vendor\codeigniter4\framework\system\Database\MySQLi\Connection.php(292): mysqli->query('SELECT *\nFROM `...', 0)
#1 D:\xampp\htdocs\pos\vendor\codeigniter4\framework\system\Database\BaseConnection.php(666): CodeIgniter\Database\MySQLi\Connection->execute('SELECT *\nFROM `...')
#2 D:\xampp\htdocs\pos\vendor\codeigniter4\framework\system\Database\BaseConnection.php(593): CodeIgniter\Database\BaseConnection->simpleQuery('SELECT *\nFROM `...')
#3 D:\xampp\htdocs\pos\vendor\codeigniter4\framework\system\Database\BaseBuilder.php(1585): CodeIgniter\Database\BaseConnection->query('SELECT *\nFROM `...', Array, false)
#4 D:\xampp\htdocs\pos\app\Models\transaction\stockopname_m.php(90): CodeIgniter\Database\BaseBuilder->get()
#5 D:\xampp\htdocs\pos\app\Controllers\transaction\stockopname.php(22): App\Models\transaction\stockopname_m->data()
#6 D:\xampp\htdocs\pos\vendor\codeigniter4\framework\system\CodeIgniter.php(927): App\Controllers\transaction\stockopname->index()
#7 D:\xampp\htdocs\pos\vendor\codeigniter4\framework\system\CodeIgniter.php(482): CodeIgniter\CodeIgniter->runController(Object(App\Controllers\transaction\stockopname))
#8 D:\xampp\htdocs\pos\vendor\codeigniter4\framework\system\CodeIgniter.php(351): CodeIgniter\CodeIgniter->handleRequest(NULL, Object(Config\Cache), false)
#9 D:\xampp\htdocs\pos\public\index.php(67): CodeIgniter\CodeIgniter->run()
#10 {main}
CRITICAL - 2023-04-10 01:56:17 --> Unknown column 'stockopname_id' in 'where clause'
in SYSTEMPATH\Database\MySQLi\Connection.php on line 292.
 1 SYSTEMPATH\Database\MySQLi\Connection.php(292): mysqli->query('SELECT *
FROM `transactiond`
WHERE `stockopname_id` = \'1\'', 0)
 2 SYSTEMPATH\Database\BaseConnection.php(666): CodeIgniter\Database\MySQLi\Connection->execute('SELECT *
FROM `transactiond`
WHERE `stockopname_id` = \'1\'')
 3 SYSTEMPATH\Database\BaseConnection.php(593): CodeIgniter\Database\BaseConnection->simpleQuery('SELECT *
FROM `transactiond`
WHERE `stockopname_id` = \'1\'')
 4 SYSTEMPATH\Database\BaseBuilder.php(1585): CodeIgniter\Database\BaseConnection->query('SELECT *
FROM `transactiond`
WHERE `stockopname_id` = :stockopname_id:', [...], false)
 5 APPPATH\Models\transaction\stockopname_m.php(90): CodeIgniter\Database\BaseBuilder->get()
 6 APPPATH\Controllers\transaction\stockopname.php(22): App\Models\transaction\stockopname_m->data()
 7 SYSTEMPATH\CodeIgniter.php(927): App\Controllers\transaction\stockopname->index()
 8 SYSTEMPATH\CodeIgniter.php(482): CodeIgniter\CodeIgniter->runController(Object(App\Controllers\transaction\stockopname))
 9 SYSTEMPATH\CodeIgniter.php(351): CodeIgniter\CodeIgniter->handleRequest(null, Object(Config\Cache), false)
10 FCPATH\index.php(67): CodeIgniter\CodeIgniter->run()
CRITICAL - 2023-04-10 05:52:48 --> Call to undefined method CodeIgniter\Database\MySQLi\Builder::getNumRows()
in APPPATH\Models\transaction\stockopname_m.php on line 131.
 1 APPPATH\Controllers\transaction\stockopname.php(22): App\Models\transaction\stockopname_m->data()
 2 SYSTEMPATH\CodeIgniter.php(927): App\Controllers\transaction\stockopname->index()
 3 SYSTEMPATH\CodeIgniter.php(482): CodeIgniter\CodeIgniter->runController(Object(App\Controllers\transaction\stockopname))
 4 SYSTEMPATH\CodeIgniter.php(351): CodeIgniter\CodeIgniter->handleRequest(null, Object(Config\Cache), false)
 5 FCPATH\index.php(67): CodeIgniter\CodeIgniter->run()
CRITICAL - 2023-04-10 16:50:10 --> Undefined variable $message
in APPPATH\Views\report\rhistorystock_v.php on line 54.
 1 APPPATH\Views\report\rhistorystock_v.php(54): CodeIgniter\Debug\Exceptions->errorHandler(2, 'Undefined variable $message', 'APPPATH\\Views\\report\\rhistorystock_v.php', 54)
 2 SYSTEMPATH\View\View.php(213): include('APPPATH\\Views\\report\\rhistorystock_v.php')
 3 SYSTEMPATH\View\View.php(216): CodeIgniter\View\View->CodeIgniter\View\{closure}()
 4 SYSTEMPATH\Common.php(1134): CodeIgniter\View\View->render('report/rhistorystock_v', [], true)
 5 APPPATH\Controllers\report\rhistorystock.php(21): view('report/rhistorystock_v')
 6 SYSTEMPATH\CodeIgniter.php(927): App\Controllers\report\rhistorystock->index()
 7 SYSTEMPATH\CodeIgniter.php(482): CodeIgniter\CodeIgniter->runController(Object(App\Controllers\report\rhistorystock))
 8 SYSTEMPATH\CodeIgniter.php(351): CodeIgniter\CodeIgniter->handleRequest(null, Object(Config\Cache), false)
 9 FCPATH\index.php(67): CodeIgniter\CodeIgniter->run()
CRITICAL - 2023-04-10 16:52:10 --> Invalid file: transaction/rhistorystock_v.php
in SYSTEMPATH\Exceptions\FrameworkException.php on line 33.
 1 SYSTEMPATH\View\View.php(201): CodeIgniter\Exceptions\FrameworkException::forInvalidFile('transaction/rhistorystock_v.php')
 2 SYSTEMPATH\Common.php(1134): CodeIgniter\View\View->render('transaction/rhistorystock_v', [], true)
 3 APPPATH\Controllers\report\rhistorystock.php(22): view('transaction/rhistorystock_v', [...])
 4 SYSTEMPATH\CodeIgniter.php(927): App\Controllers\report\rhistorystock->index()
 5 SYSTEMPATH\CodeIgniter.php(482): CodeIgniter\CodeIgniter->runController(Object(App\Controllers\report\rhistorystock))
 6 SYSTEMPATH\CodeIgniter.php(351): CodeIgniter\CodeIgniter->handleRequest(null, Object(Config\Cache), false)
 7 FCPATH\index.php(67): CodeIgniter\CodeIgniter->run()
