CRITICAL - 2024-11-07 16:21:00 --> Undefined array key 14654
in APPPATH\Views\report\rtransaction_v.php on line 132.
 1 APPPATH\Views\report\rtransaction_v.php(132): CodeIgniter\Debug\Exceptions->errorHandler(2, 'Undefined array key 14654', 'APPPATH\\Views\\report\\rtransaction_v.php', 132)
 2 SYSTEMPATH\View\View.php(213): include('APPPATH\\Views\\report\\rtransaction_v.php')
 3 SYSTEMPATH\View\View.php(216): CodeIgniter\View\View->CodeIgniter\View\{closure}()
 4 SYSTEMPATH\Common.php(1134): CodeIgniter\View\View->render('report/rtransaction_v', [], true)
 5 APPPATH\Controllers\report\rtransaction.php(23): view('report/rtransaction_v', [...])
 6 SYSTEMPATH\CodeIgniter.php(927): App\Controllers\report\rtransaction->index()
 7 SYSTEMPATH\CodeIgniter.php(482): CodeIgniter\CodeIgniter->runController(Object(App\Controllers\report\rtransaction))
 8 SYSTEMPATH\CodeIgniter.php(351): CodeIgniter\CodeIgniter->handleRequest(null, Object(Config\Cache), false)
 9 FCPATH\index.php(67): CodeIgniter\CodeIgniter->run()
CRITICAL - 2024-11-07 16:21:08 --> Undefined array key 14654
in APPPATH\Views\report\rtransaction_v.php on line 132.
 1 APPPATH\Views\report\rtransaction_v.php(132): CodeIgniter\Debug\Exceptions->errorHandler(2, 'Undefined array key 14654', 'APPPATH\\Views\\report\\rtransaction_v.php', 132)
 2 SYSTEMPATH\View\View.php(213): include('APPPATH\\Views\\report\\rtransaction_v.php')
 3 SYSTEMPATH\View\View.php(216): CodeIgniter\View\View->CodeIgniter\View\{closure}()
 4 SYSTEMPATH\Common.php(1134): CodeIgniter\View\View->render('report/rtransaction_v', [], true)
 5 APPPATH\Controllers\report\rtransaction.php(23): view('report/rtransaction_v', [...])
 6 SYSTEMPATH\CodeIgniter.php(927): App\Controllers\report\rtransaction->index()
 7 SYSTEMPATH\CodeIgniter.php(482): CodeIgniter\CodeIgniter->runController(Object(App\Controllers\report\rtransaction))
 8 SYSTEMPATH\CodeIgniter.php(351): CodeIgniter\CodeIgniter->handleRequest(null, Object(Config\Cache), false)
 9 FCPATH\index.php(67): CodeIgniter\CodeIgniter->run()
CRITICAL - 2024-11-07 16:21:19 --> Undefined array key 14654
in APPPATH\Views\report\rtransaction_v.php on line 132.
 1 APPPATH\Views\report\rtransaction_v.php(132): CodeIgniter\Debug\Exceptions->errorHandler(2, 'Undefined array key 14654', 'APPPATH\\Views\\report\\rtransaction_v.php', 132)
 2 SYSTEMPATH\View\View.php(213): include('APPPATH\\Views\\report\\rtransaction_v.php')
 3 SYSTEMPATH\View\View.php(216): CodeIgniter\View\View->CodeIgniter\View\{closure}()
 4 SYSTEMPATH\Common.php(1134): CodeIgniter\View\View->render('report/rtransaction_v', [], true)
 5 APPPATH\Controllers\report\rtransaction.php(23): view('report/rtransaction_v', [...])
 6 SYSTEMPATH\CodeIgniter.php(927): App\Controllers\report\rtransaction->index()
 7 SYSTEMPATH\CodeIgniter.php(482): CodeIgniter\CodeIgniter->runController(Object(App\Controllers\report\rtransaction))
 8 SYSTEMPATH\CodeIgniter.php(351): CodeIgniter\CodeIgniter->handleRequest(null, Object(Config\Cache), false)
 9 FCPATH\index.php(67): CodeIgniter\CodeIgniter->run()
CRITICAL - 2024-11-07 16:21:27 --> Undefined array key 14654
in APPPATH\Views\report\rtransaction_v.php on line 132.
 1 APPPATH\Views\report\rtransaction_v.php(132): CodeIgniter\Debug\Exceptions->errorHandler(2, 'Undefined array key 14654', 'APPPATH\\Views\\report\\rtransaction_v.php', 132)
 2 SYSTEMPATH\View\View.php(213): include('APPPATH\\Views\\report\\rtransaction_v.php')
 3 SYSTEMPATH\View\View.php(216): CodeIgniter\View\View->CodeIgniter\View\{closure}()
 4 SYSTEMPATH\Common.php(1134): CodeIgniter\View\View->render('report/rtransaction_v', [], true)
 5 APPPATH\Controllers\report\rtransaction.php(23): view('report/rtransaction_v', [...])
 6 SYSTEMPATH\CodeIgniter.php(927): App\Controllers\report\rtransaction->index()
 7 SYSTEMPATH\CodeIgniter.php(482): CodeIgniter\CodeIgniter->runController(Object(App\Controllers\report\rtransaction))
 8 SYSTEMPATH\CodeIgniter.php(351): CodeIgniter\CodeIgniter->handleRequest(null, Object(Config\Cache), false)
 9 FCPATH\index.php(67): CodeIgniter\CodeIgniter->run()
CRITICAL - 2024-11-07 16:21:35 --> Undefined array key 14654
in APPPATH\Views\report\rtransaction_v.php on line 132.
 1 APPPATH\Views\report\rtransaction_v.php(132): CodeIgniter\Debug\Exceptions->errorHandler(2, 'Undefined array key 14654', 'APPPATH\\Views\\report\\rtransaction_v.php', 132)
 2 SYSTEMPATH\View\View.php(213): include('APPPATH\\Views\\report\\rtransaction_v.php')
 3 SYSTEMPATH\View\View.php(216): CodeIgniter\View\View->CodeIgniter\View\{closure}()
 4 SYSTEMPATH\Common.php(1134): CodeIgniter\View\View->render('report/rtransaction_v', [], true)
 5 APPPATH\Controllers\report\rtransaction.php(23): view('report/rtransaction_v', [...])
 6 SYSTEMPATH\CodeIgniter.php(927): App\Controllers\report\rtransaction->index()
 7 SYSTEMPATH\CodeIgniter.php(482): CodeIgniter\CodeIgniter->runController(Object(App\Controllers\report\rtransaction))
 8 SYSTEMPATH\CodeIgniter.php(351): CodeIgniter\CodeIgniter->handleRequest(null, Object(Config\Cache), false)
 9 FCPATH\index.php(67): CodeIgniter\CodeIgniter->run()
CRITICAL - 2024-11-07 16:21:36 --> Undefined array key 14654
in APPPATH\Views\report\rtransaction_v.php on line 132.
 1 APPPATH\Views\report\rtransaction_v.php(132): CodeIgniter\Debug\Exceptions->errorHandler(2, 'Undefined array key 14654', 'APPPATH\\Views\\report\\rtransaction_v.php', 132)
 2 SYSTEMPATH\View\View.php(213): include('APPPATH\\Views\\report\\rtransaction_v.php')
 3 SYSTEMPATH\View\View.php(216): CodeIgniter\View\View->CodeIgniter\View\{closure}()
 4 SYSTEMPATH\Common.php(1134): CodeIgniter\View\View->render('report/rtransaction_v', [], true)
 5 APPPATH\Controllers\report\rtransaction.php(23): view('report/rtransaction_v', [...])
 6 SYSTEMPATH\CodeIgniter.php(927): App\Controllers\report\rtransaction->index()
 7 SYSTEMPATH\CodeIgniter.php(482): CodeIgniter\CodeIgniter->runController(Object(App\Controllers\report\rtransaction))
 8 SYSTEMPATH\CodeIgniter.php(351): CodeIgniter\CodeIgniter->handleRequest(null, Object(Config\Cache), false)
 9 FCPATH\index.php(67): CodeIgniter\CodeIgniter->run()
CRITICAL - 2024-11-07 16:21:38 --> Undefined array key 14654
in APPPATH\Views\report\rtransaction_v.php on line 132.
 1 APPPATH\Views\report\rtransaction_v.php(132): CodeIgniter\Debug\Exceptions->errorHandler(2, 'Undefined array key 14654', 'APPPATH\\Views\\report\\rtransaction_v.php', 132)
 2 SYSTEMPATH\View\View.php(213): include('APPPATH\\Views\\report\\rtransaction_v.php')
 3 SYSTEMPATH\View\View.php(216): CodeIgniter\View\View->CodeIgniter\View\{closure}()
 4 SYSTEMPATH\Common.php(1134): CodeIgniter\View\View->render('report/rtransaction_v', [], true)
 5 APPPATH\Controllers\report\rtransaction.php(23): view('report/rtransaction_v', [...])
 6 SYSTEMPATH\CodeIgniter.php(927): App\Controllers\report\rtransaction->index()
 7 SYSTEMPATH\CodeIgniter.php(482): CodeIgniter\CodeIgniter->runController(Object(App\Controllers\report\rtransaction))
 8 SYSTEMPATH\CodeIgniter.php(351): CodeIgniter\CodeIgniter->handleRequest(null, Object(Config\Cache), false)
 9 FCPATH\index.php(67): CodeIgniter\CodeIgniter->run()
CRITICAL - 2024-11-07 16:22:47 --> Undefined array key 14654
in APPPATH\Views\report\rtransaction_v.php on line 132.
 1 APPPATH\Views\report\rtransaction_v.php(132): CodeIgniter\Debug\Exceptions->errorHandler(2, 'Undefined array key 14654', 'APPPATH\\Views\\report\\rtransaction_v.php', 132)
 2 SYSTEMPATH\View\View.php(213): include('APPPATH\\Views\\report\\rtransaction_v.php')
 3 SYSTEMPATH\View\View.php(216): CodeIgniter\View\View->CodeIgniter\View\{closure}()
 4 SYSTEMPATH\Common.php(1134): CodeIgniter\View\View->render('report/rtransaction_v', [], true)
 5 APPPATH\Controllers\report\rtransaction.php(23): view('report/rtransaction_v', [...])
 6 SYSTEMPATH\CodeIgniter.php(927): App\Controllers\report\rtransaction->index()
 7 SYSTEMPATH\CodeIgniter.php(482): CodeIgniter\CodeIgniter->runController(Object(App\Controllers\report\rtransaction))
 8 SYSTEMPATH\CodeIgniter.php(351): CodeIgniter\CodeIgniter->handleRequest(null, Object(Config\Cache), false)
 9 FCPATH\index.php(67): CodeIgniter\CodeIgniter->run()
CRITICAL - 2024-11-07 16:23:05 --> Undefined array key 14654
in APPPATH\Views\report\rtransaction_v.php on line 132.
 1 APPPATH\Views\report\rtransaction_v.php(132): CodeIgniter\Debug\Exceptions->errorHandler(2, 'Undefined array key 14654', 'APPPATH\\Views\\report\\rtransaction_v.php', 132)
 2 SYSTEMPATH\View\View.php(213): include('APPPATH\\Views\\report\\rtransaction_v.php')
 3 SYSTEMPATH\View\View.php(216): CodeIgniter\View\View->CodeIgniter\View\{closure}()
 4 SYSTEMPATH\Common.php(1134): CodeIgniter\View\View->render('report/rtransaction_v', [], true)
 5 APPPATH\Controllers\report\rtransaction.php(23): view('report/rtransaction_v', [...])
 6 SYSTEMPATH\CodeIgniter.php(927): App\Controllers\report\rtransaction->index()
 7 SYSTEMPATH\CodeIgniter.php(482): CodeIgniter\CodeIgniter->runController(Object(App\Controllers\report\rtransaction))
 8 SYSTEMPATH\CodeIgniter.php(351): CodeIgniter\CodeIgniter->handleRequest(null, Object(Config\Cache), false)
 9 FCPATH\index.php(67): CodeIgniter\CodeIgniter->run()
