ERROR - 2024-11-01 11:09:15 --> mysqli_sql_exception: Table 'gudang.division' doesn't exist in D:\xampp\htdocs\gudang\vendor\codeigniter4\framework\system\Database\MySQLi\Connection.php:292
Stack trace:
#0 D:\xampp\htdocs\gudang\vendor\codeigniter4\framework\system\Database\MySQLi\Connection.php(292): mysqli->query('SELECT *\nFROM `...', 0)
#1 D:\xampp\htdocs\gudang\vendor\codeigniter4\framework\system\Database\BaseConnection.php(666): CodeIgniter\Database\MySQLi\Connection->execute('SELECT *\nFROM `...')
#2 D:\xampp\htdocs\gudang\vendor\codeigniter4\framework\system\Database\BaseConnection.php(593): CodeIgniter\Database\BaseConnection->simpleQuery('SELECT *\nFROM `...')
#3 D:\xampp\htdocs\gudang\vendor\codeigniter4\framework\system\Database\BaseBuilder.php(1585): CodeIgniter\Database\BaseConnection->query('SELECT *\nFROM `...', Array, false)
#4 D:\xampp\htdocs\gudang\app\Views\transaction\gudang_v.php(192): CodeIgniter\Database\BaseBuilder->get()
#5 D:\xampp\htdocs\gudang\vendor\codeigniter4\framework\system\View\View.php(213): include('D:\\xampp\\htdocs...')
#6 D:\xampp\htdocs\gudang\vendor\codeigniter4\framework\system\View\View.php(216): CodeIgniter\View\View->CodeIgniter\View\{closure}()
#7 D:\xampp\htdocs\gudang\vendor\codeigniter4\framework\system\Common.php(1134): CodeIgniter\View\View->render('transaction/gud...', Array, true)
#8 D:\xampp\htdocs\gudang\app\Controllers\transaction\transaction.php(31): view('transaction/gud...', Array)
#9 D:\xampp\htdocs\gudang\vendor\codeigniter4\framework\system\CodeIgniter.php(927): App\Controllers\transaction\transaction->gudang()
#10 D:\xampp\htdocs\gudang\vendor\codeigniter4\framework\system\CodeIgniter.php(482): CodeIgniter\CodeIgniter->runController(Object(App\Controllers\transaction\transaction))
#11 D:\xampp\htdocs\gudang\vendor\codeigniter4\framework\system\CodeIgniter.php(351): CodeIgniter\CodeIgniter->handleRequest(NULL, Object(Config\Cache), false)
#12 D:\xampp\htdocs\gudang\public\index.php(67): CodeIgniter\CodeIgniter->run()
#13 {main}
CRITICAL - 2024-11-01 11:09:16 --> Table 'gudang.division' doesn't exist
in SYSTEMPATH\Database\MySQLi\Connection.php on line 292.
 1 SYSTEMPATH\Database\MySQLi\Connection.php(292): mysqli->query('SELECT *
FROM `division`
ORDER BY `division_id`', 0)
 2 SYSTEMPATH\Database\BaseConnection.php(666): CodeIgniter\Database\MySQLi\Connection->execute('SELECT *
FROM `division`
ORDER BY `division_id`')
 3 SYSTEMPATH\Database\BaseConnection.php(593): CodeIgniter\Database\BaseConnection->simpleQuery('SELECT *
FROM `division`
ORDER BY `division_id`')
 4 SYSTEMPATH\Database\BaseBuilder.php(1585): CodeIgniter\Database\BaseConnection->query('SELECT *
FROM `division`
ORDER BY `division_id`', [], false)
 5 APPPATH\Views\transaction\gudang_v.php(192): CodeIgniter\Database\BaseBuilder->get()
 6 SYSTEMPATH\View\View.php(213): include('APPPATH\\Views\\transaction\\gudang_v.php')
 7 SYSTEMPATH\View\View.php(216): CodeIgniter\View\View->CodeIgniter\View\{closure}()
 8 SYSTEMPATH\Common.php(1134): CodeIgniter\View\View->render('transaction/gudang_v', [], true)
 9 APPPATH\Controllers\transaction\transaction.php(31): view('transaction/gudang_v', [...])
10 SYSTEMPATH\CodeIgniter.php(927): App\Controllers\transaction\transaction->gudang()
11 SYSTEMPATH\CodeIgniter.php(482): CodeIgniter\CodeIgniter->runController(Object(App\Controllers\transaction\transaction))
12 SYSTEMPATH\CodeIgniter.php(351): CodeIgniter\CodeIgniter->handleRequest(null, Object(Config\Cache), false)
13 FCPATH\index.php(67): CodeIgniter\CodeIgniter->run()
ERROR - 2024-11-01 12:54:00 --> mysqli_sql_exception: Unknown column 'division.store_id' in 'where clause' in D:\xampp\htdocs\gudang\vendor\codeigniter4\framework\system\Database\MySQLi\Connection.php:292
Stack trace:
#0 D:\xampp\htdocs\gudang\vendor\codeigniter4\framework\system\Database\MySQLi\Connection.php(292): mysqli->query('SELECT *\nFROM `...', 0)
#1 D:\xampp\htdocs\gudang\vendor\codeigniter4\framework\system\Database\BaseConnection.php(666): CodeIgniter\Database\MySQLi\Connection->execute('SELECT *\nFROM `...')
#2 D:\xampp\htdocs\gudang\vendor\codeigniter4\framework\system\Database\BaseConnection.php(593): CodeIgniter\Database\BaseConnection->simpleQuery('SELECT *\nFROM `...')
#3 D:\xampp\htdocs\gudang\vendor\codeigniter4\framework\system\Database\BaseBuilder.php(1585): CodeIgniter\Database\BaseConnection->query('SELECT *\nFROM `...', Array, false)
#4 D:\xampp\htdocs\gudang\app\Views\master\mdivision_v.php(109): CodeIgniter\Database\BaseBuilder->get()
#5 D:\xampp\htdocs\gudang\vendor\codeigniter4\framework\system\View\View.php(213): include('D:\\xampp\\htdocs...')
#6 D:\xampp\htdocs\gudang\vendor\codeigniter4\framework\system\View\View.php(216): CodeIgniter\View\View->CodeIgniter\View\{closure}()
#7 D:\xampp\htdocs\gudang\vendor\codeigniter4\framework\system\Common.php(1134): CodeIgniter\View\View->render('master/mdivisio...', Array, true)
#8 D:\xampp\htdocs\gudang\app\Controllers\master\mdivision.php(23): view('master/mdivisio...', Array)
#9 D:\xampp\htdocs\gudang\vendor\codeigniter4\framework\system\CodeIgniter.php(927): App\Controllers\master\mdivision->index()
#10 D:\xampp\htdocs\gudang\vendor\codeigniter4\framework\system\CodeIgniter.php(482): CodeIgniter\CodeIgniter->runController(Object(App\Controllers\master\mdivision))
#11 D:\xampp\htdocs\gudang\vendor\codeigniter4\framework\system\CodeIgniter.php(351): CodeIgniter\CodeIgniter->handleRequest(NULL, Object(Config\Cache), false)
#12 D:\xampp\htdocs\gudang\public\index.php(67): CodeIgniter\CodeIgniter->run()
#13 {main}
CRITICAL - 2024-11-01 12:54:00 --> Unknown column 'division.store_id' in 'where clause'
in SYSTEMPATH\Database\MySQLi\Connection.php on line 292.
 1 SYSTEMPATH\Database\MySQLi\Connection.php(292): mysqli->query('SELECT *
FROM `division`
LEFT JOIN `store` ON `store`.`store_id`=`division`.`store_id`
WHERE `division`.`store_id` = \'0\'
ORDER BY `division_name` ASC', 0)
 2 SYSTEMPATH\Database\BaseConnection.php(666): CodeIgniter\Database\MySQLi\Connection->execute('SELECT *
FROM `division`
LEFT JOIN `store` ON `store`.`store_id`=`division`.`store_id`
WHERE `division`.`store_id` = \'0\'
ORDER BY `division_name` ASC')
 3 SYSTEMPATH\Database\BaseConnection.php(593): CodeIgniter\Database\BaseConnection->simpleQuery('SELECT *
FROM `division`
LEFT JOIN `store` ON `store`.`store_id`=`division`.`store_id`
WHERE `division`.`store_id` = \'0\'
ORDER BY `division_name` ASC')
 4 SYSTEMPATH\Database\BaseBuilder.php(1585): CodeIgniter\Database\BaseConnection->query('SELECT *
FROM `division`
LEFT JOIN `store` ON `store`.`store_id`=`division`.`store_id`
WHERE `division`.`store_id` = :division.store_id:
ORDER BY `division_name` ASC', [...], false)
 5 APPPATH\Views\master\mdivision_v.php(109): CodeIgniter\Database\BaseBuilder->get()
 6 SYSTEMPATH\View\View.php(213): include('APPPATH\\Views\\master\\mdivision_v.php')
 7 SYSTEMPATH\View\View.php(216): CodeIgniter\View\View->CodeIgniter\View\{closure}()
 8 SYSTEMPATH\Common.php(1134): CodeIgniter\View\View->render('master/mdivision_v', [], true)
 9 APPPATH\Controllers\master\mdivision.php(23): view('master/mdivision_v', [...])
10 SYSTEMPATH\CodeIgniter.php(927): App\Controllers\master\mdivision->index()
11 SYSTEMPATH\CodeIgniter.php(482): CodeIgniter\CodeIgniter->runController(Object(App\Controllers\master\mdivision))
12 SYSTEMPATH\CodeIgniter.php(351): CodeIgniter\CodeIgniter->handleRequest(null, Object(Config\Cache), false)
13 FCPATH\index.php(67): CodeIgniter\CodeIgniter->run()
ERROR - 2024-11-01 13:10:23 --> mysqli_sql_exception: Unknown column 'division_administrator' in 'where clause' in D:\xampp\htdocs\gudang\vendor\codeigniter4\framework\system\Database\MySQLi\Connection.php:292
Stack trace:
#0 D:\xampp\htdocs\gudang\vendor\codeigniter4\framework\system\Database\MySQLi\Connection.php(292): mysqli->query('SELECT *\nFROM `...', 0)
#1 D:\xampp\htdocs\gudang\vendor\codeigniter4\framework\system\Database\BaseConnection.php(666): CodeIgniter\Database\MySQLi\Connection->execute('SELECT *\nFROM `...')
#2 D:\xampp\htdocs\gudang\vendor\codeigniter4\framework\system\Database\BaseConnection.php(593): CodeIgniter\Database\BaseConnection->simpleQuery('SELECT *\nFROM `...')
#3 D:\xampp\htdocs\gudang\vendor\codeigniter4\framework\system\Database\BaseBuilder.php(1585): CodeIgniter\Database\BaseConnection->query('SELECT *\nFROM `...', Array, false)
#4 D:\xampp\htdocs\gudang\app\Views\master\muser_v.php(61): CodeIgniter\Database\BaseBuilder->get()
#5 D:\xampp\htdocs\gudang\vendor\codeigniter4\framework\system\View\View.php(213): include('D:\\xampp\\htdocs...')
#6 D:\xampp\htdocs\gudang\vendor\codeigniter4\framework\system\View\View.php(216): CodeIgniter\View\View->CodeIgniter\View\{closure}()
#7 D:\xampp\htdocs\gudang\vendor\codeigniter4\framework\system\Common.php(1134): CodeIgniter\View\View->render('master/muser_v', Array, true)
#8 D:\xampp\htdocs\gudang\app\Controllers\master\muser.php(23): view('master/muser_v', Array)
#9 D:\xampp\htdocs\gudang\vendor\codeigniter4\framework\system\CodeIgniter.php(927): App\Controllers\master\muser->index()
#10 D:\xampp\htdocs\gudang\vendor\codeigniter4\framework\system\CodeIgniter.php(482): CodeIgniter\CodeIgniter->runController(Object(App\Controllers\master\muser))
#11 D:\xampp\htdocs\gudang\vendor\codeigniter4\framework\system\CodeIgniter.php(351): CodeIgniter\CodeIgniter->handleRequest(NULL, Object(Config\Cache), false)
#12 D:\xampp\htdocs\gudang\public\index.php(67): CodeIgniter\CodeIgniter->run()
#13 {main}
CRITICAL - 2024-11-01 13:10:23 --> Unknown column 'division_administrator' in 'where clause'
in SYSTEMPATH\Database\MySQLi\Connection.php on line 292.
 1 SYSTEMPATH\Database\MySQLi\Connection.php(292): mysqli->query('SELECT *
FROM `division`
WHERE `division_administrator` != \'1\'
AND `store_id` = \'0\'
ORDER BY `division_name` ASC', 0)
 2 SYSTEMPATH\Database\BaseConnection.php(666): CodeIgniter\Database\MySQLi\Connection->execute('SELECT *
FROM `division`
WHERE `division_administrator` != \'1\'
AND `store_id` = \'0\'
ORDER BY `division_name` ASC')
 3 SYSTEMPATH\Database\BaseConnection.php(593): CodeIgniter\Database\BaseConnection->simpleQuery('SELECT *
FROM `division`
WHERE `division_administrator` != \'1\'
AND `store_id` = \'0\'
ORDER BY `division_name` ASC')
 4 SYSTEMPATH\Database\BaseBuilder.php(1585): CodeIgniter\Database\BaseConnection->query('SELECT *
FROM `division`
WHERE `division_administrator` != :division_administrator:
AND `store_id` = :store_id:
ORDER BY `division_name` ASC', [...], false)
 5 APPPATH\Views\master\muser_v.php(61): CodeIgniter\Database\BaseBuilder->get()
 6 SYSTEMPATH\View\View.php(213): include('APPPATH\\Views\\master\\muser_v.php')
 7 SYSTEMPATH\View\View.php(216): CodeIgniter\View\View->CodeIgniter\View\{closure}()
 8 SYSTEMPATH\Common.php(1134): CodeIgniter\View\View->render('master/muser_v', [], true)
 9 APPPATH\Controllers\master\muser.php(23): view('master/muser_v', [...])
10 SYSTEMPATH\CodeIgniter.php(927): App\Controllers\master\muser->index()
11 SYSTEMPATH\CodeIgniter.php(482): CodeIgniter\CodeIgniter->runController(Object(App\Controllers\master\muser))
12 SYSTEMPATH\CodeIgniter.php(351): CodeIgniter\CodeIgniter->handleRequest(null, Object(Config\Cache), false)
13 FCPATH\index.php(67): CodeIgniter\CodeIgniter->run()
CRITICAL - 2024-11-01 13:21:11 --> Call to undefined method CodeIgniter\Database\MySQLi\Connection::order_by()
in APPPATH\Views\transaction\gudang_v.php on line 189.
 1 SYSTEMPATH\View\View.php(213): include()
 2 SYSTEMPATH\View\View.php(216): CodeIgniter\View\View->CodeIgniter\View\{closure}()
 3 SYSTEMPATH\Common.php(1134): CodeIgniter\View\View->render('transaction/gudang_v', [], true)
 4 APPPATH\Controllers\transaction\transaction.php(31): view('transaction/gudang_v', [...])
 5 SYSTEMPATH\CodeIgniter.php(927): App\Controllers\transaction\transaction->gudang()
 6 SYSTEMPATH\CodeIgniter.php(482): CodeIgniter\CodeIgniter->runController(Object(App\Controllers\transaction\transaction))
 7 SYSTEMPATH\CodeIgniter.php(351): CodeIgniter\CodeIgniter->handleRequest(null, Object(Config\Cache), false)
 8 FCPATH\index.php(67): CodeIgniter\CodeIgniter->run()
CRITICAL - 2024-11-01 13:26:45 --> Call to undefined method CodeIgniter\Database\MySQLi\Connection::orderBy()
in APPPATH\Views\transaction\gudang_v.php on line 189.
 1 SYSTEMPATH\View\View.php(213): include()
 2 SYSTEMPATH\View\View.php(216): CodeIgniter\View\View->CodeIgniter\View\{closure}()
 3 SYSTEMPATH\Common.php(1134): CodeIgniter\View\View->render('transaction/gudang_v', [], true)
 4 APPPATH\Controllers\transaction\transaction.php(31): view('transaction/gudang_v', [...])
 5 SYSTEMPATH\CodeIgniter.php(927): App\Controllers\transaction\transaction->gudang()
 6 SYSTEMPATH\CodeIgniter.php(482): CodeIgniter\CodeIgniter->runController(Object(App\Controllers\transaction\transaction))
 7 SYSTEMPATH\CodeIgniter.php(351): CodeIgniter\CodeIgniter->handleRequest(null, Object(Config\Cache), false)
 8 FCPATH\index.php(67): CodeIgniter\CodeIgniter->run()
CRITICAL - 2024-11-01 13:27:29 --> Call to undefined method CodeIgniter\Database\MySQLi\Result::result()
in APPPATH\Views\transaction\gudang_v.php on line 190.
 1 SYSTEMPATH\View\View.php(213): include()
 2 SYSTEMPATH\View\View.php(216): CodeIgniter\View\View->CodeIgniter\View\{closure}()
 3 SYSTEMPATH\Common.php(1134): CodeIgniter\View\View->render('transaction/gudang_v', [], true)
 4 APPPATH\Controllers\transaction\transaction.php(31): view('transaction/gudang_v', [...])
 5 SYSTEMPATH\CodeIgniter.php(927): App\Controllers\transaction\transaction->gudang()
 6 SYSTEMPATH\CodeIgniter.php(482): CodeIgniter\CodeIgniter->runController(Object(App\Controllers\transaction\transaction))
 7 SYSTEMPATH\CodeIgniter.php(351): CodeIgniter\CodeIgniter->handleRequest(null, Object(Config\Cache), false)
 8 FCPATH\index.php(67): CodeIgniter\CodeIgniter->run()
ERROR - 2024-11-01 13:37:50 --> mysqli_sql_exception: Column 'kas_nominal' cannot be null in D:\xampp\htdocs\gudang\vendor\codeigniter4\framework\system\Database\MySQLi\Connection.php:292
Stack trace:
#0 D:\xampp\htdocs\gudang\vendor\codeigniter4\framework\system\Database\MySQLi\Connection.php(292): mysqli->query('INSERT INTO `ka...', 0)
#1 D:\xampp\htdocs\gudang\vendor\codeigniter4\framework\system\Database\BaseConnection.php(666): CodeIgniter\Database\MySQLi\Connection->execute('INSERT INTO `ka...')
#2 D:\xampp\htdocs\gudang\vendor\codeigniter4\framework\system\Database\BaseConnection.php(593): CodeIgniter\Database\BaseConnection->simpleQuery('INSERT INTO `ka...')
#3 D:\xampp\htdocs\gudang\vendor\codeigniter4\framework\system\Database\BaseBuilder.php(1916): CodeIgniter\Database\BaseConnection->query('INSERT INTO `ka...', Array, false)
#4 D:\xampp\htdocs\gudang\app\Controllers\transaction\transaction.php(745): CodeIgniter\Database\BaseBuilder->insert(Array)
#5 D:\xampp\htdocs\gudang\vendor\codeigniter4\framework\system\CodeIgniter.php(927): App\Controllers\transaction\transaction->pelunasan()
#6 D:\xampp\htdocs\gudang\vendor\codeigniter4\framework\system\CodeIgniter.php(482): CodeIgniter\CodeIgniter->runController(Object(App\Controllers\transaction\transaction))
#7 D:\xampp\htdocs\gudang\vendor\codeigniter4\framework\system\CodeIgniter.php(351): CodeIgniter\CodeIgniter->handleRequest(NULL, Object(Config\Cache), false)
#8 D:\xampp\htdocs\gudang\public\index.php(67): CodeIgniter\CodeIgniter->run()
#9 {main}
CRITICAL - 2024-11-01 13:37:50 --> Column 'kas_nominal' cannot be null
in SYSTEMPATH\Database\MySQLi\Connection.php on line 292.
 1 SYSTEMPATH\Database\MySQLi\Connection.php(292): mysqli->query('INSERT INTO `kas` (`kas_shift`, `transaction_id`, `kas_nominal`, `kas_type`, `account_id`, `kas_description`, `kas_date`) VALUES (\'1\', \'14639\', NULL, \'masuk\', NULL, \'Pembayaran POS20241101081051\', \'2024-11-01\')', 0)
 2 SYSTEMPATH\Database\BaseConnection.php(666): CodeIgniter\Database\MySQLi\Connection->execute('INSERT INTO `kas` (`kas_shift`, `transaction_id`, `kas_nominal`, `kas_type`, `account_id`, `kas_description`, `kas_date`) VALUES (\'1\', \'14639\', NULL, \'masuk\', NULL, \'Pembayaran POS20241101081051\', \'2024-11-01\')')
 3 SYSTEMPATH\Database\BaseConnection.php(593): CodeIgniter\Database\BaseConnection->simpleQuery('INSERT INTO `kas` (`kas_shift`, `transaction_id`, `kas_nominal`, `kas_type`, `account_id`, `kas_description`, `kas_date`) VALUES (\'1\', \'14639\', NULL, \'masuk\', NULL, \'Pembayaran POS20241101081051\', \'2024-11-01\')')
 4 SYSTEMPATH\Database\BaseBuilder.php(1916): CodeIgniter\Database\BaseConnection->query('INSERT INTO `kas` (`kas_shift`, `transaction_id`, `kas_nominal`, `kas_type`, `account_id`, `kas_description`, `kas_date`) VALUES (:kas_shift:, :transaction_id:, :kas_nominal:, :kas_type:, :account_id:, :kas_description:, :kas_date:)', [...], false)
 5 APPPATH\Controllers\transaction\transaction.php(745): CodeIgniter\Database\BaseBuilder->insert([...])
 6 SYSTEMPATH\CodeIgniter.php(927): App\Controllers\transaction\transaction->pelunasan()
 7 SYSTEMPATH\CodeIgniter.php(482): CodeIgniter\CodeIgniter->runController(Object(App\Controllers\transaction\transaction))
 8 SYSTEMPATH\CodeIgniter.php(351): CodeIgniter\CodeIgniter->handleRequest(null, Object(Config\Cache), false)
 9 FCPATH\index.php(67): CodeIgniter\CodeIgniter->run()
ERROR - 2024-11-01 13:37:51 --> mysqli_sql_exception: Column 'kas_nominal' cannot be null in D:\xampp\htdocs\gudang\vendor\codeigniter4\framework\system\Database\MySQLi\Connection.php:292
Stack trace:
#0 D:\xampp\htdocs\gudang\vendor\codeigniter4\framework\system\Database\MySQLi\Connection.php(292): mysqli->query('INSERT INTO `ka...', 0)
#1 D:\xampp\htdocs\gudang\vendor\codeigniter4\framework\system\Database\BaseConnection.php(666): CodeIgniter\Database\MySQLi\Connection->execute('INSERT INTO `ka...')
#2 D:\xampp\htdocs\gudang\vendor\codeigniter4\framework\system\Database\BaseConnection.php(593): CodeIgniter\Database\BaseConnection->simpleQuery('INSERT INTO `ka...')
#3 D:\xampp\htdocs\gudang\vendor\codeigniter4\framework\system\Database\BaseBuilder.php(1916): CodeIgniter\Database\BaseConnection->query('INSERT INTO `ka...', Array, false)
#4 D:\xampp\htdocs\gudang\app\Controllers\transaction\transaction.php(745): CodeIgniter\Database\BaseBuilder->insert(Array)
#5 D:\xampp\htdocs\gudang\vendor\codeigniter4\framework\system\CodeIgniter.php(927): App\Controllers\transaction\transaction->pelunasan()
#6 D:\xampp\htdocs\gudang\vendor\codeigniter4\framework\system\CodeIgniter.php(482): CodeIgniter\CodeIgniter->runController(Object(App\Controllers\transaction\transaction))
#7 D:\xampp\htdocs\gudang\vendor\codeigniter4\framework\system\CodeIgniter.php(351): CodeIgniter\CodeIgniter->handleRequest(NULL, Object(Config\Cache), false)
#8 D:\xampp\htdocs\gudang\public\index.php(67): CodeIgniter\CodeIgniter->run()
#9 {main}
CRITICAL - 2024-11-01 13:37:51 --> Column 'kas_nominal' cannot be null
in SYSTEMPATH\Database\MySQLi\Connection.php on line 292.
 1 SYSTEMPATH\Database\MySQLi\Connection.php(292): mysqli->query('INSERT INTO `kas` (`kas_shift`, `transaction_id`, `kas_nominal`, `kas_type`, `account_id`, `kas_description`, `kas_date`) VALUES (\'1\', \'14639\', NULL, \'masuk\', NULL, \'Pembayaran POS20241101081051\', \'2024-11-01\')', 0)
 2 SYSTEMPATH\Database\BaseConnection.php(666): CodeIgniter\Database\MySQLi\Connection->execute('INSERT INTO `kas` (`kas_shift`, `transaction_id`, `kas_nominal`, `kas_type`, `account_id`, `kas_description`, `kas_date`) VALUES (\'1\', \'14639\', NULL, \'masuk\', NULL, \'Pembayaran POS20241101081051\', \'2024-11-01\')')
 3 SYSTEMPATH\Database\BaseConnection.php(593): CodeIgniter\Database\BaseConnection->simpleQuery('INSERT INTO `kas` (`kas_shift`, `transaction_id`, `kas_nominal`, `kas_type`, `account_id`, `kas_description`, `kas_date`) VALUES (\'1\', \'14639\', NULL, \'masuk\', NULL, \'Pembayaran POS20241101081051\', \'2024-11-01\')')
 4 SYSTEMPATH\Database\BaseBuilder.php(1916): CodeIgniter\Database\BaseConnection->query('INSERT INTO `kas` (`kas_shift`, `transaction_id`, `kas_nominal`, `kas_type`, `account_id`, `kas_description`, `kas_date`) VALUES (:kas_shift:, :transaction_id:, :kas_nominal:, :kas_type:, :account_id:, :kas_description:, :kas_date:)', [...], false)
 5 APPPATH\Controllers\transaction\transaction.php(745): CodeIgniter\Database\BaseBuilder->insert([...])
 6 SYSTEMPATH\CodeIgniter.php(927): App\Controllers\transaction\transaction->pelunasan()
 7 SYSTEMPATH\CodeIgniter.php(482): CodeIgniter\CodeIgniter->runController(Object(App\Controllers\transaction\transaction))
 8 SYSTEMPATH\CodeIgniter.php(351): CodeIgniter\CodeIgniter->handleRequest(null, Object(Config\Cache), false)
 9 FCPATH\index.php(67): CodeIgniter\CodeIgniter->run()
CRITICAL - 2024-11-01 16:44:54 --> number_format(): Passing null to parameter #1 ($num) of type float is deprecated
in APPPATH\Views\transaction\transactionprint_v.php on line 120.
 1 [internal function]: CodeIgniter\Debug\Exceptions->errorHandler(8192, 'number_format(): Passing null to parameter #1 ($num) of type float is deprecated', 'APPPATH\\Views\\transaction\\transactionprint_v.php', 120)
 2 APPPATH\Views\transaction\transactionprint_v.php(120): number_format(null, 0, 'ROOTPATH\\public', ',')
 3 SYSTEMPATH\View\View.php(213): include('APPPATH\\Views\\transaction\\transactionprint_v.php')
 4 SYSTEMPATH\View\View.php(216): CodeIgniter\View\View->CodeIgniter\View\{closure}()
 5 SYSTEMPATH\Common.php(1134): CodeIgniter\View\View->render('transaction/transactionprint_v', [], true)
 6 APPPATH\Controllers\transaction\transaction.php(37): view('transaction/transactionprint_v')
 7 SYSTEMPATH\CodeIgniter.php(927): App\Controllers\transaction\transaction->print()
 8 SYSTEMPATH\CodeIgniter.php(482): CodeIgniter\CodeIgniter->runController(Object(App\Controllers\transaction\transaction))
 9 SYSTEMPATH\CodeIgniter.php(351): CodeIgniter\CodeIgniter->handleRequest(null, Object(Config\Cache), false)
10 FCPATH\index.php(67): CodeIgniter\CodeIgniter->run()
