CRITICAL - 2024-11-26 08:52:52 --> Class "App\Models\master\sewa_m" not found
in APPPATH\Controllers\transaction\sewa.php on line 21.
 1 SYSTEMPATH\CodeIgniter.php(927): App\Controllers\transaction\sewa->index()
 2 SYSTEMPATH\CodeIgniter.php(482): CodeIgniter\CodeIgniter->runController(Object(App\Controllers\transaction\sewa))
 3 SYSTEMPATH\CodeIgniter.php(351): CodeIgniter\CodeIgniter->handleRequest(null, Object(Config\Cache), false)
 4 FCPATH\index.php(67): CodeIgniter\CodeIgniter->run()
CRITICAL - 2024-11-26 08:53:11 --> Class "App\Models\transaction\sewa_m" not found
in APPPATH\Controllers\transaction\sewa.php on line 21.
 1 SYSTEMPATH\CodeIgniter.php(927): App\Controllers\transaction\sewa->index()
 2 SYSTEMPATH\CodeIgniter.php(482): CodeIgniter\CodeIgniter->runController(Object(App\Controllers\transaction\sewa))
 3 SYSTEMPATH\CodeIgniter.php(351): CodeIgniter\CodeIgniter->handleRequest(null, Object(Config\Cache), false)
 4 FCPATH\index.php(67): CodeIgniter\CodeIgniter->run()
ERROR - 2024-11-26 08:54:23 --> mysqli_sql_exception: Unknown column 'store_id' in 'where clause' in D:\xampp\htdocs\rental\vendor\codeigniter4\framework\system\Database\MySQLi\Connection.php:292
Stack trace:
#0 D:\xampp\htdocs\rental\vendor\codeigniter4\framework\system\Database\MySQLi\Connection.php(292): mysqli->query('SELECT *\nFROM `...', 0)
#1 D:\xampp\htdocs\rental\vendor\codeigniter4\framework\system\Database\BaseConnection.php(666): CodeIgniter\Database\MySQLi\Connection->execute('SELECT *\nFROM `...')
#2 D:\xampp\htdocs\rental\vendor\codeigniter4\framework\system\Database\BaseConnection.php(593): CodeIgniter\Database\BaseConnection->simpleQuery('SELECT *\nFROM `...')
#3 D:\xampp\htdocs\rental\vendor\codeigniter4\framework\system\Database\BaseBuilder.php(1718): CodeIgniter\Database\BaseConnection->query('SELECT *\nFROM `...', Array, false)
#4 D:\xampp\htdocs\rental\app\Models\transaction\sewa_m.php(22): CodeIgniter\Database\BaseBuilder->getWhere(Array)
#5 D:\xampp\htdocs\rental\app\Controllers\transaction\sewa.php(22): App\Models\transaction\sewa_m->data()
#6 D:\xampp\htdocs\rental\vendor\codeigniter4\framework\system\CodeIgniter.php(927): App\Controllers\transaction\sewa->index()
#7 D:\xampp\htdocs\rental\vendor\codeigniter4\framework\system\CodeIgniter.php(482): CodeIgniter\CodeIgniter->runController(Object(App\Controllers\transaction\sewa))
#8 D:\xampp\htdocs\rental\vendor\codeigniter4\framework\system\CodeIgniter.php(351): CodeIgniter\CodeIgniter->handleRequest(NULL, Object(Config\Cache), false)
#9 D:\xampp\htdocs\rental\index.php(67): CodeIgniter\CodeIgniter->run()
#10 {main}
CRITICAL - 2024-11-26 08:54:23 --> Unknown column 'store_id' in 'where clause'
in SYSTEMPATH\Database\MySQLi\Connection.php on line 292.
 1 SYSTEMPATH\Database\MySQLi\Connection.php(292): mysqli->query('SELECT *
FROM `sewa`
WHERE `sewa_id` = -1
AND `store_id` = \'0\'', 0)
 2 SYSTEMPATH\Database\BaseConnection.php(666): CodeIgniter\Database\MySQLi\Connection->execute('SELECT *
FROM `sewa`
WHERE `sewa_id` = -1
AND `store_id` = \'0\'')
 3 SYSTEMPATH\Database\BaseConnection.php(593): CodeIgniter\Database\BaseConnection->simpleQuery('SELECT *
FROM `sewa`
WHERE `sewa_id` = -1
AND `store_id` = \'0\'')
 4 SYSTEMPATH\Database\BaseBuilder.php(1718): CodeIgniter\Database\BaseConnection->query('SELECT *
FROM `sewa`
WHERE `sewa_id` = :sewa_id:
AND `store_id` = :store_id:', [...], false)
 5 APPPATH\Models\transaction\sewa_m.php(22): CodeIgniter\Database\BaseBuilder->getWhere([...])
 6 APPPATH\Controllers\transaction\sewa.php(22): App\Models\transaction\sewa_m->data()
 7 SYSTEMPATH\CodeIgniter.php(927): App\Controllers\transaction\sewa->index()
 8 SYSTEMPATH\CodeIgniter.php(482): CodeIgniter\CodeIgniter->runController(Object(App\Controllers\transaction\sewa))
 9 SYSTEMPATH\CodeIgniter.php(351): CodeIgniter\CodeIgniter->handleRequest(null, Object(Config\Cache), false)
10 FCPATH\index.php(67): CodeIgniter\CodeIgniter->run()
ERROR - 2024-11-26 08:55:58 --> mysqli_sql_exception: Unknown column 'sewa_name' in 'order clause' in D:\xampp\htdocs\rental\vendor\codeigniter4\framework\system\Database\MySQLi\Connection.php:292
Stack trace:
#0 D:\xampp\htdocs\rental\vendor\codeigniter4\framework\system\Database\MySQLi\Connection.php(292): mysqli->query('SELECT *\nFROM `...', 0)
#1 D:\xampp\htdocs\rental\vendor\codeigniter4\framework\system\Database\BaseConnection.php(666): CodeIgniter\Database\MySQLi\Connection->execute('SELECT *\nFROM `...')
#2 D:\xampp\htdocs\rental\vendor\codeigniter4\framework\system\Database\BaseConnection.php(593): CodeIgniter\Database\BaseConnection->simpleQuery('SELECT *\nFROM `...')
#3 D:\xampp\htdocs\rental\vendor\codeigniter4\framework\system\Database\BaseBuilder.php(1585): CodeIgniter\Database\BaseConnection->query('SELECT *\nFROM `...', Array, false)
#4 D:\xampp\htdocs\rental\app\Views\transaction\sewa_v.php(107): CodeIgniter\Database\BaseBuilder->get()
#5 D:\xampp\htdocs\rental\vendor\codeigniter4\framework\system\View\View.php(213): include('D:\\xampp\\htdocs...')
#6 D:\xampp\htdocs\rental\vendor\codeigniter4\framework\system\View\View.php(216): CodeIgniter\View\View->CodeIgniter\View\{closure}()
#7 D:\xampp\htdocs\rental\vendor\codeigniter4\framework\system\Common.php(1134): CodeIgniter\View\View->render('transaction/sew...', Array, true)
#8 D:\xampp\htdocs\rental\app\Controllers\transaction\sewa.php(23): view('transaction/sew...', Array)
#9 D:\xampp\htdocs\rental\vendor\codeigniter4\framework\system\CodeIgniter.php(927): App\Controllers\transaction\sewa->index()
#10 D:\xampp\htdocs\rental\vendor\codeigniter4\framework\system\CodeIgniter.php(482): CodeIgniter\CodeIgniter->runController(Object(App\Controllers\transaction\sewa))
#11 D:\xampp\htdocs\rental\vendor\codeigniter4\framework\system\CodeIgniter.php(351): CodeIgniter\CodeIgniter->handleRequest(NULL, Object(Config\Cache), false)
#12 D:\xampp\htdocs\rental\index.php(67): CodeIgniter\CodeIgniter->run()
#13 {main}
CRITICAL - 2024-11-26 08:55:58 --> Unknown column 'sewa_name' in 'order clause'
in SYSTEMPATH\Database\MySQLi\Connection.php on line 292.
 1 SYSTEMPATH\Database\MySQLi\Connection.php(292): mysqli->query('SELECT *
FROM `sewa`
ORDER BY `sewa_name` ASC', 0)
 2 SYSTEMPATH\Database\BaseConnection.php(666): CodeIgniter\Database\MySQLi\Connection->execute('SELECT *
FROM `sewa`
ORDER BY `sewa_name` ASC')
 3 SYSTEMPATH\Database\BaseConnection.php(593): CodeIgniter\Database\BaseConnection->simpleQuery('SELECT *
FROM `sewa`
ORDER BY `sewa_name` ASC')
 4 SYSTEMPATH\Database\BaseBuilder.php(1585): CodeIgniter\Database\BaseConnection->query('SELECT *
FROM `sewa`
ORDER BY `sewa_name` ASC', [], false)
 5 APPPATH\Views\transaction\sewa_v.php(107): CodeIgniter\Database\BaseBuilder->get()
 6 SYSTEMPATH\View\View.php(213): include('APPPATH\\Views\\transaction\\sewa_v.php')
 7 SYSTEMPATH\View\View.php(216): CodeIgniter\View\View->CodeIgniter\View\{closure}()
 8 SYSTEMPATH\Common.php(1134): CodeIgniter\View\View->render('transaction/sewa_v', [], true)
 9 APPPATH\Controllers\transaction\sewa.php(23): view('transaction/sewa_v', [...])
10 SYSTEMPATH\CodeIgniter.php(927): App\Controllers\transaction\sewa->index()
11 SYSTEMPATH\CodeIgniter.php(482): CodeIgniter\CodeIgniter->runController(Object(App\Controllers\transaction\sewa))
12 SYSTEMPATH\CodeIgniter.php(351): CodeIgniter\CodeIgniter->handleRequest(null, Object(Config\Cache), false)
13 FCPATH\index.php(67): CodeIgniter\CodeIgniter->run()
ERROR - 2024-11-26 09:28:58 --> mysqli_sql_exception: Unknown column 'sewa_name' in 'order clause' in D:\xampp\htdocs\rental\vendor\codeigniter4\framework\system\Database\MySQLi\Connection.php:292
Stack trace:
#0 D:\xampp\htdocs\rental\vendor\codeigniter4\framework\system\Database\MySQLi\Connection.php(292): mysqli->query('SELECT *\nFROM `...', 0)
#1 D:\xampp\htdocs\rental\vendor\codeigniter4\framework\system\Database\BaseConnection.php(666): CodeIgniter\Database\MySQLi\Connection->execute('SELECT *\nFROM `...')
#2 D:\xampp\htdocs\rental\vendor\codeigniter4\framework\system\Database\BaseConnection.php(593): CodeIgniter\Database\BaseConnection->simpleQuery('SELECT *\nFROM `...')
#3 D:\xampp\htdocs\rental\vendor\codeigniter4\framework\system\Database\BaseBuilder.php(1585): CodeIgniter\Database\BaseConnection->query('SELECT *\nFROM `...', Array, false)
#4 D:\xampp\htdocs\rental\app\Views\transaction\sewa_v.php(113): CodeIgniter\Database\BaseBuilder->get()
#5 D:\xampp\htdocs\rental\vendor\codeigniter4\framework\system\View\View.php(213): include('D:\\xampp\\htdocs...')
#6 D:\xampp\htdocs\rental\vendor\codeigniter4\framework\system\View\View.php(216): CodeIgniter\View\View->CodeIgniter\View\{closure}()
#7 D:\xampp\htdocs\rental\vendor\codeigniter4\framework\system\Common.php(1134): CodeIgniter\View\View->render('transaction/sew...', Array, true)
#8 D:\xampp\htdocs\rental\app\Controllers\transaction\sewa.php(23): view('transaction/sew...', Array)
#9 D:\xampp\htdocs\rental\vendor\codeigniter4\framework\system\CodeIgniter.php(927): App\Controllers\transaction\sewa->index()
#10 D:\xampp\htdocs\rental\vendor\codeigniter4\framework\system\CodeIgniter.php(482): CodeIgniter\CodeIgniter->runController(Object(App\Controllers\transaction\sewa))
#11 D:\xampp\htdocs\rental\vendor\codeigniter4\framework\system\CodeIgniter.php(351): CodeIgniter\CodeIgniter->handleRequest(NULL, Object(Config\Cache), false)
#12 D:\xampp\htdocs\rental\index.php(67): CodeIgniter\CodeIgniter->run()
#13 {main}
CRITICAL - 2024-11-26 09:28:58 --> Unknown column 'sewa_name' in 'order clause'
in SYSTEMPATH\Database\MySQLi\Connection.php on line 292.
 1 SYSTEMPATH\Database\MySQLi\Connection.php(292): mysqli->query('SELECT *
FROM `sewa`
LEFT JOIN `customer` ON `customer`.`customer_id`=`sewa`.`customer_id`
LEFT JOIN (SELECT user_id as driver_id, user_name as driver_name FROM user)AS driver ON `driver`.`driver_id`=`sewa`.`sewa_driver`
ORDER BY `sewa_name` ASC', 0)
 2 SYSTEMPATH\Database\BaseConnection.php(666): CodeIgniter\Database\MySQLi\Connection->execute('SELECT *
FROM `sewa`
LEFT JOIN `customer` ON `customer`.`customer_id`=`sewa`.`customer_id`
LEFT JOIN (SELECT user_id as driver_id, user_name as driver_name FROM user)AS driver ON `driver`.`driver_id`=`sewa`.`sewa_driver`
ORDER BY `sewa_name` ASC')
 3 SYSTEMPATH\Database\BaseConnection.php(593): CodeIgniter\Database\BaseConnection->simpleQuery('SELECT *
FROM `sewa`
LEFT JOIN `customer` ON `customer`.`customer_id`=`sewa`.`customer_id`
LEFT JOIN (SELECT user_id as driver_id, user_name as driver_name FROM user)AS driver ON `driver`.`driver_id`=`sewa`.`sewa_driver`
ORDER BY `sewa_name` ASC')
 4 SYSTEMPATH\Database\BaseBuilder.php(1585): CodeIgniter\Database\BaseConnection->query('SELECT *
FROM `sewa`
LEFT JOIN `customer` ON `customer`.`customer_id`=`sewa`.`customer_id`
LEFT JOIN (SELECT user_id as driver_id, user_name as driver_name FROM user)AS driver ON `driver`.`driver_id`=`sewa`.`sewa_driver`
ORDER BY `sewa_name` ASC', [], false)
 5 APPPATH\Views\transaction\sewa_v.php(113): CodeIgniter\Database\BaseBuilder->get()
 6 SYSTEMPATH\View\View.php(213): include('APPPATH\\Views\\transaction\\sewa_v.php')
 7 SYSTEMPATH\View\View.php(216): CodeIgniter\View\View->CodeIgniter\View\{closure}()
 8 SYSTEMPATH\Common.php(1134): CodeIgniter\View\View->render('transaction/sewa_v', [], true)
 9 APPPATH\Controllers\transaction\sewa.php(23): view('transaction/sewa_v', [...])
10 SYSTEMPATH\CodeIgniter.php(927): App\Controllers\transaction\sewa->index()
11 SYSTEMPATH\CodeIgniter.php(482): CodeIgniter\CodeIgniter->runController(Object(App\Controllers\transaction\sewa))
12 SYSTEMPATH\CodeIgniter.php(351): CodeIgniter\CodeIgniter->handleRequest(null, Object(Config\Cache), false)
13 FCPATH\index.php(67): CodeIgniter\CodeIgniter->run()
ERROR - 2024-11-26 10:29:09 --> mysqli_sql_exception: Unknown column 'sewa_name' in 'order clause' in D:\xampp\htdocs\rental\vendor\codeigniter4\framework\system\Database\MySQLi\Connection.php:292
Stack trace:
#0 D:\xampp\htdocs\rental\vendor\codeigniter4\framework\system\Database\MySQLi\Connection.php(292): mysqli->query('SELECT *\nFROM `...', 0)
#1 D:\xampp\htdocs\rental\vendor\codeigniter4\framework\system\Database\BaseConnection.php(666): CodeIgniter\Database\MySQLi\Connection->execute('SELECT *\nFROM `...')
#2 D:\xampp\htdocs\rental\vendor\codeigniter4\framework\system\Database\BaseConnection.php(593): CodeIgniter\Database\BaseConnection->simpleQuery('SELECT *\nFROM `...')
#3 D:\xampp\htdocs\rental\vendor\codeigniter4\framework\system\Database\BaseBuilder.php(1585): CodeIgniter\Database\BaseConnection->query('SELECT *\nFROM `...', Array, false)
#4 D:\xampp\htdocs\rental\app\Views\transaction\sewa_v.php(125): CodeIgniter\Database\BaseBuilder->get()
#5 D:\xampp\htdocs\rental\vendor\codeigniter4\framework\system\View\View.php(213): include('D:\\xampp\\htdocs...')
#6 D:\xampp\htdocs\rental\vendor\codeigniter4\framework\system\View\View.php(216): CodeIgniter\View\View->CodeIgniter\View\{closure}()
#7 D:\xampp\htdocs\rental\vendor\codeigniter4\framework\system\Common.php(1134): CodeIgniter\View\View->render('transaction/sew...', Array, true)
#8 D:\xampp\htdocs\rental\app\Controllers\transaction\sewa.php(23): view('transaction/sew...', Array)
#9 D:\xampp\htdocs\rental\vendor\codeigniter4\framework\system\CodeIgniter.php(927): App\Controllers\transaction\sewa->index()
#10 D:\xampp\htdocs\rental\vendor\codeigniter4\framework\system\CodeIgniter.php(482): CodeIgniter\CodeIgniter->runController(Object(App\Controllers\transaction\sewa))
#11 D:\xampp\htdocs\rental\vendor\codeigniter4\framework\system\CodeIgniter.php(351): CodeIgniter\CodeIgniter->handleRequest(NULL, Object(Config\Cache), false)
#12 D:\xampp\htdocs\rental\index.php(67): CodeIgniter\CodeIgniter->run()
#13 {main}
CRITICAL - 2024-11-26 10:29:11 --> Unknown column 'sewa_name' in 'order clause'
in SYSTEMPATH\Database\MySQLi\Connection.php on line 292.
 1 SYSTEMPATH\Database\MySQLi\Connection.php(292): mysqli->query('SELECT *
FROM `sewa`
LEFT JOIN `customer` ON `customer`.`customer_id`=`sewa`.`customer_id`
LEFT JOIN (SELECT user_id as driver_id, user_name as driver_name FROM user)AS driver ON `driver`.`driver_id`=`sewa`.`sewa_driver`
ORDER BY `sewa_name` ASC', 0)
 2 SYSTEMPATH\Database\BaseConnection.php(666): CodeIgniter\Database\MySQLi\Connection->execute('SELECT *
FROM `sewa`
LEFT JOIN `customer` ON `customer`.`customer_id`=`sewa`.`customer_id`
LEFT JOIN (SELECT user_id as driver_id, user_name as driver_name FROM user)AS driver ON `driver`.`driver_id`=`sewa`.`sewa_driver`
ORDER BY `sewa_name` ASC')
 3 SYSTEMPATH\Database\BaseConnection.php(593): CodeIgniter\Database\BaseConnection->simpleQuery('SELECT *
FROM `sewa`
LEFT JOIN `customer` ON `customer`.`customer_id`=`sewa`.`customer_id`
LEFT JOIN (SELECT user_id as driver_id, user_name as driver_name FROM user)AS driver ON `driver`.`driver_id`=`sewa`.`sewa_driver`
ORDER BY `sewa_name` ASC')
 4 SYSTEMPATH\Database\BaseBuilder.php(1585): CodeIgniter\Database\BaseConnection->query('SELECT *
FROM `sewa`
LEFT JOIN `customer` ON `customer`.`customer_id`=`sewa`.`customer_id`
LEFT JOIN (SELECT user_id as driver_id, user_name as driver_name FROM user)AS driver ON `driver`.`driver_id`=`sewa`.`sewa_driver`
ORDER BY `sewa_name` ASC', [], false)
 5 APPPATH\Views\transaction\sewa_v.php(125): CodeIgniter\Database\BaseBuilder->get()
 6 SYSTEMPATH\View\View.php(213): include('APPPATH\\Views\\transaction\\sewa_v.php')
 7 SYSTEMPATH\View\View.php(216): CodeIgniter\View\View->CodeIgniter\View\{closure}()
 8 SYSTEMPATH\Common.php(1134): CodeIgniter\View\View->render('transaction/sewa_v', [], true)
 9 APPPATH\Controllers\transaction\sewa.php(23): view('transaction/sewa_v', [...])
10 SYSTEMPATH\CodeIgniter.php(927): App\Controllers\transaction\sewa->index()
11 SYSTEMPATH\CodeIgniter.php(482): CodeIgniter\CodeIgniter->runController(Object(App\Controllers\transaction\sewa))
12 SYSTEMPATH\CodeIgniter.php(351): CodeIgniter\CodeIgniter->handleRequest(null, Object(Config\Cache), false)
13 FCPATH\index.php(67): CodeIgniter\CodeIgniter->run()
ERROR - 2024-11-26 11:56:41 --> mysqli_sql_exception: Unknown column 'sewa_name' in 'order clause' in D:\xampp\htdocs\rental\vendor\codeigniter4\framework\system\Database\MySQLi\Connection.php:292
Stack trace:
#0 D:\xampp\htdocs\rental\vendor\codeigniter4\framework\system\Database\MySQLi\Connection.php(292): mysqli->query('SELECT *\nFROM `...', 0)
#1 D:\xampp\htdocs\rental\vendor\codeigniter4\framework\system\Database\BaseConnection.php(666): CodeIgniter\Database\MySQLi\Connection->execute('SELECT *\nFROM `...')
#2 D:\xampp\htdocs\rental\vendor\codeigniter4\framework\system\Database\BaseConnection.php(593): CodeIgniter\Database\BaseConnection->simpleQuery('SELECT *\nFROM `...')
#3 D:\xampp\htdocs\rental\vendor\codeigniter4\framework\system\Database\BaseBuilder.php(1585): CodeIgniter\Database\BaseConnection->query('SELECT *\nFROM `...', Array, false)
#4 D:\xampp\htdocs\rental\app\Views\transaction\sewa_v.php(131): CodeIgniter\Database\BaseBuilder->get()
#5 D:\xampp\htdocs\rental\vendor\codeigniter4\framework\system\View\View.php(213): include('D:\\xampp\\htdocs...')
#6 D:\xampp\htdocs\rental\vendor\codeigniter4\framework\system\View\View.php(216): CodeIgniter\View\View->CodeIgniter\View\{closure}()
#7 D:\xampp\htdocs\rental\vendor\codeigniter4\framework\system\Common.php(1134): CodeIgniter\View\View->render('transaction/sew...', Array, true)
#8 D:\xampp\htdocs\rental\app\Controllers\transaction\sewa.php(23): view('transaction/sew...', Array)
#9 D:\xampp\htdocs\rental\vendor\codeigniter4\framework\system\CodeIgniter.php(927): App\Controllers\transaction\sewa->index()
#10 D:\xampp\htdocs\rental\vendor\codeigniter4\framework\system\CodeIgniter.php(482): CodeIgniter\CodeIgniter->runController(Object(App\Controllers\transaction\sewa))
#11 D:\xampp\htdocs\rental\vendor\codeigniter4\framework\system\CodeIgniter.php(351): CodeIgniter\CodeIgniter->handleRequest(NULL, Object(Config\Cache), false)
#12 D:\xampp\htdocs\rental\index.php(67): CodeIgniter\CodeIgniter->run()
#13 {main}
CRITICAL - 2024-11-26 11:56:42 --> Unknown column 'sewa_name' in 'order clause'
in SYSTEMPATH\Database\MySQLi\Connection.php on line 292.
 1 SYSTEMPATH\Database\MySQLi\Connection.php(292): mysqli->query('SELECT *
FROM `sewa`
LEFT JOIN `customer` ON `customer`.`customer_id`=`sewa`.`customer_id`
LEFT JOIN (SELECT user_id as driver_id, user_name as driver_name FROM user)AS driver ON `driver`.`driver_id`=`sewa`.`sewa_driver`
ORDER BY `sewa_name` ASC', 0)
 2 SYSTEMPATH\Database\BaseConnection.php(666): CodeIgniter\Database\MySQLi\Connection->execute('SELECT *
FROM `sewa`
LEFT JOIN `customer` ON `customer`.`customer_id`=`sewa`.`customer_id`
LEFT JOIN (SELECT user_id as driver_id, user_name as driver_name FROM user)AS driver ON `driver`.`driver_id`=`sewa`.`sewa_driver`
ORDER BY `sewa_name` ASC')
 3 SYSTEMPATH\Database\BaseConnection.php(593): CodeIgniter\Database\BaseConnection->simpleQuery('SELECT *
FROM `sewa`
LEFT JOIN `customer` ON `customer`.`customer_id`=`sewa`.`customer_id`
LEFT JOIN (SELECT user_id as driver_id, user_name as driver_name FROM user)AS driver ON `driver`.`driver_id`=`sewa`.`sewa_driver`
ORDER BY `sewa_name` ASC')
 4 SYSTEMPATH\Database\BaseBuilder.php(1585): CodeIgniter\Database\BaseConnection->query('SELECT *
FROM `sewa`
LEFT JOIN `customer` ON `customer`.`customer_id`=`sewa`.`customer_id`
LEFT JOIN (SELECT user_id as driver_id, user_name as driver_name FROM user)AS driver ON `driver`.`driver_id`=`sewa`.`sewa_driver`
ORDER BY `sewa_name` ASC', [], false)
 5 APPPATH\Views\transaction\sewa_v.php(131): CodeIgniter\Database\BaseBuilder->get()
 6 SYSTEMPATH\View\View.php(213): include('APPPATH\\Views\\transaction\\sewa_v.php')
 7 SYSTEMPATH\View\View.php(216): CodeIgniter\View\View->CodeIgniter\View\{closure}()
 8 SYSTEMPATH\Common.php(1134): CodeIgniter\View\View->render('transaction/sewa_v', [], true)
 9 APPPATH\Controllers\transaction\sewa.php(23): view('transaction/sewa_v', [...])
10 SYSTEMPATH\CodeIgniter.php(927): App\Controllers\transaction\sewa->index()
11 SYSTEMPATH\CodeIgniter.php(482): CodeIgniter\CodeIgniter->runController(Object(App\Controllers\transaction\sewa))
12 SYSTEMPATH\CodeIgniter.php(351): CodeIgniter\CodeIgniter->handleRequest(null, Object(Config\Cache), false)
13 FCPATH\index.php(67): CodeIgniter\CodeIgniter->run()
ERROR - 2024-11-26 11:57:02 --> mysqli_sql_exception: Unknown column 'sewa_name' in 'order clause' in D:\xampp\htdocs\rental\vendor\codeigniter4\framework\system\Database\MySQLi\Connection.php:292
Stack trace:
#0 D:\xampp\htdocs\rental\vendor\codeigniter4\framework\system\Database\MySQLi\Connection.php(292): mysqli->query('SELECT *\nFROM `...', 0)
#1 D:\xampp\htdocs\rental\vendor\codeigniter4\framework\system\Database\BaseConnection.php(666): CodeIgniter\Database\MySQLi\Connection->execute('SELECT *\nFROM `...')
#2 D:\xampp\htdocs\rental\vendor\codeigniter4\framework\system\Database\BaseConnection.php(593): CodeIgniter\Database\BaseConnection->simpleQuery('SELECT *\nFROM `...')
#3 D:\xampp\htdocs\rental\vendor\codeigniter4\framework\system\Database\BaseBuilder.php(1585): CodeIgniter\Database\BaseConnection->query('SELECT *\nFROM `...', Array, false)
#4 D:\xampp\htdocs\rental\app\Views\transaction\sewa_v.php(131): CodeIgniter\Database\BaseBuilder->get()
#5 D:\xampp\htdocs\rental\vendor\codeigniter4\framework\system\View\View.php(213): include('D:\\xampp\\htdocs...')
#6 D:\xampp\htdocs\rental\vendor\codeigniter4\framework\system\View\View.php(216): CodeIgniter\View\View->CodeIgniter\View\{closure}()
#7 D:\xampp\htdocs\rental\vendor\codeigniter4\framework\system\Common.php(1134): CodeIgniter\View\View->render('transaction/sew...', Array, true)
#8 D:\xampp\htdocs\rental\app\Controllers\transaction\sewa.php(23): view('transaction/sew...', Array)
#9 D:\xampp\htdocs\rental\vendor\codeigniter4\framework\system\CodeIgniter.php(927): App\Controllers\transaction\sewa->index()
#10 D:\xampp\htdocs\rental\vendor\codeigniter4\framework\system\CodeIgniter.php(482): CodeIgniter\CodeIgniter->runController(Object(App\Controllers\transaction\sewa))
#11 D:\xampp\htdocs\rental\vendor\codeigniter4\framework\system\CodeIgniter.php(351): CodeIgniter\CodeIgniter->handleRequest(NULL, Object(Config\Cache), false)
#12 D:\xampp\htdocs\rental\index.php(67): CodeIgniter\CodeIgniter->run()
#13 {main}
CRITICAL - 2024-11-26 11:57:02 --> Unknown column 'sewa_name' in 'order clause'
in SYSTEMPATH\Database\MySQLi\Connection.php on line 292.
 1 SYSTEMPATH\Database\MySQLi\Connection.php(292): mysqli->query('SELECT *
FROM `sewa`
LEFT JOIN `customer` ON `customer`.`customer_id`=`sewa`.`customer_id`
LEFT JOIN (SELECT user_id as driver_id, user_name as driver_name FROM user)AS driver ON `driver`.`driver_id`=`sewa`.`sewa_driver`
ORDER BY `sewa_name` ASC', 0)
 2 SYSTEMPATH\Database\BaseConnection.php(666): CodeIgniter\Database\MySQLi\Connection->execute('SELECT *
FROM `sewa`
LEFT JOIN `customer` ON `customer`.`customer_id`=`sewa`.`customer_id`
LEFT JOIN (SELECT user_id as driver_id, user_name as driver_name FROM user)AS driver ON `driver`.`driver_id`=`sewa`.`sewa_driver`
ORDER BY `sewa_name` ASC')
 3 SYSTEMPATH\Database\BaseConnection.php(593): CodeIgniter\Database\BaseConnection->simpleQuery('SELECT *
FROM `sewa`
LEFT JOIN `customer` ON `customer`.`customer_id`=`sewa`.`customer_id`
LEFT JOIN (SELECT user_id as driver_id, user_name as driver_name FROM user)AS driver ON `driver`.`driver_id`=`sewa`.`sewa_driver`
ORDER BY `sewa_name` ASC')
 4 SYSTEMPATH\Database\BaseBuilder.php(1585): CodeIgniter\Database\BaseConnection->query('SELECT *
FROM `sewa`
LEFT JOIN `customer` ON `customer`.`customer_id`=`sewa`.`customer_id`
LEFT JOIN (SELECT user_id as driver_id, user_name as driver_name FROM user)AS driver ON `driver`.`driver_id`=`sewa`.`sewa_driver`
ORDER BY `sewa_name` ASC', [], false)
 5 APPPATH\Views\transaction\sewa_v.php(131): CodeIgniter\Database\BaseBuilder->get()
 6 SYSTEMPATH\View\View.php(213): include('APPPATH\\Views\\transaction\\sewa_v.php')
 7 SYSTEMPATH\View\View.php(216): CodeIgniter\View\View->CodeIgniter\View\{closure}()
 8 SYSTEMPATH\Common.php(1134): CodeIgniter\View\View->render('transaction/sewa_v', [], true)
 9 APPPATH\Controllers\transaction\sewa.php(23): view('transaction/sewa_v', [...])
10 SYSTEMPATH\CodeIgniter.php(927): App\Controllers\transaction\sewa->index()
11 SYSTEMPATH\CodeIgniter.php(482): CodeIgniter\CodeIgniter->runController(Object(App\Controllers\transaction\sewa))
12 SYSTEMPATH\CodeIgniter.php(351): CodeIgniter\CodeIgniter->handleRequest(null, Object(Config\Cache), false)
13 FCPATH\index.php(67): CodeIgniter\CodeIgniter->run()
ERROR - 2024-11-26 12:30:42 --> mysqli_sql_exception: Unknown column 'store_id' in 'where clause' in D:\xampp\htdocs\rental\vendor\codeigniter4\framework\system\Database\MySQLi\Connection.php:292
Stack trace:
#0 D:\xampp\htdocs\rental\vendor\codeigniter4\framework\system\Database\MySQLi\Connection.php(292): mysqli->query('SELECT *\nFROM `...', 0)
#1 D:\xampp\htdocs\rental\vendor\codeigniter4\framework\system\Database\BaseConnection.php(666): CodeIgniter\Database\MySQLi\Connection->execute('SELECT *\nFROM `...')
#2 D:\xampp\htdocs\rental\vendor\codeigniter4\framework\system\Database\BaseConnection.php(593): CodeIgniter\Database\BaseConnection->simpleQuery('SELECT *\nFROM `...')
#3 D:\xampp\htdocs\rental\vendor\codeigniter4\framework\system\Database\BaseBuilder.php(1718): CodeIgniter\Database\BaseConnection->query('SELECT *\nFROM `...', Array, false)
#4 D:\xampp\htdocs\rental\app\Models\master\mcustomer_m.php(22): CodeIgniter\Database\BaseBuilder->getWhere(Array)
#5 D:\xampp\htdocs\rental\app\Controllers\master\mcustomer.php(22): App\Models\master\mcustomer_m->data()
#6 D:\xampp\htdocs\rental\vendor\codeigniter4\framework\system\CodeIgniter.php(927): App\Controllers\master\mcustomer->index()
#7 D:\xampp\htdocs\rental\vendor\codeigniter4\framework\system\CodeIgniter.php(482): CodeIgniter\CodeIgniter->runController(Object(App\Controllers\master\mcustomer))
#8 D:\xampp\htdocs\rental\vendor\codeigniter4\framework\system\CodeIgniter.php(351): CodeIgniter\CodeIgniter->handleRequest(NULL, Object(Config\Cache), false)
#9 D:\xampp\htdocs\rental\index.php(67): CodeIgniter\CodeIgniter->run()
#10 {main}
CRITICAL - 2024-11-26 12:30:43 --> Unknown column 'store_id' in 'where clause'
in SYSTEMPATH\Database\MySQLi\Connection.php on line 292.
 1 SYSTEMPATH\Database\MySQLi\Connection.php(292): mysqli->query('SELECT *
FROM `customer`
WHERE `customer_id` = -1
AND `store_id` = \'0\'', 0)
 2 SYSTEMPATH\Database\BaseConnection.php(666): CodeIgniter\Database\MySQLi\Connection->execute('SELECT *
FROM `customer`
WHERE `customer_id` = -1
AND `store_id` = \'0\'')
 3 SYSTEMPATH\Database\BaseConnection.php(593): CodeIgniter\Database\BaseConnection->simpleQuery('SELECT *
FROM `customer`
WHERE `customer_id` = -1
AND `store_id` = \'0\'')
 4 SYSTEMPATH\Database\BaseBuilder.php(1718): CodeIgniter\Database\BaseConnection->query('SELECT *
FROM `customer`
WHERE `customer_id` = :customer_id:
AND `store_id` = :store_id:', [...], false)
 5 APPPATH\Models\master\mcustomer_m.php(22): CodeIgniter\Database\BaseBuilder->getWhere([...])
 6 APPPATH\Controllers\master\mcustomer.php(22): App\Models\master\mcustomer_m->data()
 7 SYSTEMPATH\CodeIgniter.php(927): App\Controllers\master\mcustomer->index()
 8 SYSTEMPATH\CodeIgniter.php(482): CodeIgniter\CodeIgniter->runController(Object(App\Controllers\master\mcustomer))
 9 SYSTEMPATH\CodeIgniter.php(351): CodeIgniter\CodeIgniter->handleRequest(null, Object(Config\Cache), false)
10 FCPATH\index.php(67): CodeIgniter\CodeIgniter->run()
ERROR - 2024-11-26 12:31:51 --> mysqli_sql_exception: Unknown column 'customer.store_id' in 'where clause' in D:\xampp\htdocs\rental\vendor\codeigniter4\framework\system\Database\MySQLi\Connection.php:292
Stack trace:
#0 D:\xampp\htdocs\rental\vendor\codeigniter4\framework\system\Database\MySQLi\Connection.php(292): mysqli->query('SELECT *\nFROM `...', 0)
#1 D:\xampp\htdocs\rental\vendor\codeigniter4\framework\system\Database\BaseConnection.php(666): CodeIgniter\Database\MySQLi\Connection->execute('SELECT *\nFROM `...')
#2 D:\xampp\htdocs\rental\vendor\codeigniter4\framework\system\Database\BaseConnection.php(593): CodeIgniter\Database\BaseConnection->simpleQuery('SELECT *\nFROM `...')
#3 D:\xampp\htdocs\rental\vendor\codeigniter4\framework\system\Database\BaseBuilder.php(1585): CodeIgniter\Database\BaseConnection->query('SELECT *\nFROM `...', Array, false)
#4 D:\xampp\htdocs\rental\app\Views\master\mcustomer_v.php(110): CodeIgniter\Database\BaseBuilder->get()
#5 D:\xampp\htdocs\rental\vendor\codeigniter4\framework\system\View\View.php(213): include('D:\\xampp\\htdocs...')
#6 D:\xampp\htdocs\rental\vendor\codeigniter4\framework\system\View\View.php(216): CodeIgniter\View\View->CodeIgniter\View\{closure}()
#7 D:\xampp\htdocs\rental\vendor\codeigniter4\framework\system\Common.php(1134): CodeIgniter\View\View->render('master/mcustome...', Array, true)
#8 D:\xampp\htdocs\rental\app\Controllers\master\mcustomer.php(23): view('master/mcustome...', Array)
#9 D:\xampp\htdocs\rental\vendor\codeigniter4\framework\system\CodeIgniter.php(927): App\Controllers\master\mcustomer->index()
#10 D:\xampp\htdocs\rental\vendor\codeigniter4\framework\system\CodeIgniter.php(482): CodeIgniter\CodeIgniter->runController(Object(App\Controllers\master\mcustomer))
#11 D:\xampp\htdocs\rental\vendor\codeigniter4\framework\system\CodeIgniter.php(351): CodeIgniter\CodeIgniter->handleRequest(NULL, Object(Config\Cache), false)
#12 D:\xampp\htdocs\rental\index.php(67): CodeIgniter\CodeIgniter->run()
#13 {main}
CRITICAL - 2024-11-26 12:31:51 --> Unknown column 'customer.store_id' in 'where clause'
in SYSTEMPATH\Database\MySQLi\Connection.php on line 292.
 1 SYSTEMPATH\Database\MySQLi\Connection.php(292): mysqli->query('SELECT *
FROM `customer`
LEFT JOIN `store` ON `store`.`store_id`=`customer`.`store_id`
WHERE `customer`.`store_id` = \'0\'
ORDER BY `customer_name` ASC', 0)
 2 SYSTEMPATH\Database\BaseConnection.php(666): CodeIgniter\Database\MySQLi\Connection->execute('SELECT *
FROM `customer`
LEFT JOIN `store` ON `store`.`store_id`=`customer`.`store_id`
WHERE `customer`.`store_id` = \'0\'
ORDER BY `customer_name` ASC')
 3 SYSTEMPATH\Database\BaseConnection.php(593): CodeIgniter\Database\BaseConnection->simpleQuery('SELECT *
FROM `customer`
LEFT JOIN `store` ON `store`.`store_id`=`customer`.`store_id`
WHERE `customer`.`store_id` = \'0\'
ORDER BY `customer_name` ASC')
 4 SYSTEMPATH\Database\BaseBuilder.php(1585): CodeIgniter\Database\BaseConnection->query('SELECT *
FROM `customer`
LEFT JOIN `store` ON `store`.`store_id`=`customer`.`store_id`
WHERE `customer`.`store_id` = :customer.store_id:
ORDER BY `customer_name` ASC', [...], false)
 5 APPPATH\Views\master\mcustomer_v.php(110): CodeIgniter\Database\BaseBuilder->get()
 6 SYSTEMPATH\View\View.php(213): include('APPPATH\\Views\\master\\mcustomer_v.php')
 7 SYSTEMPATH\View\View.php(216): CodeIgniter\View\View->CodeIgniter\View\{closure}()
 8 SYSTEMPATH\Common.php(1134): CodeIgniter\View\View->render('master/mcustomer_v', [], true)
 9 APPPATH\Controllers\master\mcustomer.php(23): view('master/mcustomer_v', [...])
10 SYSTEMPATH\CodeIgniter.php(927): App\Controllers\master\mcustomer->index()
11 SYSTEMPATH\CodeIgniter.php(482): CodeIgniter\CodeIgniter->runController(Object(App\Controllers\master\mcustomer))
12 SYSTEMPATH\CodeIgniter.php(351): CodeIgniter\CodeIgniter->handleRequest(null, Object(Config\Cache), false)
13 FCPATH\index.php(67): CodeIgniter\CodeIgniter->run()
ERROR - 2024-11-26 13:38:46 --> mysqli_sql_exception: Unknown column 'sewa_id' in 'where clause' in D:\xampp\htdocs\rental\vendor\codeigniter4\framework\system\Database\MySQLi\Connection.php:292
Stack trace:
#0 D:\xampp\htdocs\rental\vendor\codeigniter4\framework\system\Database\MySQLi\Connection.php(292): mysqli->query('SELECT *\nFROM `...', 0)
#1 D:\xampp\htdocs\rental\vendor\codeigniter4\framework\system\Database\BaseConnection.php(666): CodeIgniter\Database\MySQLi\Connection->execute('SELECT *\nFROM `...')
#2 D:\xampp\htdocs\rental\vendor\codeigniter4\framework\system\Database\BaseConnection.php(593): CodeIgniter\Database\BaseConnection->simpleQuery('SELECT *\nFROM `...')
#3 D:\xampp\htdocs\rental\vendor\codeigniter4\framework\system\Database\BaseBuilder.php(1585): CodeIgniter\Database\BaseConnection->query('SELECT *\nFROM `...', Array, false)
#4 D:\xampp\htdocs\rental\app\Models\transaction\sewa_m.php(47): CodeIgniter\Database\BaseBuilder->get()
#5 D:\xampp\htdocs\rental\app\Controllers\transaction\sewa.php(22): App\Models\transaction\sewa_m->data()
#6 D:\xampp\htdocs\rental\vendor\codeigniter4\framework\system\CodeIgniter.php(927): App\Controllers\transaction\sewa->index()
#7 D:\xampp\htdocs\rental\vendor\codeigniter4\framework\system\CodeIgniter.php(482): CodeIgniter\CodeIgniter->runController(Object(App\Controllers\transaction\sewa))
#8 D:\xampp\htdocs\rental\vendor\codeigniter4\framework\system\CodeIgniter.php(351): CodeIgniter\CodeIgniter->handleRequest(NULL, Object(Config\Cache), false)
#9 D:\xampp\htdocs\rental\index.php(67): CodeIgniter\CodeIgniter->run()
#10 {main}
CRITICAL - 2024-11-26 13:38:46 --> Unknown column 'sewa_id' in 'where clause'
in SYSTEMPATH\Database\MySQLi\Connection.php on line 292.
 1 SYSTEMPATH\Database\MySQLi\Connection.php(292): mysqli->query('SELECT *
FROM `product`
WHERE `sewa_id` = \'1\'', 0)
 2 SYSTEMPATH\Database\BaseConnection.php(666): CodeIgniter\Database\MySQLi\Connection->execute('SELECT *
FROM `product`
WHERE `sewa_id` = \'1\'')
 3 SYSTEMPATH\Database\BaseConnection.php(593): CodeIgniter\Database\BaseConnection->simpleQuery('SELECT *
FROM `product`
WHERE `sewa_id` = \'1\'')
 4 SYSTEMPATH\Database\BaseBuilder.php(1585): CodeIgniter\Database\BaseConnection->query('SELECT *
FROM `product`
WHERE `sewa_id` = :sewa_id:', [...], false)
 5 APPPATH\Models\transaction\sewa_m.php(47): CodeIgniter\Database\BaseBuilder->get()
 6 APPPATH\Controllers\transaction\sewa.php(22): App\Models\transaction\sewa_m->data()
 7 SYSTEMPATH\CodeIgniter.php(927): App\Controllers\transaction\sewa->index()
 8 SYSTEMPATH\CodeIgniter.php(482): CodeIgniter\CodeIgniter->runController(Object(App\Controllers\transaction\sewa))
 9 SYSTEMPATH\CodeIgniter.php(351): CodeIgniter\CodeIgniter->handleRequest(null, Object(Config\Cache), false)
10 FCPATH\index.php(67): CodeIgniter\CodeIgniter->run()
CRITICAL - 2024-11-26 13:49:04 --> Call to undefined method CodeIgniter\Database\MySQLi\Connection::order_by()
in APPPATH\Models\transaction\sewa_m.php on line 73.
 1 APPPATH\Controllers\transaction\sewa.php(22): App\Models\transaction\sewa_m->data()
 2 SYSTEMPATH\CodeIgniter.php(927): App\Controllers\transaction\sewa->index()
 3 SYSTEMPATH\CodeIgniter.php(482): CodeIgniter\CodeIgniter->runController(Object(App\Controllers\transaction\sewa))
 4 SYSTEMPATH\CodeIgniter.php(351): CodeIgniter\CodeIgniter->handleRequest(null, Object(Config\Cache), false)
 5 FCPATH\index.php(67): CodeIgniter\CodeIgniter->run()
CRITICAL - 2024-11-26 13:50:19 --> Call to undefined method CodeIgniter\Database\MySQLi\Connection::orderBy()
in APPPATH\Models\transaction\sewa_m.php on line 73.
 1 APPPATH\Controllers\transaction\sewa.php(22): App\Models\transaction\sewa_m->data()
 2 SYSTEMPATH\CodeIgniter.php(927): App\Controllers\transaction\sewa->index()
 3 SYSTEMPATH\CodeIgniter.php(482): CodeIgniter\CodeIgniter->runController(Object(App\Controllers\transaction\sewa))
 4 SYSTEMPATH\CodeIgniter.php(351): CodeIgniter\CodeIgniter->handleRequest(null, Object(Config\Cache), false)
 5 FCPATH\index.php(67): CodeIgniter\CodeIgniter->run()
CRITICAL - 2024-11-26 13:50:53 --> Call to undefined method CodeIgniter\Database\MySQLi\Result::num_rows()
in APPPATH\Models\transaction\sewa_m.php on line 77.
 1 APPPATH\Controllers\transaction\sewa.php(22): App\Models\transaction\sewa_m->data()
 2 SYSTEMPATH\CodeIgniter.php(927): App\Controllers\transaction\sewa->index()
 3 SYSTEMPATH\CodeIgniter.php(482): CodeIgniter\CodeIgniter->runController(Object(App\Controllers\transaction\sewa))
 4 SYSTEMPATH\CodeIgniter.php(351): CodeIgniter\CodeIgniter->handleRequest(null, Object(Config\Cache), false)
 5 FCPATH\index.php(67): CodeIgniter\CodeIgniter->run()
CRITICAL - 2024-11-26 13:52:21 --> Call to undefined method CodeIgniter\Database\MySQLi\Result::row()
in APPPATH\Models\transaction\sewa_m.php on line 79.
 1 APPPATH\Controllers\transaction\sewa.php(22): App\Models\transaction\sewa_m->data()
 2 SYSTEMPATH\CodeIgniter.php(927): App\Controllers\transaction\sewa->index()
 3 SYSTEMPATH\CodeIgniter.php(482): CodeIgniter\CodeIgniter->runController(Object(App\Controllers\transaction\sewa))
 4 SYSTEMPATH\CodeIgniter.php(351): CodeIgniter\CodeIgniter->handleRequest(null, Object(Config\Cache), false)
 5 FCPATH\index.php(67): CodeIgniter\CodeIgniter->run()
ERROR - 2024-11-26 14:10:00 --> mysqli_sql_exception: Unknown column '=sewad.product_id' in 'on clause' in D:\xampp\htdocs\rental\vendor\codeigniter4\framework\system\Database\MySQLi\Connection.php:292
Stack trace:
#0 D:\xampp\htdocs\rental\vendor\codeigniter4\framework\system\Database\MySQLi\Connection.php(292): mysqli->query('SELECT *\nFROM `...', 0)
#1 D:\xampp\htdocs\rental\vendor\codeigniter4\framework\system\Database\BaseConnection.php(666): CodeIgniter\Database\MySQLi\Connection->execute('SELECT *\nFROM `...')
#2 D:\xampp\htdocs\rental\vendor\codeigniter4\framework\system\Database\BaseConnection.php(593): CodeIgniter\Database\BaseConnection->simpleQuery('SELECT *\nFROM `...')
#3 D:\xampp\htdocs\rental\vendor\codeigniter4\framework\system\Database\BaseBuilder.php(1585): CodeIgniter\Database\BaseConnection->query('SELECT *\nFROM `...', Array, false)
#4 D:\xampp\htdocs\rental\app\Views\transaction\sewa_v.php(109): CodeIgniter\Database\BaseBuilder->get()
#5 D:\xampp\htdocs\rental\vendor\codeigniter4\framework\system\View\View.php(213): include('D:\\xampp\\htdocs...')
#6 D:\xampp\htdocs\rental\vendor\codeigniter4\framework\system\View\View.php(216): CodeIgniter\View\View->CodeIgniter\View\{closure}()
#7 D:\xampp\htdocs\rental\vendor\codeigniter4\framework\system\Common.php(1134): CodeIgniter\View\View->render('transaction/sew...', Array, true)
#8 D:\xampp\htdocs\rental\app\Controllers\transaction\sewa.php(23): view('transaction/sew...', Array)
#9 D:\xampp\htdocs\rental\vendor\codeigniter4\framework\system\CodeIgniter.php(927): App\Controllers\transaction\sewa->index()
#10 D:\xampp\htdocs\rental\vendor\codeigniter4\framework\system\CodeIgniter.php(482): CodeIgniter\CodeIgniter->runController(Object(App\Controllers\transaction\sewa))
#11 D:\xampp\htdocs\rental\vendor\codeigniter4\framework\system\CodeIgniter.php(351): CodeIgniter\CodeIgniter->handleRequest(NULL, Object(Config\Cache), false)
#12 D:\xampp\htdocs\rental\index.php(67): CodeIgniter\CodeIgniter->run()
#13 {main}
CRITICAL - 2024-11-26 14:10:00 --> Unknown column '=sewad.product_id' in 'on clause'
in SYSTEMPATH\Database\MySQLi\Connection.php on line 292.
 1 SYSTEMPATH\Database\MySQLi\Connection.php(292): mysqli->query('SELECT *
FROM `sewad`
LEFT JOIN `product` ON `product`.`product_id`=`=sewad`.`product_id`
WHERE `sewa_id` = \'2\'', 0)
 2 SYSTEMPATH\Database\BaseConnection.php(666): CodeIgniter\Database\MySQLi\Connection->execute('SELECT *
FROM `sewad`
LEFT JOIN `product` ON `product`.`product_id`=`=sewad`.`product_id`
WHERE `sewa_id` = \'2\'')
 3 SYSTEMPATH\Database\BaseConnection.php(593): CodeIgniter\Database\BaseConnection->simpleQuery('SELECT *
FROM `sewad`
LEFT JOIN `product` ON `product`.`product_id`=`=sewad`.`product_id`
WHERE `sewa_id` = \'2\'')
 4 SYSTEMPATH\Database\BaseBuilder.php(1585): CodeIgniter\Database\BaseConnection->query('SELECT *
FROM `sewad`
LEFT JOIN `product` ON `product`.`product_id`=`=sewad`.`product_id`
WHERE `sewa_id` = :sewa_id:', [...], false)
 5 APPPATH\Views\transaction\sewa_v.php(109): CodeIgniter\Database\BaseBuilder->get()
 6 SYSTEMPATH\View\View.php(213): include('APPPATH\\Views\\transaction\\sewa_v.php')
 7 SYSTEMPATH\View\View.php(216): CodeIgniter\View\View->CodeIgniter\View\{closure}()
 8 SYSTEMPATH\Common.php(1134): CodeIgniter\View\View->render('transaction/sewa_v', [], true)
 9 APPPATH\Controllers\transaction\sewa.php(23): view('transaction/sewa_v', [...])
10 SYSTEMPATH\CodeIgniter.php(927): App\Controllers\transaction\sewa->index()
11 SYSTEMPATH\CodeIgniter.php(482): CodeIgniter\CodeIgniter->runController(Object(App\Controllers\transaction\sewa))
12 SYSTEMPATH\CodeIgniter.php(351): CodeIgniter\CodeIgniter->handleRequest(null, Object(Config\Cache), false)
13 FCPATH\index.php(67): CodeIgniter\CodeIgniter->run()
ERROR - 2024-11-26 14:11:37 --> mysqli_sql_exception: Unknown column '=sewad.product_id' in 'on clause' in D:\xampp\htdocs\rental\vendor\codeigniter4\framework\system\Database\MySQLi\Connection.php:292
Stack trace:
#0 D:\xampp\htdocs\rental\vendor\codeigniter4\framework\system\Database\MySQLi\Connection.php(292): mysqli->query('SELECT *\nFROM `...', 0)
#1 D:\xampp\htdocs\rental\vendor\codeigniter4\framework\system\Database\BaseConnection.php(666): CodeIgniter\Database\MySQLi\Connection->execute('SELECT *\nFROM `...')
#2 D:\xampp\htdocs\rental\vendor\codeigniter4\framework\system\Database\BaseConnection.php(593): CodeIgniter\Database\BaseConnection->simpleQuery('SELECT *\nFROM `...')
#3 D:\xampp\htdocs\rental\vendor\codeigniter4\framework\system\Database\BaseBuilder.php(1585): CodeIgniter\Database\BaseConnection->query('SELECT *\nFROM `...', Array, false)
#4 D:\xampp\htdocs\rental\app\Views\transaction\sewa_v.php(110): CodeIgniter\Database\BaseBuilder->get()
#5 D:\xampp\htdocs\rental\vendor\codeigniter4\framework\system\View\View.php(213): include('D:\\xampp\\htdocs...')
#6 D:\xampp\htdocs\rental\vendor\codeigniter4\framework\system\View\View.php(216): CodeIgniter\View\View->CodeIgniter\View\{closure}()
#7 D:\xampp\htdocs\rental\vendor\codeigniter4\framework\system\Common.php(1134): CodeIgniter\View\View->render('transaction/sew...', Array, true)
#8 D:\xampp\htdocs\rental\app\Controllers\transaction\sewa.php(23): view('transaction/sew...', Array)
#9 D:\xampp\htdocs\rental\vendor\codeigniter4\framework\system\CodeIgniter.php(927): App\Controllers\transaction\sewa->index()
#10 D:\xampp\htdocs\rental\vendor\codeigniter4\framework\system\CodeIgniter.php(482): CodeIgniter\CodeIgniter->runController(Object(App\Controllers\transaction\sewa))
#11 D:\xampp\htdocs\rental\vendor\codeigniter4\framework\system\CodeIgniter.php(351): CodeIgniter\CodeIgniter->handleRequest(NULL, Object(Config\Cache), false)
#12 D:\xampp\htdocs\rental\index.php(67): CodeIgniter\CodeIgniter->run()
#13 {main}
CRITICAL - 2024-11-26 14:11:37 --> Unknown column '=sewad.product_id' in 'on clause'
in SYSTEMPATH\Database\MySQLi\Connection.php on line 292.
 1 SYSTEMPATH\Database\MySQLi\Connection.php(292): mysqli->query('SELECT *
FROM `sewad`
LEFT JOIN `product` ON `product`.`product_id`=`=sewad`.`product_id`
WHERE `sewa_id` = \'2\'', 0)
 2 SYSTEMPATH\Database\BaseConnection.php(666): CodeIgniter\Database\MySQLi\Connection->execute('SELECT *
FROM `sewad`
LEFT JOIN `product` ON `product`.`product_id`=`=sewad`.`product_id`
WHERE `sewa_id` = \'2\'')
 3 SYSTEMPATH\Database\BaseConnection.php(593): CodeIgniter\Database\BaseConnection->simpleQuery('SELECT *
FROM `sewad`
LEFT JOIN `product` ON `product`.`product_id`=`=sewad`.`product_id`
WHERE `sewa_id` = \'2\'')
 4 SYSTEMPATH\Database\BaseBuilder.php(1585): CodeIgniter\Database\BaseConnection->query('SELECT *
FROM `sewad`
LEFT JOIN `product` ON `product`.`product_id`=`=sewad`.`product_id`
WHERE `sewa_id` = :sewa_id:', [...], false)
 5 APPPATH\Views\transaction\sewa_v.php(110): CodeIgniter\Database\BaseBuilder->get()
 6 SYSTEMPATH\View\View.php(213): include('APPPATH\\Views\\transaction\\sewa_v.php')
 7 SYSTEMPATH\View\View.php(216): CodeIgniter\View\View->CodeIgniter\View\{closure}()
 8 SYSTEMPATH\Common.php(1134): CodeIgniter\View\View->render('transaction/sewa_v', [], true)
 9 APPPATH\Controllers\transaction\sewa.php(23): view('transaction/sewa_v', [...])
10 SYSTEMPATH\CodeIgniter.php(927): App\Controllers\transaction\sewa->index()
11 SYSTEMPATH\CodeIgniter.php(482): CodeIgniter\CodeIgniter->runController(Object(App\Controllers\transaction\sewa))
12 SYSTEMPATH\CodeIgniter.php(351): CodeIgniter\CodeIgniter->handleRequest(null, Object(Config\Cache), false)
13 FCPATH\index.php(67): CodeIgniter\CodeIgniter->run()
