ERROR - 2024-12-12 21:05:42 --> Email: sendWithSmtp throwed ErrorException: stream_socket_enable_crypto(): SSL operation failed with code 1. OpenSSL Error messages:
error:1416F086:SSL routines:tls_process_server_certificate:certificate verify failed in D:\xampp\htdocs\rental\vendor\codeigniter4\framework\system\Email\Email.php:1881
Stack trace:
#0 [internal function]: CodeIgniter\Debug\Exceptions->errorHandler(2, 'stream_socket_e...', 'D:\\xampp\\htdocs...', 1881)
#1 D:\xampp\htdocs\rental\vendor\codeigniter4\framework\system\Email\Email.php(1881): stream_socket_enable_crypto(Resource id #128, true, 57)
#2 D:\xampp\htdocs\rental\vendor\codeigniter4\framework\system\Email\Email.php(1777): CodeIgniter\Email\Email->SMTPConnect()
#3 D:\xampp\htdocs\rental\vendor\codeigniter4\framework\system\Email\Email.php(1662): CodeIgniter\Email\Email->sendWithSmtp()
#4 D:\xampp\htdocs\rental\vendor\codeigniter4\framework\system\Email\Email.php(1560): CodeIgniter\Email\Email->spoolEmail()
#5 D:\xampp\htdocs\rental\app\Controllers\EmailController.php(20): CodeIgniter\Email\Email->send()
#6 D:\xampp\htdocs\rental\vendor\codeigniter4\framework\system\CodeIgniter.php(927): App\Controllers\EmailController->sendEmail()
#7 D:\xampp\htdocs\rental\vendor\codeigniter4\framework\system\CodeIgniter.php(482): CodeIgniter\CodeIgniter->runController(Object(App\Controllers\EmailController))
#8 D:\xampp\htdocs\rental\vendor\codeigniter4\framework\system\CodeIgniter.php(351): CodeIgniter\CodeIgniter->handleRequest(NULL, Object(Config\Cache), false)
#9 D:\xampp\htdocs\rental\index.php(67): CodeIgniter\CodeIgniter->run()
#10 {main}
ERROR - 2024-12-12 21:05:42 --> Email: Unable to send email using SMTP. Your server might not be configured to send mail using this method.
ERROR - 2024-12-12 21:05:42 --> 220 qithy.my.id ESMTP Postfix

hello: 250-qithy.my.id
250-PIPELINING
250-SIZE 30720000
250-ETRN
250-STARTTLS
250-ENHANCEDSTATUSCODES
250-8BITMIME
250-DSN
250-SMTPUTF8
250 CHUNKING

starttls: 220 2.0.0 Ready to start TLS

