CRITICAL - 2022-07-30 03:51:02 --> Undefined variable: purchase_asset0_method_id
#0 D:\xampp1\htdocs\ag-accounting-pembiayaan\app\Views\transaction\purchaseasset_v.php(93): CodeIgniter\Debug\Exceptions->errorHandler(8, 'Undefined varia...', 'D:\\xampp1\\htdoc...', 93, Array)
#1 D:\xampp1\htdocs\ag-accounting-pembiayaan\vendor\codeigniter4\framework\system\View\View.php(220): include('D:\\xampp1\\htdoc...')
#2 D:\xampp1\htdocs\ag-accounting-pembiayaan\vendor\codeigniter4\framework\system\View\View.php(222): CodeIgniter\View\View->CodeIgniter\View\{closure}()
#3 D:\xampp1\htdocs\ag-accounting-pembiayaan\vendor\codeigniter4\framework\system\Common.php(1217): CodeIgniter\View\View->render('transaction/pur...', Array, true)
#4 D:\xampp1\htdocs\ag-accounting-pembiayaan\app\Controllers\transaction\purchaseasset.php(26): view('transaction/pur...', Array)
#5 D:\xampp1\htdocs\ag-accounting-pembiayaan\vendor\codeigniter4\framework\system\CodeIgniter.php(935): App\Controllers\transaction\purchaseasset->index()
#6 D:\xampp1\htdocs\ag-accounting-pembiayaan\vendor\codeigniter4\framework\system\CodeIgniter.php(431): CodeIgniter\CodeIgniter->runController(Object(App\Controllers\transaction\purchaseasset))
#7 D:\xampp1\htdocs\ag-accounting-pembiayaan\vendor\codeigniter4\framework\system\CodeIgniter.php(332): CodeIgniter\CodeIgniter->handleRequest(NULL, Object(Config\Cache), false)
#8 D:\xampp1\htdocs\ag-accounting-pembiayaan\public\index.php(44): CodeIgniter\CodeIgniter->run()
#9 {main}
CRITICAL - 2022-07-30 03:52:40 --> Undefined variable: purchase_asset0_method_id
#0 D:\xampp1\htdocs\ag-accounting-pembiayaan\app\Views\transaction\purchaseasset_v.php(93): CodeIgniter\Debug\Exceptions->errorHandler(8, 'Undefined varia...', 'D:\\xampp1\\htdoc...', 93, Array)
#1 D:\xampp1\htdocs\ag-accounting-pembiayaan\vendor\codeigniter4\framework\system\View\View.php(220): include('D:\\xampp1\\htdoc...')
#2 D:\xampp1\htdocs\ag-accounting-pembiayaan\vendor\codeigniter4\framework\system\View\View.php(222): CodeIgniter\View\View->CodeIgniter\View\{closure}()
#3 D:\xampp1\htdocs\ag-accounting-pembiayaan\vendor\codeigniter4\framework\system\Common.php(1217): CodeIgniter\View\View->render('transaction/pur...', Array, true)
#4 D:\xampp1\htdocs\ag-accounting-pembiayaan\app\Controllers\transaction\purchaseasset.php(26): view('transaction/pur...', Array)
#5 D:\xampp1\htdocs\ag-accounting-pembiayaan\vendor\codeigniter4\framework\system\CodeIgniter.php(935): App\Controllers\transaction\purchaseasset->index()
#6 D:\xampp1\htdocs\ag-accounting-pembiayaan\vendor\codeigniter4\framework\system\CodeIgniter.php(431): CodeIgniter\CodeIgniter->runController(Object(App\Controllers\transaction\purchaseasset))
#7 D:\xampp1\htdocs\ag-accounting-pembiayaan\vendor\codeigniter4\framework\system\CodeIgniter.php(332): CodeIgniter\CodeIgniter->handleRequest(NULL, Object(Config\Cache), false)
#8 D:\xampp1\htdocs\ag-accounting-pembiayaan\public\index.php(44): CodeIgniter\CodeIgniter->run()
#9 {main}
CRITICAL - 2022-07-30 03:55:33 --> Call to undefined method CodeIgniter\Database\Postgre\Connection::setQuery()
#0 D:\xampp1\htdocs\ag-accounting-pembiayaan\vendor\codeigniter4\framework\system\View\View.php(220): include()
#1 D:\xampp1\htdocs\ag-accounting-pembiayaan\vendor\codeigniter4\framework\system\View\View.php(222): CodeIgniter\View\View->CodeIgniter\View\{closure}()
#2 D:\xampp1\htdocs\ag-accounting-pembiayaan\vendor\codeigniter4\framework\system\Common.php(1217): CodeIgniter\View\View->render('transaction/pur...', Array, true)
#3 D:\xampp1\htdocs\ag-accounting-pembiayaan\app\Controllers\transaction\purchaseasset.php(26): view('transaction/pur...', Array)
#4 D:\xampp1\htdocs\ag-accounting-pembiayaan\vendor\codeigniter4\framework\system\CodeIgniter.php(935): App\Controllers\transaction\purchaseasset->index()
#5 D:\xampp1\htdocs\ag-accounting-pembiayaan\vendor\codeigniter4\framework\system\CodeIgniter.php(431): CodeIgniter\CodeIgniter->runController(Object(App\Controllers\transaction\purchaseasset))
#6 D:\xampp1\htdocs\ag-accounting-pembiayaan\vendor\codeigniter4\framework\system\CodeIgniter.php(332): CodeIgniter\CodeIgniter->handleRequest(NULL, Object(Config\Cache), false)
#7 D:\xampp1\htdocs\ag-accounting-pembiayaan\public\index.php(44): CodeIgniter\CodeIgniter->run()
#8 {main}
CRITICAL - 2022-07-30 03:58:19 --> Call to undefined method CodeIgniter\Database\Postgre\Connection::setQuery()
#0 D:\xampp1\htdocs\ag-accounting-pembiayaan\vendor\codeigniter4\framework\system\View\View.php(220): include()
#1 D:\xampp1\htdocs\ag-accounting-pembiayaan\vendor\codeigniter4\framework\system\View\View.php(222): CodeIgniter\View\View->CodeIgniter\View\{closure}()
#2 D:\xampp1\htdocs\ag-accounting-pembiayaan\vendor\codeigniter4\framework\system\Common.php(1217): CodeIgniter\View\View->render('transaction/pur...', Array, true)
#3 D:\xampp1\htdocs\ag-accounting-pembiayaan\app\Controllers\transaction\purchaseasset.php(26): view('transaction/pur...', Array)
#4 D:\xampp1\htdocs\ag-accounting-pembiayaan\vendor\codeigniter4\framework\system\CodeIgniter.php(935): App\Controllers\transaction\purchaseasset->index()
#5 D:\xampp1\htdocs\ag-accounting-pembiayaan\vendor\codeigniter4\framework\system\CodeIgniter.php(431): CodeIgniter\CodeIgniter->runController(Object(App\Controllers\transaction\purchaseasset))
#6 D:\xampp1\htdocs\ag-accounting-pembiayaan\vendor\codeigniter4\framework\system\CodeIgniter.php(332): CodeIgniter\CodeIgniter->handleRequest(NULL, Object(Config\Cache), false)
#7 D:\xampp1\htdocs\ag-accounting-pembiayaan\public\index.php(44): CodeIgniter\CodeIgniter->run()
#8 {main}
ERROR - 2022-07-30 03:58:42 --> ErrorException: pg_query(): Query failed: ERROR:  type &quot;purchase_asset0_method&quot; does not exist
LINE 1: SELECT unnest(enum_range(NULL::purchase_asset0_method))
                                       ^ in D:\xampp1\htdocs\ag-accounting-pembiayaan\vendor\codeigniter4\framework\system\Database\Postgre\Connection.php:170
Stack trace:
#0 [internal function]: CodeIgniter\Debug\Exceptions->errorHandler(2, 'pg_query(): Que...', 'D:\\xampp1\\htdoc...', 170, Array)
#1 D:\xampp1\htdocs\ag-accounting-pembiayaan\vendor\codeigniter4\framework\system\Database\Postgre\Connection.php(170): pg_query(Resource id #159, 'SELECT unnest(e...')
#2 D:\xampp1\htdocs\ag-accounting-pembiayaan\vendor\codeigniter4\framework\system\Database\BaseConnection.php(715): CodeIgniter\Database\Postgre\Connection->execute('SELECT unnest(e...')
#3 D:\xampp1\htdocs\ag-accounting-pembiayaan\vendor\codeigniter4\framework\system\Database\BaseConnection.php(643): CodeIgniter\Database\BaseConnection->simpleQuery('SELECT unnest(e...')
#4 D:\xampp1\htdocs\ag-accounting-pembiayaan\app\Views\transaction\purchaseasset_v.php(90): CodeIgniter\Database\BaseConnection->query('SELECT unnest(e...')
#5 D:\xampp1\htdocs\ag-accounting-pembiayaan\vendor\codeigniter4\framework\system\View\View.php(220): include('D:\\xampp1\\htdoc...')
#6 D:\xampp1\htdocs\ag-accounting-pembiayaan\vendor\codeigniter4\framework\system\View\View.php(222): CodeIgniter\View\View->CodeIgniter\View\{closure}()
#7 D:\xampp1\htdocs\ag-accounting-pembiayaan\vendor\codeigniter4\framework\system\Common.php(1217): CodeIgniter\View\View->render('transaction/pur...', Array, true)
#8 D:\xampp1\htdocs\ag-accounting-pembiayaan\app\Controllers\transaction\purchaseasset.php(26): view('transaction/pur...', Array)
#9 D:\xampp1\htdocs\ag-accounting-pembiayaan\vendor\codeigniter4\framework\system\CodeIgniter.php(935): App\Controllers\transaction\purchaseasset->index()
#10 D:\xampp1\htdocs\ag-accounting-pembiayaan\vendor\codeigniter4\framework\system\CodeIgniter.php(431): CodeIgniter\CodeIgniter->runController(Object(App\Controllers\transaction\purchaseasset))
#11 D:\xampp1\htdocs\ag-accounting-pembiayaan\vendor\codeigniter4\framework\system\CodeIgniter.php(332): CodeIgniter\CodeIgniter->handleRequest(NULL, Object(Config\Cache), false)
#12 D:\xampp1\htdocs\ag-accounting-pembiayaan\public\index.php(44): CodeIgniter\CodeIgniter->run()
#13 {main}
CRITICAL - 2022-07-30 03:58:42 --> Call to undefined method CodeIgniter\Database\Postgre\Result::result_array()
#0 D:\xampp1\htdocs\ag-accounting-pembiayaan\vendor\codeigniter4\framework\system\View\View.php(220): include()
#1 D:\xampp1\htdocs\ag-accounting-pembiayaan\vendor\codeigniter4\framework\system\View\View.php(222): CodeIgniter\View\View->CodeIgniter\View\{closure}()
#2 D:\xampp1\htdocs\ag-accounting-pembiayaan\vendor\codeigniter4\framework\system\Common.php(1217): CodeIgniter\View\View->render('transaction/pur...', Array, true)
#3 D:\xampp1\htdocs\ag-accounting-pembiayaan\app\Controllers\transaction\purchaseasset.php(26): view('transaction/pur...', Array)
#4 D:\xampp1\htdocs\ag-accounting-pembiayaan\vendor\codeigniter4\framework\system\CodeIgniter.php(935): App\Controllers\transaction\purchaseasset->index()
#5 D:\xampp1\htdocs\ag-accounting-pembiayaan\vendor\codeigniter4\framework\system\CodeIgniter.php(431): CodeIgniter\CodeIgniter->runController(Object(App\Controllers\transaction\purchaseasset))
#6 D:\xampp1\htdocs\ag-accounting-pembiayaan\vendor\codeigniter4\framework\system\CodeIgniter.php(332): CodeIgniter\CodeIgniter->handleRequest(NULL, Object(Config\Cache), false)
#7 D:\xampp1\htdocs\ag-accounting-pembiayaan\public\index.php(44): CodeIgniter\CodeIgniter->run()
#8 {main}
CRITICAL - 2022-07-30 03:59:01 --> Call to undefined method CodeIgniter\Database\Postgre\Result::result_array()
#0 D:\xampp1\htdocs\ag-accounting-pembiayaan\vendor\codeigniter4\framework\system\View\View.php(220): include()
#1 D:\xampp1\htdocs\ag-accounting-pembiayaan\vendor\codeigniter4\framework\system\View\View.php(222): CodeIgniter\View\View->CodeIgniter\View\{closure}()
#2 D:\xampp1\htdocs\ag-accounting-pembiayaan\vendor\codeigniter4\framework\system\Common.php(1217): CodeIgniter\View\View->render('transaction/pur...', Array, true)
#3 D:\xampp1\htdocs\ag-accounting-pembiayaan\app\Controllers\transaction\purchaseasset.php(26): view('transaction/pur...', Array)
#4 D:\xampp1\htdocs\ag-accounting-pembiayaan\vendor\codeigniter4\framework\system\CodeIgniter.php(935): App\Controllers\transaction\purchaseasset->index()
#5 D:\xampp1\htdocs\ag-accounting-pembiayaan\vendor\codeigniter4\framework\system\CodeIgniter.php(431): CodeIgniter\CodeIgniter->runController(Object(App\Controllers\transaction\purchaseasset))
#6 D:\xampp1\htdocs\ag-accounting-pembiayaan\vendor\codeigniter4\framework\system\CodeIgniter.php(332): CodeIgniter\CodeIgniter->handleRequest(NULL, Object(Config\Cache), false)
#7 D:\xampp1\htdocs\ag-accounting-pembiayaan\public\index.php(44): CodeIgniter\CodeIgniter->run()
#8 {main}
CRITICAL - 2022-07-30 03:59:15 --> Call to undefined method CodeIgniter\Database\Postgre\Connection::result_array()
#0 D:\xampp1\htdocs\ag-accounting-pembiayaan\vendor\codeigniter4\framework\system\View\View.php(220): include()
#1 D:\xampp1\htdocs\ag-accounting-pembiayaan\vendor\codeigniter4\framework\system\View\View.php(222): CodeIgniter\View\View->CodeIgniter\View\{closure}()
#2 D:\xampp1\htdocs\ag-accounting-pembiayaan\vendor\codeigniter4\framework\system\Common.php(1217): CodeIgniter\View\View->render('transaction/pur...', Array, true)
#3 D:\xampp1\htdocs\ag-accounting-pembiayaan\app\Controllers\transaction\purchaseasset.php(26): view('transaction/pur...', Array)
#4 D:\xampp1\htdocs\ag-accounting-pembiayaan\vendor\codeigniter4\framework\system\CodeIgniter.php(935): App\Controllers\transaction\purchaseasset->index()
#5 D:\xampp1\htdocs\ag-accounting-pembiayaan\vendor\codeigniter4\framework\system\CodeIgniter.php(431): CodeIgniter\CodeIgniter->runController(Object(App\Controllers\transaction\purchaseasset))
#6 D:\xampp1\htdocs\ag-accounting-pembiayaan\vendor\codeigniter4\framework\system\CodeIgniter.php(332): CodeIgniter\CodeIgniter->handleRequest(NULL, Object(Config\Cache), false)
#7 D:\xampp1\htdocs\ag-accounting-pembiayaan\public\index.php(44): CodeIgniter\CodeIgniter->run()
#8 {main}
CRITICAL - 2022-07-30 04:00:44 --> Call to undefined method CodeIgniter\Database\Postgre\Connection::getResultArray()
#0 D:\xampp1\htdocs\ag-accounting-pembiayaan\vendor\codeigniter4\framework\system\View\View.php(220): include()
#1 D:\xampp1\htdocs\ag-accounting-pembiayaan\vendor\codeigniter4\framework\system\View\View.php(222): CodeIgniter\View\View->CodeIgniter\View\{closure}()
#2 D:\xampp1\htdocs\ag-accounting-pembiayaan\vendor\codeigniter4\framework\system\Common.php(1217): CodeIgniter\View\View->render('transaction/pur...', Array, true)
#3 D:\xampp1\htdocs\ag-accounting-pembiayaan\app\Controllers\transaction\purchaseasset.php(26): view('transaction/pur...', Array)
#4 D:\xampp1\htdocs\ag-accounting-pembiayaan\vendor\codeigniter4\framework\system\CodeIgniter.php(935): App\Controllers\transaction\purchaseasset->index()
#5 D:\xampp1\htdocs\ag-accounting-pembiayaan\vendor\codeigniter4\framework\system\CodeIgniter.php(431): CodeIgniter\CodeIgniter->runController(Object(App\Controllers\transaction\purchaseasset))
#6 D:\xampp1\htdocs\ag-accounting-pembiayaan\vendor\codeigniter4\framework\system\CodeIgniter.php(332): CodeIgniter\CodeIgniter->handleRequest(NULL, Object(Config\Cache), false)
#7 D:\xampp1\htdocs\ag-accounting-pembiayaan\public\index.php(44): CodeIgniter\CodeIgniter->run()
#8 {main}
ERROR - 2022-07-30 04:01:53 --> ErrorException: pg_query(): Query failed: ERROR:  relation &quot;purchase_asset0_method&quot; does not exist
LINE 1: SELECT * FROM purchase_asset0_method
                      ^ in D:\xampp1\htdocs\ag-accounting-pembiayaan\vendor\codeigniter4\framework\system\Database\Postgre\Connection.php:170
Stack trace:
#0 [internal function]: CodeIgniter\Debug\Exceptions->errorHandler(2, 'pg_query(): Que...', 'D:\\xampp1\\htdoc...', 170, Array)
#1 D:\xampp1\htdocs\ag-accounting-pembiayaan\vendor\codeigniter4\framework\system\Database\Postgre\Connection.php(170): pg_query(Resource id #146, 'SELECT * FROM p...')
#2 D:\xampp1\htdocs\ag-accounting-pembiayaan\vendor\codeigniter4\framework\system\Database\BaseConnection.php(715): CodeIgniter\Database\Postgre\Connection->execute('SELECT * FROM p...')
#3 D:\xampp1\htdocs\ag-accounting-pembiayaan\vendor\codeigniter4\framework\system\Database\BaseConnection.php(643): CodeIgniter\Database\BaseConnection->simpleQuery('SELECT * FROM p...')
#4 D:\xampp1\htdocs\ag-accounting-pembiayaan\app\Views\transaction\purchaseasset_v.php(90): CodeIgniter\Database\BaseConnection->query('SELECT * FROM p...')
#5 D:\xampp1\htdocs\ag-accounting-pembiayaan\vendor\codeigniter4\framework\system\View\View.php(220): include('D:\\xampp1\\htdoc...')
#6 D:\xampp1\htdocs\ag-accounting-pembiayaan\vendor\codeigniter4\framework\system\View\View.php(222): CodeIgniter\View\View->CodeIgniter\View\{closure}()
#7 D:\xampp1\htdocs\ag-accounting-pembiayaan\vendor\codeigniter4\framework\system\Common.php(1217): CodeIgniter\View\View->render('transaction/pur...', Array, true)
#8 D:\xampp1\htdocs\ag-accounting-pembiayaan\app\Controllers\transaction\purchaseasset.php(26): view('transaction/pur...', Array)
#9 D:\xampp1\htdocs\ag-accounting-pembiayaan\vendor\codeigniter4\framework\system\CodeIgniter.php(935): App\Controllers\transaction\purchaseasset->index()
#10 D:\xampp1\htdocs\ag-accounting-pembiayaan\vendor\codeigniter4\framework\system\CodeIgniter.php(431): CodeIgniter\CodeIgniter->runController(Object(App\Controllers\transaction\purchaseasset))
#11 D:\xampp1\htdocs\ag-accounting-pembiayaan\vendor\codeigniter4\framework\system\CodeIgniter.php(332): CodeIgniter\CodeIgniter->handleRequest(NULL, Object(Config\Cache), false)
#12 D:\xampp1\htdocs\ag-accounting-pembiayaan\public\index.php(44): CodeIgniter\CodeIgniter->run()
#13 {main}
CRITICAL - 2022-07-30 04:01:53 --> Call to undefined method CodeIgniter\Database\Postgre\Connection::getResultArray()
#0 D:\xampp1\htdocs\ag-accounting-pembiayaan\vendor\codeigniter4\framework\system\View\View.php(220): include()
#1 D:\xampp1\htdocs\ag-accounting-pembiayaan\vendor\codeigniter4\framework\system\View\View.php(222): CodeIgniter\View\View->CodeIgniter\View\{closure}()
#2 D:\xampp1\htdocs\ag-accounting-pembiayaan\vendor\codeigniter4\framework\system\Common.php(1217): CodeIgniter\View\View->render('transaction/pur...', Array, true)
#3 D:\xampp1\htdocs\ag-accounting-pembiayaan\app\Controllers\transaction\purchaseasset.php(26): view('transaction/pur...', Array)
#4 D:\xampp1\htdocs\ag-accounting-pembiayaan\vendor\codeigniter4\framework\system\CodeIgniter.php(935): App\Controllers\transaction\purchaseasset->index()
#5 D:\xampp1\htdocs\ag-accounting-pembiayaan\vendor\codeigniter4\framework\system\CodeIgniter.php(431): CodeIgniter\CodeIgniter->runController(Object(App\Controllers\transaction\purchaseasset))
#6 D:\xampp1\htdocs\ag-accounting-pembiayaan\vendor\codeigniter4\framework\system\CodeIgniter.php(332): CodeIgniter\CodeIgniter->handleRequest(NULL, Object(Config\Cache), false)
#7 D:\xampp1\htdocs\ag-accounting-pembiayaan\public\index.php(44): CodeIgniter\CodeIgniter->run()
#8 {main}
CRITICAL - 2022-07-30 04:02:23 --> Call to undefined method CodeIgniter\Database\Postgre\Connection::getResultArray()
#0 D:\xampp1\htdocs\ag-accounting-pembiayaan\vendor\codeigniter4\framework\system\View\View.php(220): include()
#1 D:\xampp1\htdocs\ag-accounting-pembiayaan\vendor\codeigniter4\framework\system\View\View.php(222): CodeIgniter\View\View->CodeIgniter\View\{closure}()
#2 D:\xampp1\htdocs\ag-accounting-pembiayaan\vendor\codeigniter4\framework\system\Common.php(1217): CodeIgniter\View\View->render('transaction/pur...', Array, true)
#3 D:\xampp1\htdocs\ag-accounting-pembiayaan\app\Controllers\transaction\purchaseasset.php(26): view('transaction/pur...', Array)
#4 D:\xampp1\htdocs\ag-accounting-pembiayaan\vendor\codeigniter4\framework\system\CodeIgniter.php(935): App\Controllers\transaction\purchaseasset->index()
#5 D:\xampp1\htdocs\ag-accounting-pembiayaan\vendor\codeigniter4\framework\system\CodeIgniter.php(431): CodeIgniter\CodeIgniter->runController(Object(App\Controllers\transaction\purchaseasset))
#6 D:\xampp1\htdocs\ag-accounting-pembiayaan\vendor\codeigniter4\framework\system\CodeIgniter.php(332): CodeIgniter\CodeIgniter->handleRequest(NULL, Object(Config\Cache), false)
#7 D:\xampp1\htdocs\ag-accounting-pembiayaan\public\index.php(44): CodeIgniter\CodeIgniter->run()
#8 {main}
CRITICAL - 2022-07-30 04:02:47 --> Call to undefined method CodeIgniter\Database\Postgre\Connection::ResultArray()
#0 D:\xampp1\htdocs\ag-accounting-pembiayaan\vendor\codeigniter4\framework\system\View\View.php(220): include()
#1 D:\xampp1\htdocs\ag-accounting-pembiayaan\vendor\codeigniter4\framework\system\View\View.php(222): CodeIgniter\View\View->CodeIgniter\View\{closure}()
#2 D:\xampp1\htdocs\ag-accounting-pembiayaan\vendor\codeigniter4\framework\system\Common.php(1217): CodeIgniter\View\View->render('transaction/pur...', Array, true)
#3 D:\xampp1\htdocs\ag-accounting-pembiayaan\app\Controllers\transaction\purchaseasset.php(26): view('transaction/pur...', Array)
#4 D:\xampp1\htdocs\ag-accounting-pembiayaan\vendor\codeigniter4\framework\system\CodeIgniter.php(935): App\Controllers\transaction\purchaseasset->index()
#5 D:\xampp1\htdocs\ag-accounting-pembiayaan\vendor\codeigniter4\framework\system\CodeIgniter.php(431): CodeIgniter\CodeIgniter->runController(Object(App\Controllers\transaction\purchaseasset))
#6 D:\xampp1\htdocs\ag-accounting-pembiayaan\vendor\codeigniter4\framework\system\CodeIgniter.php(332): CodeIgniter\CodeIgniter->handleRequest(NULL, Object(Config\Cache), false)
#7 D:\xampp1\htdocs\ag-accounting-pembiayaan\public\index.php(44): CodeIgniter\CodeIgniter->run()
#8 {main}
ERROR - 2022-07-30 04:03:45 --> ErrorException: pg_query(): Query failed: ERROR:  relation &quot;purchase_asset0_method&quot; does not exist
LINE 2: FROM &quot;purchase_asset0_method&quot;
             ^ in D:\xampp1\htdocs\ag-accounting-pembiayaan\vendor\codeigniter4\framework\system\Database\Postgre\Connection.php:170
Stack trace:
#0 [internal function]: CodeIgniter\Debug\Exceptions->errorHandler(2, 'pg_query(): Que...', 'D:\\xampp1\\htdoc...', 170, Array)
#1 D:\xampp1\htdocs\ag-accounting-pembiayaan\vendor\codeigniter4\framework\system\Database\Postgre\Connection.php(170): pg_query(Resource id #147, 'SELECT *\nFROM "...')
#2 D:\xampp1\htdocs\ag-accounting-pembiayaan\vendor\codeigniter4\framework\system\Database\BaseConnection.php(715): CodeIgniter\Database\Postgre\Connection->execute('SELECT *\nFROM "...')
#3 D:\xampp1\htdocs\ag-accounting-pembiayaan\vendor\codeigniter4\framework\system\Database\BaseConnection.php(643): CodeIgniter\Database\BaseConnection->simpleQuery('SELECT *\nFROM "...')
#4 D:\xampp1\htdocs\ag-accounting-pembiayaan\vendor\codeigniter4\framework\system\Database\BaseBuilder.php(1866): CodeIgniter\Database\BaseConnection->query('SELECT *\nFROM "...', Array, false)
#5 D:\xampp1\htdocs\ag-accounting-pembiayaan\app\Views\transaction\purchaseasset_v.php(89): CodeIgniter\Database\BaseBuilder->get()
#6 D:\xampp1\htdocs\ag-accounting-pembiayaan\vendor\codeigniter4\framework\system\View\View.php(220): include('D:\\xampp1\\htdoc...')
#7 D:\xampp1\htdocs\ag-accounting-pembiayaan\vendor\codeigniter4\framework\system\View\View.php(222): CodeIgniter\View\View->CodeIgniter\View\{closure}()
#8 D:\xampp1\htdocs\ag-accounting-pembiayaan\vendor\codeigniter4\framework\system\Common.php(1217): CodeIgniter\View\View->render('transaction/pur...', Array, true)
#9 D:\xampp1\htdocs\ag-accounting-pembiayaan\app\Controllers\transaction\purchaseasset.php(26): view('transaction/pur...', Array)
#10 D:\xampp1\htdocs\ag-accounting-pembiayaan\vendor\codeigniter4\framework\system\CodeIgniter.php(935): App\Controllers\transaction\purchaseasset->index()
#11 D:\xampp1\htdocs\ag-accounting-pembiayaan\vendor\codeigniter4\framework\system\CodeIgniter.php(431): CodeIgniter\CodeIgniter->runController(Object(App\Controllers\transaction\purchaseasset))
#12 D:\xampp1\htdocs\ag-accounting-pembiayaan\vendor\codeigniter4\framework\system\CodeIgniter.php(332): CodeIgniter\CodeIgniter->handleRequest(NULL, Object(Config\Cache), false)
#13 D:\xampp1\htdocs\ag-accounting-pembiayaan\public\index.php(44): CodeIgniter\CodeIgniter->run()
#14 {main}
ERROR - 2022-07-30 04:05:13 --> ErrorException: pg_query(): Query failed: ERROR:  relation &quot;purchase_asset0_method&quot; does not exist
LINE 2: FROM &quot;purchase_asset0_method&quot;
             ^ in D:\xampp1\htdocs\ag-accounting-pembiayaan\vendor\codeigniter4\framework\system\Database\Postgre\Connection.php:170
Stack trace:
#0 [internal function]: CodeIgniter\Debug\Exceptions->errorHandler(2, 'pg_query(): Que...', 'D:\\xampp1\\htdoc...', 170, Array)
#1 D:\xampp1\htdocs\ag-accounting-pembiayaan\vendor\codeigniter4\framework\system\Database\Postgre\Connection.php(170): pg_query(Resource id #146, 'SELECT *\nFROM "...')
#2 D:\xampp1\htdocs\ag-accounting-pembiayaan\vendor\codeigniter4\framework\system\Database\BaseConnection.php(715): CodeIgniter\Database\Postgre\Connection->execute('SELECT *\nFROM "...')
#3 D:\xampp1\htdocs\ag-accounting-pembiayaan\vendor\codeigniter4\framework\system\Database\BaseConnection.php(643): CodeIgniter\Database\BaseConnection->simpleQuery('SELECT *\nFROM "...')
#4 D:\xampp1\htdocs\ag-accounting-pembiayaan\vendor\codeigniter4\framework\system\Database\BaseBuilder.php(1866): CodeIgniter\Database\BaseConnection->query('SELECT *\nFROM "...', Array, false)
#5 D:\xampp1\htdocs\ag-accounting-pembiayaan\app\Views\transaction\purchaseasset_v.php(89): CodeIgniter\Database\BaseBuilder->get()
#6 D:\xampp1\htdocs\ag-accounting-pembiayaan\vendor\codeigniter4\framework\system\View\View.php(220): include('D:\\xampp1\\htdoc...')
#7 D:\xampp1\htdocs\ag-accounting-pembiayaan\vendor\codeigniter4\framework\system\View\View.php(222): CodeIgniter\View\View->CodeIgniter\View\{closure}()
#8 D:\xampp1\htdocs\ag-accounting-pembiayaan\vendor\codeigniter4\framework\system\Common.php(1217): CodeIgniter\View\View->render('transaction/pur...', Array, true)
#9 D:\xampp1\htdocs\ag-accounting-pembiayaan\app\Controllers\transaction\purchaseasset.php(26): view('transaction/pur...', Array)
#10 D:\xampp1\htdocs\ag-accounting-pembiayaan\vendor\codeigniter4\framework\system\CodeIgniter.php(935): App\Controllers\transaction\purchaseasset->index()
#11 D:\xampp1\htdocs\ag-accounting-pembiayaan\vendor\codeigniter4\framework\system\CodeIgniter.php(431): CodeIgniter\CodeIgniter->runController(Object(App\Controllers\transaction\purchaseasset))
#12 D:\xampp1\htdocs\ag-accounting-pembiayaan\vendor\codeigniter4\framework\system\CodeIgniter.php(332): CodeIgniter\CodeIgniter->handleRequest(NULL, Object(Config\Cache), false)
#13 D:\xampp1\htdocs\ag-accounting-pembiayaan\public\index.php(44): CodeIgniter\CodeIgniter->run()
#14 {main}
ERROR - 2022-07-30 04:06:05 --> ErrorException: pg_query(): Query failed: ERROR:  relation &quot;purchase_asset0_method&quot; does not exist
LINE 2: FROM &quot;purchase_asset0_method&quot;
             ^ in D:\xampp1\htdocs\ag-accounting-pembiayaan\vendor\codeigniter4\framework\system\Database\Postgre\Connection.php:170
Stack trace:
#0 [internal function]: CodeIgniter\Debug\Exceptions->errorHandler(2, 'pg_query(): Que...', 'D:\\xampp1\\htdoc...', 170, Array)
#1 D:\xampp1\htdocs\ag-accounting-pembiayaan\vendor\codeigniter4\framework\system\Database\Postgre\Connection.php(170): pg_query(Resource id #146, 'SELECT *\nFROM "...')
#2 D:\xampp1\htdocs\ag-accounting-pembiayaan\vendor\codeigniter4\framework\system\Database\BaseConnection.php(715): CodeIgniter\Database\Postgre\Connection->execute('SELECT *\nFROM "...')
#3 D:\xampp1\htdocs\ag-accounting-pembiayaan\vendor\codeigniter4\framework\system\Database\BaseConnection.php(643): CodeIgniter\Database\BaseConnection->simpleQuery('SELECT *\nFROM "...')
#4 D:\xampp1\htdocs\ag-accounting-pembiayaan\vendor\codeigniter4\framework\system\Database\BaseBuilder.php(1866): CodeIgniter\Database\BaseConnection->query('SELECT *\nFROM "...', Array, false)
#5 D:\xampp1\htdocs\ag-accounting-pembiayaan\app\Views\transaction\purchaseasset_v.php(89): CodeIgniter\Database\BaseBuilder->get()
#6 D:\xampp1\htdocs\ag-accounting-pembiayaan\vendor\codeigniter4\framework\system\View\View.php(220): include('D:\\xampp1\\htdoc...')
#7 D:\xampp1\htdocs\ag-accounting-pembiayaan\vendor\codeigniter4\framework\system\View\View.php(222): CodeIgniter\View\View->CodeIgniter\View\{closure}()
#8 D:\xampp1\htdocs\ag-accounting-pembiayaan\vendor\codeigniter4\framework\system\Common.php(1217): CodeIgniter\View\View->render('transaction/pur...', Array, true)
#9 D:\xampp1\htdocs\ag-accounting-pembiayaan\app\Controllers\transaction\purchaseasset.php(26): view('transaction/pur...', Array)
#10 D:\xampp1\htdocs\ag-accounting-pembiayaan\vendor\codeigniter4\framework\system\CodeIgniter.php(935): App\Controllers\transaction\purchaseasset->index()
#11 D:\xampp1\htdocs\ag-accounting-pembiayaan\vendor\codeigniter4\framework\system\CodeIgniter.php(431): CodeIgniter\CodeIgniter->runController(Object(App\Controllers\transaction\purchaseasset))
#12 D:\xampp1\htdocs\ag-accounting-pembiayaan\vendor\codeigniter4\framework\system\CodeIgniter.php(332): CodeIgniter\CodeIgniter->handleRequest(NULL, Object(Config\Cache), false)
#13 D:\xampp1\htdocs\ag-accounting-pembiayaan\public\index.php(44): CodeIgniter\CodeIgniter->run()
#14 {main}
CRITICAL - 2022-07-30 04:23:41 --> Call to undefined method CodeIgniter\Database\Postgre\Result::result_array()
#0 D:\xampp1\htdocs\ag-accounting-pembiayaan\vendor\codeigniter4\framework\system\View\View.php(220): include()
#1 D:\xampp1\htdocs\ag-accounting-pembiayaan\vendor\codeigniter4\framework\system\View\View.php(222): CodeIgniter\View\View->CodeIgniter\View\{closure}()
#2 D:\xampp1\htdocs\ag-accounting-pembiayaan\vendor\codeigniter4\framework\system\Common.php(1217): CodeIgniter\View\View->render('transaction/pur...', Array, true)
#3 D:\xampp1\htdocs\ag-accounting-pembiayaan\app\Controllers\transaction\purchaseasset.php(26): view('transaction/pur...', Array)
#4 D:\xampp1\htdocs\ag-accounting-pembiayaan\vendor\codeigniter4\framework\system\CodeIgniter.php(935): App\Controllers\transaction\purchaseasset->index()
#5 D:\xampp1\htdocs\ag-accounting-pembiayaan\vendor\codeigniter4\framework\system\CodeIgniter.php(431): CodeIgniter\CodeIgniter->runController(Object(App\Controllers\transaction\purchaseasset))
#6 D:\xampp1\htdocs\ag-accounting-pembiayaan\vendor\codeigniter4\framework\system\CodeIgniter.php(332): CodeIgniter\CodeIgniter->handleRequest(NULL, Object(Config\Cache), false)
#7 D:\xampp1\htdocs\ag-accounting-pembiayaan\public\index.php(44): CodeIgniter\CodeIgniter->run()
#8 {main}
CRITICAL - 2022-07-30 04:23:56 --> Array to string conversion
#0 D:\xampp1\htdocs\ag-accounting-pembiayaan\app\Views\transaction\purchaseasset_v.php(93): CodeIgniter\Debug\Exceptions->errorHandler(8, 'Array to string...', 'D:\\xampp1\\htdoc...', 93, Array)
#1 D:\xampp1\htdocs\ag-accounting-pembiayaan\vendor\codeigniter4\framework\system\View\View.php(220): include('D:\\xampp1\\htdoc...')
#2 D:\xampp1\htdocs\ag-accounting-pembiayaan\vendor\codeigniter4\framework\system\View\View.php(222): CodeIgniter\View\View->CodeIgniter\View\{closure}()
#3 D:\xampp1\htdocs\ag-accounting-pembiayaan\vendor\codeigniter4\framework\system\Common.php(1217): CodeIgniter\View\View->render('transaction/pur...', Array, true)
#4 D:\xampp1\htdocs\ag-accounting-pembiayaan\app\Controllers\transaction\purchaseasset.php(26): view('transaction/pur...', Array)
#5 D:\xampp1\htdocs\ag-accounting-pembiayaan\vendor\codeigniter4\framework\system\CodeIgniter.php(935): App\Controllers\transaction\purchaseasset->index()
#6 D:\xampp1\htdocs\ag-accounting-pembiayaan\vendor\codeigniter4\framework\system\CodeIgniter.php(431): CodeIgniter\CodeIgniter->runController(Object(App\Controllers\transaction\purchaseasset))
#7 D:\xampp1\htdocs\ag-accounting-pembiayaan\vendor\codeigniter4\framework\system\CodeIgniter.php(332): CodeIgniter\CodeIgniter->handleRequest(NULL, Object(Config\Cache), false)
#8 D:\xampp1\htdocs\ag-accounting-pembiayaan\public\index.php(44): CodeIgniter\CodeIgniter->run()
#9 {main}
ERROR - 2022-07-30 04:25:48 --> ErrorException: pg_query(): Query failed: ERROR:  relation &quot;purchase_asset0_method&quot; does not exist
LINE 1: SELECT * FROM purchase_asset0_method
                      ^ in D:\xampp1\htdocs\ag-accounting-pembiayaan\vendor\codeigniter4\framework\system\Database\Postgre\Connection.php:170
Stack trace:
#0 [internal function]: CodeIgniter\Debug\Exceptions->errorHandler(2, 'pg_query(): Que...', 'D:\\xampp1\\htdoc...', 170, Array)
#1 D:\xampp1\htdocs\ag-accounting-pembiayaan\vendor\codeigniter4\framework\system\Database\Postgre\Connection.php(170): pg_query(Resource id #146, 'SELECT * FROM p...')
#2 D:\xampp1\htdocs\ag-accounting-pembiayaan\vendor\codeigniter4\framework\system\Database\BaseConnection.php(715): CodeIgniter\Database\Postgre\Connection->execute('SELECT * FROM p...')
#3 D:\xampp1\htdocs\ag-accounting-pembiayaan\vendor\codeigniter4\framework\system\Database\BaseConnection.php(643): CodeIgniter\Database\BaseConnection->simpleQuery('SELECT * FROM p...')
#4 D:\xampp1\htdocs\ag-accounting-pembiayaan\app\Views\transaction\purchaseasset_v.php(92): CodeIgniter\Database\BaseConnection->query('SELECT * FROM p...')
#5 D:\xampp1\htdocs\ag-accounting-pembiayaan\vendor\codeigniter4\framework\system\View\View.php(220): include('D:\\xampp1\\htdoc...')
#6 D:\xampp1\htdocs\ag-accounting-pembiayaan\vendor\codeigniter4\framework\system\View\View.php(222): CodeIgniter\View\View->CodeIgniter\View\{closure}()
#7 D:\xampp1\htdocs\ag-accounting-pembiayaan\vendor\codeigniter4\framework\system\Common.php(1217): CodeIgniter\View\View->render('transaction/pur...', Array, true)
#8 D:\xampp1\htdocs\ag-accounting-pembiayaan\app\Controllers\transaction\purchaseasset.php(26): view('transaction/pur...', Array)
#9 D:\xampp1\htdocs\ag-accounting-pembiayaan\vendor\codeigniter4\framework\system\CodeIgniter.php(935): App\Controllers\transaction\purchaseasset->index()
#10 D:\xampp1\htdocs\ag-accounting-pembiayaan\vendor\codeigniter4\framework\system\CodeIgniter.php(431): CodeIgniter\CodeIgniter->runController(Object(App\Controllers\transaction\purchaseasset))
#11 D:\xampp1\htdocs\ag-accounting-pembiayaan\vendor\codeigniter4\framework\system\CodeIgniter.php(332): CodeIgniter\CodeIgniter->handleRequest(NULL, Object(Config\Cache), false)
#12 D:\xampp1\htdocs\ag-accounting-pembiayaan\public\index.php(44): CodeIgniter\CodeIgniter->run()
#13 {main}
CRITICAL - 2022-07-30 04:27:21 --> Undefined property: stdClass::$purchase_asset0_method
#0 D:\xampp1\htdocs\ag-accounting-pembiayaan\app\Views\transaction\purchaseasset_v.php(95): CodeIgniter\Debug\Exceptions->errorHandler(8, 'Undefined prope...', 'D:\\xampp1\\htdoc...', 95, Array)
#1 D:\xampp1\htdocs\ag-accounting-pembiayaan\vendor\codeigniter4\framework\system\View\View.php(220): include('D:\\xampp1\\htdoc...')
#2 D:\xampp1\htdocs\ag-accounting-pembiayaan\vendor\codeigniter4\framework\system\View\View.php(222): CodeIgniter\View\View->CodeIgniter\View\{closure}()
#3 D:\xampp1\htdocs\ag-accounting-pembiayaan\vendor\codeigniter4\framework\system\Common.php(1217): CodeIgniter\View\View->render('transaction/pur...', Array, true)
#4 D:\xampp1\htdocs\ag-accounting-pembiayaan\app\Controllers\transaction\purchaseasset.php(26): view('transaction/pur...', Array)
#5 D:\xampp1\htdocs\ag-accounting-pembiayaan\vendor\codeigniter4\framework\system\CodeIgniter.php(935): App\Controllers\transaction\purchaseasset->index()
#6 D:\xampp1\htdocs\ag-accounting-pembiayaan\vendor\codeigniter4\framework\system\CodeIgniter.php(431): CodeIgniter\CodeIgniter->runController(Object(App\Controllers\transaction\purchaseasset))
#7 D:\xampp1\htdocs\ag-accounting-pembiayaan\vendor\codeigniter4\framework\system\CodeIgniter.php(332): CodeIgniter\CodeIgniter->handleRequest(NULL, Object(Config\Cache), false)
#8 D:\xampp1\htdocs\ag-accounting-pembiayaan\public\index.php(44): CodeIgniter\CodeIgniter->run()
#9 {main}
CRITICAL - 2022-07-30 04:29:32 --> Undefined variable: purchase_asset0_method_id
#0 D:\xampp1\htdocs\ag-accounting-pembiayaan\app\Views\transaction\purchaseasset_v.php(92): CodeIgniter\Debug\Exceptions->errorHandler(8, 'Undefined varia...', 'D:\\xampp1\\htdoc...', 92, Array)
#1 D:\xampp1\htdocs\ag-accounting-pembiayaan\vendor\codeigniter4\framework\system\View\View.php(220): include('D:\\xampp1\\htdoc...')
#2 D:\xampp1\htdocs\ag-accounting-pembiayaan\vendor\codeigniter4\framework\system\View\View.php(222): CodeIgniter\View\View->CodeIgniter\View\{closure}()
#3 D:\xampp1\htdocs\ag-accounting-pembiayaan\vendor\codeigniter4\framework\system\Common.php(1217): CodeIgniter\View\View->render('transaction/pur...', Array, true)
#4 D:\xampp1\htdocs\ag-accounting-pembiayaan\app\Controllers\transaction\purchaseasset.php(26): view('transaction/pur...', Array)
#5 D:\xampp1\htdocs\ag-accounting-pembiayaan\vendor\codeigniter4\framework\system\CodeIgniter.php(935): App\Controllers\transaction\purchaseasset->index()
#6 D:\xampp1\htdocs\ag-accounting-pembiayaan\vendor\codeigniter4\framework\system\CodeIgniter.php(431): CodeIgniter\CodeIgniter->runController(Object(App\Controllers\transaction\purchaseasset))
#7 D:\xampp1\htdocs\ag-accounting-pembiayaan\vendor\codeigniter4\framework\system\CodeIgniter.php(332): CodeIgniter\CodeIgniter->handleRequest(NULL, Object(Config\Cache), false)
#8 D:\xampp1\htdocs\ag-accounting-pembiayaan\public\index.php(44): CodeIgniter\CodeIgniter->run()
#9 {main}
ERROR - 2022-07-30 04:30:58 --> ErrorException: pg_query(): Query failed: ERROR:  column &quot;purchase_asset0_method_id&quot; of relation &quot;purchase_asset0&quot; does not exist
LINE 1: ...ase_asset0&quot; (&quot;purchase_asset0_date&quot;, &quot;branch_id&quot;, &quot;purchase_...
                                                             ^ in D:\xampp1\htdocs\ag-accounting-pembiayaan\vendor\codeigniter4\framework\system\Database\Postgre\Connection.php:170
Stack trace:
#0 [internal function]: CodeIgniter\Debug\Exceptions->errorHandler(2, 'pg_query(): Que...', 'D:\\xampp1\\htdoc...', 170, Array)
#1 D:\xampp1\htdocs\ag-accounting-pembiayaan\vendor\codeigniter4\framework\system\Database\Postgre\Connection.php(170): pg_query(Resource id #146, 'INSERT INTO "pu...')
#2 D:\xampp1\htdocs\ag-accounting-pembiayaan\vendor\codeigniter4\framework\system\Database\BaseConnection.php(715): CodeIgniter\Database\Postgre\Connection->execute('INSERT INTO "pu...')
#3 D:\xampp1\htdocs\ag-accounting-pembiayaan\vendor\codeigniter4\framework\system\Database\BaseConnection.php(643): CodeIgniter\Database\BaseConnection->simpleQuery('INSERT INTO "pu...')
#4 D:\xampp1\htdocs\ag-accounting-pembiayaan\vendor\codeigniter4\framework\system\Database\BaseBuilder.php(2265): CodeIgniter\Database\BaseConnection->query('INSERT INTO "pu...', Array, false)
#5 D:\xampp1\htdocs\ag-accounting-pembiayaan\app\Models\transaction\purchaseasset_m.php(112): CodeIgniter\Database\BaseBuilder->insert(Array)
#6 D:\xampp1\htdocs\ag-accounting-pembiayaan\app\Controllers\transaction\purchaseasset.php(25): App\Models\transaction\purchaseasset_m->data()
#7 D:\xampp1\htdocs\ag-accounting-pembiayaan\vendor\codeigniter4\framework\system\CodeIgniter.php(935): App\Controllers\transaction\purchaseasset->index()
#8 D:\xampp1\htdocs\ag-accounting-pembiayaan\vendor\codeigniter4\framework\system\CodeIgniter.php(431): CodeIgniter\CodeIgniter->runController(Object(App\Controllers\transaction\purchaseasset))
#9 D:\xampp1\htdocs\ag-accounting-pembiayaan\vendor\codeigniter4\framework\system\CodeIgniter.php(332): CodeIgniter\CodeIgniter->handleRequest(NULL, Object(Config\Cache), false)
#10 D:\xampp1\htdocs\ag-accounting-pembiayaan\public\index.php(44): CodeIgniter\CodeIgniter->run()
#11 {main}
ERROR - 2022-07-30 04:32:18 --> ErrorException: pg_query(): Query failed: ERROR:  column &quot;purchase_asset0_method_id&quot; of relation &quot;purchase_asset0&quot; does not exist
LINE 1: ...ase_asset0&quot; (&quot;purchase_asset0_date&quot;, &quot;branch_id&quot;, &quot;purchase_...
                                                             ^ in D:\xampp1\htdocs\ag-accounting-pembiayaan\vendor\codeigniter4\framework\system\Database\Postgre\Connection.php:170
Stack trace:
#0 [internal function]: CodeIgniter\Debug\Exceptions->errorHandler(2, 'pg_query(): Que...', 'D:\\xampp1\\htdoc...', 170, Array)
#1 D:\xampp1\htdocs\ag-accounting-pembiayaan\vendor\codeigniter4\framework\system\Database\Postgre\Connection.php(170): pg_query(Resource id #146, 'INSERT INTO "pu...')
#2 D:\xampp1\htdocs\ag-accounting-pembiayaan\vendor\codeigniter4\framework\system\Database\BaseConnection.php(715): CodeIgniter\Database\Postgre\Connection->execute('INSERT INTO "pu...')
#3 D:\xampp1\htdocs\ag-accounting-pembiayaan\vendor\codeigniter4\framework\system\Database\BaseConnection.php(643): CodeIgniter\Database\BaseConnection->simpleQuery('INSERT INTO "pu...')
#4 D:\xampp1\htdocs\ag-accounting-pembiayaan\vendor\codeigniter4\framework\system\Database\BaseBuilder.php(2265): CodeIgniter\Database\BaseConnection->query('INSERT INTO "pu...', Array, false)
#5 D:\xampp1\htdocs\ag-accounting-pembiayaan\app\Models\transaction\purchaseasset_m.php(112): CodeIgniter\Database\BaseBuilder->insert(Array)
#6 D:\xampp1\htdocs\ag-accounting-pembiayaan\app\Controllers\transaction\purchaseasset.php(25): App\Models\transaction\purchaseasset_m->data()
#7 D:\xampp1\htdocs\ag-accounting-pembiayaan\vendor\codeigniter4\framework\system\CodeIgniter.php(935): App\Controllers\transaction\purchaseasset->index()
#8 D:\xampp1\htdocs\ag-accounting-pembiayaan\vendor\codeigniter4\framework\system\CodeIgniter.php(431): CodeIgniter\CodeIgniter->runController(Object(App\Controllers\transaction\purchaseasset))
#9 D:\xampp1\htdocs\ag-accounting-pembiayaan\vendor\codeigniter4\framework\system\CodeIgniter.php(332): CodeIgniter\CodeIgniter->handleRequest(NULL, Object(Config\Cache), false)
#10 D:\xampp1\htdocs\ag-accounting-pembiayaan\public\index.php(44): CodeIgniter\CodeIgniter->run()
#11 {main}
ERROR - 2022-07-30 04:32:50 --> ErrorException: pg_query(): Query failed: ERROR:  invalid input syntax for type integer: &quot;P-AST-20220730-001&quot;
LINE 1: ...d&quot;) VALUES ('2022-07-30', '95', 'cash', 'asdads', 'P-AST-202...
                                                             ^ in D:\xampp1\htdocs\ag-accounting-pembiayaan\vendor\codeigniter4\framework\system\Database\Postgre\Connection.php:170
Stack trace:
#0 [internal function]: CodeIgniter\Debug\Exceptions->errorHandler(2, 'pg_query(): Que...', 'D:\\xampp1\\htdoc...', 170, Array)
#1 D:\xampp1\htdocs\ag-accounting-pembiayaan\vendor\codeigniter4\framework\system\Database\Postgre\Connection.php(170): pg_query(Resource id #146, 'INSERT INTO "pu...')
#2 D:\xampp1\htdocs\ag-accounting-pembiayaan\vendor\codeigniter4\framework\system\Database\BaseConnection.php(715): CodeIgniter\Database\Postgre\Connection->execute('INSERT INTO "pu...')
#3 D:\xampp1\htdocs\ag-accounting-pembiayaan\vendor\codeigniter4\framework\system\Database\BaseConnection.php(643): CodeIgniter\Database\BaseConnection->simpleQuery('INSERT INTO "pu...')
#4 D:\xampp1\htdocs\ag-accounting-pembiayaan\vendor\codeigniter4\framework\system\Database\BaseBuilder.php(2265): CodeIgniter\Database\BaseConnection->query('INSERT INTO "pu...', Array, false)
#5 D:\xampp1\htdocs\ag-accounting-pembiayaan\app\Models\transaction\purchaseasset_m.php(112): CodeIgniter\Database\BaseBuilder->insert(Array)
#6 D:\xampp1\htdocs\ag-accounting-pembiayaan\app\Controllers\transaction\purchaseasset.php(25): App\Models\transaction\purchaseasset_m->data()
#7 D:\xampp1\htdocs\ag-accounting-pembiayaan\vendor\codeigniter4\framework\system\CodeIgniter.php(935): App\Controllers\transaction\purchaseasset->index()
#8 D:\xampp1\htdocs\ag-accounting-pembiayaan\vendor\codeigniter4\framework\system\CodeIgniter.php(431): CodeIgniter\CodeIgniter->runController(Object(App\Controllers\transaction\purchaseasset))
#9 D:\xampp1\htdocs\ag-accounting-pembiayaan\vendor\codeigniter4\framework\system\CodeIgniter.php(332): CodeIgniter\CodeIgniter->handleRequest(NULL, Object(Config\Cache), false)
#10 D:\xampp1\htdocs\ag-accounting-pembiayaan\public\index.php(44): CodeIgniter\CodeIgniter->run()
#11 {main}
ERROR - 2022-07-30 04:52:49 --> ErrorException: pg_query(): Query failed: ERROR:  invalid input value for enum purchase_asset0_method: &quot;0&quot;
LINE 1: ...created&quot;, &quot;updated&quot;) VALUES ('2022-07-30', '105', '0', 'adas...
                                                             ^ in D:\xampp1\htdocs\ag-accounting-pembiayaan\vendor\codeigniter4\framework\system\Database\Postgre\Connection.php:170
Stack trace:
#0 [internal function]: CodeIgniter\Debug\Exceptions->errorHandler(2, 'pg_query(): Que...', 'D:\\xampp1\\htdoc...', 170, Array)
#1 D:\xampp1\htdocs\ag-accounting-pembiayaan\vendor\codeigniter4\framework\system\Database\Postgre\Connection.php(170): pg_query(Resource id #146, 'INSERT INTO "pu...')
#2 D:\xampp1\htdocs\ag-accounting-pembiayaan\vendor\codeigniter4\framework\system\Database\BaseConnection.php(715): CodeIgniter\Database\Postgre\Connection->execute('INSERT INTO "pu...')
#3 D:\xampp1\htdocs\ag-accounting-pembiayaan\vendor\codeigniter4\framework\system\Database\BaseConnection.php(643): CodeIgniter\Database\BaseConnection->simpleQuery('INSERT INTO "pu...')
#4 D:\xampp1\htdocs\ag-accounting-pembiayaan\vendor\codeigniter4\framework\system\Database\BaseBuilder.php(2265): CodeIgniter\Database\BaseConnection->query('INSERT INTO "pu...', Array, false)
#5 D:\xampp1\htdocs\ag-accounting-pembiayaan\app\Models\transaction\purchaseasset_m.php(112): CodeIgniter\Database\BaseBuilder->insert(Array)
#6 D:\xampp1\htdocs\ag-accounting-pembiayaan\app\Controllers\transaction\purchaseasset.php(25): App\Models\transaction\purchaseasset_m->data()
#7 D:\xampp1\htdocs\ag-accounting-pembiayaan\vendor\codeigniter4\framework\system\CodeIgniter.php(935): App\Controllers\transaction\purchaseasset->index()
#8 D:\xampp1\htdocs\ag-accounting-pembiayaan\vendor\codeigniter4\framework\system\CodeIgniter.php(431): CodeIgniter\CodeIgniter->runController(Object(App\Controllers\transaction\purchaseasset))
#9 D:\xampp1\htdocs\ag-accounting-pembiayaan\vendor\codeigniter4\framework\system\CodeIgniter.php(332): CodeIgniter\CodeIgniter->handleRequest(NULL, Object(Config\Cache), false)
#10 D:\xampp1\htdocs\ag-accounting-pembiayaan\public\index.php(44): CodeIgniter\CodeIgniter->run()
#11 {main}
CRITICAL - 2022-07-30 04:54:29 --> Undefined property: stdClass::$purchase_asset0_method_name
#0 D:\xampp1\htdocs\ag-accounting-pembiayaan\app\Views\transaction\purchaseasset_v.php(186): CodeIgniter\Debug\Exceptions->errorHandler(8, 'Undefined prope...', 'D:\\xampp1\\htdoc...', 186, Array)
#1 D:\xampp1\htdocs\ag-accounting-pembiayaan\vendor\codeigniter4\framework\system\View\View.php(220): include('D:\\xampp1\\htdoc...')
#2 D:\xampp1\htdocs\ag-accounting-pembiayaan\vendor\codeigniter4\framework\system\View\View.php(222): CodeIgniter\View\View->CodeIgniter\View\{closure}()
#3 D:\xampp1\htdocs\ag-accounting-pembiayaan\vendor\codeigniter4\framework\system\Common.php(1217): CodeIgniter\View\View->render('transaction/pur...', Array, true)
#4 D:\xampp1\htdocs\ag-accounting-pembiayaan\app\Controllers\transaction\purchaseasset.php(26): view('transaction/pur...', Array)
#5 D:\xampp1\htdocs\ag-accounting-pembiayaan\vendor\codeigniter4\framework\system\CodeIgniter.php(935): App\Controllers\transaction\purchaseasset->index()
#6 D:\xampp1\htdocs\ag-accounting-pembiayaan\vendor\codeigniter4\framework\system\CodeIgniter.php(431): CodeIgniter\CodeIgniter->runController(Object(App\Controllers\transaction\purchaseasset))
#7 D:\xampp1\htdocs\ag-accounting-pembiayaan\vendor\codeigniter4\framework\system\CodeIgniter.php(332): CodeIgniter\CodeIgniter->handleRequest(NULL, Object(Config\Cache), false)
#8 D:\xampp1\htdocs\ag-accounting-pembiayaan\public\index.php(44): CodeIgniter\CodeIgniter->run()
#9 {main}
CRITICAL - 2022-07-30 04:54:59 --> Undefined property: stdClass::$acquisition_cost
#0 D:\xampp1\htdocs\ag-accounting-pembiayaan\app\Views\transaction\purchaseasset_v.php(188): CodeIgniter\Debug\Exceptions->errorHandler(8, 'Undefined prope...', 'D:\\xampp1\\htdoc...', 188, Array)
#1 D:\xampp1\htdocs\ag-accounting-pembiayaan\vendor\codeigniter4\framework\system\View\View.php(220): include('D:\\xampp1\\htdoc...')
#2 D:\xampp1\htdocs\ag-accounting-pembiayaan\vendor\codeigniter4\framework\system\View\View.php(222): CodeIgniter\View\View->CodeIgniter\View\{closure}()
#3 D:\xampp1\htdocs\ag-accounting-pembiayaan\vendor\codeigniter4\framework\system\Common.php(1217): CodeIgniter\View\View->render('transaction/pur...', Array, true)
#4 D:\xampp1\htdocs\ag-accounting-pembiayaan\app\Controllers\transaction\purchaseasset.php(26): view('transaction/pur...', Array)
#5 D:\xampp1\htdocs\ag-accounting-pembiayaan\vendor\codeigniter4\framework\system\CodeIgniter.php(935): App\Controllers\transaction\purchaseasset->index()
#6 D:\xampp1\htdocs\ag-accounting-pembiayaan\vendor\codeigniter4\framework\system\CodeIgniter.php(431): CodeIgniter\CodeIgniter->runController(Object(App\Controllers\transaction\purchaseasset))
#7 D:\xampp1\htdocs\ag-accounting-pembiayaan\vendor\codeigniter4\framework\system\CodeIgniter.php(332): CodeIgniter\CodeIgniter->handleRequest(NULL, Object(Config\Cache), false)
#8 D:\xampp1\htdocs\ag-accounting-pembiayaan\public\index.php(44): CodeIgniter\CodeIgniter->run()
#9 {main}
CRITICAL - 2022-07-30 05:13:58 --> Undefined variable: branch
#0 D:\xampp1\htdocs\ag-accounting-pembiayaan\app\Views\transaction\purchaseasset_v.php(165): CodeIgniter\Debug\Exceptions->errorHandler(8, 'Undefined varia...', 'D:\\xampp1\\htdoc...', 165, Array)
#1 D:\xampp1\htdocs\ag-accounting-pembiayaan\vendor\codeigniter4\framework\system\View\View.php(220): include('D:\\xampp1\\htdoc...')
#2 D:\xampp1\htdocs\ag-accounting-pembiayaan\vendor\codeigniter4\framework\system\View\View.php(222): CodeIgniter\View\View->CodeIgniter\View\{closure}()
#3 D:\xampp1\htdocs\ag-accounting-pembiayaan\vendor\codeigniter4\framework\system\Common.php(1217): CodeIgniter\View\View->render('transaction/pur...', Array, true)
#4 D:\xampp1\htdocs\ag-accounting-pembiayaan\app\Controllers\transaction\purchaseasset.php(26): view('transaction/pur...', Array)
#5 D:\xampp1\htdocs\ag-accounting-pembiayaan\vendor\codeigniter4\framework\system\CodeIgniter.php(935): App\Controllers\transaction\purchaseasset->index()
#6 D:\xampp1\htdocs\ag-accounting-pembiayaan\vendor\codeigniter4\framework\system\CodeIgniter.php(431): CodeIgniter\CodeIgniter->runController(Object(App\Controllers\transaction\purchaseasset))
#7 D:\xampp1\htdocs\ag-accounting-pembiayaan\vendor\codeigniter4\framework\system\CodeIgniter.php(332): CodeIgniter\CodeIgniter->handleRequest(NULL, Object(Config\Cache), false)
#8 D:\xampp1\htdocs\ag-accounting-pembiayaan\public\index.php(44): CodeIgniter\CodeIgniter->run()
#9 {main}
ERROR - 2022-07-30 05:17:20 --> ErrorException: pg_query(): Query failed: ERROR:  syntax error at or near &quot;(&quot;
LINE 4: LEFT JOIN (sum (purchase_asset1.(price+ppn))AS perolehanasse...
                                        ^ in D:\xampp1\htdocs\ag-accounting-pembiayaan\vendor\codeigniter4\framework\system\Database\Postgre\Connection.php:170
Stack trace:
#0 [internal function]: CodeIgniter\Debug\Exceptions->errorHandler(2, 'pg_query(): Que...', 'D:\\xampp1\\htdoc...', 170, Array)
#1 D:\xampp1\htdocs\ag-accounting-pembiayaan\vendor\codeigniter4\framework\system\Database\Postgre\Connection.php(170): pg_query(Resource id #146, 'SELECT *\nFROM "...')
#2 D:\xampp1\htdocs\ag-accounting-pembiayaan\vendor\codeigniter4\framework\system\Database\BaseConnection.php(715): CodeIgniter\Database\Postgre\Connection->execute('SELECT *\nFROM "...')
#3 D:\xampp1\htdocs\ag-accounting-pembiayaan\vendor\codeigniter4\framework\system\Database\BaseConnection.php(643): CodeIgniter\Database\BaseConnection->simpleQuery('SELECT *\nFROM "...')
#4 D:\xampp1\htdocs\ag-accounting-pembiayaan\vendor\codeigniter4\framework\system\Database\BaseBuilder.php(1866): CodeIgniter\Database\BaseConnection->query('SELECT *\nFROM "...', Array, false)
#5 D:\xampp1\htdocs\ag-accounting-pembiayaan\app\Views\transaction\purchaseasset_v.php(156): CodeIgniter\Database\BaseBuilder->get()
#6 D:\xampp1\htdocs\ag-accounting-pembiayaan\vendor\codeigniter4\framework\system\View\View.php(220): include('D:\\xampp1\\htdoc...')
#7 D:\xampp1\htdocs\ag-accounting-pembiayaan\vendor\codeigniter4\framework\system\View\View.php(222): CodeIgniter\View\View->CodeIgniter\View\{closure}()
#8 D:\xampp1\htdocs\ag-accounting-pembiayaan\vendor\codeigniter4\framework\system\Common.php(1217): CodeIgniter\View\View->render('transaction/pur...', Array, true)
#9 D:\xampp1\htdocs\ag-accounting-pembiayaan\app\Controllers\transaction\purchaseasset.php(26): view('transaction/pur...', Array)
#10 D:\xampp1\htdocs\ag-accounting-pembiayaan\vendor\codeigniter4\framework\system\CodeIgniter.php(935): App\Controllers\transaction\purchaseasset->index()
#11 D:\xampp1\htdocs\ag-accounting-pembiayaan\vendor\codeigniter4\framework\system\CodeIgniter.php(431): CodeIgniter\CodeIgniter->runController(Object(App\Controllers\transaction\purchaseasset))
#12 D:\xampp1\htdocs\ag-accounting-pembiayaan\vendor\codeigniter4\framework\system\CodeIgniter.php(332): CodeIgniter\CodeIgniter->handleRequest(NULL, Object(Config\Cache), false)
#13 D:\xampp1\htdocs\ag-accounting-pembiayaan\public\index.php(44): CodeIgniter\CodeIgniter->run()
#14 {main}
ERROR - 2022-07-30 05:20:03 --> ErrorException: pg_query(): Query failed: ERROR:  syntax error at or near &quot;)&quot;
LINE 4: ...asset1_price+purchase_asset1_ppn)AS perolehanasset)purchase_...
                                                             ^ in D:\xampp1\htdocs\ag-accounting-pembiayaan\vendor\codeigniter4\framework\system\Database\Postgre\Connection.php:170
Stack trace:
#0 [internal function]: CodeIgniter\Debug\Exceptions->errorHandler(2, 'pg_query(): Que...', 'D:\\xampp1\\htdoc...', 170, Array)
#1 D:\xampp1\htdocs\ag-accounting-pembiayaan\vendor\codeigniter4\framework\system\Database\Postgre\Connection.php(170): pg_query(Resource id #147, 'SELECT *\nFROM "...')
#2 D:\xampp1\htdocs\ag-accounting-pembiayaan\vendor\codeigniter4\framework\system\Database\BaseConnection.php(715): CodeIgniter\Database\Postgre\Connection->execute('SELECT *\nFROM "...')
#3 D:\xampp1\htdocs\ag-accounting-pembiayaan\vendor\codeigniter4\framework\system\Database\BaseConnection.php(643): CodeIgniter\Database\BaseConnection->simpleQuery('SELECT *\nFROM "...')
#4 D:\xampp1\htdocs\ag-accounting-pembiayaan\vendor\codeigniter4\framework\system\Database\BaseBuilder.php(1866): CodeIgniter\Database\BaseConnection->query('SELECT *\nFROM "...', Array, false)
#5 D:\xampp1\htdocs\ag-accounting-pembiayaan\app\Views\transaction\purchaseasset_v.php(156): CodeIgniter\Database\BaseBuilder->get()
#6 D:\xampp1\htdocs\ag-accounting-pembiayaan\vendor\codeigniter4\framework\system\View\View.php(220): include('D:\\xampp1\\htdoc...')
#7 D:\xampp1\htdocs\ag-accounting-pembiayaan\vendor\codeigniter4\framework\system\View\View.php(222): CodeIgniter\View\View->CodeIgniter\View\{closure}()
#8 D:\xampp1\htdocs\ag-accounting-pembiayaan\vendor\codeigniter4\framework\system\Common.php(1217): CodeIgniter\View\View->render('transaction/pur...', Array, true)
#9 D:\xampp1\htdocs\ag-accounting-pembiayaan\app\Controllers\transaction\purchaseasset.php(26): view('transaction/pur...', Array)
#10 D:\xampp1\htdocs\ag-accounting-pembiayaan\vendor\codeigniter4\framework\system\CodeIgniter.php(935): App\Controllers\transaction\purchaseasset->index()
#11 D:\xampp1\htdocs\ag-accounting-pembiayaan\vendor\codeigniter4\framework\system\CodeIgniter.php(431): CodeIgniter\CodeIgniter->runController(Object(App\Controllers\transaction\purchaseasset))
#12 D:\xampp1\htdocs\ag-accounting-pembiayaan\vendor\codeigniter4\framework\system\CodeIgniter.php(332): CodeIgniter\CodeIgniter->handleRequest(NULL, Object(Config\Cache), false)
#13 D:\xampp1\htdocs\ag-accounting-pembiayaan\public\index.php(44): CodeIgniter\CodeIgniter->run()
#14 {main}
ERROR - 2022-07-30 05:21:42 --> ErrorException: pg_query(): Query failed: ERROR:  syntax error at or near &quot;WHERE&quot;
LINE 5: WHERE &quot;purchase_asset0&quot;.&quot;branch_id&quot; IN ('92','93','95','97',...
        ^ in D:\xampp1\htdocs\ag-accounting-pembiayaan\vendor\codeigniter4\framework\system\Database\Postgre\Connection.php:170
Stack trace:
#0 [internal function]: CodeIgniter\Debug\Exceptions->errorHandler(2, 'pg_query(): Que...', 'D:\\xampp1\\htdoc...', 170, Array)
#1 D:\xampp1\htdocs\ag-accounting-pembiayaan\vendor\codeigniter4\framework\system\Database\Postgre\Connection.php(170): pg_query(Resource id #146, 'SELECT *\nFROM "...')
#2 D:\xampp1\htdocs\ag-accounting-pembiayaan\vendor\codeigniter4\framework\system\Database\BaseConnection.php(715): CodeIgniter\Database\Postgre\Connection->execute('SELECT *\nFROM "...')
#3 D:\xampp1\htdocs\ag-accounting-pembiayaan\vendor\codeigniter4\framework\system\Database\BaseConnection.php(643): CodeIgniter\Database\BaseConnection->simpleQuery('SELECT *\nFROM "...')
#4 D:\xampp1\htdocs\ag-accounting-pembiayaan\vendor\codeigniter4\framework\system\Database\BaseBuilder.php(1866): CodeIgniter\Database\BaseConnection->query('SELECT *\nFROM "...', Array, false)
#5 D:\xampp1\htdocs\ag-accounting-pembiayaan\app\Views\transaction\purchaseasset_v.php(156): CodeIgniter\Database\BaseBuilder->get()
#6 D:\xampp1\htdocs\ag-accounting-pembiayaan\vendor\codeigniter4\framework\system\View\View.php(220): include('D:\\xampp1\\htdoc...')
#7 D:\xampp1\htdocs\ag-accounting-pembiayaan\vendor\codeigniter4\framework\system\View\View.php(222): CodeIgniter\View\View->CodeIgniter\View\{closure}()
#8 D:\xampp1\htdocs\ag-accounting-pembiayaan\vendor\codeigniter4\framework\system\Common.php(1217): CodeIgniter\View\View->render('transaction/pur...', Array, true)
#9 D:\xampp1\htdocs\ag-accounting-pembiayaan\app\Controllers\transaction\purchaseasset.php(26): view('transaction/pur...', Array)
#10 D:\xampp1\htdocs\ag-accounting-pembiayaan\vendor\codeigniter4\framework\system\CodeIgniter.php(935): App\Controllers\transaction\purchaseasset->index()
#11 D:\xampp1\htdocs\ag-accounting-pembiayaan\vendor\codeigniter4\framework\system\CodeIgniter.php(431): CodeIgniter\CodeIgniter->runController(Object(App\Controllers\transaction\purchaseasset))
#12 D:\xampp1\htdocs\ag-accounting-pembiayaan\vendor\codeigniter4\framework\system\CodeIgniter.php(332): CodeIgniter\CodeIgniter->handleRequest(NULL, Object(Config\Cache), false)
#13 D:\xampp1\htdocs\ag-accounting-pembiayaan\public\index.php(44): CodeIgniter\CodeIgniter->run()
#14 {main}
ERROR - 2022-07-30 05:23:54 --> ErrorException: pg_query(): Query failed: ERROR:  column purchase_asset1.purchase_asset0_id does not exist
LINE 4: ...ehanasset FROM purchase_asset1)purchase_asset1 ON &quot;purchase_...
                                                             ^
HINT:  Perhaps you meant to reference the column &quot;purchase_asset0.purchase_asset0_id&quot;. in D:\xampp1\htdocs\ag-accounting-pembiayaan\vendor\codeigniter4\framework\system\Database\Postgre\Connection.php:170
Stack trace:
#0 [internal function]: CodeIgniter\Debug\Exceptions->errorHandler(2, 'pg_query(): Que...', 'D:\\xampp1\\htdoc...', 170, Array)
#1 D:\xampp1\htdocs\ag-accounting-pembiayaan\vendor\codeigniter4\framework\system\Database\Postgre\Connection.php(170): pg_query(Resource id #146, 'SELECT *\nFROM "...')
#2 D:\xampp1\htdocs\ag-accounting-pembiayaan\vendor\codeigniter4\framework\system\Database\BaseConnection.php(715): CodeIgniter\Database\Postgre\Connection->execute('SELECT *\nFROM "...')
#3 D:\xampp1\htdocs\ag-accounting-pembiayaan\vendor\codeigniter4\framework\system\Database\BaseConnection.php(643): CodeIgniter\Database\BaseConnection->simpleQuery('SELECT *\nFROM "...')
#4 D:\xampp1\htdocs\ag-accounting-pembiayaan\vendor\codeigniter4\framework\system\Database\BaseBuilder.php(1866): CodeIgniter\Database\BaseConnection->query('SELECT *\nFROM "...', Array, false)
#5 D:\xampp1\htdocs\ag-accounting-pembiayaan\app\Views\transaction\purchaseasset_v.php(156): CodeIgniter\Database\BaseBuilder->get()
#6 D:\xampp1\htdocs\ag-accounting-pembiayaan\vendor\codeigniter4\framework\system\View\View.php(220): include('D:\\xampp1\\htdoc...')
#7 D:\xampp1\htdocs\ag-accounting-pembiayaan\vendor\codeigniter4\framework\system\View\View.php(222): CodeIgniter\View\View->CodeIgniter\View\{closure}()
#8 D:\xampp1\htdocs\ag-accounting-pembiayaan\vendor\codeigniter4\framework\system\Common.php(1217): CodeIgniter\View\View->render('transaction/pur...', Array, true)
#9 D:\xampp1\htdocs\ag-accounting-pembiayaan\app\Controllers\transaction\purchaseasset.php(26): view('transaction/pur...', Array)
#10 D:\xampp1\htdocs\ag-accounting-pembiayaan\vendor\codeigniter4\framework\system\CodeIgniter.php(935): App\Controllers\transaction\purchaseasset->index()
#11 D:\xampp1\htdocs\ag-accounting-pembiayaan\vendor\codeigniter4\framework\system\CodeIgniter.php(431): CodeIgniter\CodeIgniter->runController(Object(App\Controllers\transaction\purchaseasset))
#12 D:\xampp1\htdocs\ag-accounting-pembiayaan\vendor\codeigniter4\framework\system\CodeIgniter.php(332): CodeIgniter\CodeIgniter->handleRequest(NULL, Object(Config\Cache), false)
#13 D:\xampp1\htdocs\ag-accounting-pembiayaan\public\index.php(44): CodeIgniter\CodeIgniter->run()
#14 {main}
ERROR - 2022-07-30 05:33:10 --> ErrorException: pg_query(): Query failed: ERROR:  column &quot;purchase_asset1.purchase_asset0_id&quot; must appear in the GROUP BY clause or be used in an aggregate function
LINE 4: LEFT JOIN (SELECT purchase_asset0_id, SUM(purchase_asset1_pr...
                          ^ in D:\xampp1\htdocs\ag-accounting-pembiayaan\vendor\codeigniter4\framework\system\Database\Postgre\Connection.php:170
Stack trace:
#0 [internal function]: CodeIgniter\Debug\Exceptions->errorHandler(2, 'pg_query(): Que...', 'D:\\xampp1\\htdoc...', 170, Array)
#1 D:\xampp1\htdocs\ag-accounting-pembiayaan\vendor\codeigniter4\framework\system\Database\Postgre\Connection.php(170): pg_query(Resource id #147, 'SELECT *\nFROM "...')
#2 D:\xampp1\htdocs\ag-accounting-pembiayaan\vendor\codeigniter4\framework\system\Database\BaseConnection.php(715): CodeIgniter\Database\Postgre\Connection->execute('SELECT *\nFROM "...')
#3 D:\xampp1\htdocs\ag-accounting-pembiayaan\vendor\codeigniter4\framework\system\Database\BaseConnection.php(643): CodeIgniter\Database\BaseConnection->simpleQuery('SELECT *\nFROM "...')
#4 D:\xampp1\htdocs\ag-accounting-pembiayaan\vendor\codeigniter4\framework\system\Database\BaseBuilder.php(1866): CodeIgniter\Database\BaseConnection->query('SELECT *\nFROM "...', Array, false)
#5 D:\xampp1\htdocs\ag-accounting-pembiayaan\app\Views\transaction\purchaseasset_v.php(156): CodeIgniter\Database\BaseBuilder->get()
#6 D:\xampp1\htdocs\ag-accounting-pembiayaan\vendor\codeigniter4\framework\system\View\View.php(220): include('D:\\xampp1\\htdoc...')
#7 D:\xampp1\htdocs\ag-accounting-pembiayaan\vendor\codeigniter4\framework\system\View\View.php(222): CodeIgniter\View\View->CodeIgniter\View\{closure}()
#8 D:\xampp1\htdocs\ag-accounting-pembiayaan\vendor\codeigniter4\framework\system\Common.php(1217): CodeIgniter\View\View->render('transaction/pur...', Array, true)
#9 D:\xampp1\htdocs\ag-accounting-pembiayaan\app\Controllers\transaction\purchaseasset.php(26): view('transaction/pur...', Array)
#10 D:\xampp1\htdocs\ag-accounting-pembiayaan\vendor\codeigniter4\framework\system\CodeIgniter.php(935): App\Controllers\transaction\purchaseasset->index()
#11 D:\xampp1\htdocs\ag-accounting-pembiayaan\vendor\codeigniter4\framework\system\CodeIgniter.php(431): CodeIgniter\CodeIgniter->runController(Object(App\Controllers\transaction\purchaseasset))
#12 D:\xampp1\htdocs\ag-accounting-pembiayaan\vendor\codeigniter4\framework\system\CodeIgniter.php(332): CodeIgniter\CodeIgniter->handleRequest(NULL, Object(Config\Cache), false)
#13 D:\xampp1\htdocs\ag-accounting-pembiayaan\public\index.php(44): CodeIgniter\CodeIgniter->run()
#14 {main}
ERROR - 2022-07-30 06:21:31 --> ErrorException: pg_query(): Query failed: ERROR:  column &quot;purchase_asset1.purchase_asset0_id&quot; must appear in the GROUP BY clause or be used in an aggregate function
LINE 4: LEFT JOIN (SELECT purchase_asset0_id, SUM(purchase_asset1_pr...
                          ^ in D:\xampp1\htdocs\ag-accounting-pembiayaan\vendor\codeigniter4\framework\system\Database\Postgre\Connection.php:170
Stack trace:
#0 [internal function]: CodeIgniter\Debug\Exceptions->errorHandler(2, 'pg_query(): Que...', 'D:\\xampp1\\htdoc...', 170, Array)
#1 D:\xampp1\htdocs\ag-accounting-pembiayaan\vendor\codeigniter4\framework\system\Database\Postgre\Connection.php(170): pg_query(Resource id #147, 'SELECT *\nFROM "...')
#2 D:\xampp1\htdocs\ag-accounting-pembiayaan\vendor\codeigniter4\framework\system\Database\BaseConnection.php(715): CodeIgniter\Database\Postgre\Connection->execute('SELECT *\nFROM "...')
#3 D:\xampp1\htdocs\ag-accounting-pembiayaan\vendor\codeigniter4\framework\system\Database\BaseConnection.php(643): CodeIgniter\Database\BaseConnection->simpleQuery('SELECT *\nFROM "...')
#4 D:\xampp1\htdocs\ag-accounting-pembiayaan\vendor\codeigniter4\framework\system\Database\BaseBuilder.php(1866): CodeIgniter\Database\BaseConnection->query('SELECT *\nFROM "...', Array, false)
#5 D:\xampp1\htdocs\ag-accounting-pembiayaan\app\Views\transaction\purchaseasset_v.php(156): CodeIgniter\Database\BaseBuilder->get()
#6 D:\xampp1\htdocs\ag-accounting-pembiayaan\vendor\codeigniter4\framework\system\View\View.php(220): include('D:\\xampp1\\htdoc...')
#7 D:\xampp1\htdocs\ag-accounting-pembiayaan\vendor\codeigniter4\framework\system\View\View.php(222): CodeIgniter\View\View->CodeIgniter\View\{closure}()
#8 D:\xampp1\htdocs\ag-accounting-pembiayaan\vendor\codeigniter4\framework\system\Common.php(1217): CodeIgniter\View\View->render('transaction/pur...', Array, true)
#9 D:\xampp1\htdocs\ag-accounting-pembiayaan\app\Controllers\transaction\purchaseasset.php(26): view('transaction/pur...', Array)
#10 D:\xampp1\htdocs\ag-accounting-pembiayaan\vendor\codeigniter4\framework\system\CodeIgniter.php(935): App\Controllers\transaction\purchaseasset->index()
#11 D:\xampp1\htdocs\ag-accounting-pembiayaan\vendor\codeigniter4\framework\system\CodeIgniter.php(431): CodeIgniter\CodeIgniter->runController(Object(App\Controllers\transaction\purchaseasset))
#12 D:\xampp1\htdocs\ag-accounting-pembiayaan\vendor\codeigniter4\framework\system\CodeIgniter.php(332): CodeIgniter\CodeIgniter->handleRequest(NULL, Object(Config\Cache), false)
#13 D:\xampp1\htdocs\ag-accounting-pembiayaan\public\index.php(44): CodeIgniter\CodeIgniter->run()
#14 {main}
ERROR - 2022-07-30 06:21:41 --> ErrorException: pg_query(): Query failed: ERROR:  column &quot;purchase_asset1.purchase_asset0_id&quot; must appear in the GROUP BY clause or be used in an aggregate function
LINE 4: LEFT JOIN (SELECT purchase_asset0_id, SUM(purchase_asset1_pr...
                          ^ in D:\xampp1\htdocs\ag-accounting-pembiayaan\vendor\codeigniter4\framework\system\Database\Postgre\Connection.php:170
Stack trace:
#0 [internal function]: CodeIgniter\Debug\Exceptions->errorHandler(2, 'pg_query(): Que...', 'D:\\xampp1\\htdoc...', 170, Array)
#1 D:\xampp1\htdocs\ag-accounting-pembiayaan\vendor\codeigniter4\framework\system\Database\Postgre\Connection.php(170): pg_query(Resource id #146, 'SELECT *\nFROM "...')
#2 D:\xampp1\htdocs\ag-accounting-pembiayaan\vendor\codeigniter4\framework\system\Database\BaseConnection.php(715): CodeIgniter\Database\Postgre\Connection->execute('SELECT *\nFROM "...')
#3 D:\xampp1\htdocs\ag-accounting-pembiayaan\vendor\codeigniter4\framework\system\Database\BaseConnection.php(643): CodeIgniter\Database\BaseConnection->simpleQuery('SELECT *\nFROM "...')
#4 D:\xampp1\htdocs\ag-accounting-pembiayaan\vendor\codeigniter4\framework\system\Database\BaseBuilder.php(1866): CodeIgniter\Database\BaseConnection->query('SELECT *\nFROM "...', Array, false)
#5 D:\xampp1\htdocs\ag-accounting-pembiayaan\app\Views\transaction\purchaseasset_v.php(156): CodeIgniter\Database\BaseBuilder->get()
#6 D:\xampp1\htdocs\ag-accounting-pembiayaan\vendor\codeigniter4\framework\system\View\View.php(220): include('D:\\xampp1\\htdoc...')
#7 D:\xampp1\htdocs\ag-accounting-pembiayaan\vendor\codeigniter4\framework\system\View\View.php(222): CodeIgniter\View\View->CodeIgniter\View\{closure}()
#8 D:\xampp1\htdocs\ag-accounting-pembiayaan\vendor\codeigniter4\framework\system\Common.php(1217): CodeIgniter\View\View->render('transaction/pur...', Array, true)
#9 D:\xampp1\htdocs\ag-accounting-pembiayaan\app\Controllers\transaction\purchaseasset.php(26): view('transaction/pur...', Array)
#10 D:\xampp1\htdocs\ag-accounting-pembiayaan\vendor\codeigniter4\framework\system\CodeIgniter.php(935): App\Controllers\transaction\purchaseasset->index()
#11 D:\xampp1\htdocs\ag-accounting-pembiayaan\vendor\codeigniter4\framework\system\CodeIgniter.php(431): CodeIgniter\CodeIgniter->runController(Object(App\Controllers\transaction\purchaseasset))
#12 D:\xampp1\htdocs\ag-accounting-pembiayaan\vendor\codeigniter4\framework\system\CodeIgniter.php(332): CodeIgniter\CodeIgniter->handleRequest(NULL, Object(Config\Cache), false)
#13 D:\xampp1\htdocs\ag-accounting-pembiayaan\public\index.php(44): CodeIgniter\CodeIgniter->run()
#14 {main}
CRITICAL - 2022-07-30 06:22:21 --> Undefined property: stdClass::$purchase_asset0
#0 D:\xampp1\htdocs\ag-accounting-pembiayaan\app\Views\transaction\purchaseasset_v.php(163): CodeIgniter\Debug\Exceptions->errorHandler(8, 'Undefined prope...', 'D:\\xampp1\\htdoc...', 163, Array)
#1 D:\xampp1\htdocs\ag-accounting-pembiayaan\vendor\codeigniter4\framework\system\View\View.php(220): include('D:\\xampp1\\htdoc...')
#2 D:\xampp1\htdocs\ag-accounting-pembiayaan\vendor\codeigniter4\framework\system\View\View.php(222): CodeIgniter\View\View->CodeIgniter\View\{closure}()
#3 D:\xampp1\htdocs\ag-accounting-pembiayaan\vendor\codeigniter4\framework\system\Common.php(1217): CodeIgniter\View\View->render('transaction/pur...', Array, true)
#4 D:\xampp1\htdocs\ag-accounting-pembiayaan\app\Controllers\transaction\purchaseasset.php(26): view('transaction/pur...', Array)
#5 D:\xampp1\htdocs\ag-accounting-pembiayaan\vendor\codeigniter4\framework\system\CodeIgniter.php(935): App\Controllers\transaction\purchaseasset->index()
#6 D:\xampp1\htdocs\ag-accounting-pembiayaan\vendor\codeigniter4\framework\system\CodeIgniter.php(431): CodeIgniter\CodeIgniter->runController(Object(App\Controllers\transaction\purchaseasset))
#7 D:\xampp1\htdocs\ag-accounting-pembiayaan\vendor\codeigniter4\framework\system\CodeIgniter.php(332): CodeIgniter\CodeIgniter->handleRequest(NULL, Object(Config\Cache), false)
#8 D:\xampp1\htdocs\ag-accounting-pembiayaan\public\index.php(44): CodeIgniter\CodeIgniter->run()
#9 {main}
CRITICAL - 2022-07-30 15:26:00 --> Maximum execution time of 30 seconds exceeded
#0 [internal function]: CodeIgniter\Debug\Exceptions->shutdownHandler()
#1 {main}
