ERROR - 2024-12-24 14:42:20 --> Error connecting to the database: mysqli_sql_exception: Unknown database 'rental' in C:\xampp\htdocs\rental\vendor\codeigniter4\framework\system\Database\MySQLi\Connection.php:171
Stack trace:
#0 C:\xampp\htdocs\rental\vendor\codeigniter4\framework\system\Database\MySQLi\Connection.php(171): mysqli->real_connect('localhost', 'root', '', 'rental', 3307, '', 0)
#1 C:\xampp\htdocs\rental\vendor\codeigniter4\framework\system\Database\BaseConnection.php(382): CodeIgniter\Database\MySQLi\Connection->connect(false)
#2 C:\xampp\htdocs\rental\vendor\codeigniter4\framework\system\Database\BaseConnection.php(561): CodeIgniter\Database\BaseConnection->initialize()
#3 C:\xampp\htdocs\rental\vendor\codeigniter4\framework\system\Database\BaseBuilder.php(1585): CodeIgniter\Database\BaseConnection->query('SELECT *, `user...', Array, false)
#4 C:\xampp\htdocs\rental\app\Models\login_m.php(45): CodeIgniter\Database\BaseBuilder->get()
#5 C:\xampp\htdocs\rental\app\Controllers\utama.php(32): App\Models\login_m->index()
#6 C:\xampp\htdocs\rental\vendor\codeigniter4\framework\system\CodeIgniter.php(927): App\Controllers\utama->login()
#7 C:\xampp\htdocs\rental\vendor\codeigniter4\framework\system\CodeIgniter.php(482): CodeIgniter\CodeIgniter->runController(Object(App\Controllers\utama))
#8 C:\xampp\htdocs\rental\vendor\codeigniter4\framework\system\CodeIgniter.php(351): CodeIgniter\CodeIgniter->handleRequest(NULL, Object(Config\Cache), false)
#9 C:\xampp\htdocs\rental\index.php(67): CodeIgniter\CodeIgniter->run()
#10 {main}

Next CodeIgniter\Database\Exceptions\DatabaseException: Unknown database 'rental' in C:\xampp\htdocs\rental\vendor\codeigniter4\framework\system\Database\MySQLi\Connection.php:215
Stack trace:
#0 C:\xampp\htdocs\rental\vendor\codeigniter4\framework\system\Database\BaseConnection.php(382): CodeIgniter\Database\MySQLi\Connection->connect(false)
#1 C:\xampp\htdocs\rental\vendor\codeigniter4\framework\system\Database\BaseConnection.php(561): CodeIgniter\Database\BaseConnection->initialize()
#2 C:\xampp\htdocs\rental\vendor\codeigniter4\framework\system\Database\BaseBuilder.php(1585): CodeIgniter\Database\BaseConnection->query('SELECT *, `user...', Array, false)
#3 C:\xampp\htdocs\rental\app\Models\login_m.php(45): CodeIgniter\Database\BaseBuilder->get()
#4 C:\xampp\htdocs\rental\app\Controllers\utama.php(32): App\Models\login_m->index()
#5 C:\xampp\htdocs\rental\vendor\codeigniter4\framework\system\CodeIgniter.php(927): App\Controllers\utama->login()
#6 C:\xampp\htdocs\rental\vendor\codeigniter4\framework\system\CodeIgniter.php(482): CodeIgniter\CodeIgniter->runController(Object(App\Controllers\utama))
#7 C:\xampp\htdocs\rental\vendor\codeigniter4\framework\system\CodeIgniter.php(351): CodeIgniter\CodeIgniter->handleRequest(NULL, Object(Config\Cache), false)
#8 C:\xampp\htdocs\rental\index.php(67): CodeIgniter\CodeIgniter->run()
#9 {main}
CRITICAL - 2024-12-24 14:42:20 --> Unable to connect to the database.
Main connection [MySQLi]: Unknown database 'rental'
in SYSTEMPATH\Database\BaseConnection.php on line 418.
 1 SYSTEMPATH\Database\BaseConnection.php(561): CodeIgniter\Database\BaseConnection->initialize()
 2 SYSTEMPATH\Database\BaseBuilder.php(1585): CodeIgniter\Database\BaseConnection->query('SELECT *, `user`.`store_id` AS `store_id`
FROM `user`
LEFT JOIN `position` ON `position`.`position_id`=`user`.`position_id`
LEFT JOIN `store` ON `store`.`store_id`=`user`.`store_id`
WHERE `user_email` = :user_email:
AND `user`.`store_id` = :user.store_id:', [...], false)
 3 APPPATH\Models\login_m.php(45): CodeIgniter\Database\BaseBuilder->get()
 4 APPPATH\Controllers\utama.php(32): App\Models\login_m->index()
 5 SYSTEMPATH\CodeIgniter.php(927): App\Controllers\utama->login()
 6 SYSTEMPATH\CodeIgniter.php(482): CodeIgniter\CodeIgniter->runController(Object(App\Controllers\utama))
 7 SYSTEMPATH\CodeIgniter.php(351): CodeIgniter\CodeIgniter->handleRequest(null, Object(Config\Cache), false)
 8 FCPATH\index.php(67): CodeIgniter\CodeIgniter->run()
ERROR - 2024-12-24 14:47:30 --> Error connecting to the database: mysqli_sql_exception: Unknown database 'rental' in C:\xampp\htdocs\rental\vendor\codeigniter4\framework\system\Database\MySQLi\Connection.php:171
Stack trace:
#0 C:\xampp\htdocs\rental\vendor\codeigniter4\framework\system\Database\MySQLi\Connection.php(171): mysqli->real_connect('localhost', 'root', '', 'rental', 3307, '', 0)
#1 C:\xampp\htdocs\rental\vendor\codeigniter4\framework\system\Database\BaseConnection.php(382): CodeIgniter\Database\MySQLi\Connection->connect(false)
#2 C:\xampp\htdocs\rental\vendor\codeigniter4\framework\system\Database\BaseConnection.php(561): CodeIgniter\Database\BaseConnection->initialize()
#3 C:\xampp\htdocs\rental\vendor\codeigniter4\framework\system\Database\BaseBuilder.php(1585): CodeIgniter\Database\BaseConnection->query('SELECT *, `user...', Array, false)
#4 C:\xampp\htdocs\rental\app\Models\login_m.php(45): CodeIgniter\Database\BaseBuilder->get()
#5 C:\xampp\htdocs\rental\app\Controllers\utama.php(32): App\Models\login_m->index()
#6 C:\xampp\htdocs\rental\vendor\codeigniter4\framework\system\CodeIgniter.php(927): App\Controllers\utama->login()
#7 C:\xampp\htdocs\rental\vendor\codeigniter4\framework\system\CodeIgniter.php(482): CodeIgniter\CodeIgniter->runController(Object(App\Controllers\utama))
#8 C:\xampp\htdocs\rental\vendor\codeigniter4\framework\system\CodeIgniter.php(351): CodeIgniter\CodeIgniter->handleRequest(NULL, Object(Config\Cache), false)
#9 C:\xampp\htdocs\rental\index.php(67): CodeIgniter\CodeIgniter->run()
#10 {main}

Next CodeIgniter\Database\Exceptions\DatabaseException: Unknown database 'rental' in C:\xampp\htdocs\rental\vendor\codeigniter4\framework\system\Database\MySQLi\Connection.php:215
Stack trace:
#0 C:\xampp\htdocs\rental\vendor\codeigniter4\framework\system\Database\BaseConnection.php(382): CodeIgniter\Database\MySQLi\Connection->connect(false)
#1 C:\xampp\htdocs\rental\vendor\codeigniter4\framework\system\Database\BaseConnection.php(561): CodeIgniter\Database\BaseConnection->initialize()
#2 C:\xampp\htdocs\rental\vendor\codeigniter4\framework\system\Database\BaseBuilder.php(1585): CodeIgniter\Database\BaseConnection->query('SELECT *, `user...', Array, false)
#3 C:\xampp\htdocs\rental\app\Models\login_m.php(45): CodeIgniter\Database\BaseBuilder->get()
#4 C:\xampp\htdocs\rental\app\Controllers\utama.php(32): App\Models\login_m->index()
#5 C:\xampp\htdocs\rental\vendor\codeigniter4\framework\system\CodeIgniter.php(927): App\Controllers\utama->login()
#6 C:\xampp\htdocs\rental\vendor\codeigniter4\framework\system\CodeIgniter.php(482): CodeIgniter\CodeIgniter->runController(Object(App\Controllers\utama))
#7 C:\xampp\htdocs\rental\vendor\codeigniter4\framework\system\CodeIgniter.php(351): CodeIgniter\CodeIgniter->handleRequest(NULL, Object(Config\Cache), false)
#8 C:\xampp\htdocs\rental\index.php(67): CodeIgniter\CodeIgniter->run()
#9 {main}
CRITICAL - 2024-12-24 14:47:30 --> Unable to connect to the database.
Main connection [MySQLi]: Unknown database 'rental'
in SYSTEMPATH\Database\BaseConnection.php on line 418.
 1 SYSTEMPATH\Database\BaseConnection.php(561): CodeIgniter\Database\BaseConnection->initialize()
 2 SYSTEMPATH\Database\BaseBuilder.php(1585): CodeIgniter\Database\BaseConnection->query('SELECT *, `user`.`store_id` AS `store_id`
FROM `user`
LEFT JOIN `position` ON `position`.`position_id`=`user`.`position_id`
LEFT JOIN `store` ON `store`.`store_id`=`user`.`store_id`
WHERE `user_email` = :user_email:
AND `user`.`store_id` = :user.store_id:', [...], false)
 3 APPPATH\Models\login_m.php(45): CodeIgniter\Database\BaseBuilder->get()
 4 APPPATH\Controllers\utama.php(32): App\Models\login_m->index()
 5 SYSTEMPATH\CodeIgniter.php(927): App\Controllers\utama->login()
 6 SYSTEMPATH\CodeIgniter.php(482): CodeIgniter\CodeIgniter->runController(Object(App\Controllers\utama))
 7 SYSTEMPATH\CodeIgniter.php(351): CodeIgniter\CodeIgniter->handleRequest(null, Object(Config\Cache), false)
 8 FCPATH\index.php(67): CodeIgniter\CodeIgniter->run()
ERROR - 2024-12-24 14:48:17 --> Error connecting to the database: mysqli_sql_exception: Unknown database 'rental' in C:\xampp\htdocs\rental\vendor\codeigniter4\framework\system\Database\MySQLi\Connection.php:171
Stack trace:
#0 C:\xampp\htdocs\rental\vendor\codeigniter4\framework\system\Database\MySQLi\Connection.php(171): mysqli->real_connect('localhost', 'root', '', 'rental', 3307, '', 0)
#1 C:\xampp\htdocs\rental\vendor\codeigniter4\framework\system\Database\BaseConnection.php(382): CodeIgniter\Database\MySQLi\Connection->connect(false)
#2 C:\xampp\htdocs\rental\vendor\codeigniter4\framework\system\Database\BaseConnection.php(561): CodeIgniter\Database\BaseConnection->initialize()
#3 C:\xampp\htdocs\rental\vendor\codeigniter4\framework\system\Database\BaseBuilder.php(1585): CodeIgniter\Database\BaseConnection->query('SELECT *, `user...', Array, false)
#4 C:\xampp\htdocs\rental\app\Models\login_m.php(45): CodeIgniter\Database\BaseBuilder->get()
#5 C:\xampp\htdocs\rental\app\Controllers\utama.php(32): App\Models\login_m->index()
#6 C:\xampp\htdocs\rental\vendor\codeigniter4\framework\system\CodeIgniter.php(927): App\Controllers\utama->login()
#7 C:\xampp\htdocs\rental\vendor\codeigniter4\framework\system\CodeIgniter.php(482): CodeIgniter\CodeIgniter->runController(Object(App\Controllers\utama))
#8 C:\xampp\htdocs\rental\vendor\codeigniter4\framework\system\CodeIgniter.php(351): CodeIgniter\CodeIgniter->handleRequest(NULL, Object(Config\Cache), false)
#9 C:\xampp\htdocs\rental\index.php(67): CodeIgniter\CodeIgniter->run()
#10 {main}

Next CodeIgniter\Database\Exceptions\DatabaseException: Unknown database 'rental' in C:\xampp\htdocs\rental\vendor\codeigniter4\framework\system\Database\MySQLi\Connection.php:215
Stack trace:
#0 C:\xampp\htdocs\rental\vendor\codeigniter4\framework\system\Database\BaseConnection.php(382): CodeIgniter\Database\MySQLi\Connection->connect(false)
#1 C:\xampp\htdocs\rental\vendor\codeigniter4\framework\system\Database\BaseConnection.php(561): CodeIgniter\Database\BaseConnection->initialize()
#2 C:\xampp\htdocs\rental\vendor\codeigniter4\framework\system\Database\BaseBuilder.php(1585): CodeIgniter\Database\BaseConnection->query('SELECT *, `user...', Array, false)
#3 C:\xampp\htdocs\rental\app\Models\login_m.php(45): CodeIgniter\Database\BaseBuilder->get()
#4 C:\xampp\htdocs\rental\app\Controllers\utama.php(32): App\Models\login_m->index()
#5 C:\xampp\htdocs\rental\vendor\codeigniter4\framework\system\CodeIgniter.php(927): App\Controllers\utama->login()
#6 C:\xampp\htdocs\rental\vendor\codeigniter4\framework\system\CodeIgniter.php(482): CodeIgniter\CodeIgniter->runController(Object(App\Controllers\utama))
#7 C:\xampp\htdocs\rental\vendor\codeigniter4\framework\system\CodeIgniter.php(351): CodeIgniter\CodeIgniter->handleRequest(NULL, Object(Config\Cache), false)
#8 C:\xampp\htdocs\rental\index.php(67): CodeIgniter\CodeIgniter->run()
#9 {main}
CRITICAL - 2024-12-24 14:48:17 --> Unable to connect to the database.
Main connection [MySQLi]: Unknown database 'rental'
in SYSTEMPATH\Database\BaseConnection.php on line 418.
 1 SYSTEMPATH\Database\BaseConnection.php(561): CodeIgniter\Database\BaseConnection->initialize()
 2 SYSTEMPATH\Database\BaseBuilder.php(1585): CodeIgniter\Database\BaseConnection->query('SELECT *, `user`.`store_id` AS `store_id`
FROM `user`
LEFT JOIN `position` ON `position`.`position_id`=`user`.`position_id`
LEFT JOIN `store` ON `store`.`store_id`=`user`.`store_id`
WHERE `user_email` = :user_email:
AND `user`.`store_id` = :user.store_id:', [...], false)
 3 APPPATH\Models\login_m.php(45): CodeIgniter\Database\BaseBuilder->get()
 4 APPPATH\Controllers\utama.php(32): App\Models\login_m->index()
 5 SYSTEMPATH\CodeIgniter.php(927): App\Controllers\utama->login()
 6 SYSTEMPATH\CodeIgniter.php(482): CodeIgniter\CodeIgniter->runController(Object(App\Controllers\utama))
 7 SYSTEMPATH\CodeIgniter.php(351): CodeIgniter\CodeIgniter->handleRequest(null, Object(Config\Cache), false)
 8 FCPATH\index.php(67): CodeIgniter\CodeIgniter->run()
ERROR - 2024-12-24 14:54:20 --> Email: sendWithSmtp throwed ErrorException: stream_socket_enable_crypto(): SSL operation failed with code 1. OpenSSL Error messages:
error:1416F086:SSL routines:tls_process_server_certificate:certificate verify failed in C:\xampp\htdocs\rental\vendor\codeigniter4\framework\system\Email\Email.php:1881
Stack trace:
#0 [internal function]: CodeIgniter\Debug\Exceptions->errorHandler(2, 'stream_socket_e...', 'C:\\xampp\\htdocs...', 1881)
#1 C:\xampp\htdocs\rental\vendor\codeigniter4\framework\system\Email\Email.php(1881): stream_socket_enable_crypto(Resource id #157, true, 57)
#2 C:\xampp\htdocs\rental\vendor\codeigniter4\framework\system\Email\Email.php(1777): CodeIgniter\Email\Email->SMTPConnect()
#3 C:\xampp\htdocs\rental\vendor\codeigniter4\framework\system\Email\Email.php(1662): CodeIgniter\Email\Email->sendWithSmtp()
#4 C:\xampp\htdocs\rental\vendor\codeigniter4\framework\system\Email\Email.php(1560): CodeIgniter\Email\Email->spoolEmail()
#5 C:\xampp\htdocs\rental\app\Models\login_m.php(18): CodeIgniter\Email\Email->send()
#6 C:\xampp\htdocs\rental\app\Models\login_m.php(95): App\Models\login_m->sendEmail('Ihsan')
#7 C:\xampp\htdocs\rental\app\Controllers\utama.php(32): App\Models\login_m->index()
#8 C:\xampp\htdocs\rental\vendor\codeigniter4\framework\system\CodeIgniter.php(927): App\Controllers\utama->login()
#9 C:\xampp\htdocs\rental\vendor\codeigniter4\framework\system\CodeIgniter.php(482): CodeIgniter\CodeIgniter->runController(Object(App\Controllers\utama))
#10 C:\xampp\htdocs\rental\vendor\codeigniter4\framework\system\CodeIgniter.php(351): CodeIgniter\CodeIgniter->handleRequest(NULL, Object(Config\Cache), false)
#11 C:\xampp\htdocs\rental\index.php(67): CodeIgniter\CodeIgniter->run()
#12 {main}
ERROR - 2024-12-24 14:54:20 --> Email: Unable to send email using SMTP. Your server might not be configured to send mail using this method.
ERROR - 2024-12-24 14:54:20 --> 220 qithy.my.id ESMTP Postfix

hello: 250-qithy.my.id
250-PIPELINING
250-SIZE 30720000
250-ETRN
250-STARTTLS
250-ENHANCEDSTATUSCODES
250-8BITMIME
250-DSN
250-SMTPUTF8
250 CHUNKING

starttls: 220 2.0.0 Ready to start TLS

ERROR - 2024-12-24 15:37:16 --> Email: sendWithSmtp throwed ErrorException: stream_socket_enable_crypto(): SSL operation failed with code 1. OpenSSL Error messages:
error:1408F10B:SSL routines:ssl3_get_record:wrong version number in C:\xampp\htdocs\rental\vendor\codeigniter4\framework\system\Email\Email.php:1881
Stack trace:
#0 [internal function]: CodeIgniter\Debug\Exceptions->errorHandler(2, 'stream_socket_e...', 'C:\\xampp\\htdocs...', 1881)
#1 C:\xampp\htdocs\rental\vendor\codeigniter4\framework\system\Email\Email.php(1881): stream_socket_enable_crypto(Resource id #156, true, 57)
#2 C:\xampp\htdocs\rental\vendor\codeigniter4\framework\system\Email\Email.php(1777): CodeIgniter\Email\Email->SMTPConnect()
#3 C:\xampp\htdocs\rental\vendor\codeigniter4\framework\system\Email\Email.php(1662): CodeIgniter\Email\Email->sendWithSmtp()
#4 C:\xampp\htdocs\rental\vendor\codeigniter4\framework\system\Email\Email.php(1560): CodeIgniter\Email\Email->spoolEmail()
#5 C:\xampp\htdocs\rental\app\Models\login_m.php(18): CodeIgniter\Email\Email->send()
#6 C:\xampp\htdocs\rental\app\Models\login_m.php(95): App\Models\login_m->sendEmail('Ihsan')
#7 C:\xampp\htdocs\rental\app\Controllers\utama.php(32): App\Models\login_m->index()
#8 C:\xampp\htdocs\rental\vendor\codeigniter4\framework\system\CodeIgniter.php(927): App\Controllers\utama->login()
#9 C:\xampp\htdocs\rental\vendor\codeigniter4\framework\system\CodeIgniter.php(482): CodeIgniter\CodeIgniter->runController(Object(App\Controllers\utama))
#10 C:\xampp\htdocs\rental\vendor\codeigniter4\framework\system\CodeIgniter.php(351): CodeIgniter\CodeIgniter->handleRequest(NULL, Object(Config\Cache), false)
#11 C:\xampp\htdocs\rental\index.php(67): CodeIgniter\CodeIgniter->run()
#12 {main}
ERROR - 2024-12-24 15:37:16 --> Email: Unable to send email using SMTP. Your server might not be configured to send mail using this method.
ERROR - 2024-12-24 15:37:16 --> 
hello: 220 qithy.my.id ESMTP Postfix

The following SMTP error was encountered: 220 qithy.my.id ESMTP Postfix

starttls: 250-qithy.my.id
250-PIPELINING
250-SIZE 30720000
250-ETRN
250-STARTTLS
250-ENHANCEDSTATUSCODES
250-8BITMIME
250-DSN
250-SMTPUTF8
250 CHUNKING

The following SMTP error was encountered: 250-qithy.my.id
250-PIPELINING
250-SIZE 30720000
250-ETRN
250-STARTTLS
250-ENHANCEDSTATUSCODES
250-8BITMIME
250-DSN
250-SMTPUTF8
250 CHUNKING

ERROR - 2024-12-24 16:05:21 --> mysqli_sql_exception: Table 'rental.tracking' doesn't exist in C:\xampp\htdocs\rental\vendor\codeigniter4\framework\system\Database\MySQLi\Connection.php:292
Stack trace:
#0 C:\xampp\htdocs\rental\vendor\codeigniter4\framework\system\Database\MySQLi\Connection.php(292): mysqli->query('SELECT *\nFROM `...', 0)
#1 C:\xampp\htdocs\rental\vendor\codeigniter4\framework\system\Database\BaseConnection.php(666): CodeIgniter\Database\MySQLi\Connection->execute('SELECT *\nFROM `...')
#2 C:\xampp\htdocs\rental\vendor\codeigniter4\framework\system\Database\BaseConnection.php(593): CodeIgniter\Database\BaseConnection->simpleQuery('SELECT *\nFROM `...')
#3 C:\xampp\htdocs\rental\vendor\codeigniter4\framework\system\Database\BaseBuilder.php(1718): CodeIgniter\Database\BaseConnection->query('SELECT *\nFROM `...', Array, false)
#4 C:\xampp\htdocs\rental\app\Models\transaction\tracking_m.php(22): CodeIgniter\Database\BaseBuilder->getWhere(Array)
#5 C:\xampp\htdocs\rental\app\Controllers\transaction\tracking.php(22): App\Models\transaction\tracking_m->data()
#6 C:\xampp\htdocs\rental\vendor\codeigniter4\framework\system\CodeIgniter.php(927): App\Controllers\transaction\tracking->index()
#7 C:\xampp\htdocs\rental\vendor\codeigniter4\framework\system\CodeIgniter.php(482): CodeIgniter\CodeIgniter->runController(Object(App\Controllers\transaction\tracking))
#8 C:\xampp\htdocs\rental\vendor\codeigniter4\framework\system\CodeIgniter.php(351): CodeIgniter\CodeIgniter->handleRequest(NULL, Object(Config\Cache), false)
#9 C:\xampp\htdocs\rental\index.php(67): CodeIgniter\CodeIgniter->run()
#10 {main}
CRITICAL - 2024-12-24 16:05:21 --> Table 'rental.tracking' doesn't exist
in SYSTEMPATH\Database\MySQLi\Connection.php on line 292.
 1 SYSTEMPATH\Database\MySQLi\Connection.php(292): mysqli->query('SELECT *
FROM `tracking`
WHERE `tracking_id` = -1', 0)
 2 SYSTEMPATH\Database\BaseConnection.php(666): CodeIgniter\Database\MySQLi\Connection->execute('SELECT *
FROM `tracking`
WHERE `tracking_id` = -1')
 3 SYSTEMPATH\Database\BaseConnection.php(593): CodeIgniter\Database\BaseConnection->simpleQuery('SELECT *
FROM `tracking`
WHERE `tracking_id` = -1')
 4 SYSTEMPATH\Database\BaseBuilder.php(1718): CodeIgniter\Database\BaseConnection->query('SELECT *
FROM `tracking`
WHERE `tracking_id` = :tracking_id:', [...], false)
 5 APPPATH\Models\transaction\tracking_m.php(22): CodeIgniter\Database\BaseBuilder->getWhere([...])
 6 APPPATH\Controllers\transaction\tracking.php(22): App\Models\transaction\tracking_m->data()
 7 SYSTEMPATH\CodeIgniter.php(927): App\Controllers\transaction\tracking->index()
 8 SYSTEMPATH\CodeIgniter.php(482): CodeIgniter\CodeIgniter->runController(Object(App\Controllers\transaction\tracking))
 9 SYSTEMPATH\CodeIgniter.php(351): CodeIgniter\CodeIgniter->handleRequest(null, Object(Config\Cache), false)
10 FCPATH\index.php(67): CodeIgniter\CodeIgniter->run()
ERROR - 2024-12-24 16:05:40 --> mysqli_sql_exception: Table 'rental.tracking' doesn't exist in C:\xampp\htdocs\rental\vendor\codeigniter4\framework\system\Database\MySQLi\Connection.php:292
Stack trace:
#0 C:\xampp\htdocs\rental\vendor\codeigniter4\framework\system\Database\MySQLi\Connection.php(292): mysqli->query('SELECT *\nFROM `...', 0)
#1 C:\xampp\htdocs\rental\vendor\codeigniter4\framework\system\Database\BaseConnection.php(666): CodeIgniter\Database\MySQLi\Connection->execute('SELECT *\nFROM `...')
#2 C:\xampp\htdocs\rental\vendor\codeigniter4\framework\system\Database\BaseConnection.php(593): CodeIgniter\Database\BaseConnection->simpleQuery('SELECT *\nFROM `...')
#3 C:\xampp\htdocs\rental\vendor\codeigniter4\framework\system\Database\BaseBuilder.php(1718): CodeIgniter\Database\BaseConnection->query('SELECT *\nFROM `...', Array, false)
#4 C:\xampp\htdocs\rental\app\Models\transaction\tracking_m.php(22): CodeIgniter\Database\BaseBuilder->getWhere(Array)
#5 C:\xampp\htdocs\rental\app\Controllers\transaction\tracking.php(22): App\Models\transaction\tracking_m->data()
#6 C:\xampp\htdocs\rental\vendor\codeigniter4\framework\system\CodeIgniter.php(927): App\Controllers\transaction\tracking->index()
#7 C:\xampp\htdocs\rental\vendor\codeigniter4\framework\system\CodeIgniter.php(482): CodeIgniter\CodeIgniter->runController(Object(App\Controllers\transaction\tracking))
#8 C:\xampp\htdocs\rental\vendor\codeigniter4\framework\system\CodeIgniter.php(351): CodeIgniter\CodeIgniter->handleRequest(NULL, Object(Config\Cache), false)
#9 C:\xampp\htdocs\rental\index.php(67): CodeIgniter\CodeIgniter->run()
#10 {main}
CRITICAL - 2024-12-24 16:05:40 --> Table 'rental.tracking' doesn't exist
in SYSTEMPATH\Database\MySQLi\Connection.php on line 292.
 1 SYSTEMPATH\Database\MySQLi\Connection.php(292): mysqli->query('SELECT *
FROM `tracking`
WHERE `tracking_id` = -1', 0)
 2 SYSTEMPATH\Database\BaseConnection.php(666): CodeIgniter\Database\MySQLi\Connection->execute('SELECT *
FROM `tracking`
WHERE `tracking_id` = -1')
 3 SYSTEMPATH\Database\BaseConnection.php(593): CodeIgniter\Database\BaseConnection->simpleQuery('SELECT *
FROM `tracking`
WHERE `tracking_id` = -1')
 4 SYSTEMPATH\Database\BaseBuilder.php(1718): CodeIgniter\Database\BaseConnection->query('SELECT *
FROM `tracking`
WHERE `tracking_id` = :tracking_id:', [...], false)
 5 APPPATH\Models\transaction\tracking_m.php(22): CodeIgniter\Database\BaseBuilder->getWhere([...])
 6 APPPATH\Controllers\transaction\tracking.php(22): App\Models\transaction\tracking_m->data()
 7 SYSTEMPATH\CodeIgniter.php(927): App\Controllers\transaction\tracking->index()
 8 SYSTEMPATH\CodeIgniter.php(482): CodeIgniter\CodeIgniter->runController(Object(App\Controllers\transaction\tracking))
 9 SYSTEMPATH\CodeIgniter.php(351): CodeIgniter\CodeIgniter->handleRequest(null, Object(Config\Cache), false)
10 FCPATH\index.php(67): CodeIgniter\CodeIgniter->run()
ERROR - 2024-12-24 16:07:08 --> mysqli_sql_exception: Table 'rental.tracking' doesn't exist in C:\xampp\htdocs\rental\vendor\codeigniter4\framework\system\Database\MySQLi\Connection.php:292
Stack trace:
#0 C:\xampp\htdocs\rental\vendor\codeigniter4\framework\system\Database\MySQLi\Connection.php(292): mysqli->query('SELECT *\nFROM `...', 0)
#1 C:\xampp\htdocs\rental\vendor\codeigniter4\framework\system\Database\BaseConnection.php(666): CodeIgniter\Database\MySQLi\Connection->execute('SELECT *\nFROM `...')
#2 C:\xampp\htdocs\rental\vendor\codeigniter4\framework\system\Database\BaseConnection.php(593): CodeIgniter\Database\BaseConnection->simpleQuery('SELECT *\nFROM `...')
#3 C:\xampp\htdocs\rental\vendor\codeigniter4\framework\system\Database\BaseBuilder.php(1718): CodeIgniter\Database\BaseConnection->query('SELECT *\nFROM `...', Array, false)
#4 C:\xampp\htdocs\rental\app\Models\transaction\tracking_m.php(22): CodeIgniter\Database\BaseBuilder->getWhere(Array)
#5 C:\xampp\htdocs\rental\app\Controllers\transaction\tracking.php(22): App\Models\transaction\tracking_m->data()
#6 C:\xampp\htdocs\rental\vendor\codeigniter4\framework\system\CodeIgniter.php(927): App\Controllers\transaction\tracking->index()
#7 C:\xampp\htdocs\rental\vendor\codeigniter4\framework\system\CodeIgniter.php(482): CodeIgniter\CodeIgniter->runController(Object(App\Controllers\transaction\tracking))
#8 C:\xampp\htdocs\rental\vendor\codeigniter4\framework\system\CodeIgniter.php(351): CodeIgniter\CodeIgniter->handleRequest(NULL, Object(Config\Cache), false)
#9 C:\xampp\htdocs\rental\index.php(67): CodeIgniter\CodeIgniter->run()
#10 {main}
CRITICAL - 2024-12-24 16:07:08 --> Table 'rental.tracking' doesn't exist
in SYSTEMPATH\Database\MySQLi\Connection.php on line 292.
 1 SYSTEMPATH\Database\MySQLi\Connection.php(292): mysqli->query('SELECT *
FROM `tracking`
WHERE `tracking_id` = -1', 0)
 2 SYSTEMPATH\Database\BaseConnection.php(666): CodeIgniter\Database\MySQLi\Connection->execute('SELECT *
FROM `tracking`
WHERE `tracking_id` = -1')
 3 SYSTEMPATH\Database\BaseConnection.php(593): CodeIgniter\Database\BaseConnection->simpleQuery('SELECT *
FROM `tracking`
WHERE `tracking_id` = -1')
 4 SYSTEMPATH\Database\BaseBuilder.php(1718): CodeIgniter\Database\BaseConnection->query('SELECT *
FROM `tracking`
WHERE `tracking_id` = :tracking_id:', [...], false)
 5 APPPATH\Models\transaction\tracking_m.php(22): CodeIgniter\Database\BaseBuilder->getWhere([...])
 6 APPPATH\Controllers\transaction\tracking.php(22): App\Models\transaction\tracking_m->data()
 7 SYSTEMPATH\CodeIgniter.php(927): App\Controllers\transaction\tracking->index()
 8 SYSTEMPATH\CodeIgniter.php(482): CodeIgniter\CodeIgniter->runController(Object(App\Controllers\transaction\tracking))
 9 SYSTEMPATH\CodeIgniter.php(351): CodeIgniter\CodeIgniter->handleRequest(null, Object(Config\Cache), false)
10 FCPATH\index.php(67): CodeIgniter\CodeIgniter->run()
ERROR - 2024-12-24 16:11:59 --> mysqli_sql_exception: Table 'rental.tracking' doesn't exist in C:\xampp\htdocs\rental\vendor\codeigniter4\framework\system\Database\MySQLi\Connection.php:292
Stack trace:
#0 C:\xampp\htdocs\rental\vendor\codeigniter4\framework\system\Database\MySQLi\Connection.php(292): mysqli->query('SELECT *\nFROM `...', 0)
#1 C:\xampp\htdocs\rental\vendor\codeigniter4\framework\system\Database\BaseConnection.php(666): CodeIgniter\Database\MySQLi\Connection->execute('SELECT *\nFROM `...')
#2 C:\xampp\htdocs\rental\vendor\codeigniter4\framework\system\Database\BaseConnection.php(593): CodeIgniter\Database\BaseConnection->simpleQuery('SELECT *\nFROM `...')
#3 C:\xampp\htdocs\rental\vendor\codeigniter4\framework\system\Database\BaseBuilder.php(1718): CodeIgniter\Database\BaseConnection->query('SELECT *\nFROM `...', Array, false)
#4 C:\xampp\htdocs\rental\app\Models\transaction\tracking_m.php(22): CodeIgniter\Database\BaseBuilder->getWhere(Array)
#5 C:\xampp\htdocs\rental\app\Controllers\transaction\tracking.php(22): App\Models\transaction\tracking_m->data()
#6 C:\xampp\htdocs\rental\vendor\codeigniter4\framework\system\CodeIgniter.php(927): App\Controllers\transaction\tracking->index()
#7 C:\xampp\htdocs\rental\vendor\codeigniter4\framework\system\CodeIgniter.php(482): CodeIgniter\CodeIgniter->runController(Object(App\Controllers\transaction\tracking))
#8 C:\xampp\htdocs\rental\vendor\codeigniter4\framework\system\CodeIgniter.php(351): CodeIgniter\CodeIgniter->handleRequest(NULL, Object(Config\Cache), false)
#9 C:\xampp\htdocs\rental\index.php(67): CodeIgniter\CodeIgniter->run()
#10 {main}
CRITICAL - 2024-12-24 16:11:59 --> Table 'rental.tracking' doesn't exist
in SYSTEMPATH\Database\MySQLi\Connection.php on line 292.
 1 SYSTEMPATH\Database\MySQLi\Connection.php(292): mysqli->query('SELECT *
FROM `tracking`
WHERE `tracking_id` = -1', 0)
 2 SYSTEMPATH\Database\BaseConnection.php(666): CodeIgniter\Database\MySQLi\Connection->execute('SELECT *
FROM `tracking`
WHERE `tracking_id` = -1')
 3 SYSTEMPATH\Database\BaseConnection.php(593): CodeIgniter\Database\BaseConnection->simpleQuery('SELECT *
FROM `tracking`
WHERE `tracking_id` = -1')
 4 SYSTEMPATH\Database\BaseBuilder.php(1718): CodeIgniter\Database\BaseConnection->query('SELECT *
FROM `tracking`
WHERE `tracking_id` = :tracking_id:', [...], false)
 5 APPPATH\Models\transaction\tracking_m.php(22): CodeIgniter\Database\BaseBuilder->getWhere([...])
 6 APPPATH\Controllers\transaction\tracking.php(22): App\Models\transaction\tracking_m->data()
 7 SYSTEMPATH\CodeIgniter.php(927): App\Controllers\transaction\tracking->index()
 8 SYSTEMPATH\CodeIgniter.php(482): CodeIgniter\CodeIgniter->runController(Object(App\Controllers\transaction\tracking))
 9 SYSTEMPATH\CodeIgniter.php(351): CodeIgniter\CodeIgniter->handleRequest(null, Object(Config\Cache), false)
10 FCPATH\index.php(67): CodeIgniter\CodeIgniter->run()
ERROR - 2024-12-24 16:12:03 --> mysqli_sql_exception: Table 'rental.tracking' doesn't exist in C:\xampp\htdocs\rental\vendor\codeigniter4\framework\system\Database\MySQLi\Connection.php:292
Stack trace:
#0 C:\xampp\htdocs\rental\vendor\codeigniter4\framework\system\Database\MySQLi\Connection.php(292): mysqli->query('SELECT *\nFROM `...', 0)
#1 C:\xampp\htdocs\rental\vendor\codeigniter4\framework\system\Database\BaseConnection.php(666): CodeIgniter\Database\MySQLi\Connection->execute('SELECT *\nFROM `...')
#2 C:\xampp\htdocs\rental\vendor\codeigniter4\framework\system\Database\BaseConnection.php(593): CodeIgniter\Database\BaseConnection->simpleQuery('SELECT *\nFROM `...')
#3 C:\xampp\htdocs\rental\vendor\codeigniter4\framework\system\Database\BaseBuilder.php(1718): CodeIgniter\Database\BaseConnection->query('SELECT *\nFROM `...', Array, false)
#4 C:\xampp\htdocs\rental\app\Models\transaction\tracking_m.php(22): CodeIgniter\Database\BaseBuilder->getWhere(Array)
#5 C:\xampp\htdocs\rental\app\Controllers\transaction\tracking.php(22): App\Models\transaction\tracking_m->data()
#6 C:\xampp\htdocs\rental\vendor\codeigniter4\framework\system\CodeIgniter.php(927): App\Controllers\transaction\tracking->index()
#7 C:\xampp\htdocs\rental\vendor\codeigniter4\framework\system\CodeIgniter.php(482): CodeIgniter\CodeIgniter->runController(Object(App\Controllers\transaction\tracking))
#8 C:\xampp\htdocs\rental\vendor\codeigniter4\framework\system\CodeIgniter.php(351): CodeIgniter\CodeIgniter->handleRequest(NULL, Object(Config\Cache), false)
#9 C:\xampp\htdocs\rental\index.php(67): CodeIgniter\CodeIgniter->run()
#10 {main}
CRITICAL - 2024-12-24 16:12:03 --> Table 'rental.tracking' doesn't exist
in SYSTEMPATH\Database\MySQLi\Connection.php on line 292.
 1 SYSTEMPATH\Database\MySQLi\Connection.php(292): mysqli->query('SELECT *
FROM `tracking`
WHERE `tracking_id` = -1', 0)
 2 SYSTEMPATH\Database\BaseConnection.php(666): CodeIgniter\Database\MySQLi\Connection->execute('SELECT *
FROM `tracking`
WHERE `tracking_id` = -1')
 3 SYSTEMPATH\Database\BaseConnection.php(593): CodeIgniter\Database\BaseConnection->simpleQuery('SELECT *
FROM `tracking`
WHERE `tracking_id` = -1')
 4 SYSTEMPATH\Database\BaseBuilder.php(1718): CodeIgniter\Database\BaseConnection->query('SELECT *
FROM `tracking`
WHERE `tracking_id` = :tracking_id:', [...], false)
 5 APPPATH\Models\transaction\tracking_m.php(22): CodeIgniter\Database\BaseBuilder->getWhere([...])
 6 APPPATH\Controllers\transaction\tracking.php(22): App\Models\transaction\tracking_m->data()
 7 SYSTEMPATH\CodeIgniter.php(927): App\Controllers\transaction\tracking->index()
 8 SYSTEMPATH\CodeIgniter.php(482): CodeIgniter\CodeIgniter->runController(Object(App\Controllers\transaction\tracking))
 9 SYSTEMPATH\CodeIgniter.php(351): CodeIgniter\CodeIgniter->handleRequest(null, Object(Config\Cache), false)
10 FCPATH\index.php(67): CodeIgniter\CodeIgniter->run()
ERROR - 2024-12-24 16:13:01 --> mysqli_sql_exception: Table 'rental.tracking' doesn't exist in C:\xampp\htdocs\rental\vendor\codeigniter4\framework\system\Database\MySQLi\Connection.php:292
Stack trace:
#0 C:\xampp\htdocs\rental\vendor\codeigniter4\framework\system\Database\MySQLi\Connection.php(292): mysqli->query('SELECT *\nFROM `...', 0)
#1 C:\xampp\htdocs\rental\vendor\codeigniter4\framework\system\Database\BaseConnection.php(666): CodeIgniter\Database\MySQLi\Connection->execute('SELECT *\nFROM `...')
#2 C:\xampp\htdocs\rental\vendor\codeigniter4\framework\system\Database\BaseConnection.php(593): CodeIgniter\Database\BaseConnection->simpleQuery('SELECT *\nFROM `...')
#3 C:\xampp\htdocs\rental\vendor\codeigniter4\framework\system\Database\BaseBuilder.php(1718): CodeIgniter\Database\BaseConnection->query('SELECT *\nFROM `...', Array, false)
#4 C:\xampp\htdocs\rental\app\Models\transaction\tracking_m.php(22): CodeIgniter\Database\BaseBuilder->getWhere(Array)
#5 C:\xampp\htdocs\rental\app\Controllers\transaction\tracking.php(22): App\Models\transaction\tracking_m->data()
#6 C:\xampp\htdocs\rental\vendor\codeigniter4\framework\system\CodeIgniter.php(927): App\Controllers\transaction\tracking->index()
#7 C:\xampp\htdocs\rental\vendor\codeigniter4\framework\system\CodeIgniter.php(482): CodeIgniter\CodeIgniter->runController(Object(App\Controllers\transaction\tracking))
#8 C:\xampp\htdocs\rental\vendor\codeigniter4\framework\system\CodeIgniter.php(351): CodeIgniter\CodeIgniter->handleRequest(NULL, Object(Config\Cache), false)
#9 C:\xampp\htdocs\rental\index.php(67): CodeIgniter\CodeIgniter->run()
#10 {main}
CRITICAL - 2024-12-24 16:13:01 --> Table 'rental.tracking' doesn't exist
in SYSTEMPATH\Database\MySQLi\Connection.php on line 292.
 1 SYSTEMPATH\Database\MySQLi\Connection.php(292): mysqli->query('SELECT *
FROM `tracking`
WHERE `tracking_id` = -1', 0)
 2 SYSTEMPATH\Database\BaseConnection.php(666): CodeIgniter\Database\MySQLi\Connection->execute('SELECT *
FROM `tracking`
WHERE `tracking_id` = -1')
 3 SYSTEMPATH\Database\BaseConnection.php(593): CodeIgniter\Database\BaseConnection->simpleQuery('SELECT *
FROM `tracking`
WHERE `tracking_id` = -1')
 4 SYSTEMPATH\Database\BaseBuilder.php(1718): CodeIgniter\Database\BaseConnection->query('SELECT *
FROM `tracking`
WHERE `tracking_id` = :tracking_id:', [...], false)
 5 APPPATH\Models\transaction\tracking_m.php(22): CodeIgniter\Database\BaseBuilder->getWhere([...])
 6 APPPATH\Controllers\transaction\tracking.php(22): App\Models\transaction\tracking_m->data()
 7 SYSTEMPATH\CodeIgniter.php(927): App\Controllers\transaction\tracking->index()
 8 SYSTEMPATH\CodeIgniter.php(482): CodeIgniter\CodeIgniter->runController(Object(App\Controllers\transaction\tracking))
 9 SYSTEMPATH\CodeIgniter.php(351): CodeIgniter\CodeIgniter->handleRequest(null, Object(Config\Cache), false)
10 FCPATH\index.php(67): CodeIgniter\CodeIgniter->run()
ERROR - 2024-12-24 16:13:59 --> mysqli_sql_exception: Table 'rental.tracking' doesn't exist in C:\xampp\htdocs\rental\vendor\codeigniter4\framework\system\Database\MySQLi\Connection.php:292
Stack trace:
#0 C:\xampp\htdocs\rental\vendor\codeigniter4\framework\system\Database\MySQLi\Connection.php(292): mysqli->query('SELECT *\nFROM `...', 0)
#1 C:\xampp\htdocs\rental\vendor\codeigniter4\framework\system\Database\BaseConnection.php(666): CodeIgniter\Database\MySQLi\Connection->execute('SELECT *\nFROM `...')
#2 C:\xampp\htdocs\rental\vendor\codeigniter4\framework\system\Database\BaseConnection.php(593): CodeIgniter\Database\BaseConnection->simpleQuery('SELECT *\nFROM `...')
#3 C:\xampp\htdocs\rental\vendor\codeigniter4\framework\system\Database\BaseBuilder.php(1718): CodeIgniter\Database\BaseConnection->query('SELECT *\nFROM `...', Array, false)
#4 C:\xampp\htdocs\rental\app\Models\transaction\tracking_m.php(22): CodeIgniter\Database\BaseBuilder->getWhere(Array)
#5 C:\xampp\htdocs\rental\app\Controllers\transaction\tracking.php(22): App\Models\transaction\tracking_m->data()
#6 C:\xampp\htdocs\rental\vendor\codeigniter4\framework\system\CodeIgniter.php(927): App\Controllers\transaction\tracking->index()
#7 C:\xampp\htdocs\rental\vendor\codeigniter4\framework\system\CodeIgniter.php(482): CodeIgniter\CodeIgniter->runController(Object(App\Controllers\transaction\tracking))
#8 C:\xampp\htdocs\rental\vendor\codeigniter4\framework\system\CodeIgniter.php(351): CodeIgniter\CodeIgniter->handleRequest(NULL, Object(Config\Cache), false)
#9 C:\xampp\htdocs\rental\index.php(67): CodeIgniter\CodeIgniter->run()
#10 {main}
CRITICAL - 2024-12-24 16:13:59 --> Table 'rental.tracking' doesn't exist
in SYSTEMPATH\Database\MySQLi\Connection.php on line 292.
 1 SYSTEMPATH\Database\MySQLi\Connection.php(292): mysqli->query('SELECT *
FROM `tracking`
WHERE `tracking_id` = -1', 0)
 2 SYSTEMPATH\Database\BaseConnection.php(666): CodeIgniter\Database\MySQLi\Connection->execute('SELECT *
FROM `tracking`
WHERE `tracking_id` = -1')
 3 SYSTEMPATH\Database\BaseConnection.php(593): CodeIgniter\Database\BaseConnection->simpleQuery('SELECT *
FROM `tracking`
WHERE `tracking_id` = -1')
 4 SYSTEMPATH\Database\BaseBuilder.php(1718): CodeIgniter\Database\BaseConnection->query('SELECT *
FROM `tracking`
WHERE `tracking_id` = :tracking_id:', [...], false)
 5 APPPATH\Models\transaction\tracking_m.php(22): CodeIgniter\Database\BaseBuilder->getWhere([...])
 6 APPPATH\Controllers\transaction\tracking.php(22): App\Models\transaction\tracking_m->data()
 7 SYSTEMPATH\CodeIgniter.php(927): App\Controllers\transaction\tracking->index()
 8 SYSTEMPATH\CodeIgniter.php(482): CodeIgniter\CodeIgniter->runController(Object(App\Controllers\transaction\tracking))
 9 SYSTEMPATH\CodeIgniter.php(351): CodeIgniter\CodeIgniter->handleRequest(null, Object(Config\Cache), false)
10 FCPATH\index.php(67): CodeIgniter\CodeIgniter->run()
ERROR - 2024-12-24 16:14:00 --> mysqli_sql_exception: Table 'rental.tracking' doesn't exist in C:\xampp\htdocs\rental\vendor\codeigniter4\framework\system\Database\MySQLi\Connection.php:292
Stack trace:
#0 C:\xampp\htdocs\rental\vendor\codeigniter4\framework\system\Database\MySQLi\Connection.php(292): mysqli->query('SELECT *\nFROM `...', 0)
#1 C:\xampp\htdocs\rental\vendor\codeigniter4\framework\system\Database\BaseConnection.php(666): CodeIgniter\Database\MySQLi\Connection->execute('SELECT *\nFROM `...')
#2 C:\xampp\htdocs\rental\vendor\codeigniter4\framework\system\Database\BaseConnection.php(593): CodeIgniter\Database\BaseConnection->simpleQuery('SELECT *\nFROM `...')
#3 C:\xampp\htdocs\rental\vendor\codeigniter4\framework\system\Database\BaseBuilder.php(1718): CodeIgniter\Database\BaseConnection->query('SELECT *\nFROM `...', Array, false)
#4 C:\xampp\htdocs\rental\app\Models\transaction\tracking_m.php(22): CodeIgniter\Database\BaseBuilder->getWhere(Array)
#5 C:\xampp\htdocs\rental\app\Controllers\transaction\tracking.php(22): App\Models\transaction\tracking_m->data()
#6 C:\xampp\htdocs\rental\vendor\codeigniter4\framework\system\CodeIgniter.php(927): App\Controllers\transaction\tracking->index()
#7 C:\xampp\htdocs\rental\vendor\codeigniter4\framework\system\CodeIgniter.php(482): CodeIgniter\CodeIgniter->runController(Object(App\Controllers\transaction\tracking))
#8 C:\xampp\htdocs\rental\vendor\codeigniter4\framework\system\CodeIgniter.php(351): CodeIgniter\CodeIgniter->handleRequest(NULL, Object(Config\Cache), false)
#9 C:\xampp\htdocs\rental\index.php(67): CodeIgniter\CodeIgniter->run()
#10 {main}
CRITICAL - 2024-12-24 16:14:00 --> Table 'rental.tracking' doesn't exist
in SYSTEMPATH\Database\MySQLi\Connection.php on line 292.
 1 SYSTEMPATH\Database\MySQLi\Connection.php(292): mysqli->query('SELECT *
FROM `tracking`
WHERE `tracking_id` = -1', 0)
 2 SYSTEMPATH\Database\BaseConnection.php(666): CodeIgniter\Database\MySQLi\Connection->execute('SELECT *
FROM `tracking`
WHERE `tracking_id` = -1')
 3 SYSTEMPATH\Database\BaseConnection.php(593): CodeIgniter\Database\BaseConnection->simpleQuery('SELECT *
FROM `tracking`
WHERE `tracking_id` = -1')
 4 SYSTEMPATH\Database\BaseBuilder.php(1718): CodeIgniter\Database\BaseConnection->query('SELECT *
FROM `tracking`
WHERE `tracking_id` = :tracking_id:', [...], false)
 5 APPPATH\Models\transaction\tracking_m.php(22): CodeIgniter\Database\BaseBuilder->getWhere([...])
 6 APPPATH\Controllers\transaction\tracking.php(22): App\Models\transaction\tracking_m->data()
 7 SYSTEMPATH\CodeIgniter.php(927): App\Controllers\transaction\tracking->index()
 8 SYSTEMPATH\CodeIgniter.php(482): CodeIgniter\CodeIgniter->runController(Object(App\Controllers\transaction\tracking))
 9 SYSTEMPATH\CodeIgniter.php(351): CodeIgniter\CodeIgniter->handleRequest(null, Object(Config\Cache), false)
10 FCPATH\index.php(67): CodeIgniter\CodeIgniter->run()
ERROR - 2024-12-24 16:15:18 --> Email: sendWithSmtp throwed ErrorException: stream_socket_enable_crypto(): SSL operation failed with code 1. OpenSSL Error messages:
error:1416F086:SSL routines:tls_process_server_certificate:certificate verify failed in C:\xampp\htdocs\rental\vendor\codeigniter4\framework\system\Email\Email.php:1881
Stack trace:
#0 [internal function]: CodeIgniter\Debug\Exceptions->errorHandler(2, 'stream_socket_e...', 'C:\\xampp\\htdocs...', 1881)
#1 C:\xampp\htdocs\rental\vendor\codeigniter4\framework\system\Email\Email.php(1881): stream_socket_enable_crypto(Resource id #156, true, 57)
#2 C:\xampp\htdocs\rental\vendor\codeigniter4\framework\system\Email\Email.php(1777): CodeIgniter\Email\Email->SMTPConnect()
#3 C:\xampp\htdocs\rental\vendor\codeigniter4\framework\system\Email\Email.php(1662): CodeIgniter\Email\Email->sendWithSmtp()
#4 C:\xampp\htdocs\rental\vendor\codeigniter4\framework\system\Email\Email.php(1560): CodeIgniter\Email\Email->spoolEmail()
#5 C:\xampp\htdocs\rental\app\Models\login_m.php(18): CodeIgniter\Email\Email->send()
#6 C:\xampp\htdocs\rental\app\Models\login_m.php(95): App\Models\login_m->sendEmail('Ihsan')
#7 C:\xampp\htdocs\rental\app\Controllers\utama.php(32): App\Models\login_m->index()
#8 C:\xampp\htdocs\rental\vendor\codeigniter4\framework\system\CodeIgniter.php(927): App\Controllers\utama->login()
#9 C:\xampp\htdocs\rental\vendor\codeigniter4\framework\system\CodeIgniter.php(482): CodeIgniter\CodeIgniter->runController(Object(App\Controllers\utama))
#10 C:\xampp\htdocs\rental\vendor\codeigniter4\framework\system\CodeIgniter.php(351): CodeIgniter\CodeIgniter->handleRequest(NULL, Object(Config\Cache), false)
#11 C:\xampp\htdocs\rental\index.php(67): CodeIgniter\CodeIgniter->run()
#12 {main}
ERROR - 2024-12-24 16:15:18 --> Email: Unable to send email using SMTP. Your server might not be configured to send mail using this method.
ERROR - 2024-12-24 16:15:18 --> 220 qithy.my.id ESMTP Postfix

hello: 250-qithy.my.id
250-PIPELINING
250-SIZE 30720000
250-ETRN
250-STARTTLS
250-ENHANCEDSTATUSCODES
250-8BITMIME
250-DSN
250-SMTPUTF8
250 CHUNKING

starttls: 220 2.0.0 Ready to start TLS

ERROR - 2024-12-24 16:15:20 --> mysqli_sql_exception: Unknown column 'tracking_date' in 'where clause' in C:\xampp\htdocs\rental\vendor\codeigniter4\framework\system\Database\MySQLi\Connection.php:292
Stack trace:
#0 C:\xampp\htdocs\rental\vendor\codeigniter4\framework\system\Database\MySQLi\Connection.php(292): mysqli->query('SELECT *\nFROM `...', 0)
#1 C:\xampp\htdocs\rental\vendor\codeigniter4\framework\system\Database\BaseConnection.php(666): CodeIgniter\Database\MySQLi\Connection->execute('SELECT *\nFROM `...')
#2 C:\xampp\htdocs\rental\vendor\codeigniter4\framework\system\Database\BaseConnection.php(593): CodeIgniter\Database\BaseConnection->simpleQuery('SELECT *\nFROM `...')
#3 C:\xampp\htdocs\rental\vendor\codeigniter4\framework\system\Database\BaseBuilder.php(1585): CodeIgniter\Database\BaseConnection->query('SELECT *\nFROM `...', Array, false)
#4 C:\xampp\htdocs\rental\app\Views\transaction\tracking_v.php(178): CodeIgniter\Database\BaseBuilder->get()
#5 C:\xampp\htdocs\rental\vendor\codeigniter4\framework\system\View\View.php(213): include('C:\\xampp\\htdocs...')
#6 C:\xampp\htdocs\rental\vendor\codeigniter4\framework\system\View\View.php(216): CodeIgniter\View\View->CodeIgniter\View\{closure}()
#7 C:\xampp\htdocs\rental\vendor\codeigniter4\framework\system\Common.php(1134): CodeIgniter\View\View->render('transaction/tra...', Array, true)
#8 C:\xampp\htdocs\rental\app\Controllers\transaction\tracking.php(23): view('transaction/tra...', Array)
#9 C:\xampp\htdocs\rental\vendor\codeigniter4\framework\system\CodeIgniter.php(927): App\Controllers\transaction\tracking->index()
#10 C:\xampp\htdocs\rental\vendor\codeigniter4\framework\system\CodeIgniter.php(482): CodeIgniter\CodeIgniter->runController(Object(App\Controllers\transaction\tracking))
#11 C:\xampp\htdocs\rental\vendor\codeigniter4\framework\system\CodeIgniter.php(351): CodeIgniter\CodeIgniter->handleRequest(NULL, Object(Config\Cache), false)
#12 C:\xampp\htdocs\rental\index.php(67): CodeIgniter\CodeIgniter->run()
#13 {main}
CRITICAL - 2024-12-24 16:15:20 --> Unknown column 'tracking_date' in 'where clause'
in SYSTEMPATH\Database\MySQLi\Connection.php on line 292.
 1 SYSTEMPATH\Database\MySQLi\Connection.php(292): mysqli->query('SELECT *
FROM `tracking`
WHERE `tracking_date` >= \'2024-12-24\'
AND `tracking_date` <= \'2024-12-24\'
ORDER BY `tracking_id` ASC', 0)
 2 SYSTEMPATH\Database\BaseConnection.php(666): CodeIgniter\Database\MySQLi\Connection->execute('SELECT *
FROM `tracking`
WHERE `tracking_date` >= \'2024-12-24\'
AND `tracking_date` <= \'2024-12-24\'
ORDER BY `tracking_id` ASC')
 3 SYSTEMPATH\Database\BaseConnection.php(593): CodeIgniter\Database\BaseConnection->simpleQuery('SELECT *
FROM `tracking`
WHERE `tracking_date` >= \'2024-12-24\'
AND `tracking_date` <= \'2024-12-24\'
ORDER BY `tracking_id` ASC')
 4 SYSTEMPATH\Database\BaseBuilder.php(1585): CodeIgniter\Database\BaseConnection->query('SELECT *
FROM `tracking`
WHERE `tracking_date` >= :tracking_date:
AND `tracking_date` <= :tracking_date.1:
ORDER BY `tracking_id` ASC', [...], false)
 5 APPPATH\Views\transaction\tracking_v.php(178): CodeIgniter\Database\BaseBuilder->get()
 6 SYSTEMPATH\View\View.php(213): include('APPPATH\\Views\\transaction\\tracking_v.php')
 7 SYSTEMPATH\View\View.php(216): CodeIgniter\View\View->CodeIgniter\View\{closure}()
 8 SYSTEMPATH\Common.php(1134): CodeIgniter\View\View->render('transaction/tracking_v', [], true)
 9 APPPATH\Controllers\transaction\tracking.php(23): view('transaction/tracking_v', [...])
10 SYSTEMPATH\CodeIgniter.php(927): App\Controllers\transaction\tracking->index()
11 SYSTEMPATH\CodeIgniter.php(482): CodeIgniter\CodeIgniter->runController(Object(App\Controllers\transaction\tracking))
12 SYSTEMPATH\CodeIgniter.php(351): CodeIgniter\CodeIgniter->handleRequest(null, Object(Config\Cache), false)
13 FCPATH\index.php(67): CodeIgniter\CodeIgniter->run()
ERROR - 2024-12-24 16:16:24 --> mysqli_sql_exception: Unknown column 'tracking_date' in 'where clause' in C:\xampp\htdocs\rental\vendor\codeigniter4\framework\system\Database\MySQLi\Connection.php:292
Stack trace:
#0 C:\xampp\htdocs\rental\vendor\codeigniter4\framework\system\Database\MySQLi\Connection.php(292): mysqli->query('SELECT *\nFROM `...', 0)
#1 C:\xampp\htdocs\rental\vendor\codeigniter4\framework\system\Database\BaseConnection.php(666): CodeIgniter\Database\MySQLi\Connection->execute('SELECT *\nFROM `...')
#2 C:\xampp\htdocs\rental\vendor\codeigniter4\framework\system\Database\BaseConnection.php(593): CodeIgniter\Database\BaseConnection->simpleQuery('SELECT *\nFROM `...')
#3 C:\xampp\htdocs\rental\vendor\codeigniter4\framework\system\Database\BaseBuilder.php(1585): CodeIgniter\Database\BaseConnection->query('SELECT *\nFROM `...', Array, false)
#4 C:\xampp\htdocs\rental\app\Views\transaction\tracking_v.php(178): CodeIgniter\Database\BaseBuilder->get()
#5 C:\xampp\htdocs\rental\vendor\codeigniter4\framework\system\View\View.php(213): include('C:\\xampp\\htdocs...')
#6 C:\xampp\htdocs\rental\vendor\codeigniter4\framework\system\View\View.php(216): CodeIgniter\View\View->CodeIgniter\View\{closure}()
#7 C:\xampp\htdocs\rental\vendor\codeigniter4\framework\system\Common.php(1134): CodeIgniter\View\View->render('transaction/tra...', Array, true)
#8 C:\xampp\htdocs\rental\app\Controllers\transaction\tracking.php(23): view('transaction/tra...', Array)
#9 C:\xampp\htdocs\rental\vendor\codeigniter4\framework\system\CodeIgniter.php(927): App\Controllers\transaction\tracking->index()
#10 C:\xampp\htdocs\rental\vendor\codeigniter4\framework\system\CodeIgniter.php(482): CodeIgniter\CodeIgniter->runController(Object(App\Controllers\transaction\tracking))
#11 C:\xampp\htdocs\rental\vendor\codeigniter4\framework\system\CodeIgniter.php(351): CodeIgniter\CodeIgniter->handleRequest(NULL, Object(Config\Cache), false)
#12 C:\xampp\htdocs\rental\index.php(67): CodeIgniter\CodeIgniter->run()
#13 {main}
CRITICAL - 2024-12-24 16:16:24 --> Unknown column 'tracking_date' in 'where clause'
in SYSTEMPATH\Database\MySQLi\Connection.php on line 292.
 1 SYSTEMPATH\Database\MySQLi\Connection.php(292): mysqli->query('SELECT *
FROM `tracking`
WHERE SUBSTR(tracking_date,1,10) >= \'2024-12-24\'
AND SUBSTR(tracking_date,1,10) <= \'2024-12-24\'
ORDER BY `tracking_id` ASC', 0)
 2 SYSTEMPATH\Database\BaseConnection.php(666): CodeIgniter\Database\MySQLi\Connection->execute('SELECT *
FROM `tracking`
WHERE SUBSTR(tracking_date,1,10) >= \'2024-12-24\'
AND SUBSTR(tracking_date,1,10) <= \'2024-12-24\'
ORDER BY `tracking_id` ASC')
 3 SYSTEMPATH\Database\BaseConnection.php(593): CodeIgniter\Database\BaseConnection->simpleQuery('SELECT *
FROM `tracking`
WHERE SUBSTR(tracking_date,1,10) >= \'2024-12-24\'
AND SUBSTR(tracking_date,1,10) <= \'2024-12-24\'
ORDER BY `tracking_id` ASC')
 4 SYSTEMPATH\Database\BaseBuilder.php(1585): CodeIgniter\Database\BaseConnection->query('SELECT *
FROM `tracking`
WHERE SUBSTR(tracking_date,1,10) >= :SUBSTR(tracking_date,1,10):
AND SUBSTR(tracking_date,1,10) <= :SUBSTR(tracking_date,1,10).1:
ORDER BY `tracking_id` ASC', [...], false)
 5 APPPATH\Views\transaction\tracking_v.php(178): CodeIgniter\Database\BaseBuilder->get()
 6 SYSTEMPATH\View\View.php(213): include('APPPATH\\Views\\transaction\\tracking_v.php')
 7 SYSTEMPATH\View\View.php(216): CodeIgniter\View\View->CodeIgniter\View\{closure}()
 8 SYSTEMPATH\Common.php(1134): CodeIgniter\View\View->render('transaction/tracking_v', [], true)
 9 APPPATH\Controllers\transaction\tracking.php(23): view('transaction/tracking_v', [...])
10 SYSTEMPATH\CodeIgniter.php(927): App\Controllers\transaction\tracking->index()
11 SYSTEMPATH\CodeIgniter.php(482): CodeIgniter\CodeIgniter->runController(Object(App\Controllers\transaction\tracking))
12 SYSTEMPATH\CodeIgniter.php(351): CodeIgniter\CodeIgniter->handleRequest(null, Object(Config\Cache), false)
13 FCPATH\index.php(67): CodeIgniter\CodeIgniter->run()
