CRITICAL - 2023-01-17 10:41:10 --> number_format(): Passing null to parameter #1 ($num) of type float is deprecated
in APPPATH\Views\report\rneracaprint_v.php on line 196.
 1 [internal function]: CodeIgniter\Debug\Exceptions->errorHandler(8192, 'number_format(): Passing null to parameter #1 ($num) of type float is deprecated', 'APPPATH\\Views\\report\\rneracaprint_v.php', 196)
 2 APPPATH\Views\report\rneracaprint_v.php(196): number_format(null, 0, 'ROOTPATH\\public', ',')
 3 SYSTEMPATH\View\View.php(213): include('APPPATH\\Views\\report\\rneracaprint_v.php')
 4 SYSTEMPATH\View\View.php(216): CodeIgniter\View\View->CodeIgniter\View\{closure}()
 5 SYSTEMPATH\Common.php(1134): CodeIgniter\View\View->render('report/rneracaprint_v', [], true)
 6 APPPATH\Controllers\report\rneraca.php(26): view('report/rneracaprint_v')
 7 SYSTEMPATH\CodeIgniter.php(927): App\Controllers\report\rneraca->print()
 8 SYSTEMPATH\CodeIgniter.php(482): CodeIgniter\CodeIgniter->runController(Object(App\Controllers\report\rneraca))
 9 SYSTEMPATH\CodeIgniter.php(351): CodeIgniter\CodeIgniter->handleRequest(null, Object(Config\Cache), false)
10 FCPATH\index.php(67): CodeIgniter\CodeIgniter->run()
CRITICAL - 2023-01-17 10:46:16 --> Undefined variable $produk_terjual
in APPPATH\Views\report\rneracaprint_v.php on line 207.
 1 APPPATH\Views\report\rneracaprint_v.php(207): CodeIgniter\Debug\Exceptions->errorHandler(2, 'Undefined variable $produk_terjual', 'APPPATH\\Views\\report\\rneracaprint_v.php', 207)
 2 SYSTEMPATH\View\View.php(213): include('APPPATH\\Views\\report\\rneracaprint_v.php')
 3 SYSTEMPATH\View\View.php(216): CodeIgniter\View\View->CodeIgniter\View\{closure}()
 4 SYSTEMPATH\Common.php(1134): CodeIgniter\View\View->render('report/rneracaprint_v', [], true)
 5 APPPATH\Controllers\report\rneraca.php(26): view('report/rneracaprint_v')
 6 SYSTEMPATH\CodeIgniter.php(927): App\Controllers\report\rneraca->print()
 7 SYSTEMPATH\CodeIgniter.php(482): CodeIgniter\CodeIgniter->runController(Object(App\Controllers\report\rneraca))
 8 SYSTEMPATH\CodeIgniter.php(351): CodeIgniter\CodeIgniter->handleRequest(null, Object(Config\Cache), false)
 9 FCPATH\index.php(67): CodeIgniter\CodeIgniter->run()
