CRITICAL - 2022-02-25 07:12:13 --> Maximum execution time of 30 seconds exceeded
#0 [internal function]: CodeIgniter\Debug\Exceptions->shutdownHandler()
#1 {main}
CRITICAL - 2022-02-25 07:33:33 --> Maximum execution time of 30 seconds exceeded
#0 [internal function]: CodeIgniter\Debug\Exceptions->shutdownHandler()
#1 {main}
CRITICAL - 2022-02-25 21:30:37 --> Call to a member function move() on null
#0 D:\xampp1\htdocs\ag-accounting-pembiayaan\app\Controllers\transaction\request.php(23): App\Models\transaction\request_m->data()
#1 D:\xampp1\htdocs\ag-accounting-pembiayaan\vendor\codeigniter4\framework\system\CodeIgniter.php(935): App\Controllers\transaction\request->index()
#2 D:\xampp1\htdocs\ag-accounting-pembiayaan\vendor\codeigniter4\framework\system\CodeIgniter.php(431): CodeIgniter\CodeIgniter->runController(Object(App\Controllers\transaction\request))
#3 D:\xampp1\htdocs\ag-accounting-pembiayaan\vendor\codeigniter4\framework\system\CodeIgniter.php(332): CodeIgniter\CodeIgniter->handleRequest(NULL, Object(Config\Cache), false)
#4 D:\xampp1\htdocs\ag-accounting-pembiayaan\public\index.php(44): CodeIgniter\CodeIgniter->run()
#5 {main}
CRITICAL - 2022-02-25 21:32:01 --> Call to a member function move() on null
#0 D:\xampp1\htdocs\ag-accounting-pembiayaan\app\Controllers\transaction\request.php(23): App\Models\transaction\request_m->data()
#1 D:\xampp1\htdocs\ag-accounting-pembiayaan\vendor\codeigniter4\framework\system\CodeIgniter.php(935): App\Controllers\transaction\request->index()
#2 D:\xampp1\htdocs\ag-accounting-pembiayaan\vendor\codeigniter4\framework\system\CodeIgniter.php(431): CodeIgniter\CodeIgniter->runController(Object(App\Controllers\transaction\request))
#3 D:\xampp1\htdocs\ag-accounting-pembiayaan\vendor\codeigniter4\framework\system\CodeIgniter.php(332): CodeIgniter\CodeIgniter->handleRequest(NULL, Object(Config\Cache), false)
#4 D:\xampp1\htdocs\ag-accounting-pembiayaan\public\index.php(44): CodeIgniter\CodeIgniter->run()
#5 {main}
CRITICAL - 2022-02-25 23:43:45 --> Call to a member function move() on null
#0 D:\xampp1\htdocs\ag-accounting-pembiayaan\app\Controllers\transaction\request.php(23): App\Models\transaction\request_m->data()
#1 D:\xampp1\htdocs\ag-accounting-pembiayaan\vendor\codeigniter4\framework\system\CodeIgniter.php(935): App\Controllers\transaction\request->index()
#2 D:\xampp1\htdocs\ag-accounting-pembiayaan\vendor\codeigniter4\framework\system\CodeIgniter.php(431): CodeIgniter\CodeIgniter->runController(Object(App\Controllers\transaction\request))
#3 D:\xampp1\htdocs\ag-accounting-pembiayaan\vendor\codeigniter4\framework\system\CodeIgniter.php(332): CodeIgniter\CodeIgniter->handleRequest(NULL, Object(Config\Cache), false)
#4 D:\xampp1\htdocs\ag-accounting-pembiayaan\public\index.php(44): CodeIgniter\CodeIgniter->run()
#5 {main}
CRITICAL - 2022-02-25 23:45:24 --> Call to a member function move() on null
#0 D:\xampp1\htdocs\ag-accounting-pembiayaan\app\Controllers\transaction\request.php(23): App\Models\transaction\request_m->data()
#1 D:\xampp1\htdocs\ag-accounting-pembiayaan\vendor\codeigniter4\framework\system\CodeIgniter.php(935): App\Controllers\transaction\request->index()
#2 D:\xampp1\htdocs\ag-accounting-pembiayaan\vendor\codeigniter4\framework\system\CodeIgniter.php(431): CodeIgniter\CodeIgniter->runController(Object(App\Controllers\transaction\request))
#3 D:\xampp1\htdocs\ag-accounting-pembiayaan\vendor\codeigniter4\framework\system\CodeIgniter.php(332): CodeIgniter\CodeIgniter->handleRequest(NULL, Object(Config\Cache), false)
#4 D:\xampp1\htdocs\ag-accounting-pembiayaan\public\index.php(44): CodeIgniter\CodeIgniter->run()
#5 {main}
CRITICAL - 2022-02-25 23:45:43 --> Call to a member function move() on null
#0 D:\xampp1\htdocs\ag-accounting-pembiayaan\app\Controllers\transaction\request.php(23): App\Models\transaction\request_m->data()
#1 D:\xampp1\htdocs\ag-accounting-pembiayaan\vendor\codeigniter4\framework\system\CodeIgniter.php(935): App\Controllers\transaction\request->index()
#2 D:\xampp1\htdocs\ag-accounting-pembiayaan\vendor\codeigniter4\framework\system\CodeIgniter.php(431): CodeIgniter\CodeIgniter->runController(Object(App\Controllers\transaction\request))
#3 D:\xampp1\htdocs\ag-accounting-pembiayaan\vendor\codeigniter4\framework\system\CodeIgniter.php(332): CodeIgniter\CodeIgniter->handleRequest(NULL, Object(Config\Cache), false)
#4 D:\xampp1\htdocs\ag-accounting-pembiayaan\public\index.php(44): CodeIgniter\CodeIgniter->run()
#5 {main}
CRITICAL - 2022-02-25 23:46:51 --> Call to a member function move() on null
#0 D:\xampp1\htdocs\ag-accounting-pembiayaan\app\Controllers\transaction\request.php(23): App\Models\transaction\request_m->data()
#1 D:\xampp1\htdocs\ag-accounting-pembiayaan\vendor\codeigniter4\framework\system\CodeIgniter.php(935): App\Controllers\transaction\request->index()
#2 D:\xampp1\htdocs\ag-accounting-pembiayaan\vendor\codeigniter4\framework\system\CodeIgniter.php(431): CodeIgniter\CodeIgniter->runController(Object(App\Controllers\transaction\request))
#3 D:\xampp1\htdocs\ag-accounting-pembiayaan\vendor\codeigniter4\framework\system\CodeIgniter.php(332): CodeIgniter\CodeIgniter->handleRequest(NULL, Object(Config\Cache), false)
#4 D:\xampp1\htdocs\ag-accounting-pembiayaan\public\index.php(44): CodeIgniter\CodeIgniter->run()
#5 {main}
CRITICAL - 2022-02-25 23:57:47 --> Call to a member function move() on null
#0 D:\xampp1\htdocs\ag-accounting-pembiayaan\app\Controllers\transaction\request.php(23): App\Models\transaction\request_m->data()
#1 D:\xampp1\htdocs\ag-accounting-pembiayaan\vendor\codeigniter4\framework\system\CodeIgniter.php(935): App\Controllers\transaction\request->index()
#2 D:\xampp1\htdocs\ag-accounting-pembiayaan\vendor\codeigniter4\framework\system\CodeIgniter.php(431): CodeIgniter\CodeIgniter->runController(Object(App\Controllers\transaction\request))
#3 D:\xampp1\htdocs\ag-accounting-pembiayaan\vendor\codeigniter4\framework\system\CodeIgniter.php(332): CodeIgniter\CodeIgniter->handleRequest(NULL, Object(Config\Cache), false)
#4 D:\xampp1\htdocs\ag-accounting-pembiayaan\public\index.php(44): CodeIgniter\CodeIgniter->run()
#5 {main}
