CRITICAL - 2022-03-26 00:39:39 --> Maximum execution time of 30 seconds exceeded
#0 [internal function]: CodeIgniter\Debug\Exceptions->shutdownHandler()
#1 {main}
ERROR - 2022-03-26 01:31:51 --> ErrorException: pg_query(): Query failed: ERROR:  column request0_approver.branch_id does not exist
LINE 6: LEFT JOIN &quot;request0_approver&quot; ON &quot;request0_approver&quot;.&quot;branch...
                                         ^ in D:\xampp1\htdocs\ag-accounting-pembiayaan\vendor\codeigniter4\framework\system\Database\Postgre\Connection.php:170
Stack trace:
#0 [internal function]: CodeIgniter\Debug\Exceptions->errorHandler(2, 'pg_query(): Que...', 'D:\\xampp1\\htdoc...', 170, Array)
#1 D:\xampp1\htdocs\ag-accounting-pembiayaan\vendor\codeigniter4\framework\system\Database\Postgre\Connection.php(170): pg_query(Resource id #147, 'SELECT *\nFROM "...')
#2 D:\xampp1\htdocs\ag-accounting-pembiayaan\vendor\codeigniter4\framework\system\Database\BaseConnection.php(715): CodeIgniter\Database\Postgre\Connection->execute('SELECT *\nFROM "...')
#3 D:\xampp1\htdocs\ag-accounting-pembiayaan\vendor\codeigniter4\framework\system\Database\BaseConnection.php(643): CodeIgniter\Database\BaseConnection->simpleQuery('SELECT *\nFROM "...')
#4 D:\xampp1\htdocs\ag-accounting-pembiayaan\vendor\codeigniter4\framework\system\Database\BaseBuilder.php(1866): CodeIgniter\Database\BaseConnection->query('SELECT *\nFROM "...', Array, false)
#5 D:\xampp1\htdocs\ag-accounting-pembiayaan\app\Views\transaction\request_v.php(205): CodeIgniter\Database\BaseBuilder->get()
#6 D:\xampp1\htdocs\ag-accounting-pembiayaan\vendor\codeigniter4\framework\system\View\View.php(220): include('D:\\xampp1\\htdoc...')
#7 D:\xampp1\htdocs\ag-accounting-pembiayaan\vendor\codeigniter4\framework\system\View\View.php(222): CodeIgniter\View\View->CodeIgniter\View\{closure}()
#8 D:\xampp1\htdocs\ag-accounting-pembiayaan\vendor\codeigniter4\framework\system\Common.php(1217): CodeIgniter\View\View->render('transaction/req...', Array, true)
#9 D:\xampp1\htdocs\ag-accounting-pembiayaan\app\Controllers\transaction\request.php(28): view('transaction/req...', Array)
#10 D:\xampp1\htdocs\ag-accounting-pembiayaan\vendor\codeigniter4\framework\system\CodeIgniter.php(935): App\Controllers\transaction\request->index()
#11 D:\xampp1\htdocs\ag-accounting-pembiayaan\vendor\codeigniter4\framework\system\CodeIgniter.php(431): CodeIgniter\CodeIgniter->runController(Object(App\Controllers\transaction\request))
#12 D:\xampp1\htdocs\ag-accounting-pembiayaan\vendor\codeigniter4\framework\system\CodeIgniter.php(332): CodeIgniter\CodeIgniter->handleRequest(NULL, Object(Config\Cache), false)
#13 D:\xampp1\htdocs\ag-accounting-pembiayaan\public\index.php(44): CodeIgniter\CodeIgniter->run()
#14 {main}
ERROR - 2022-03-26 01:31:54 --> ErrorException: pg_query(): Query failed: ERROR:  column request0_approver.branch_id does not exist
LINE 6: LEFT JOIN &quot;request0_approver&quot; ON &quot;request0_approver&quot;.&quot;branch...
                                         ^ in D:\xampp1\htdocs\ag-accounting-pembiayaan\vendor\codeigniter4\framework\system\Database\Postgre\Connection.php:170
Stack trace:
#0 [internal function]: CodeIgniter\Debug\Exceptions->errorHandler(2, 'pg_query(): Que...', 'D:\\xampp1\\htdoc...', 170, Array)
#1 D:\xampp1\htdocs\ag-accounting-pembiayaan\vendor\codeigniter4\framework\system\Database\Postgre\Connection.php(170): pg_query(Resource id #146, 'SELECT *\nFROM "...')
#2 D:\xampp1\htdocs\ag-accounting-pembiayaan\vendor\codeigniter4\framework\system\Database\BaseConnection.php(715): CodeIgniter\Database\Postgre\Connection->execute('SELECT *\nFROM "...')
#3 D:\xampp1\htdocs\ag-accounting-pembiayaan\vendor\codeigniter4\framework\system\Database\BaseConnection.php(643): CodeIgniter\Database\BaseConnection->simpleQuery('SELECT *\nFROM "...')
#4 D:\xampp1\htdocs\ag-accounting-pembiayaan\vendor\codeigniter4\framework\system\Database\BaseBuilder.php(1866): CodeIgniter\Database\BaseConnection->query('SELECT *\nFROM "...', Array, false)
#5 D:\xampp1\htdocs\ag-accounting-pembiayaan\app\Views\transaction\request_v.php(205): CodeIgniter\Database\BaseBuilder->get()
#6 D:\xampp1\htdocs\ag-accounting-pembiayaan\vendor\codeigniter4\framework\system\View\View.php(220): include('D:\\xampp1\\htdoc...')
#7 D:\xampp1\htdocs\ag-accounting-pembiayaan\vendor\codeigniter4\framework\system\View\View.php(222): CodeIgniter\View\View->CodeIgniter\View\{closure}()
#8 D:\xampp1\htdocs\ag-accounting-pembiayaan\vendor\codeigniter4\framework\system\Common.php(1217): CodeIgniter\View\View->render('transaction/req...', Array, true)
#9 D:\xampp1\htdocs\ag-accounting-pembiayaan\app\Controllers\transaction\request.php(66): view('transaction/req...', Array)
#10 D:\xampp1\htdocs\ag-accounting-pembiayaan\vendor\codeigniter4\framework\system\CodeIgniter.php(935): App\Controllers\transaction\request->app()
#11 D:\xampp1\htdocs\ag-accounting-pembiayaan\vendor\codeigniter4\framework\system\CodeIgniter.php(431): CodeIgniter\CodeIgniter->runController(Object(App\Controllers\transaction\request))
#12 D:\xampp1\htdocs\ag-accounting-pembiayaan\vendor\codeigniter4\framework\system\CodeIgniter.php(332): CodeIgniter\CodeIgniter->handleRequest(NULL, Object(Config\Cache), false)
#13 D:\xampp1\htdocs\ag-accounting-pembiayaan\public\index.php(44): CodeIgniter\CodeIgniter->run()
#14 {main}
ERROR - 2022-03-26 01:33:01 --> ErrorException: pg_query(): Query failed: ERROR:  column request0_approver.branch_id does not exist
LINE 6: LEFT JOIN &quot;request0_approver&quot; ON &quot;request0_approver&quot;.&quot;branch...
                                         ^ in D:\xampp1\htdocs\ag-accounting-pembiayaan\vendor\codeigniter4\framework\system\Database\Postgre\Connection.php:170
Stack trace:
#0 [internal function]: CodeIgniter\Debug\Exceptions->errorHandler(2, 'pg_query(): Que...', 'D:\\xampp1\\htdoc...', 170, Array)
#1 D:\xampp1\htdocs\ag-accounting-pembiayaan\vendor\codeigniter4\framework\system\Database\Postgre\Connection.php(170): pg_query(Resource id #146, 'SELECT *\nFROM "...')
#2 D:\xampp1\htdocs\ag-accounting-pembiayaan\vendor\codeigniter4\framework\system\Database\BaseConnection.php(715): CodeIgniter\Database\Postgre\Connection->execute('SELECT *\nFROM "...')
#3 D:\xampp1\htdocs\ag-accounting-pembiayaan\vendor\codeigniter4\framework\system\Database\BaseConnection.php(643): CodeIgniter\Database\BaseConnection->simpleQuery('SELECT *\nFROM "...')
#4 D:\xampp1\htdocs\ag-accounting-pembiayaan\vendor\codeigniter4\framework\system\Database\BaseBuilder.php(1866): CodeIgniter\Database\BaseConnection->query('SELECT *\nFROM "...', Array, false)
#5 D:\xampp1\htdocs\ag-accounting-pembiayaan\app\Views\transaction\request_v.php(206): CodeIgniter\Database\BaseBuilder->get()
#6 D:\xampp1\htdocs\ag-accounting-pembiayaan\vendor\codeigniter4\framework\system\View\View.php(220): include('D:\\xampp1\\htdoc...')
#7 D:\xampp1\htdocs\ag-accounting-pembiayaan\vendor\codeigniter4\framework\system\View\View.php(222): CodeIgniter\View\View->CodeIgniter\View\{closure}()
#8 D:\xampp1\htdocs\ag-accounting-pembiayaan\vendor\codeigniter4\framework\system\Common.php(1217): CodeIgniter\View\View->render('transaction/req...', Array, true)
#9 D:\xampp1\htdocs\ag-accounting-pembiayaan\app\Controllers\transaction\request.php(66): view('transaction/req...', Array)
#10 D:\xampp1\htdocs\ag-accounting-pembiayaan\vendor\codeigniter4\framework\system\CodeIgniter.php(935): App\Controllers\transaction\request->app()
#11 D:\xampp1\htdocs\ag-accounting-pembiayaan\vendor\codeigniter4\framework\system\CodeIgniter.php(431): CodeIgniter\CodeIgniter->runController(Object(App\Controllers\transaction\request))
#12 D:\xampp1\htdocs\ag-accounting-pembiayaan\vendor\codeigniter4\framework\system\CodeIgniter.php(332): CodeIgniter\CodeIgniter->handleRequest(NULL, Object(Config\Cache), false)
#13 D:\xampp1\htdocs\ag-accounting-pembiayaan\public\index.php(44): CodeIgniter\CodeIgniter->run()
#14 {main}
ERROR - 2022-03-26 01:35:44 --> ErrorException: pg_query(): Query failed: ERROR:  column request0_approver.branch_id does not exist
LINE 6: LEFT JOIN &quot;request0_approver&quot; ON &quot;request0_approver&quot;.&quot;branch...
                                         ^ in D:\xampp1\htdocs\ag-accounting-pembiayaan\vendor\codeigniter4\framework\system\Database\Postgre\Connection.php:170
Stack trace:
#0 [internal function]: CodeIgniter\Debug\Exceptions->errorHandler(2, 'pg_query(): Que...', 'D:\\xampp1\\htdoc...', 170, Array)
#1 D:\xampp1\htdocs\ag-accounting-pembiayaan\vendor\codeigniter4\framework\system\Database\Postgre\Connection.php(170): pg_query(Resource id #146, 'SELECT *\nFROM "...')
#2 D:\xampp1\htdocs\ag-accounting-pembiayaan\vendor\codeigniter4\framework\system\Database\BaseConnection.php(715): CodeIgniter\Database\Postgre\Connection->execute('SELECT *\nFROM "...')
#3 D:\xampp1\htdocs\ag-accounting-pembiayaan\vendor\codeigniter4\framework\system\Database\BaseConnection.php(643): CodeIgniter\Database\BaseConnection->simpleQuery('SELECT *\nFROM "...')
#4 D:\xampp1\htdocs\ag-accounting-pembiayaan\vendor\codeigniter4\framework\system\Database\BaseBuilder.php(1866): CodeIgniter\Database\BaseConnection->query('SELECT *\nFROM "...', Array, false)
#5 D:\xampp1\htdocs\ag-accounting-pembiayaan\app\Views\transaction\request_v.php(206): CodeIgniter\Database\BaseBuilder->get()
#6 D:\xampp1\htdocs\ag-accounting-pembiayaan\vendor\codeigniter4\framework\system\View\View.php(220): include('D:\\xampp1\\htdoc...')
#7 D:\xampp1\htdocs\ag-accounting-pembiayaan\vendor\codeigniter4\framework\system\View\View.php(222): CodeIgniter\View\View->CodeIgniter\View\{closure}()
#8 D:\xampp1\htdocs\ag-accounting-pembiayaan\vendor\codeigniter4\framework\system\Common.php(1217): CodeIgniter\View\View->render('transaction/req...', Array, true)
#9 D:\xampp1\htdocs\ag-accounting-pembiayaan\app\Controllers\transaction\request.php(66): view('transaction/req...', Array)
#10 D:\xampp1\htdocs\ag-accounting-pembiayaan\vendor\codeigniter4\framework\system\CodeIgniter.php(935): App\Controllers\transaction\request->app()
#11 D:\xampp1\htdocs\ag-accounting-pembiayaan\vendor\codeigniter4\framework\system\CodeIgniter.php(431): CodeIgniter\CodeIgniter->runController(Object(App\Controllers\transaction\request))
#12 D:\xampp1\htdocs\ag-accounting-pembiayaan\vendor\codeigniter4\framework\system\CodeIgniter.php(332): CodeIgniter\CodeIgniter->handleRequest(NULL, Object(Config\Cache), false)
#13 D:\xampp1\htdocs\ag-accounting-pembiayaan\public\index.php(44): CodeIgniter\CodeIgniter->run()
#14 {main}
ERROR - 2022-03-26 01:37:01 --> ErrorException: pg_query(): Query failed: ERROR:  column request0_approver.branch_id does not exist
LINE 6: LEFT JOIN &quot;request0_approver&quot; ON &quot;request0_approver&quot;.&quot;branch...
                                         ^ in D:\xampp1\htdocs\ag-accounting-pembiayaan\vendor\codeigniter4\framework\system\Database\Postgre\Connection.php:170
Stack trace:
#0 [internal function]: CodeIgniter\Debug\Exceptions->errorHandler(2, 'pg_query(): Que...', 'D:\\xampp1\\htdoc...', 170, Array)
#1 D:\xampp1\htdocs\ag-accounting-pembiayaan\vendor\codeigniter4\framework\system\Database\Postgre\Connection.php(170): pg_query(Resource id #147, 'SELECT *\nFROM "...')
#2 D:\xampp1\htdocs\ag-accounting-pembiayaan\vendor\codeigniter4\framework\system\Database\BaseConnection.php(715): CodeIgniter\Database\Postgre\Connection->execute('SELECT *\nFROM "...')
#3 D:\xampp1\htdocs\ag-accounting-pembiayaan\vendor\codeigniter4\framework\system\Database\BaseConnection.php(643): CodeIgniter\Database\BaseConnection->simpleQuery('SELECT *\nFROM "...')
#4 D:\xampp1\htdocs\ag-accounting-pembiayaan\vendor\codeigniter4\framework\system\Database\BaseBuilder.php(1866): CodeIgniter\Database\BaseConnection->query('SELECT *\nFROM "...', Array, false)
#5 D:\xampp1\htdocs\ag-accounting-pembiayaan\app\Views\transaction\request_v.php(206): CodeIgniter\Database\BaseBuilder->get()
#6 D:\xampp1\htdocs\ag-accounting-pembiayaan\vendor\codeigniter4\framework\system\View\View.php(220): include('D:\\xampp1\\htdoc...')
#7 D:\xampp1\htdocs\ag-accounting-pembiayaan\vendor\codeigniter4\framework\system\View\View.php(222): CodeIgniter\View\View->CodeIgniter\View\{closure}()
#8 D:\xampp1\htdocs\ag-accounting-pembiayaan\vendor\codeigniter4\framework\system\Common.php(1217): CodeIgniter\View\View->render('transaction/req...', Array, true)
#9 D:\xampp1\htdocs\ag-accounting-pembiayaan\app\Controllers\transaction\request.php(66): view('transaction/req...', Array)
#10 D:\xampp1\htdocs\ag-accounting-pembiayaan\vendor\codeigniter4\framework\system\CodeIgniter.php(935): App\Controllers\transaction\request->app()
#11 D:\xampp1\htdocs\ag-accounting-pembiayaan\vendor\codeigniter4\framework\system\CodeIgniter.php(431): CodeIgniter\CodeIgniter->runController(Object(App\Controllers\transaction\request))
#12 D:\xampp1\htdocs\ag-accounting-pembiayaan\vendor\codeigniter4\framework\system\CodeIgniter.php(332): CodeIgniter\CodeIgniter->handleRequest(NULL, Object(Config\Cache), false)
#13 D:\xampp1\htdocs\ag-accounting-pembiayaan\public\index.php(44): CodeIgniter\CodeIgniter->run()
#14 {main}
ERROR - 2022-03-26 01:41:13 --> ErrorException: pg_query(): Query failed: ERROR:  column request0_approver.branch_id does not exist
LINE 6: LEFT JOIN &quot;request0_approver&quot; ON &quot;request0_approver&quot;.&quot;branch...
                                         ^ in D:\xampp1\htdocs\ag-accounting-pembiayaan\vendor\codeigniter4\framework\system\Database\Postgre\Connection.php:170
Stack trace:
#0 [internal function]: CodeIgniter\Debug\Exceptions->errorHandler(2, 'pg_query(): Que...', 'D:\\xampp1\\htdoc...', 170, Array)
#1 D:\xampp1\htdocs\ag-accounting-pembiayaan\vendor\codeigniter4\framework\system\Database\Postgre\Connection.php(170): pg_query(Resource id #146, 'SELECT *\nFROM "...')
#2 D:\xampp1\htdocs\ag-accounting-pembiayaan\vendor\codeigniter4\framework\system\Database\BaseConnection.php(715): CodeIgniter\Database\Postgre\Connection->execute('SELECT *\nFROM "...')
#3 D:\xampp1\htdocs\ag-accounting-pembiayaan\vendor\codeigniter4\framework\system\Database\BaseConnection.php(643): CodeIgniter\Database\BaseConnection->simpleQuery('SELECT *\nFROM "...')
#4 D:\xampp1\htdocs\ag-accounting-pembiayaan\vendor\codeigniter4\framework\system\Database\BaseBuilder.php(1866): CodeIgniter\Database\BaseConnection->query('SELECT *\nFROM "...', Array, false)
#5 D:\xampp1\htdocs\ag-accounting-pembiayaan\app\Views\transaction\request_v.php(207): CodeIgniter\Database\BaseBuilder->get()
#6 D:\xampp1\htdocs\ag-accounting-pembiayaan\vendor\codeigniter4\framework\system\View\View.php(220): include('D:\\xampp1\\htdoc...')
#7 D:\xampp1\htdocs\ag-accounting-pembiayaan\vendor\codeigniter4\framework\system\View\View.php(222): CodeIgniter\View\View->CodeIgniter\View\{closure}()
#8 D:\xampp1\htdocs\ag-accounting-pembiayaan\vendor\codeigniter4\framework\system\Common.php(1217): CodeIgniter\View\View->render('transaction/req...', Array, true)
#9 D:\xampp1\htdocs\ag-accounting-pembiayaan\app\Controllers\transaction\request.php(66): view('transaction/req...', Array)
#10 D:\xampp1\htdocs\ag-accounting-pembiayaan\vendor\codeigniter4\framework\system\CodeIgniter.php(935): App\Controllers\transaction\request->app()
#11 D:\xampp1\htdocs\ag-accounting-pembiayaan\vendor\codeigniter4\framework\system\CodeIgniter.php(431): CodeIgniter\CodeIgniter->runController(Object(App\Controllers\transaction\request))
#12 D:\xampp1\htdocs\ag-accounting-pembiayaan\vendor\codeigniter4\framework\system\CodeIgniter.php(332): CodeIgniter\CodeIgniter->handleRequest(NULL, Object(Config\Cache), false)
#13 D:\xampp1\htdocs\ag-accounting-pembiayaan\public\index.php(44): CodeIgniter\CodeIgniter->run()
#14 {main}
ERROR - 2022-03-26 01:49:20 --> ErrorException: pg_query(): Query failed: ERROR:  column reference &quot;request0_status&quot; is ambiguous
LINE 7: WHERE &quot;request0_status&quot; != 'Draft'
              ^ in D:\xampp1\htdocs\ag-accounting-pembiayaan\vendor\codeigniter4\framework\system\Database\Postgre\Connection.php:170
Stack trace:
#0 [internal function]: CodeIgniter\Debug\Exceptions->errorHandler(2, 'pg_query(): Que...', 'D:\\xampp1\\htdoc...', 170, Array)
#1 D:\xampp1\htdocs\ag-accounting-pembiayaan\vendor\codeigniter4\framework\system\Database\Postgre\Connection.php(170): pg_query(Resource id #147, 'SELECT *\nFROM "...')
#2 D:\xampp1\htdocs\ag-accounting-pembiayaan\vendor\codeigniter4\framework\system\Database\BaseConnection.php(715): CodeIgniter\Database\Postgre\Connection->execute('SELECT *\nFROM "...')
#3 D:\xampp1\htdocs\ag-accounting-pembiayaan\vendor\codeigniter4\framework\system\Database\BaseConnection.php(643): CodeIgniter\Database\BaseConnection->simpleQuery('SELECT *\nFROM "...')
#4 D:\xampp1\htdocs\ag-accounting-pembiayaan\vendor\codeigniter4\framework\system\Database\BaseBuilder.php(1866): CodeIgniter\Database\BaseConnection->query('SELECT *\nFROM "...', Array, false)
#5 D:\xampp1\htdocs\ag-accounting-pembiayaan\app\Views\transaction\request_v.php(206): CodeIgniter\Database\BaseBuilder->get()
#6 D:\xampp1\htdocs\ag-accounting-pembiayaan\vendor\codeigniter4\framework\system\View\View.php(220): include('D:\\xampp1\\htdoc...')
#7 D:\xampp1\htdocs\ag-accounting-pembiayaan\vendor\codeigniter4\framework\system\View\View.php(222): CodeIgniter\View\View->CodeIgniter\View\{closure}()
#8 D:\xampp1\htdocs\ag-accounting-pembiayaan\vendor\codeigniter4\framework\system\Common.php(1217): CodeIgniter\View\View->render('transaction/req...', Array, true)
#9 D:\xampp1\htdocs\ag-accounting-pembiayaan\app\Controllers\transaction\request.php(66): view('transaction/req...', Array)
#10 D:\xampp1\htdocs\ag-accounting-pembiayaan\vendor\codeigniter4\framework\system\CodeIgniter.php(935): App\Controllers\transaction\request->app()
#11 D:\xampp1\htdocs\ag-accounting-pembiayaan\vendor\codeigniter4\framework\system\CodeIgniter.php(431): CodeIgniter\CodeIgniter->runController(Object(App\Controllers\transaction\request))
#12 D:\xampp1\htdocs\ag-accounting-pembiayaan\vendor\codeigniter4\framework\system\CodeIgniter.php(332): CodeIgniter\CodeIgniter->handleRequest(NULL, Object(Config\Cache), false)
#13 D:\xampp1\htdocs\ag-accounting-pembiayaan\public\index.php(44): CodeIgniter\CodeIgniter->run()
#14 {main}
ERROR - 2022-03-26 01:50:28 --> ErrorException: pg_query(): Query failed: ERROR:  missing FROM-clause entry for table &quot;user_id_created&quot;
LINE 10: AND &quot;user_id_created&quot;.&quot;branch_id&quot; = '99'
             ^ in D:\xampp1\htdocs\ag-accounting-pembiayaan\vendor\codeigniter4\framework\system\Database\Postgre\Connection.php:170
Stack trace:
#0 [internal function]: CodeIgniter\Debug\Exceptions->errorHandler(2, 'pg_query(): Que...', 'D:\\xampp1\\htdoc...', 170, Array)
#1 D:\xampp1\htdocs\ag-accounting-pembiayaan\vendor\codeigniter4\framework\system\Database\Postgre\Connection.php(170): pg_query(Resource id #146, 'SELECT *\nFROM "...')
#2 D:\xampp1\htdocs\ag-accounting-pembiayaan\vendor\codeigniter4\framework\system\Database\BaseConnection.php(715): CodeIgniter\Database\Postgre\Connection->execute('SELECT *\nFROM "...')
#3 D:\xampp1\htdocs\ag-accounting-pembiayaan\vendor\codeigniter4\framework\system\Database\BaseConnection.php(643): CodeIgniter\Database\BaseConnection->simpleQuery('SELECT *\nFROM "...')
#4 D:\xampp1\htdocs\ag-accounting-pembiayaan\vendor\codeigniter4\framework\system\Database\BaseBuilder.php(1866): CodeIgniter\Database\BaseConnection->query('SELECT *\nFROM "...', Array, false)
#5 D:\xampp1\htdocs\ag-accounting-pembiayaan\app\Views\transaction\request_v.php(206): CodeIgniter\Database\BaseBuilder->get()
#6 D:\xampp1\htdocs\ag-accounting-pembiayaan\vendor\codeigniter4\framework\system\View\View.php(220): include('D:\\xampp1\\htdoc...')
#7 D:\xampp1\htdocs\ag-accounting-pembiayaan\vendor\codeigniter4\framework\system\View\View.php(222): CodeIgniter\View\View->CodeIgniter\View\{closure}()
#8 D:\xampp1\htdocs\ag-accounting-pembiayaan\vendor\codeigniter4\framework\system\Common.php(1217): CodeIgniter\View\View->render('transaction/req...', Array, true)
#9 D:\xampp1\htdocs\ag-accounting-pembiayaan\app\Controllers\transaction\request.php(66): view('transaction/req...', Array)
#10 D:\xampp1\htdocs\ag-accounting-pembiayaan\vendor\codeigniter4\framework\system\CodeIgniter.php(935): App\Controllers\transaction\request->app()
#11 D:\xampp1\htdocs\ag-accounting-pembiayaan\vendor\codeigniter4\framework\system\CodeIgniter.php(431): CodeIgniter\CodeIgniter->runController(Object(App\Controllers\transaction\request))
#12 D:\xampp1\htdocs\ag-accounting-pembiayaan\vendor\codeigniter4\framework\system\CodeIgniter.php(332): CodeIgniter\CodeIgniter->handleRequest(NULL, Object(Config\Cache), false)
#13 D:\xampp1\htdocs\ag-accounting-pembiayaan\public\index.php(44): CodeIgniter\CodeIgniter->run()
#14 {main}
ERROR - 2022-03-26 03:17:06 --> ErrorException: pg_query(): Query failed: ERROR:  column &quot;request1.request0d_id&quot; must appear in the GROUP BY clause or be used in an aggregate function
LINE 1: SELECT *
               ^ in D:\xampp1\htdocs\ag-accounting-pembiayaan\vendor\codeigniter4\framework\system\Database\Postgre\Connection.php:170
Stack trace:
#0 [internal function]: CodeIgniter\Debug\Exceptions->errorHandler(2, 'pg_query(): Que...', 'D:\\xampp1\\htdoc...', 170, Array)
#1 D:\xampp1\htdocs\ag-accounting-pembiayaan\vendor\codeigniter4\framework\system\Database\Postgre\Connection.php(170): pg_query(Resource id #147, 'SELECT *\nFROM "...')
#2 D:\xampp1\htdocs\ag-accounting-pembiayaan\vendor\codeigniter4\framework\system\Database\BaseConnection.php(715): CodeIgniter\Database\Postgre\Connection->execute('SELECT *\nFROM "...')
#3 D:\xampp1\htdocs\ag-accounting-pembiayaan\vendor\codeigniter4\framework\system\Database\BaseConnection.php(643): CodeIgniter\Database\BaseConnection->simpleQuery('SELECT *\nFROM "...')
#4 D:\xampp1\htdocs\ag-accounting-pembiayaan\vendor\codeigniter4\framework\system\Database\BaseBuilder.php(1866): CodeIgniter\Database\BaseConnection->query('SELECT *\nFROM "...', Array, false)
#5 D:\xampp1\htdocs\ag-accounting-pembiayaan\app\Views\transaction\request_v.php(209): CodeIgniter\Database\BaseBuilder->get()
#6 D:\xampp1\htdocs\ag-accounting-pembiayaan\vendor\codeigniter4\framework\system\View\View.php(220): include('D:\\xampp1\\htdoc...')
#7 D:\xampp1\htdocs\ag-accounting-pembiayaan\vendor\codeigniter4\framework\system\View\View.php(222): CodeIgniter\View\View->CodeIgniter\View\{closure}()
#8 D:\xampp1\htdocs\ag-accounting-pembiayaan\vendor\codeigniter4\framework\system\Common.php(1217): CodeIgniter\View\View->render('transaction/req...', Array, true)
#9 D:\xampp1\htdocs\ag-accounting-pembiayaan\app\Controllers\transaction\request.php(28): view('transaction/req...', Array)
#10 D:\xampp1\htdocs\ag-accounting-pembiayaan\vendor\codeigniter4\framework\system\CodeIgniter.php(935): App\Controllers\transaction\request->index()
#11 D:\xampp1\htdocs\ag-accounting-pembiayaan\vendor\codeigniter4\framework\system\CodeIgniter.php(431): CodeIgniter\CodeIgniter->runController(Object(App\Controllers\transaction\request))
#12 D:\xampp1\htdocs\ag-accounting-pembiayaan\vendor\codeigniter4\framework\system\CodeIgniter.php(332): CodeIgniter\CodeIgniter->handleRequest(NULL, Object(Config\Cache), false)
#13 D:\xampp1\htdocs\ag-accounting-pembiayaan\public\index.php(44): CodeIgniter\CodeIgniter->run()
#14 {main}
CRITICAL - 2022-03-26 03:17:17 --> Call to undefined method CodeIgniter\Database\Postgre\Builder::group()
#0 D:\xampp1\htdocs\ag-accounting-pembiayaan\vendor\codeigniter4\framework\system\View\View.php(220): include()
#1 D:\xampp1\htdocs\ag-accounting-pembiayaan\vendor\codeigniter4\framework\system\View\View.php(222): CodeIgniter\View\View->CodeIgniter\View\{closure}()
#2 D:\xampp1\htdocs\ag-accounting-pembiayaan\vendor\codeigniter4\framework\system\Common.php(1217): CodeIgniter\View\View->render('transaction/req...', Array, true)
#3 D:\xampp1\htdocs\ag-accounting-pembiayaan\app\Controllers\transaction\request.php(28): view('transaction/req...', Array)
#4 D:\xampp1\htdocs\ag-accounting-pembiayaan\vendor\codeigniter4\framework\system\CodeIgniter.php(935): App\Controllers\transaction\request->index()
#5 D:\xampp1\htdocs\ag-accounting-pembiayaan\vendor\codeigniter4\framework\system\CodeIgniter.php(431): CodeIgniter\CodeIgniter->runController(Object(App\Controllers\transaction\request))
#6 D:\xampp1\htdocs\ag-accounting-pembiayaan\vendor\codeigniter4\framework\system\CodeIgniter.php(332): CodeIgniter\CodeIgniter->handleRequest(NULL, Object(Config\Cache), false)
#7 D:\xampp1\htdocs\ag-accounting-pembiayaan\public\index.php(44): CodeIgniter\CodeIgniter->run()
#8 {main}
ERROR - 2022-03-26 03:51:14 --> ErrorException: pg_query(): Query failed: ERROR:  column &quot;request1.request0d_id&quot; must appear in the GROUP BY clause or be used in an aggregate function
LINE 1: SELECT *
               ^ in D:\xampp1\htdocs\ag-accounting-pembiayaan\vendor\codeigniter4\framework\system\Database\Postgre\Connection.php:170
Stack trace:
#0 [internal function]: CodeIgniter\Debug\Exceptions->errorHandler(2, 'pg_query(): Que...', 'D:\\xampp1\\htdoc...', 170, Array)
#1 D:\xampp1\htdocs\ag-accounting-pembiayaan\vendor\codeigniter4\framework\system\Database\Postgre\Connection.php(170): pg_query(Resource id #147, 'SELECT *\nFROM "...')
#2 D:\xampp1\htdocs\ag-accounting-pembiayaan\vendor\codeigniter4\framework\system\Database\BaseConnection.php(715): CodeIgniter\Database\Postgre\Connection->execute('SELECT *\nFROM "...')
#3 D:\xampp1\htdocs\ag-accounting-pembiayaan\vendor\codeigniter4\framework\system\Database\BaseConnection.php(643): CodeIgniter\Database\BaseConnection->simpleQuery('SELECT *\nFROM "...')
#4 D:\xampp1\htdocs\ag-accounting-pembiayaan\vendor\codeigniter4\framework\system\Database\BaseBuilder.php(1866): CodeIgniter\Database\BaseConnection->query('SELECT *\nFROM "...', Array, false)
#5 D:\xampp1\htdocs\ag-accounting-pembiayaan\app\Views\transaction\request_v.php(209): CodeIgniter\Database\BaseBuilder->get()
#6 D:\xampp1\htdocs\ag-accounting-pembiayaan\vendor\codeigniter4\framework\system\View\View.php(220): include('D:\\xampp1\\htdoc...')
#7 D:\xampp1\htdocs\ag-accounting-pembiayaan\vendor\codeigniter4\framework\system\View\View.php(222): CodeIgniter\View\View->CodeIgniter\View\{closure}()
#8 D:\xampp1\htdocs\ag-accounting-pembiayaan\vendor\codeigniter4\framework\system\Common.php(1217): CodeIgniter\View\View->render('transaction/req...', Array, true)
#9 D:\xampp1\htdocs\ag-accounting-pembiayaan\app\Controllers\transaction\request.php(28): view('transaction/req...', Array)
#10 D:\xampp1\htdocs\ag-accounting-pembiayaan\vendor\codeigniter4\framework\system\CodeIgniter.php(935): App\Controllers\transaction\request->index()
#11 D:\xampp1\htdocs\ag-accounting-pembiayaan\vendor\codeigniter4\framework\system\CodeIgniter.php(431): CodeIgniter\CodeIgniter->runController(Object(App\Controllers\transaction\request))
#12 D:\xampp1\htdocs\ag-accounting-pembiayaan\vendor\codeigniter4\framework\system\CodeIgniter.php(332): CodeIgniter\CodeIgniter->handleRequest(NULL, Object(Config\Cache), false)
#13 D:\xampp1\htdocs\ag-accounting-pembiayaan\public\index.php(44): CodeIgniter\CodeIgniter->run()
#14 {main}
ERROR - 2022-03-26 05:25:17 --> ErrorException: pg_query(): Query failed: ERROR:  syntax error at or near &quot;DISTINCT&quot;
LINE 1: SELECT *, DISTINCT ON (request0.request0_id) request0_id
                  ^ in D:\xampp1\htdocs\ag-accounting-pembiayaan\vendor\codeigniter4\framework\system\Database\Postgre\Connection.php:170
Stack trace:
#0 [internal function]: CodeIgniter\Debug\Exceptions->errorHandler(2, 'pg_query(): Que...', 'D:\\xampp1\\htdoc...', 170, Array)
#1 D:\xampp1\htdocs\ag-accounting-pembiayaan\vendor\codeigniter4\framework\system\Database\Postgre\Connection.php(170): pg_query(Resource id #147, 'SELECT *, DISTI...')
#2 D:\xampp1\htdocs\ag-accounting-pembiayaan\vendor\codeigniter4\framework\system\Database\BaseConnection.php(715): CodeIgniter\Database\Postgre\Connection->execute('SELECT *, DISTI...')
#3 D:\xampp1\htdocs\ag-accounting-pembiayaan\vendor\codeigniter4\framework\system\Database\BaseConnection.php(643): CodeIgniter\Database\BaseConnection->simpleQuery('SELECT *, DISTI...')
#4 D:\xampp1\htdocs\ag-accounting-pembiayaan\vendor\codeigniter4\framework\system\Database\BaseBuilder.php(1866): CodeIgniter\Database\BaseConnection->query('SELECT *, DISTI...', Array, false)
#5 D:\xampp1\htdocs\ag-accounting-pembiayaan\app\Views\transaction\request_v.php(209): CodeIgniter\Database\BaseBuilder->get()
#6 D:\xampp1\htdocs\ag-accounting-pembiayaan\vendor\codeigniter4\framework\system\View\View.php(220): include('D:\\xampp1\\htdoc...')
#7 D:\xampp1\htdocs\ag-accounting-pembiayaan\vendor\codeigniter4\framework\system\View\View.php(222): CodeIgniter\View\View->CodeIgniter\View\{closure}()
#8 D:\xampp1\htdocs\ag-accounting-pembiayaan\vendor\codeigniter4\framework\system\Common.php(1217): CodeIgniter\View\View->render('transaction/req...', Array, true)
#9 D:\xampp1\htdocs\ag-accounting-pembiayaan\app\Controllers\transaction\request.php(28): view('transaction/req...', Array)
#10 D:\xampp1\htdocs\ag-accounting-pembiayaan\vendor\codeigniter4\framework\system\CodeIgniter.php(935): App\Controllers\transaction\request->index()
#11 D:\xampp1\htdocs\ag-accounting-pembiayaan\vendor\codeigniter4\framework\system\CodeIgniter.php(431): CodeIgniter\CodeIgniter->runController(Object(App\Controllers\transaction\request))
#12 D:\xampp1\htdocs\ag-accounting-pembiayaan\vendor\codeigniter4\framework\system\CodeIgniter.php(332): CodeIgniter\CodeIgniter->handleRequest(NULL, Object(Config\Cache), false)
#13 D:\xampp1\htdocs\ag-accounting-pembiayaan\public\index.php(44): CodeIgniter\CodeIgniter->run()
#14 {main}
