ERROR - 2022-12-25 07:10:59 --> mysqli_sql_exception: Column 'transaction_id' cannot be null in D:\xampp\htdocs\pos\vendor\codeigniter4\framework\system\Database\MySQLi\Connection.php:292
Stack trace:
#0 D:\xampp\htdocs\pos\vendor\codeigniter4\framework\system\Database\MySQLi\Connection.php(292): mysqli->query('INSERT INTO `tr...', 0)
#1 D:\xampp\htdocs\pos\vendor\codeigniter4\framework\system\Database\BaseConnection.php(666): CodeIgniter\Database\MySQLi\Connection->execute('INSERT INTO `tr...')
#2 D:\xampp\htdocs\pos\vendor\codeigniter4\framework\system\Database\BaseConnection.php(593): CodeIgniter\Database\BaseConnection->simpleQuery('INSERT INTO `tr...')
#3 D:\xampp\htdocs\pos\vendor\codeigniter4\framework\system\Database\BaseBuilder.php(1916): CodeIgniter\Database\BaseConnection->query('INSERT INTO `tr...', Array, false)
#4 D:\xampp\htdocs\pos\app\Controllers\transaction\transaction.php(360): CodeIgniter\Database\BaseBuilder->insert(Array)
#5 D:\xampp\htdocs\pos\vendor\codeigniter4\framework\system\CodeIgniter.php(927): App\Controllers\transaction\transaction->insertnota()
#6 D:\xampp\htdocs\pos\vendor\codeigniter4\framework\system\CodeIgniter.php(482): CodeIgniter\CodeIgniter->runController(Object(App\Controllers\transaction\transaction))
#7 D:\xampp\htdocs\pos\vendor\codeigniter4\framework\system\CodeIgniter.php(351): CodeIgniter\CodeIgniter->handleRequest(NULL, Object(Config\Cache), false)
#8 D:\xampp\htdocs\pos\public\index.php(67): CodeIgniter\CodeIgniter->run()
#9 {main}
CRITICAL - 2022-12-25 07:10:59 --> Column 'transaction_id' cannot be null
in SYSTEMPATH\Database\MySQLi\Connection.php on line 292.
 1 SYSTEMPATH\Database\MySQLi\Connection.php(292): mysqli->query('INSERT INTO `transactiond` (`transaction_id`, `product_id`, `store_id`, `transactiond_qty`, `transactiond_price`) VALUES (NULL, \'6\', \'1\', 1, \'8000\')', 0)
 2 SYSTEMPATH\Database\BaseConnection.php(666): CodeIgniter\Database\MySQLi\Connection->execute('INSERT INTO `transactiond` (`transaction_id`, `product_id`, `store_id`, `transactiond_qty`, `transactiond_price`) VALUES (NULL, \'6\', \'1\', 1, \'8000\')')
 3 SYSTEMPATH\Database\BaseConnection.php(593): CodeIgniter\Database\BaseConnection->simpleQuery('INSERT INTO `transactiond` (`transaction_id`, `product_id`, `store_id`, `transactiond_qty`, `transactiond_price`) VALUES (NULL, \'6\', \'1\', 1, \'8000\')')
 4 SYSTEMPATH\Database\BaseBuilder.php(1916): CodeIgniter\Database\BaseConnection->query('INSERT INTO `transactiond` (`transaction_id`, `product_id`, `store_id`, `transactiond_qty`, `transactiond_price`) VALUES (:transaction_id:, :product_id:, :store_id:, :transactiond_qty:, :transactiond_price:)', [...], false)
 5 APPPATH\Controllers\transaction\transaction.php(360): CodeIgniter\Database\BaseBuilder->insert([...])
 6 SYSTEMPATH\CodeIgniter.php(927): App\Controllers\transaction\transaction->insertnota()
 7 SYSTEMPATH\CodeIgniter.php(482): CodeIgniter\CodeIgniter->runController(Object(App\Controllers\transaction\transaction))
 8 SYSTEMPATH\CodeIgniter.php(351): CodeIgniter\CodeIgniter->handleRequest(null, Object(Config\Cache), false)
 9 FCPATH\index.php(67): CodeIgniter\CodeIgniter->run()
CRITICAL - 2022-12-25 07:56:42 --> Call to undefined method CodeIgniter\Database\MySQLi\Builder::num_rows()
in APPPATH\Controllers\transaction\transaction.php on line 110.
 1 SYSTEMPATH\CodeIgniter.php(927): App\Controllers\transaction\transaction->kas()
 2 SYSTEMPATH\CodeIgniter.php(482): CodeIgniter\CodeIgniter->runController(Object(App\Controllers\transaction\transaction))
 3 SYSTEMPATH\CodeIgniter.php(351): CodeIgniter\CodeIgniter->handleRequest(null, Object(Config\Cache), false)
 4 FCPATH\index.php(67): CodeIgniter\CodeIgniter->run()
CRITICAL - 2022-12-25 07:56:43 --> Call to undefined method CodeIgniter\Database\MySQLi\Builder::num_rows()
in APPPATH\Controllers\transaction\transaction.php on line 110.
 1 SYSTEMPATH\CodeIgniter.php(927): App\Controllers\transaction\transaction->kas()
 2 SYSTEMPATH\CodeIgniter.php(482): CodeIgniter\CodeIgniter->runController(Object(App\Controllers\transaction\transaction))
 3 SYSTEMPATH\CodeIgniter.php(351): CodeIgniter\CodeIgniter->handleRequest(null, Object(Config\Cache), false)
 4 FCPATH\index.php(67): CodeIgniter\CodeIgniter->run()
CRITICAL - 2022-12-25 07:57:22 --> Call to undefined method CodeIgniter\Database\MySQLi\Builder::count()
in APPPATH\Controllers\transaction\transaction.php on line 108.
 1 SYSTEMPATH\CodeIgniter.php(927): App\Controllers\transaction\transaction->kas()
 2 SYSTEMPATH\CodeIgniter.php(482): CodeIgniter\CodeIgniter->runController(Object(App\Controllers\transaction\transaction))
 3 SYSTEMPATH\CodeIgniter.php(351): CodeIgniter\CodeIgniter->handleRequest(null, Object(Config\Cache), false)
 4 FCPATH\index.php(67): CodeIgniter\CodeIgniter->run()
CRITICAL - 2022-12-25 07:57:37 --> Call to undefined method CodeIgniter\Database\MySQLi\Builder::getNumRows()
in APPPATH\Controllers\transaction\transaction.php on line 108.
 1 SYSTEMPATH\CodeIgniter.php(927): App\Controllers\transaction\transaction->kas()
 2 SYSTEMPATH\CodeIgniter.php(482): CodeIgniter\CodeIgniter->runController(Object(App\Controllers\transaction\transaction))
 3 SYSTEMPATH\CodeIgniter.php(351): CodeIgniter\CodeIgniter->handleRequest(null, Object(Config\Cache), false)
 4 FCPATH\index.php(67): CodeIgniter\CodeIgniter->run()
CRITICAL - 2022-12-25 08:13:20 --> Call to undefined method CodeIgniter\Database\MySQLi\Result::num_rows()
in APPPATH\Controllers\transaction\transaction.php on line 108.
 1 SYSTEMPATH\CodeIgniter.php(927): App\Controllers\transaction\transaction->kas()
 2 SYSTEMPATH\CodeIgniter.php(482): CodeIgniter\CodeIgniter->runController(Object(App\Controllers\transaction\transaction))
 3 SYSTEMPATH\CodeIgniter.php(351): CodeIgniter\CodeIgniter->handleRequest(null, Object(Config\Cache), false)
 4 FCPATH\index.php(67): CodeIgniter\CodeIgniter->run()
CRITICAL - 2022-12-25 08:14:03 --> Call to undefined method CodeIgniter\Database\MySQLi\Result::num_rows()
in APPPATH\Controllers\transaction\transaction.php on line 108.
 1 SYSTEMPATH\CodeIgniter.php(927): App\Controllers\transaction\transaction->kas()
 2 SYSTEMPATH\CodeIgniter.php(482): CodeIgniter\CodeIgniter->runController(Object(App\Controllers\transaction\transaction))
 3 SYSTEMPATH\CodeIgniter.php(351): CodeIgniter\CodeIgniter->handleRequest(null, Object(Config\Cache), false)
 4 FCPATH\index.php(67): CodeIgniter\CodeIgniter->run()
CRITICAL - 2022-12-25 08:14:04 --> Call to undefined method CodeIgniter\Database\MySQLi\Result::num_rows()
in APPPATH\Controllers\transaction\transaction.php on line 108.
 1 SYSTEMPATH\CodeIgniter.php(927): App\Controllers\transaction\transaction->kas()
 2 SYSTEMPATH\CodeIgniter.php(482): CodeIgniter\CodeIgniter->runController(Object(App\Controllers\transaction\transaction))
 3 SYSTEMPATH\CodeIgniter.php(351): CodeIgniter\CodeIgniter->handleRequest(null, Object(Config\Cache), false)
 4 FCPATH\index.php(67): CodeIgniter\CodeIgniter->run()
CRITICAL - 2022-12-25 08:14:15 --> Call to undefined method CodeIgniter\Database\MySQLi\Builder::num_rows()
in APPPATH\Controllers\transaction\transaction.php on line 108.
 1 SYSTEMPATH\CodeIgniter.php(927): App\Controllers\transaction\transaction->kas()
 2 SYSTEMPATH\CodeIgniter.php(482): CodeIgniter\CodeIgniter->runController(Object(App\Controllers\transaction\transaction))
 3 SYSTEMPATH\CodeIgniter.php(351): CodeIgniter\CodeIgniter->handleRequest(null, Object(Config\Cache), false)
 4 FCPATH\index.php(67): CodeIgniter\CodeIgniter->run()
CRITICAL - 2022-12-25 08:15:40 --> Call to undefined method CodeIgniter\Database\MySQLi\Result::countAllResults()
in APPPATH\Controllers\transaction\transaction.php on line 108.
 1 SYSTEMPATH\CodeIgniter.php(927): App\Controllers\transaction\transaction->kas()
 2 SYSTEMPATH\CodeIgniter.php(482): CodeIgniter\CodeIgniter->runController(Object(App\Controllers\transaction\transaction))
 3 SYSTEMPATH\CodeIgniter.php(351): CodeIgniter\CodeIgniter->handleRequest(null, Object(Config\Cache), false)
 4 FCPATH\index.php(67): CodeIgniter\CodeIgniter->run()
CRITICAL - 2022-12-25 08:18:24 --> Call to undefined method CodeIgniter\Database\MySQLi\Builder::count_all_results()
in APPPATH\Controllers\transaction\transaction.php on line 108.
 1 SYSTEMPATH\CodeIgniter.php(927): App\Controllers\transaction\transaction->kas()
 2 SYSTEMPATH\CodeIgniter.php(482): CodeIgniter\CodeIgniter->runController(Object(App\Controllers\transaction\transaction))
 3 SYSTEMPATH\CodeIgniter.php(351): CodeIgniter\CodeIgniter->handleRequest(null, Object(Config\Cache), false)
 4 FCPATH\index.php(67): CodeIgniter\CodeIgniter->run()
CRITICAL - 2022-12-25 08:30:16 --> Call to undefined method CodeIgniter\Database\MySQLi\Result::countAllResults()
in APPPATH\Controllers\transaction\transaction.php on line 104.
 1 SYSTEMPATH\CodeIgniter.php(927): App\Controllers\transaction\transaction->kas()
 2 SYSTEMPATH\CodeIgniter.php(482): CodeIgniter\CodeIgniter->runController(Object(App\Controllers\transaction\transaction))
 3 SYSTEMPATH\CodeIgniter.php(351): CodeIgniter\CodeIgniter->handleRequest(null, Object(Config\Cache), false)
 4 FCPATH\index.php(67): CodeIgniter\CodeIgniter->run()
CRITICAL - 2022-12-25 08:34:08 --> Attempt to read property "numrows" on int
in APPPATH\Controllers\transaction\transaction.php on line 104.
 1 APPPATH\Controllers\transaction\transaction.php(104): CodeIgniter\Debug\Exceptions->errorHandler(2, 'Attempt to read property "numrows" on int', 'APPPATH\\Controllers\\transaction\\transaction.php', 104)
 2 SYSTEMPATH\CodeIgniter.php(927): App\Controllers\transaction\transaction->kas()
 3 SYSTEMPATH\CodeIgniter.php(482): CodeIgniter\CodeIgniter->runController(Object(App\Controllers\transaction\transaction))
 4 SYSTEMPATH\CodeIgniter.php(351): CodeIgniter\CodeIgniter->handleRequest(null, Object(Config\Cache), false)
 5 FCPATH\index.php(67): CodeIgniter\CodeIgniter->run()
CRITICAL - 2022-12-25 08:34:37 --> Attempt to read property "numrows" on null
in APPPATH\Controllers\transaction\transaction.php on line 104.
 1 APPPATH\Controllers\transaction\transaction.php(104): CodeIgniter\Debug\Exceptions->errorHandler(2, 'Attempt to read property "numrows" on null', 'APPPATH\\Controllers\\transaction\\transaction.php', 104)
 2 SYSTEMPATH\CodeIgniter.php(927): App\Controllers\transaction\transaction->kas()
 3 SYSTEMPATH\CodeIgniter.php(482): CodeIgniter\CodeIgniter->runController(Object(App\Controllers\transaction\transaction))
 4 SYSTEMPATH\CodeIgniter.php(351): CodeIgniter\CodeIgniter->handleRequest(null, Object(Config\Cache), false)
 5 FCPATH\index.php(67): CodeIgniter\CodeIgniter->run()
ERROR - 2022-12-25 08:42:56 --> mysqli_sql_exception: Unknown column 'store_id' in 'field list' in D:\xampp\htdocs\pos\vendor\codeigniter4\framework\system\Database\MySQLi\Connection.php:292
Stack trace:
#0 D:\xampp\htdocs\pos\vendor\codeigniter4\framework\system\Database\MySQLi\Connection.php(292): mysqli->query('INSERT INTO `mo...', 0)
#1 D:\xampp\htdocs\pos\vendor\codeigniter4\framework\system\Database\BaseConnection.php(666): CodeIgniter\Database\MySQLi\Connection->execute('INSERT INTO `mo...')
#2 D:\xampp\htdocs\pos\vendor\codeigniter4\framework\system\Database\BaseConnection.php(593): CodeIgniter\Database\BaseConnection->simpleQuery('INSERT INTO `mo...')
#3 D:\xampp\htdocs\pos\vendor\codeigniter4\framework\system\Database\BaseBuilder.php(1916): CodeIgniter\Database\BaseConnection->query('INSERT INTO `mo...', Array, false)
#4 D:\xampp\htdocs\pos\app\Controllers\transaction\transaction.php(256): CodeIgniter\Database\BaseBuilder->insert(Array)
#5 D:\xampp\htdocs\pos\vendor\codeigniter4\framework\system\CodeIgniter.php(927): App\Controllers\transaction\transaction->kas()
#6 D:\xampp\htdocs\pos\vendor\codeigniter4\framework\system\CodeIgniter.php(482): CodeIgniter\CodeIgniter->runController(Object(App\Controllers\transaction\transaction))
#7 D:\xampp\htdocs\pos\vendor\codeigniter4\framework\system\CodeIgniter.php(351): CodeIgniter\CodeIgniter->handleRequest(NULL, Object(Config\Cache), false)
#8 D:\xampp\htdocs\pos\public\index.php(67): CodeIgniter\CodeIgniter->run()
#9 {main}
CRITICAL - 2022-12-25 08:42:56 --> Unknown column 'store_id' in 'field list'
in SYSTEMPATH\Database\MySQLi\Connection.php on line 292.
 1 SYSTEMPATH\Database\MySQLi\Connection.php(292): mysqli->query('INSERT INTO `modal` (`store_id`, `modal_shift`, `modal_nominal`, `modal_date`) VALUES (\'1\', 1, \'200000\', \'2022-12-25\')', 0)
 2 SYSTEMPATH\Database\BaseConnection.php(666): CodeIgniter\Database\MySQLi\Connection->execute('INSERT INTO `modal` (`store_id`, `modal_shift`, `modal_nominal`, `modal_date`) VALUES (\'1\', 1, \'200000\', \'2022-12-25\')')
 3 SYSTEMPATH\Database\BaseConnection.php(593): CodeIgniter\Database\BaseConnection->simpleQuery('INSERT INTO `modal` (`store_id`, `modal_shift`, `modal_nominal`, `modal_date`) VALUES (\'1\', 1, \'200000\', \'2022-12-25\')')
 4 SYSTEMPATH\Database\BaseBuilder.php(1916): CodeIgniter\Database\BaseConnection->query('INSERT INTO `modal` (`store_id`, `modal_shift`, `modal_nominal`, `modal_date`) VALUES (:store_id:, :modal_shift:, :modal_nominal:, :modal_date:)', [...], false)
 5 APPPATH\Controllers\transaction\transaction.php(256): CodeIgniter\Database\BaseBuilder->insert([...])
 6 SYSTEMPATH\CodeIgniter.php(927): App\Controllers\transaction\transaction->kas()
 7 SYSTEMPATH\CodeIgniter.php(482): CodeIgniter\CodeIgniter->runController(Object(App\Controllers\transaction\transaction))
 8 SYSTEMPATH\CodeIgniter.php(351): CodeIgniter\CodeIgniter->handleRequest(null, Object(Config\Cache), false)
 9 FCPATH\index.php(67): CodeIgniter\CodeIgniter->run()
ERROR - 2022-12-25 08:44:36 --> mysqli_sql_exception: Unknown column 'store_id' in 'field list' in D:\xampp\htdocs\pos\vendor\codeigniter4\framework\system\Database\MySQLi\Connection.php:292
Stack trace:
#0 D:\xampp\htdocs\pos\vendor\codeigniter4\framework\system\Database\MySQLi\Connection.php(292): mysqli->query('INSERT INTO `mo...', 0)
#1 D:\xampp\htdocs\pos\vendor\codeigniter4\framework\system\Database\BaseConnection.php(666): CodeIgniter\Database\MySQLi\Connection->execute('INSERT INTO `mo...')
#2 D:\xampp\htdocs\pos\vendor\codeigniter4\framework\system\Database\BaseConnection.php(593): CodeIgniter\Database\BaseConnection->simpleQuery('INSERT INTO `mo...')
#3 D:\xampp\htdocs\pos\vendor\codeigniter4\framework\system\Database\BaseBuilder.php(1916): CodeIgniter\Database\BaseConnection->query('INSERT INTO `mo...', Array, false)
#4 D:\xampp\htdocs\pos\app\Controllers\transaction\transaction.php(256): CodeIgniter\Database\BaseBuilder->insert(Array)
#5 D:\xampp\htdocs\pos\vendor\codeigniter4\framework\system\CodeIgniter.php(927): App\Controllers\transaction\transaction->kas()
#6 D:\xampp\htdocs\pos\vendor\codeigniter4\framework\system\CodeIgniter.php(482): CodeIgniter\CodeIgniter->runController(Object(App\Controllers\transaction\transaction))
#7 D:\xampp\htdocs\pos\vendor\codeigniter4\framework\system\CodeIgniter.php(351): CodeIgniter\CodeIgniter->handleRequest(NULL, Object(Config\Cache), false)
#8 D:\xampp\htdocs\pos\public\index.php(67): CodeIgniter\CodeIgniter->run()
#9 {main}
CRITICAL - 2022-12-25 08:44:36 --> Unknown column 'store_id' in 'field list'
in SYSTEMPATH\Database\MySQLi\Connection.php on line 292.
 1 SYSTEMPATH\Database\MySQLi\Connection.php(292): mysqli->query('INSERT INTO `modal` (`store_id`, `modal_shift`, `modal_nominal`, `modal_date`) VALUES (\'1\', 1, \'200000\', \'2022-12-25\')', 0)
 2 SYSTEMPATH\Database\BaseConnection.php(666): CodeIgniter\Database\MySQLi\Connection->execute('INSERT INTO `modal` (`store_id`, `modal_shift`, `modal_nominal`, `modal_date`) VALUES (\'1\', 1, \'200000\', \'2022-12-25\')')
 3 SYSTEMPATH\Database\BaseConnection.php(593): CodeIgniter\Database\BaseConnection->simpleQuery('INSERT INTO `modal` (`store_id`, `modal_shift`, `modal_nominal`, `modal_date`) VALUES (\'1\', 1, \'200000\', \'2022-12-25\')')
 4 SYSTEMPATH\Database\BaseBuilder.php(1916): CodeIgniter\Database\BaseConnection->query('INSERT INTO `modal` (`store_id`, `modal_shift`, `modal_nominal`, `modal_date`) VALUES (:store_id:, :modal_shift:, :modal_nominal:, :modal_date:)', [...], false)
 5 APPPATH\Controllers\transaction\transaction.php(256): CodeIgniter\Database\BaseBuilder->insert([...])
 6 SYSTEMPATH\CodeIgniter.php(927): App\Controllers\transaction\transaction->kas()
 7 SYSTEMPATH\CodeIgniter.php(482): CodeIgniter\CodeIgniter->runController(Object(App\Controllers\transaction\transaction))
 8 SYSTEMPATH\CodeIgniter.php(351): CodeIgniter\CodeIgniter->handleRequest(null, Object(Config\Cache), false)
 9 FCPATH\index.php(67): CodeIgniter\CodeIgniter->run()
ERROR - 2022-12-25 09:17:13 --> mysqli_sql_exception: Unknown column 'kas_shift' in 'field list' in D:\xampp\htdocs\pos\vendor\codeigniter4\framework\system\Database\MySQLi\Connection.php:292
Stack trace:
#0 D:\xampp\htdocs\pos\vendor\codeigniter4\framework\system\Database\MySQLi\Connection.php(292): mysqli->query('UPDATE `store` ...', 0)
#1 D:\xampp\htdocs\pos\vendor\codeigniter4\framework\system\Database\BaseConnection.php(666): CodeIgniter\Database\MySQLi\Connection->execute('UPDATE `store` ...')
#2 D:\xampp\htdocs\pos\vendor\codeigniter4\framework\system\Database\BaseConnection.php(593): CodeIgniter\Database\BaseConnection->simpleQuery('UPDATE `store` ...')
#3 D:\xampp\htdocs\pos\vendor\codeigniter4\framework\system\Database\BaseBuilder.php(2079): CodeIgniter\Database\BaseConnection->query('UPDATE `store` ...', Array, false)
#4 D:\xampp\htdocs\pos\app\Controllers\transaction\transaction.php(541): CodeIgniter\Database\BaseBuilder->update(Array, Array)
#5 D:\xampp\htdocs\pos\vendor\codeigniter4\framework\system\CodeIgniter.php(927): App\Controllers\transaction\transaction->pelunasan()
#6 D:\xampp\htdocs\pos\vendor\codeigniter4\framework\system\CodeIgniter.php(482): CodeIgniter\CodeIgniter->runController(Object(App\Controllers\transaction\transaction))
#7 D:\xampp\htdocs\pos\vendor\codeigniter4\framework\system\CodeIgniter.php(351): CodeIgniter\CodeIgniter->handleRequest(NULL, Object(Config\Cache), false)
#8 D:\xampp\htdocs\pos\public\index.php(67): CodeIgniter\CodeIgniter->run()
#9 {main}
CRITICAL - 2022-12-25 09:17:13 --> Unknown column 'kas_shift' in 'field list'
in SYSTEMPATH\Database\MySQLi\Connection.php on line 292.
 1 SYSTEMPATH\Database\MySQLi\Connection.php(292): mysqli->query('UPDATE `store` SET `store_id` = \'1\', `kas_shift` = \'1\', `transaction_id` = \'46\', `kas_nominal` = \'16800\', `kas_type` = \'masuk\', `kas_description` = \'Pembayaran POS202212250917021\', `kas_date` = \'2022-12-25\', `store_kas` = 216800, `store_shift` = \'1\', `store_posisishift` = \'masuk\', `store_date` = \'2022-12-25\'
WHERE `store_id` = \'1\'', 0)
 2 SYSTEMPATH\Database\BaseConnection.php(666): CodeIgniter\Database\MySQLi\Connection->execute('UPDATE `store` SET `store_id` = \'1\', `kas_shift` = \'1\', `transaction_id` = \'46\', `kas_nominal` = \'16800\', `kas_type` = \'masuk\', `kas_description` = \'Pembayaran POS202212250917021\', `kas_date` = \'2022-12-25\', `store_kas` = 216800, `store_shift` = \'1\', `store_posisishift` = \'masuk\', `store_date` = \'2022-12-25\'
WHERE `store_id` = \'1\'')
 3 SYSTEMPATH\Database\BaseConnection.php(593): CodeIgniter\Database\BaseConnection->simpleQuery('UPDATE `store` SET `store_id` = \'1\', `kas_shift` = \'1\', `transaction_id` = \'46\', `kas_nominal` = \'16800\', `kas_type` = \'masuk\', `kas_description` = \'Pembayaran POS202212250917021\', `kas_date` = \'2022-12-25\', `store_kas` = 216800, `store_shift` = \'1\', `store_posisishift` = \'masuk\', `store_date` = \'2022-12-25\'
WHERE `store_id` = \'1\'')
 4 SYSTEMPATH\Database\BaseBuilder.php(2079): CodeIgniter\Database\BaseConnection->query('UPDATE `store` SET `store_id` = :store_id:, `kas_shift` = :kas_shift:, `transaction_id` = :transaction_id:, `kas_nominal` = :kas_nominal:, `kas_type` = :kas_type:, `kas_description` = :kas_description:, `kas_date` = :kas_date:, `store_kas` = :store_kas:, `store_shift` = :store_shift:, `store_posisishift` = :store_posisishift:, `store_date` = :store_date:
WHERE `store_id` = :store_id.1:', [...], false)
 5 APPPATH\Controllers\transaction\transaction.php(541): CodeIgniter\Database\BaseBuilder->update([...], [...])
 6 SYSTEMPATH\CodeIgniter.php(927): App\Controllers\transaction\transaction->pelunasan()
 7 SYSTEMPATH\CodeIgniter.php(482): CodeIgniter\CodeIgniter->runController(Object(App\Controllers\transaction\transaction))
 8 SYSTEMPATH\CodeIgniter.php(351): CodeIgniter\CodeIgniter->handleRequest(null, Object(Config\Cache), false)
 9 FCPATH\index.php(67): CodeIgniter\CodeIgniter->run()
ERROR - 2022-12-25 09:17:16 --> mysqli_sql_exception: Unknown column 'kas_shift' in 'field list' in D:\xampp\htdocs\pos\vendor\codeigniter4\framework\system\Database\MySQLi\Connection.php:292
Stack trace:
#0 D:\xampp\htdocs\pos\vendor\codeigniter4\framework\system\Database\MySQLi\Connection.php(292): mysqli->query('UPDATE `store` ...', 0)
#1 D:\xampp\htdocs\pos\vendor\codeigniter4\framework\system\Database\BaseConnection.php(666): CodeIgniter\Database\MySQLi\Connection->execute('UPDATE `store` ...')
#2 D:\xampp\htdocs\pos\vendor\codeigniter4\framework\system\Database\BaseConnection.php(593): CodeIgniter\Database\BaseConnection->simpleQuery('UPDATE `store` ...')
#3 D:\xampp\htdocs\pos\vendor\codeigniter4\framework\system\Database\BaseBuilder.php(2079): CodeIgniter\Database\BaseConnection->query('UPDATE `store` ...', Array, false)
#4 D:\xampp\htdocs\pos\app\Controllers\transaction\transaction.php(541): CodeIgniter\Database\BaseBuilder->update(Array, Array)
#5 D:\xampp\htdocs\pos\vendor\codeigniter4\framework\system\CodeIgniter.php(927): App\Controllers\transaction\transaction->pelunasan()
#6 D:\xampp\htdocs\pos\vendor\codeigniter4\framework\system\CodeIgniter.php(482): CodeIgniter\CodeIgniter->runController(Object(App\Controllers\transaction\transaction))
#7 D:\xampp\htdocs\pos\vendor\codeigniter4\framework\system\CodeIgniter.php(351): CodeIgniter\CodeIgniter->handleRequest(NULL, Object(Config\Cache), false)
#8 D:\xampp\htdocs\pos\public\index.php(67): CodeIgniter\CodeIgniter->run()
#9 {main}
CRITICAL - 2022-12-25 09:17:16 --> Unknown column 'kas_shift' in 'field list'
in SYSTEMPATH\Database\MySQLi\Connection.php on line 292.
 1 SYSTEMPATH\Database\MySQLi\Connection.php(292): mysqli->query('UPDATE `store` SET `store_id` = \'1\', `kas_shift` = \'1\', `transaction_id` = \'46\', `kas_nominal` = \'16800\', `kas_type` = \'masuk\', `kas_description` = \'Pembayaran POS202212250917021\', `kas_date` = \'2022-12-25\', `store_kas` = 216800, `store_shift` = \'1\', `store_posisishift` = \'masuk\', `store_date` = \'2022-12-25\'
WHERE `store_id` = \'1\'', 0)
 2 SYSTEMPATH\Database\BaseConnection.php(666): CodeIgniter\Database\MySQLi\Connection->execute('UPDATE `store` SET `store_id` = \'1\', `kas_shift` = \'1\', `transaction_id` = \'46\', `kas_nominal` = \'16800\', `kas_type` = \'masuk\', `kas_description` = \'Pembayaran POS202212250917021\', `kas_date` = \'2022-12-25\', `store_kas` = 216800, `store_shift` = \'1\', `store_posisishift` = \'masuk\', `store_date` = \'2022-12-25\'
WHERE `store_id` = \'1\'')
 3 SYSTEMPATH\Database\BaseConnection.php(593): CodeIgniter\Database\BaseConnection->simpleQuery('UPDATE `store` SET `store_id` = \'1\', `kas_shift` = \'1\', `transaction_id` = \'46\', `kas_nominal` = \'16800\', `kas_type` = \'masuk\', `kas_description` = \'Pembayaran POS202212250917021\', `kas_date` = \'2022-12-25\', `store_kas` = 216800, `store_shift` = \'1\', `store_posisishift` = \'masuk\', `store_date` = \'2022-12-25\'
WHERE `store_id` = \'1\'')
 4 SYSTEMPATH\Database\BaseBuilder.php(2079): CodeIgniter\Database\BaseConnection->query('UPDATE `store` SET `store_id` = :store_id:, `kas_shift` = :kas_shift:, `transaction_id` = :transaction_id:, `kas_nominal` = :kas_nominal:, `kas_type` = :kas_type:, `kas_description` = :kas_description:, `kas_date` = :kas_date:, `store_kas` = :store_kas:, `store_shift` = :store_shift:, `store_posisishift` = :store_posisishift:, `store_date` = :store_date:
WHERE `store_id` = :store_id.1:', [...], false)
 5 APPPATH\Controllers\transaction\transaction.php(541): CodeIgniter\Database\BaseBuilder->update([...], [...])
 6 SYSTEMPATH\CodeIgniter.php(927): App\Controllers\transaction\transaction->pelunasan()
 7 SYSTEMPATH\CodeIgniter.php(482): CodeIgniter\CodeIgniter->runController(Object(App\Controllers\transaction\transaction))
 8 SYSTEMPATH\CodeIgniter.php(351): CodeIgniter\CodeIgniter->handleRequest(null, Object(Config\Cache), false)
 9 FCPATH\index.php(67): CodeIgniter\CodeIgniter->run()
ERROR - 2022-12-25 09:17:19 --> mysqli_sql_exception: Unknown column 'kas_shift' in 'field list' in D:\xampp\htdocs\pos\vendor\codeigniter4\framework\system\Database\MySQLi\Connection.php:292
Stack trace:
#0 D:\xampp\htdocs\pos\vendor\codeigniter4\framework\system\Database\MySQLi\Connection.php(292): mysqli->query('UPDATE `store` ...', 0)
#1 D:\xampp\htdocs\pos\vendor\codeigniter4\framework\system\Database\BaseConnection.php(666): CodeIgniter\Database\MySQLi\Connection->execute('UPDATE `store` ...')
#2 D:\xampp\htdocs\pos\vendor\codeigniter4\framework\system\Database\BaseConnection.php(593): CodeIgniter\Database\BaseConnection->simpleQuery('UPDATE `store` ...')
#3 D:\xampp\htdocs\pos\vendor\codeigniter4\framework\system\Database\BaseBuilder.php(2079): CodeIgniter\Database\BaseConnection->query('UPDATE `store` ...', Array, false)
#4 D:\xampp\htdocs\pos\app\Controllers\transaction\transaction.php(541): CodeIgniter\Database\BaseBuilder->update(Array, Array)
#5 D:\xampp\htdocs\pos\vendor\codeigniter4\framework\system\CodeIgniter.php(927): App\Controllers\transaction\transaction->pelunasan()
#6 D:\xampp\htdocs\pos\vendor\codeigniter4\framework\system\CodeIgniter.php(482): CodeIgniter\CodeIgniter->runController(Object(App\Controllers\transaction\transaction))
#7 D:\xampp\htdocs\pos\vendor\codeigniter4\framework\system\CodeIgniter.php(351): CodeIgniter\CodeIgniter->handleRequest(NULL, Object(Config\Cache), false)
#8 D:\xampp\htdocs\pos\public\index.php(67): CodeIgniter\CodeIgniter->run()
#9 {main}
CRITICAL - 2022-12-25 09:17:19 --> Unknown column 'kas_shift' in 'field list'
in SYSTEMPATH\Database\MySQLi\Connection.php on line 292.
 1 SYSTEMPATH\Database\MySQLi\Connection.php(292): mysqli->query('UPDATE `store` SET `store_id` = \'1\', `kas_shift` = \'1\', `transaction_id` = \'46\', `kas_nominal` = \'16800\', `kas_type` = \'masuk\', `kas_description` = \'Pembayaran POS202212250917021\', `kas_date` = \'2022-12-25\', `store_kas` = 216800, `store_shift` = \'1\', `store_posisishift` = \'masuk\', `store_date` = \'2022-12-25\'
WHERE `store_id` = \'1\'', 0)
 2 SYSTEMPATH\Database\BaseConnection.php(666): CodeIgniter\Database\MySQLi\Connection->execute('UPDATE `store` SET `store_id` = \'1\', `kas_shift` = \'1\', `transaction_id` = \'46\', `kas_nominal` = \'16800\', `kas_type` = \'masuk\', `kas_description` = \'Pembayaran POS202212250917021\', `kas_date` = \'2022-12-25\', `store_kas` = 216800, `store_shift` = \'1\', `store_posisishift` = \'masuk\', `store_date` = \'2022-12-25\'
WHERE `store_id` = \'1\'')
 3 SYSTEMPATH\Database\BaseConnection.php(593): CodeIgniter\Database\BaseConnection->simpleQuery('UPDATE `store` SET `store_id` = \'1\', `kas_shift` = \'1\', `transaction_id` = \'46\', `kas_nominal` = \'16800\', `kas_type` = \'masuk\', `kas_description` = \'Pembayaran POS202212250917021\', `kas_date` = \'2022-12-25\', `store_kas` = 216800, `store_shift` = \'1\', `store_posisishift` = \'masuk\', `store_date` = \'2022-12-25\'
WHERE `store_id` = \'1\'')
 4 SYSTEMPATH\Database\BaseBuilder.php(2079): CodeIgniter\Database\BaseConnection->query('UPDATE `store` SET `store_id` = :store_id:, `kas_shift` = :kas_shift:, `transaction_id` = :transaction_id:, `kas_nominal` = :kas_nominal:, `kas_type` = :kas_type:, `kas_description` = :kas_description:, `kas_date` = :kas_date:, `store_kas` = :store_kas:, `store_shift` = :store_shift:, `store_posisishift` = :store_posisishift:, `store_date` = :store_date:
WHERE `store_id` = :store_id.1:', [...], false)
 5 APPPATH\Controllers\transaction\transaction.php(541): CodeIgniter\Database\BaseBuilder->update([...], [...])
 6 SYSTEMPATH\CodeIgniter.php(927): App\Controllers\transaction\transaction->pelunasan()
 7 SYSTEMPATH\CodeIgniter.php(482): CodeIgniter\CodeIgniter->runController(Object(App\Controllers\transaction\transaction))
 8 SYSTEMPATH\CodeIgniter.php(351): CodeIgniter\CodeIgniter->handleRequest(null, Object(Config\Cache), false)
 9 FCPATH\index.php(67): CodeIgniter\CodeIgniter->run()
ERROR - 2022-12-25 09:17:21 --> mysqli_sql_exception: Unknown column 'kas_shift' in 'field list' in D:\xampp\htdocs\pos\vendor\codeigniter4\framework\system\Database\MySQLi\Connection.php:292
Stack trace:
#0 D:\xampp\htdocs\pos\vendor\codeigniter4\framework\system\Database\MySQLi\Connection.php(292): mysqli->query('UPDATE `store` ...', 0)
#1 D:\xampp\htdocs\pos\vendor\codeigniter4\framework\system\Database\BaseConnection.php(666): CodeIgniter\Database\MySQLi\Connection->execute('UPDATE `store` ...')
#2 D:\xampp\htdocs\pos\vendor\codeigniter4\framework\system\Database\BaseConnection.php(593): CodeIgniter\Database\BaseConnection->simpleQuery('UPDATE `store` ...')
#3 D:\xampp\htdocs\pos\vendor\codeigniter4\framework\system\Database\BaseBuilder.php(2079): CodeIgniter\Database\BaseConnection->query('UPDATE `store` ...', Array, false)
#4 D:\xampp\htdocs\pos\app\Controllers\transaction\transaction.php(541): CodeIgniter\Database\BaseBuilder->update(Array, Array)
#5 D:\xampp\htdocs\pos\vendor\codeigniter4\framework\system\CodeIgniter.php(927): App\Controllers\transaction\transaction->pelunasan()
#6 D:\xampp\htdocs\pos\vendor\codeigniter4\framework\system\CodeIgniter.php(482): CodeIgniter\CodeIgniter->runController(Object(App\Controllers\transaction\transaction))
#7 D:\xampp\htdocs\pos\vendor\codeigniter4\framework\system\CodeIgniter.php(351): CodeIgniter\CodeIgniter->handleRequest(NULL, Object(Config\Cache), false)
#8 D:\xampp\htdocs\pos\public\index.php(67): CodeIgniter\CodeIgniter->run()
#9 {main}
CRITICAL - 2022-12-25 09:17:21 --> Unknown column 'kas_shift' in 'field list'
in SYSTEMPATH\Database\MySQLi\Connection.php on line 292.
 1 SYSTEMPATH\Database\MySQLi\Connection.php(292): mysqli->query('UPDATE `store` SET `store_id` = \'1\', `kas_shift` = \'1\', `transaction_id` = \'46\', `kas_nominal` = \'16800\', `kas_type` = \'masuk\', `kas_description` = \'Pembayaran POS202212250917021\', `kas_date` = \'2022-12-25\', `store_kas` = 216800, `store_shift` = \'1\', `store_posisishift` = \'masuk\', `store_date` = \'2022-12-25\'
WHERE `store_id` = \'1\'', 0)
 2 SYSTEMPATH\Database\BaseConnection.php(666): CodeIgniter\Database\MySQLi\Connection->execute('UPDATE `store` SET `store_id` = \'1\', `kas_shift` = \'1\', `transaction_id` = \'46\', `kas_nominal` = \'16800\', `kas_type` = \'masuk\', `kas_description` = \'Pembayaran POS202212250917021\', `kas_date` = \'2022-12-25\', `store_kas` = 216800, `store_shift` = \'1\', `store_posisishift` = \'masuk\', `store_date` = \'2022-12-25\'
WHERE `store_id` = \'1\'')
 3 SYSTEMPATH\Database\BaseConnection.php(593): CodeIgniter\Database\BaseConnection->simpleQuery('UPDATE `store` SET `store_id` = \'1\', `kas_shift` = \'1\', `transaction_id` = \'46\', `kas_nominal` = \'16800\', `kas_type` = \'masuk\', `kas_description` = \'Pembayaran POS202212250917021\', `kas_date` = \'2022-12-25\', `store_kas` = 216800, `store_shift` = \'1\', `store_posisishift` = \'masuk\', `store_date` = \'2022-12-25\'
WHERE `store_id` = \'1\'')
 4 SYSTEMPATH\Database\BaseBuilder.php(2079): CodeIgniter\Database\BaseConnection->query('UPDATE `store` SET `store_id` = :store_id:, `kas_shift` = :kas_shift:, `transaction_id` = :transaction_id:, `kas_nominal` = :kas_nominal:, `kas_type` = :kas_type:, `kas_description` = :kas_description:, `kas_date` = :kas_date:, `store_kas` = :store_kas:, `store_shift` = :store_shift:, `store_posisishift` = :store_posisishift:, `store_date` = :store_date:
WHERE `store_id` = :store_id.1:', [...], false)
 5 APPPATH\Controllers\transaction\transaction.php(541): CodeIgniter\Database\BaseBuilder->update([...], [...])
 6 SYSTEMPATH\CodeIgniter.php(927): App\Controllers\transaction\transaction->pelunasan()
 7 SYSTEMPATH\CodeIgniter.php(482): CodeIgniter\CodeIgniter->runController(Object(App\Controllers\transaction\transaction))
 8 SYSTEMPATH\CodeIgniter.php(351): CodeIgniter\CodeIgniter->handleRequest(null, Object(Config\Cache), false)
 9 FCPATH\index.php(67): CodeIgniter\CodeIgniter->run()
